[ 2019-04-12T18:59:20+08:00 ] 172.31.69.247 223.104.64.7 GET /common/user/notice_count?OS=iOS&version=1.0.7
[ log ] api.kzwchina.com/common/user/notice_count?OS=iOS&version=1.0.7 [运行时间：0.032296s][吞吐率：30.96req/s] [内存消耗：3,983.64kb] [文件加载：60]
[ info ] [ LANG ] /www/wwwroot/kouzhiwen/thinkphp/lang/zh-cn.php
[ info ] [ BIND ] 'api'
[ info ] [ ROUTE ] array (
  'type' => 'module',
  'module' => 
  array (
    0 => 'api',
    1 => 'common',
    2 => 'user',
  ),
)
[ info ] [ HEADER ] array (
  'host' => 'api.kzwchina.com',
  'os' => 'iOS',
  'cookie' => 'PHPSESSID=trt09inu2gc44a9rm5ku53b6a3',
  'connection' => 'keep-alive',
  'accept' => '*/*',
  'logintoken' => '7c36756e7ce5d66f4f022fcf127d48bb',
  'user-agent' => 'kouzhiwen/1.0.7 (iPhone; iOS 12.2; Scale/2.00)',
  'accept-language' => 'zh-Hans-CN;q=1',
  'version' => '1.0.7',
  'accept-encoding' => 'gzip, deflate',
)
[ info ] [ PARAM ] array (
  'OS' => 'iOS',
  'version' => '1.0.7',
)
[ info ] [ SESSION ] INIT array (
  'id' => '',
  'var_session_id' => '',
  'prefix' => 'think',
  'type' => '',
  'auto_start' => true,
)
[ info ] [ DB ] INIT mysql
[ info ] [ RUN ] app\api\common\controller\User->NoticeCount[ /www/wwwroot/kouzhiwen/application/api/common/controller/User.php ]
[ info ] [ LOG ] INIT File
[ sql ] [ DB ] CONNECT:[ UseTime:0.000449s ] mysql:dbname=kouzhiwen;host=127.0.0.1;port=3306;charset=utf8
[ sql ] [ SQL ] SHOW COLUMNS FROM `tpn_user` [ RunTime:0.000930s ]
[ sql ] [ SQL ] SELECT * FROM `tpn_user` WHERE  `logintoken` = '7c36756e7ce5d66f4f022fcf127d48bb' LIMIT 1 [ RunTime:0.000747s ]
[ sql ] [ SQL ] SHOW COLUMNS FROM `tpn_user_notice` [ RunTime:0.000592s ]
[ sql ] [ SQL ] SELECT COUNT(*) AS tp_count FROM `tpn_user_notice` WHERE  `uid` = 303  AND `reading` = 0 LIMIT 1 [ RunTime:0.000323s ]

---------------------------------------------------------------
[ 2019-04-12T18:59:26+08:00 ] 172.31.69.247 223.104.64.7 GET /discover/teacher/teacher_details?OS=iOS&id=580&version=1.0.7
[ log ] api.kzwchina.com/discover/teacher/teacher_details?OS=iOS&id=580&version=1.0.7 [运行时间：0.036409s][吞吐率：27.47req/s] [内存消耗：3,955.89kb] [文件加载：61]
[ info ] [ LANG ] /www/wwwroot/kouzhiwen/thinkphp/lang/zh-cn.php
[ info ] [ BIND ] 'api'
[ info ] [ ROUTE ] array (
  'type' => 'module',
  'module' => 
  array (
    0 => 'api',
    1 => 'discover',
    2 => 'teacher',
  ),
)
[ info ] [ HEADER ] array (
  'host' => 'api.kzwchina.com',
  'os' => 'iOS',
  'cookie' => 'PHPSESSID=trt09inu2gc44a9rm5ku53b6a3',
  'connection' => 'keep-alive',
  'accept' => '*/*',
  'logintoken' => '7c36756e7ce5d66f4f022fcf127d48bb',
  'user-agent' => 'kouzhiwen/1.0.7 (iPhone; iOS 12.2; Scale/2.00)',
  'accept-language' => 'zh-Hans-CN;q=1',
  'version' => '1.0.7',
  'accept-encoding' => 'gzip, deflate',
)
[ info ] [ PARAM ] array (
  'OS' => 'iOS',
  'id' => '580',
  'version' => '1.0.7',
)
[ info ] [ SESSION ] INIT array (
  'id' => '',
  'var_session_id' => '',
  'prefix' => 'think',
  'type' => '',
  'auto_start' => true,
)
[ info ] [ DB ] INIT mysql
[ info ] [ RUN ] app\api\discover\controller\Teacher->TeacherDetails[ /www/wwwroot/kouzhiwen/application/api/discover/controller/Teacher.php ]
[ info ] [ LOG ] INIT File
[ sql ] [ DB ] CONNECT:[ UseTime:0.000483s ] mysql:dbname=kouzhiwen;host=127.0.0.1;port=3306;charset=utf8
[ sql ] [ SQL ] SHOW COLUMNS FROM `tpn_user` [ RunTime:0.000881s ]
[ sql ] [ SQL ] SELECT * FROM `tpn_user` WHERE  `logintoken` = '7c36756e7ce5d66f4f022fcf127d48bb' LIMIT 1 [ RunTime:0.000695s ]
[ sql ] [ SQL ] SHOW COLUMNS FROM `tpn_teacher` [ RunTime:0.000792s ]
[ sql ] [ SQL ] SELECT * FROM `tpn_teacher` WHERE  `id` = 580 LIMIT 1 [ RunTime:0.000417s ]
[ sql ] [ SQL ] SHOW COLUMNS FROM `tpn_user_quiz` [ RunTime:0.000541s ]
[ sql ] [ SQL ] SELECT COUNT(*) AS tp_count FROM `tpn_user_quiz` WHERE  `teacher_id` = 580  AND `answer` <> ''  AND `evaluate` <> 0 LIMIT 1 [ RunTime:0.000276s ]
[ sql ] [ SQL ] SELECT COUNT(*) AS tp_count FROM `tpn_user_quiz` WHERE  `teacher_id` = 580  AND `answer` <> ''  AND `evaluate` = 1 LIMIT 1 [ RunTime:0.000247s ]
[ sql ] [ SQL ] SELECT COUNT(*) AS tp_count FROM `tpn_user_quiz` WHERE  `teacher_id` = 580  AND `answer` <> ''  AND `evaluate` = 2 LIMIT 1 [ RunTime:0.000246s ]
[ sql ] [ SQL ] SELECT COUNT(*) AS tp_count FROM `tpn_user_quiz` WHERE  `teacher_id` = 580  AND `answer` <> ''  AND `evaluate` = 3 LIMIT 1 [ RunTime:0.000231s ]
[ sql ] [ SQL ] SELECT COUNT(*) AS tp_count FROM `tpn_user_quiz` WHERE  `teacher_id` = 580  AND `answer` <> ''  AND `evaluate` = 4 LIMIT 1 [ RunTime:0.000239s ]
[ sql ] [ SQL ] SELECT COUNT(*) AS tp_count FROM `tpn_user_quiz` WHERE  `teacher_id` = 580  AND `answer` <> ''  AND `evaluate` = 5 LIMIT 1 [ RunTime:0.000229s ]

---------------------------------------------------------------
[ 2019-04-12T18:59:26+08:00 ] 172.31.69.247 223.104.64.7 GET /
[ log ] api.kzwchina.com/ [运行时间：0.016119s][吞吐率：62.04req/s] [内存消耗：1,985.67kb] [文件加载：45]
[ info ] [ LANG ] /www/wwwroot/kouzhiwen/thinkphp/lang/zh-cn.php
[ info ] [ BIND ] 'api'
[ info ] [ ROUTE ] array (
  'type' => 'module',
  'module' => 
  array (
    0 => 'api',
    1 => NULL,
    2 => NULL,
  ),
)
[ info ] [ HEADER ] array (
  'host' => 'api.kzwchina.com',
  'accept' => '*/*',
  'cookie' => 'PHPSESSID=trt09inu2gc44a9rm5ku53b6a3',
  'user-agent' => 'kouzhiwen/1.0.0 CFNetwork/978.0.7 Darwin/18.5.0',
  'accept-language' => 'zh-cn',
  'accept-encoding' => 'gzip, deflate',
  'connection' => 'keep-alive',
)
[ info ] [ PARAM ] array (
)
[ info ] [ LOG ] INIT File
[ error ] [8]未定义数组索引: PATH_INFO[/www/wwwroot/kouzhiwen/thinkphp/library/think/Route.php:1548]
[ error ] [8]未定义数组索引: PATH_INFO[/www/wwwroot/kouzhiwen/thinkphp/library/think/App.php:328]
[ error ] [8]未定义数组索引: PATH_INFO[/www/wwwroot/kouzhiwen/thinkphp/library/think/Request.php:1408]
[ error ] [8]未定义数组下标: 1[/www/wwwroot/kouzhiwen/thinkphp/library/think/App.php:380]
[ error ] [8]未定义数组下标: 2[/www/wwwroot/kouzhiwen/thinkphp/library/think/App.php:382]
[ error ] [8]未定义数组下标: 2[/www/wwwroot/kouzhiwen/thinkphp/library/think/App.php:386]
[ error ] [8]未定义数组下标: 3[/www/wwwroot/kouzhiwen/thinkphp/library/think/App.php:387]
[ error ] [8]未定义数组索引: PATH_INFO[/www/wwwroot/kouzhiwen/thinkphp/library/think/Request.php:1408]

---------------------------------------------------------------
[ 2019-04-12T18:59:26+08:00 ] 172.31.69.247 223.104.64.7 GET /discover/teacher/TeacherCont?OS=iOS&page=1&teacher_id=580&version=1.0.7
[ log ] api.kzwchina.com/discover/teacher/TeacherCont?OS=iOS&page=1&teacher_id=580&version=1.0.7 [运行时间：0.032224s][吞吐率：31.03req/s] [内存消耗：3,960.66kb] [文件加载：62]
[ info ] [ LANG ] /www/wwwroot/kouzhiwen/thinkphp/lang/zh-cn.php
[ info ] [ BIND ] 'api'
[ info ] [ ROUTE ] array (
  'type' => 'module',
  'module' => 
  array (
    0 => 'api',
    1 => 'discover',
    2 => 'teacher',
  ),
)
[ info ] [ HEADER ] array (
  'host' => 'api.kzwchina.com',
  'os' => 'iOS',
  'cookie' => 'PHPSESSID=trt09inu2gc44a9rm5ku53b6a3',
  'connection' => 'keep-alive',
  'accept' => '*/*',
  'logintoken' => '7c36756e7ce5d66f4f022fcf127d48bb',
  'user-agent' => 'kouzhiwen/1.0.7 (iPhone; iOS 12.2; Scale/2.00)',
  'accept-language' => 'zh-Hans-CN;q=1',
  'version' => '1.0.7',
  'accept-encoding' => 'gzip, deflate',
)
[ info ] [ PARAM ] array (
  'OS' => 'iOS',
  'page' => '1',
  'teacher_id' => '580',
  'version' => '1.0.7',
)
[ info ] [ SESSION ] INIT array (
  'id' => '',
  'var_session_id' => '',
  'prefix' => 'think',
  'type' => '',
  'auto_start' => true,
)
[ info ] [ DB ] INIT mysql
[ info ] [ RUN ] app\api\discover\controller\Teacher->TeacherCont[ /www/wwwroot/kouzhiwen/application/api/discover/controller/Teacher.php ]
[ info ] [ LOG ] INIT File
[ sql ] [ DB ] CONNECT:[ UseTime:0.000378s ] mysql:dbname=kouzhiwen;host=127.0.0.1;port=3306;charset=utf8
[ sql ] [ SQL ] SHOW COLUMNS FROM `tpn_user` [ RunTime:0.000797s ]
[ sql ] [ SQL ] SELECT * FROM `tpn_user` WHERE  `logintoken` = '7c36756e7ce5d66f4f022fcf127d48bb' LIMIT 1 [ RunTime:0.000713s ]
[ sql ] [ SQL ] SHOW COLUMNS FROM `tpn_teacher_cont` [ RunTime:0.000595s ]
[ sql ] [ SQL ] SELECT COUNT(*) AS tp_count FROM `tpn_teacher_cont` WHERE  `teacher_id` = 580  AND `status` = 1 LIMIT 1 [ RunTime:0.000376s ]
[ sql ] [ SQL ] SELECT `id`,`name` FROM `tpn_teacher_cont` WHERE  `teacher_id` = 580  AND `status` = 1 ORDER BY add_time desc LIMIT 0,10 [ RunTime:0.000418s ]

---------------------------------------------------------------
[ 2019-04-12T18:59:26+08:00 ] 172.31.69.247 223.104.64.7 GET /discover/teacher/TeacherCont?OS=iOS&page=1&teacher_id=580&version=1.0.7
[ log ] api.kzwchina.com/discover/teacher/TeacherCont?OS=iOS&page=1&teacher_id=580&version=1.0.7 [运行时间：0.032206s][吞吐率：31.05req/s] [内存消耗：3,960.66kb] [文件加载：62]
[ info ] [ LANG ] /www/wwwroot/kouzhiwen/thinkphp/lang/zh-cn.php
[ info ] [ BIND ] 'api'
[ info ] [ ROUTE ] array (
  'type' => 'module',
  'module' => 
  array (
    0 => 'api',
    1 => 'discover',
    2 => 'teacher',
  ),
)
[ info ] [ HEADER ] array (
  'host' => 'api.kzwchina.com',
  'os' => 'iOS',
  'cookie' => 'PHPSESSID=trt09inu2gc44a9rm5ku53b6a3',
  'connection' => 'keep-alive',
  'accept' => '*/*',
  'logintoken' => '7c36756e7ce5d66f4f022fcf127d48bb',
  'user-agent' => 'kouzhiwen/1.0.7 (iPhone; iOS 12.2; Scale/2.00)',
  'accept-language' => 'zh-Hans-CN;q=1',
  'version' => '1.0.7',
  'accept-encoding' => 'gzip, deflate',
)
[ info ] [ PARAM ] array (
  'OS' => 'iOS',
  'page' => '1',
  'teacher_id' => '580',
  'version' => '1.0.7',
)
[ info ] [ SESSION ] INIT array (
  'id' => '',
  'var_session_id' => '',
  'prefix' => 'think',
  'type' => '',
  'auto_start' => true,
)
[ info ] [ DB ] INIT mysql
[ info ] [ RUN ] app\api\discover\controller\Teacher->TeacherCont[ /www/wwwroot/kouzhiwen/application/api/discover/controller/Teacher.php ]
[ info ] [ LOG ] INIT File
[ sql ] [ DB ] CONNECT:[ UseTime:0.000354s ] mysql:dbname=kouzhiwen;host=127.0.0.1;port=3306;charset=utf8
[ sql ] [ SQL ] SHOW COLUMNS FROM `tpn_user` [ RunTime:0.000781s ]
[ sql ] [ SQL ] SELECT * FROM `tpn_user` WHERE  `logintoken` = '7c36756e7ce5d66f4f022fcf127d48bb' LIMIT 1 [ RunTime:0.000630s ]
[ sql ] [ SQL ] SHOW COLUMNS FROM `tpn_teacher_cont` [ RunTime:0.000629s ]
[ sql ] [ SQL ] SELECT COUNT(*) AS tp_count FROM `tpn_teacher_cont` WHERE  `teacher_id` = 580  AND `status` = 1 LIMIT 1 [ RunTime:0.000347s ]
[ sql ] [ SQL ] SELECT `id`,`name` FROM `tpn_teacher_cont` WHERE  `teacher_id` = 580  AND `status` = 1 ORDER BY add_time desc LIMIT 0,10 [ RunTime:0.000411s ]

---------------------------------------------------------------
[ 2019-04-12T18:59:28+08:00 ] 172.31.69.247 223.104.64.7 GET /common/user/notice_count?OS=iOS&version=1.0.7
[ log ] api.kzwchina.com/common/user/notice_count?OS=iOS&version=1.0.7 [运行时间：0.031480s][吞吐率：31.77req/s] [内存消耗：3,983.71kb] [文件加载：60]
[ info ] [ LANG ] /www/wwwroot/kouzhiwen/thinkphp/lang/zh-cn.php
[ info ] [ BIND ] 'api'
[ info ] [ ROUTE ] array (
  'type' => 'module',
  'module' => 
  array (
    0 => 'api',
    1 => 'common',
    2 => 'user',
  ),
)
[ info ] [ HEADER ] array (
  'host' => 'api.kzwchina.com',
  'os' => 'iOS',
  'cookie' => 'PHPSESSID=trt09inu2gc44a9rm5ku53b6a3',
  'connection' => 'keep-alive',
  'accept' => '*/*',
  'logintoken' => '7c36756e7ce5d66f4f022fcf127d48bb',
  'user-agent' => 'kouzhiwen/1.0.7 (iPhone; iOS 12.2; Scale/2.00)',
  'accept-language' => 'zh-Hans-CN;q=1',
  'version' => '1.0.7',
  'accept-encoding' => 'gzip, deflate',
)
[ info ] [ PARAM ] array (
  'OS' => 'iOS',
  'version' => '1.0.7',
)
[ info ] [ SESSION ] INIT array (
  'id' => '',
  'var_session_id' => '',
  'prefix' => 'think',
  'type' => '',
  'auto_start' => true,
)
[ info ] [ DB ] INIT mysql
[ info ] [ RUN ] app\api\common\controller\User->NoticeCount[ /www/wwwroot/kouzhiwen/application/api/common/controller/User.php ]
[ info ] [ LOG ] INIT File
[ sql ] [ DB ] CONNECT:[ UseTime:0.000402s ] mysql:dbname=kouzhiwen;host=127.0.0.1;port=3306;charset=utf8
[ sql ] [ SQL ] SHOW COLUMNS FROM `tpn_user` [ RunTime:0.000851s ]
[ sql ] [ SQL ] SELECT * FROM `tpn_user` WHERE  `logintoken` = '7c36756e7ce5d66f4f022fcf127d48bb' LIMIT 1 [ RunTime:0.000728s ]
[ sql ] [ SQL ] SHOW COLUMNS FROM `tpn_user_notice` [ RunTime:0.000585s ]
[ sql ] [ SQL ] SELECT COUNT(*) AS tp_count FROM `tpn_user_notice` WHERE  `uid` = 303  AND `reading` = 0 LIMIT 1 [ RunTime:0.000319s ]

---------------------------------------------------------------
[ 2019-04-12T18:59:31+08:00 ] 172.31.69.247 223.104.64.7 GET /discover/teacher/teacher_details?OS=iOS&id=582&version=1.0.7
[ log ] api.kzwchina.com/discover/teacher/teacher_details?OS=iOS&id=582&version=1.0.7 [运行时间：0.035947s][吞吐率：27.82req/s] [内存消耗：3,955.89kb] [文件加载：61]
[ info ] [ LANG ] /www/wwwroot/kouzhiwen/thinkphp/lang/zh-cn.php
[ info ] [ BIND ] 'api'
[ info ] [ ROUTE ] array (
  'type' => 'module',
  'module' => 
  array (
    0 => 'api',
    1 => 'discover',
    2 => 'teacher',
  ),
)
[ info ] [ HEADER ] array (
  'host' => 'api.kzwchina.com',
  'os' => 'iOS',
  'cookie' => 'PHPSESSID=trt09inu2gc44a9rm5ku53b6a3',
  'connection' => 'keep-alive',
  'accept' => '*/*',
  'logintoken' => '7c36756e7ce5d66f4f022fcf127d48bb',
  'user-agent' => 'kouzhiwen/1.0.7 (iPhone; iOS 12.2; Scale/2.00)',
  'accept-language' => 'zh-Hans-CN;q=1',
  'version' => '1.0.7',
  'accept-encoding' => 'gzip, deflate',
)
[ info ] [ PARAM ] array (
  'OS' => 'iOS',
  'id' => '582',
  'version' => '1.0.7',
)
[ info ] [ SESSION ] INIT array (
  'id' => '',
  'var_session_id' => '',
  'prefix' => 'think',
  'type' => '',
  'auto_start' => true,
)
[ info ] [ DB ] INIT mysql
[ info ] [ RUN ] app\api\discover\controller\Teacher->TeacherDetails[ /www/wwwroot/kouzhiwen/application/api/discover/controller/Teacher.php ]
[ info ] [ LOG ] INIT File
[ sql ] [ DB ] CONNECT:[ UseTime:0.000412s ] mysql:dbname=kouzhiwen;host=127.0.0.1;port=3306;charset=utf8
[ sql ] [ SQL ] SHOW COLUMNS FROM `tpn_user` [ RunTime:0.000883s ]
[ sql ] [ SQL ] SELECT * FROM `tpn_user` WHERE  `logintoken` = '7c36756e7ce5d66f4f022fcf127d48bb' LIMIT 1 [ RunTime:0.000656s ]
[ sql ] [ SQL ] SHOW COLUMNS FROM `tpn_teacher` [ RunTime:0.000780s ]
[ sql ] [ SQL ] SELECT * FROM `tpn_teacher` WHERE  `id` = 582 LIMIT 1 [ RunTime:0.000423s ]
[ sql ] [ SQL ] SHOW COLUMNS FROM `tpn_user_quiz` [ RunTime:0.000604s ]
[ sql ] [ SQL ] SELECT COUNT(*) AS tp_count FROM `tpn_user_quiz` WHERE  `teacher_id` = 582  AND `answer` <> ''  AND `evaluate` <> 0 LIMIT 1 [ RunTime:0.000292s ]
[ sql ] [ SQL ] SELECT COUNT(*) AS tp_count FROM `tpn_user_quiz` WHERE  `teacher_id` = 582  AND `answer` <> ''  AND `evaluate` = 1 LIMIT 1 [ RunTime:0.000247s ]
[ sql ] [ SQL ] SELECT COUNT(*) AS tp_count FROM `tpn_user_quiz` WHERE  `teacher_id` = 582  AND `answer` <> ''  AND `evaluate` = 2 LIMIT 1 [ RunTime:0.000244s ]
[ sql ] [ SQL ] SELECT COUNT(*) AS tp_count FROM `tpn_user_quiz` WHERE  `teacher_id` = 582  AND `answer` <> ''  AND `evaluate` = 3 LIMIT 1 [ RunTime:0.000232s ]
[ sql ] [ SQL ] SELECT COUNT(*) AS tp_count FROM `tpn_user_quiz` WHERE  `teacher_id` = 582  AND `answer` <> ''  AND `evaluate` = 4 LIMIT 1 [ RunTime:0.000243s ]
[ sql ] [ SQL ] SELECT COUNT(*) AS tp_count FROM `tpn_user_quiz` WHERE  `teacher_id` = 582  AND `answer` <> ''  AND `evaluate` = 5 LIMIT 1 [ RunTime:0.000229s ]

---------------------------------------------------------------
[ 2019-04-12T18:59:31+08:00 ] 172.31.69.247 223.104.64.7 GET /discover/teacher/TeacherCont?OS=iOS&page=1&teacher_id=580&version=1.0.7
[ log ] api.kzwchina.com/discover/teacher/TeacherCont?OS=iOS&page=1&teacher_id=580&version=1.0.7 [运行时间：0.036777s][吞吐率：27.19req/s] [内存消耗：3,960.66kb] [文件加载：62]
[ info ] [ LANG ] /www/wwwroot/kouzhiwen/thinkphp/lang/zh-cn.php
[ info ] [ BIND ] 'api'
[ info ] [ ROUTE ] array (
  'type' => 'module',
  'module' => 
  array (
    0 => 'api',
    1 => 'discover',
    2 => 'teacher',
  ),
)
[ info ] [ HEADER ] array (
  'host' => 'api.kzwchina.com',
  'os' => 'iOS',
  'cookie' => 'PHPSESSID=trt09inu2gc44a9rm5ku53b6a3',
  'connection' => 'keep-alive',
  'accept' => '*/*',
  'logintoken' => '7c36756e7ce5d66f4f022fcf127d48bb',
  'user-agent' => 'kouzhiwen/1.0.7 (iPhone; iOS 12.2; Scale/2.00)',
  'accept-language' => 'zh-Hans-CN;q=1',
  'version' => '1.0.7',
  'accept-encoding' => 'gzip, deflate',
)
[ info ] [ PARAM ] array (
  'OS' => 'iOS',
  'page' => '1',
  'teacher_id' => '580',
  'version' => '1.0.7',
)
[ info ] [ SESSION ] INIT array (
  'id' => '',
  'var_session_id' => '',
  'prefix' => 'think',
  'type' => '',
  'auto_start' => true,
)
[ info ] [ DB ] INIT mysql
[ info ] [ RUN ] app\api\discover\controller\Teacher->TeacherCont[ /www/wwwroot/kouzhiwen/application/api/discover/controller/Teacher.php ]
[ info ] [ LOG ] INIT File
[ sql ] [ DB ] CONNECT:[ UseTime:0.000423s ] mysql:dbname=kouzhiwen;host=127.0.0.1;port=3306;charset=utf8
[ sql ] [ SQL ] SHOW COLUMNS FROM `tpn_user` [ RunTime:0.001026s ]
[ sql ] [ SQL ] SELECT * FROM `tpn_user` WHERE  `logintoken` = '7c36756e7ce5d66f4f022fcf127d48bb' LIMIT 1 [ RunTime:0.000786s ]
[ sql ] [ SQL ] SHOW COLUMNS FROM `tpn_teacher_cont` [ RunTime:0.000640s ]
[ sql ] [ SQL ] SELECT COUNT(*) AS tp_count FROM `tpn_teacher_cont` WHERE  `teacher_id` = 580  AND `status` = 1 LIMIT 1 [ RunTime:0.000437s ]
[ sql ] [ SQL ] SELECT `id`,`name` FROM `tpn_teacher_cont` WHERE  `teacher_id` = 580  AND `status` = 1 ORDER BY add_time desc LIMIT 0,10 [ RunTime:0.000461s ]

---------------------------------------------------------------
[ 2019-04-12T18:59:31+08:00 ] 172.31.69.247 223.104.64.7 GET /discover/teacher/TeacherCont?OS=iOS&page=1&teacher_id=582&version=1.0.7
[ log ] api.kzwchina.com/discover/teacher/TeacherCont?OS=iOS&page=1&teacher_id=582&version=1.0.7 [运行时间：0.037069s][吞吐率：26.98req/s] [内存消耗：3,959.47kb] [文件加载：62]
[ info ] [ LANG ] /www/wwwroot/kouzhiwen/thinkphp/lang/zh-cn.php
[ info ] [ BIND ] 'api'
[ info ] [ ROUTE ] array (
  'type' => 'module',
  'module' => 
  array (
    0 => 'api',
    1 => 'discover',
    2 => 'teacher',
  ),
)
[ info ] [ HEADER ] array (
  'host' => 'api.kzwchina.com',
  'os' => 'iOS',
  'cookie' => 'PHPSESSID=trt09inu2gc44a9rm5ku53b6a3',
  'connection' => 'keep-alive',
  'accept' => '*/*',
  'logintoken' => '7c36756e7ce5d66f4f022fcf127d48bb',
  'user-agent' => 'kouzhiwen/1.0.7 (iPhone; iOS 12.2; Scale/2.00)',
  'accept-language' => 'zh-Hans-CN;q=1',
  'version' => '1.0.7',
  'accept-encoding' => 'gzip, deflate',
)
[ info ] [ PARAM ] array (
  'OS' => 'iOS',
  'page' => '1',
  'teacher_id' => '582',
  'version' => '1.0.7',
)
[ info ] [ SESSION ] INIT array (
  'id' => '',
  'var_session_id' => '',
  'prefix' => 'think',
  'type' => '',
  'auto_start' => true,
)
[ info ] [ DB ] INIT mysql
[ info ] [ RUN ] app\api\discover\controller\Teacher->TeacherCont[ /www/wwwroot/kouzhiwen/application/api/discover/controller/Teacher.php ]
[ info ] [ LOG ] INIT File
[ sql ] [ DB ] CONNECT:[ UseTime:0.000354s ] mysql:dbname=kouzhiwen;host=127.0.0.1;port=3306;charset=utf8
[ sql ] [ SQL ] SHOW COLUMNS FROM `tpn_user` [ RunTime:0.000751s ]
[ sql ] [ SQL ] SELECT * FROM `tpn_user` WHERE  `logintoken` = '7c36756e7ce5d66f4f022fcf127d48bb' LIMIT 1 [ RunTime:0.000617s ]
[ sql ] [ SQL ] SHOW COLUMNS FROM `tpn_teacher_cont` [ RunTime:0.000592s ]
[ sql ] [ SQL ] SELECT COUNT(*) AS tp_count FROM `tpn_teacher_cont` WHERE  `teacher_id` = 582  AND `status` = 1 LIMIT 1 [ RunTime:0.000328s ]
[ sql ] [ SQL ] SELECT `id`,`name` FROM `tpn_teacher_cont` WHERE  `teacher_id` = 582  AND `status` = 1 ORDER BY add_time desc LIMIT 0,10 [ RunTime:0.000378s ]

---------------------------------------------------------------
[ 2019-04-12T18:59:32+08:00 ] 172.31.69.247 223.104.64.7 GET /discover/teacher/TeacherCont?OS=iOS&page=1&teacher_id=582&version=1.0.7
[ log ] api.kzwchina.com/discover/teacher/TeacherCont?OS=iOS&page=1&teacher_id=582&version=1.0.7 [运行时间：0.032765s][吞吐率：30.52req/s] [内存消耗：3,959.47kb] [文件加载：62]
[ info ] [ LANG ] /www/wwwroot/kouzhiwen/thinkphp/lang/zh-cn.php
[ info ] [ BIND ] 'api'
[ info ] [ ROUTE ] array (
  'type' => 'module',
  'module' => 
  array (
    0 => 'api',
    1 => 'discover',
    2 => 'teacher',
  ),
)
[ info ] [ HEADER ] array (
  'host' => 'api.kzwchina.com',
  'os' => 'iOS',
  'cookie' => 'PHPSESSID=trt09inu2gc44a9rm5ku53b6a3',
  'connection' => 'keep-alive',
  'accept' => '*/*',
  'logintoken' => '7c36756e7ce5d66f4f022fcf127d48bb',
  'user-agent' => 'kouzhiwen/1.0.7 (iPhone; iOS 12.2; Scale/2.00)',
  'accept-language' => 'zh-Hans-CN;q=1',
  'version' => '1.0.7',
  'accept-encoding' => 'gzip, deflate',
)
[ info ] [ PARAM ] array (
  'OS' => 'iOS',
  'page' => '1',
  'teacher_id' => '582',
  'version' => '1.0.7',
)
[ info ] [ SESSION ] INIT array (
  'id' => '',
  'var_session_id' => '',
  'prefix' => 'think',
  'type' => '',
  'auto_start' => true,
)
[ info ] [ DB ] INIT mysql
[ info ] [ RUN ] app\api\discover\controller\Teacher->TeacherCont[ /www/wwwroot/kouzhiwen/application/api/discover/controller/Teacher.php ]
[ info ] [ LOG ] INIT File
[ sql ] [ DB ] CONNECT:[ UseTime:0.000422s ] mysql:dbname=kouzhiwen;host=127.0.0.1;port=3306;charset=utf8
[ sql ] [ SQL ] SHOW COLUMNS FROM `tpn_user` [ RunTime:0.000847s ]
[ sql ] [ SQL ] SELECT * FROM `tpn_user` WHERE  `logintoken` = '7c36756e7ce5d66f4f022fcf127d48bb' LIMIT 1 [ RunTime:0.000747s ]
[ sql ] [ SQL ] SHOW COLUMNS FROM `tpn_teacher_cont` [ RunTime:0.000572s ]
[ sql ] [ SQL ] SELECT COUNT(*) AS tp_count FROM `tpn_teacher_cont` WHERE  `teacher_id` = 582  AND `status` = 1 LIMIT 1 [ RunTime:0.000366s ]
[ sql ] [ SQL ] SELECT `id`,`name` FROM `tpn_teacher_cont` WHERE  `teacher_id` = 582  AND `status` = 1 ORDER BY add_time desc LIMIT 0,10 [ RunTime:0.000398s ]

---------------------------------------------------------------
[ 2019-04-12T18:59:45+08:00 ] 172.31.69.247 223.104.64.7 GET /discover/teacher/teacher_article?OS=iOS&page=1&teacher_id=582&version=1.0.7
[ log ] api.kzwchina.com/discover/teacher/teacher_article?OS=iOS&page=1&teacher_id=582&version=1.0.7 [运行时间：0.031840s][吞吐率：31.41req/s] [内存消耗：3,962.77kb] [文件加载：62]
[ info ] [ LANG ] /www/wwwroot/kouzhiwen/thinkphp/lang/zh-cn.php
[ info ] [ BIND ] 'api'
[ info ] [ ROUTE ] array (
  'type' => 'module',
  'module' => 
  array (
    0 => 'api',
    1 => 'discover',
    2 => 'teacher',
  ),
)
[ info ] [ HEADER ] array (
  'host' => 'api.kzwchina.com',
  'os' => 'iOS',
  'cookie' => 'PHPSESSID=trt09inu2gc44a9rm5ku53b6a3',
  'connection' => 'keep-alive',
  'accept' => '*/*',
  'logintoken' => '7c36756e7ce5d66f4f022fcf127d48bb',
  'user-agent' => 'kouzhiwen/1.0.7 (iPhone; iOS 12.2; Scale/2.00)',
  'accept-language' => 'zh-Hans-CN;q=1',
  'version' => '1.0.7',
  'accept-encoding' => 'gzip, deflate',
)
[ info ] [ PARAM ] array (
  'OS' => 'iOS',
  'page' => '1',
  'teacher_id' => '582',
  'version' => '1.0.7',
)
[ info ] [ SESSION ] INIT array (
  'id' => '',
  'var_session_id' => '',
  'prefix' => 'think',
  'type' => '',
  'auto_start' => true,
)
[ info ] [ DB ] INIT mysql
[ info ] [ RUN ] app\api\discover\controller\Teacher->TeacherArticle[ /www/wwwroot/kouzhiwen/application/api/discover/controller/Teacher.php ]
[ info ] [ LOG ] INIT File
[ sql ] [ DB ] CONNECT:[ UseTime:0.000442s ] mysql:dbname=kouzhiwen;host=127.0.0.1;port=3306;charset=utf8
[ sql ] [ SQL ] SHOW COLUMNS FROM `tpn_user` [ RunTime:0.000907s ]
[ sql ] [ SQL ] SELECT * FROM `tpn_user` WHERE  `logintoken` = '7c36756e7ce5d66f4f022fcf127d48bb' LIMIT 1 [ RunTime:0.000747s ]
[ sql ] [ SQL ] SHOW COLUMNS FROM `tpn_teacher_article` [ RunTime:0.000630s ]
[ sql ] [ SQL ] SELECT COUNT(*) AS tp_count FROM `tpn_teacher_article` WHERE  `teacher_id` = 582  AND `class_id` = 0  AND `status` = 1 LIMIT 1 [ RunTime:0.000312s ]
[ sql ] [ SQL ] SELECT `id`,`name` FROM `tpn_teacher_article` WHERE  `teacher_id` = 582  AND `class_id` = 0  AND `status` = 1 ORDER BY add_time desc LIMIT 0,10 [ RunTime:0.000312s ]

---------------------------------------------------------------
[ 2019-04-12T19:00:12+08:00 ] 172.31.69.247 223.104.64.7 GET /common/user/my_info?OS=iOS&version=1.0.7
[ log ] api.kzwchina.com/common/user/my_info?OS=iOS&version=1.0.7 [运行时间：0.116381s][吞吐率：8.59req/s] [内存消耗：5,161.54kb] [文件加载：62]
[ info ] [ LANG ] /www/wwwroot/kouzhiwen/thinkphp/lang/zh-cn.php
[ info ] [ BIND ] 'api'
[ info ] [ ROUTE ] array (
  'type' => 'module',
  'module' => 
  array (
    0 => 'api',
    1 => 'common',
    2 => 'user',
  ),
)
[ info ] [ HEADER ] array (
  'host' => 'api.kzwchina.com',
  'os' => 'iOS',
  'connection' => 'keep-alive',
  'accept' => '*/*',
  'logintoken' => '7c36756e7ce5d66f4f022fcf127d48bb',
  'user-agent' => 'kouzhiwen/1.0.7 (iPhone; iOS 12.2; Scale/2.00)',
  'accept-language' => 'zh-Hans-CN;q=1',
  'version' => '1.0.7',
  'accept-encoding' => 'gzip, deflate',
)
[ info ] [ PARAM ] array (
  'OS' => 'iOS',
  'version' => '1.0.7',
)
[ info ] [ SESSION ] INIT array (
  'id' => '',
  'var_session_id' => '',
  'prefix' => 'think',
  'type' => '',
  'auto_start' => true,
)
[ info ] [ DB ] INIT mysql
[ info ] [ RUN ] app\api\common\controller\User->myInfo[ /www/wwwroot/kouzhiwen/application/api/common/controller/User.php ]
[ info ] [ LOG ] INIT File
[ sql ] [ DB ] CONNECT:[ UseTime:0.000434s ] mysql:dbname=kouzhiwen;host=127.0.0.1;port=3306;charset=utf8
[ sql ] [ SQL ] SHOW COLUMNS FROM `tpn_user` [ RunTime:0.000866s ]
[ sql ] [ SQL ] SELECT * FROM `tpn_user` WHERE  `logintoken` = '7c36756e7ce5d66f4f022fcf127d48bb' LIMIT 1 [ RunTime:0.000688s ]
[ sql ] [ SQL ] SHOW COLUMNS FROM `tpn_regions` [ RunTime:0.000543s ]
[ sql ] [ SQL ] SELECT * FROM `tpn_regions` [ RunTime:0.003054s ]

---------------------------------------------------------------
[ 2019-04-12T19:00:12+08:00 ] 172.31.69.247 223.104.64.7 POST /common/home/index
[ log ] api.kzwchina.com/common/home/index [运行时间：0.049194s][吞吐率：20.33req/s] [内存消耗：4,256.02kb] [文件加载：68]
[ info ] [ LANG ] /www/wwwroot/kouzhiwen/thinkphp/lang/zh-cn.php
[ info ] [ BIND ] 'api'
[ info ] [ ROUTE ] array (
  'type' => 'module',
  'module' => 
  array (
    0 => 'api',
    1 => 'common',
    2 => 'home',
  ),
)
[ info ] [ HEADER ] array (
  'host' => 'api.kzwchina.com',
  'accept' => '*/*',
  'version' => '1.0.7',
  'os' => 'iOS',
  'accept-encoding' => 'gzip, deflate',
  'accept-language' => 'zh-Hans-CN;q=1',
  'logintoken' => '7c36756e7ce5d66f4f022fcf127d48bb',
  'user-agent' => 'kouzhiwen/1.0.7 (iPhone; iOS 12.2; Scale/2.00)',
  'connection' => 'keep-alive',
  'cookie' => 'PHPSESSID=n4ue8b6j4rdtu5c2n881qvn4c0',
  'content-type' => 'application/x-www-form-urlencoded',
  'content-length' => '16',
)
[ info ] [ PARAM ] array (
  'enterprise_id' => '25',
)
[ info ] [ SESSION ] INIT array (
  'id' => '',
  'var_session_id' => '',
  'prefix' => 'think',
  'type' => '',
  'auto_start' => true,
)
[ info ] [ DB ] INIT mysql
[ info ] [ RUN ] app\api\common\controller\Home->index[ /www/wwwroot/kouzhiwen/application/api/common/controller/Home.php ]
[ info ] [ LOG ] INIT File
[ sql ] [ DB ] CONNECT:[ UseTime:0.000433s ] mysql:dbname=kouzhiwen;host=127.0.0.1;port=3306;charset=utf8
[ sql ] [ SQL ] SHOW COLUMNS FROM `tpn_user` [ RunTime:0.000889s ]
[ sql ] [ SQL ] SELECT * FROM `tpn_user` WHERE  `logintoken` = '7c36756e7ce5d66f4f022fcf127d48bb' LIMIT 1 [ RunTime:0.000742s ]
[ sql ] [ SQL ] SHOW COLUMNS FROM `tpn_enterprise` [ RunTime:0.000707s ]
[ sql ] [ SQL ] SELECT * FROM `tpn_enterprise` WHERE  `id` = 25 LIMIT 1 [ RunTime:0.000316s ]
[ sql ] [ SQL ] SHOW COLUMNS FROM `tpn_banner` [ RunTime:0.000534s ]
[ sql ] [ SQL ] SELECT `pid`,`mold`,`type`,`img_url` FROM `tpn_banner` WHERE  `enterprise_id` = 25  AND `type` = 1  AND `status` = 1 ORDER BY add_time desc LIMIT 0,4 [ RunTime:0.000312s ]
[ sql ] [ SQL ] SHOW COLUMNS FROM `tpn_information` [ RunTime:0.000577s ]
[ sql ] [ SQL ] SELECT * FROM `tpn_information` WHERE  `id` = 36 LIMIT 1 [ RunTime:0.000273s ]
[ sql ] [ SQL ] SHOW COLUMNS FROM `tpn_course` [ RunTime:0.000673s ]
[ sql ] [ SQL ] SELECT `c`.`id`,`c`.`title`,`c`.`photo`,`c`.`reading`,`c`.`look_num`,`t`.`name`,`c`.`price` FROM `tpn_course` `c` LEFT JOIN `tpn_teacher` `t` ON `c`.`teacher_id`=`t`.`id` WHERE  `c`.`enterprise_id` = '25'  AND `c`.`type` = 3  AND `c`.`scene` = 1 ORDER BY c.is_recommend desc,c.created_at desc LIMIT 0,4 [ RunTime:0.000389s ]
[ sql ] [ SQL ] SHOW COLUMNS FROM `tpn_teacher` [ RunTime:0.000750s ]
[ sql ] [ SQL ] SELECT `id`,`name`,`title`,`photo` FROM `tpn_teacher` WHERE  `enterprise_id` = 25  AND `status` = 1  AND `is_xszd` = 0  AND `identity` LIKE '%3%' ORDER BY is_recommend desc,updated_at desc LIMIT 0,4 [ RunTime:0.000815s ]
[ sql ] [ SQL ] SELECT `id`,`cover_img`,`name`,`add_time`,`comment_num`,`pv` FROM `tpn_information` WHERE  `enterprise_id` = 25 ORDER BY `is_recommend`  desc,`add_time`  desc LIMIT 0,2 [ RunTime:0.000298s ]

---------------------------------------------------------------
[ 2019-04-12T19:00:12+08:00 ] 172.31.69.247 223.104.64.7 GET /common/user/notice_count?OS=iOS&version=1.0.7
[ log ] api.kzwchina.com/common/user/notice_count?OS=iOS&version=1.0.7 [运行时间：0.064703s][吞吐率：15.46req/s] [内存消耗：3,983.71kb] [文件加载：60]
[ info ] [ LANG ] /www/wwwroot/kouzhiwen/thinkphp/lang/zh-cn.php
[ info ] [ BIND ] 'api'
[ info ] [ ROUTE ] array (
  'type' => 'module',
  'module' => 
  array (
    0 => 'api',
    1 => 'common',
    2 => 'user',
  ),
)
[ info ] [ HEADER ] array (
  'host' => 'api.kzwchina.com',
  'os' => 'iOS',
  'cookie' => 'PHPSESSID=n4ue8b6j4rdtu5c2n881qvn4c0',
  'connection' => 'keep-alive',
  'accept' => '*/*',
  'logintoken' => '7c36756e7ce5d66f4f022fcf127d48bb',
  'user-agent' => 'kouzhiwen/1.0.7 (iPhone; iOS 12.2; Scale/2.00)',
  'accept-language' => 'zh-Hans-CN;q=1',
  'version' => '1.0.7',
  'accept-encoding' => 'gzip, deflate',
)
[ info ] [ PARAM ] array (
  'OS' => 'iOS',
  'version' => '1.0.7',
)
[ info ] [ SESSION ] INIT array (
  'id' => '',
  'var_session_id' => '',
  'prefix' => 'think',
  'type' => '',
  'auto_start' => true,
)
[ info ] [ DB ] INIT mysql
[ info ] [ RUN ] app\api\common\controller\User->NoticeCount[ /www/wwwroot/kouzhiwen/application/api/common/controller/User.php ]
[ info ] [ LOG ] INIT File
[ sql ] [ DB ] CONNECT:[ UseTime:0.000317s ] mysql:dbname=kouzhiwen;host=127.0.0.1;port=3306;charset=utf8
[ sql ] [ SQL ] SHOW COLUMNS FROM `tpn_user` [ RunTime:0.000655s ]
[ sql ] [ SQL ] SELECT * FROM `tpn_user` WHERE  `logintoken` = '7c36756e7ce5d66f4f022fcf127d48bb' LIMIT 1 [ RunTime:0.000663s ]
[ sql ] [ SQL ] SHOW COLUMNS FROM `tpn_user_notice` [ RunTime:0.000542s ]
[ sql ] [ SQL ] SELECT COUNT(*) AS tp_count FROM `tpn_user_notice` WHERE  `uid` = 303  AND `reading` = 0 LIMIT 1 [ RunTime:0.000286s ]

---------------------------------------------------------------
[ 2019-04-12T19:00:18+08:00 ] 172.31.69.247 223.104.64.7 POST /common/study/datalist
[ log ] api.kzwchina.com/common/study/datalist [运行时间：0.035890s][吞吐率：27.86req/s] [内存消耗：4,127.73kb] [文件加载：65]
[ info ] [ LANG ] /www/wwwroot/kouzhiwen/thinkphp/lang/zh-cn.php
[ info ] [ BIND ] 'api'
[ info ] [ ROUTE ] array (
  'type' => 'module',
  'module' => 
  array (
    0 => 'api',
    1 => 'common',
    2 => 'study',
  ),
)
[ info ] [ HEADER ] array (
  'host' => 'api.kzwchina.com',
  'accept' => '*/*',
  'version' => '1.0.7',
  'os' => 'iOS',
  'accept-encoding' => 'gzip, deflate',
  'accept-language' => 'zh-Hans-CN;q=1',
  'logintoken' => '7c36756e7ce5d66f4f022fcf127d48bb',
  'user-agent' => 'kouzhiwen/1.0.7 (iPhone; iOS 12.2; Scale/2.00)',
  'connection' => 'keep-alive',
  'cookie' => 'PHPSESSID=n4ue8b6j4rdtu5c2n881qvn4c0',
  'content-type' => 'application/x-www-form-urlencoded',
  'content-length' => '23',
)
[ info ] [ PARAM ] array (
  'enterprise_id' => '25',
  'page' => '1',
)
[ info ] [ SESSION ] INIT array (
  'id' => '',
  'var_session_id' => '',
  'prefix' => 'think',
  'type' => '',
  'auto_start' => true,
)
[ info ] [ DB ] INIT mysql
[ info ] [ RUN ] app\api\common\controller\Study->datalist[ /www/wwwroot/kouzhiwen/application/api/common/controller/Study.php ]
[ info ] [ LOG ] INIT File
[ sql ] [ DB ] CONNECT:[ UseTime:0.000422s ] mysql:dbname=kouzhiwen;host=127.0.0.1;port=3306;charset=utf8
[ sql ] [ SQL ] SHOW COLUMNS FROM `tpn_user` [ RunTime:0.000905s ]
[ sql ] [ SQL ] SELECT * FROM `tpn_user` WHERE  `logintoken` = '7c36756e7ce5d66f4f022fcf127d48bb' LIMIT 1 [ RunTime:0.000743s ]
[ sql ] [ SQL ] SHOW COLUMNS FROM `tpn_class` [ RunTime:0.000689s ]
[ sql ] [ SQL ] SELECT `a`.`id`,count(`u`.`uid`) as count FROM `tpn_class` `a` LEFT JOIN `tpn_class_user` `u` ON `a`.`id`=`u`.`class_id` WHERE  `a`.`enterprise_id` = '25'  AND `a`.`end` > 1555066818 GROUP BY u.class_id ORDER BY count desc LIMIT 1 [ RunTime:0.000781s ]
[ sql ] [ SQL ] SELECT COUNT(*) AS tp_count FROM `tpn_class` `a` WHERE  `a`.`enterprise_id` = '25'  AND `a`.`end` > 1555066818 ORDER BY id<>132,a.start desc LIMIT 1 [ RunTime:0.000298s ]
[ sql ] [ SQL ] SELECT `a`.`id`,count(`u`.`uid`) as count FROM `tpn_class` `a` LEFT JOIN `tpn_class_user` `u` ON `a`.`id`=`u`.`class_id` WHERE  `a`.`enterprise_id` = '25'  AND `a`.`end` > 1555066818 GROUP BY u.class_id ORDER BY count desc LIMIT 1 [ RunTime:0.000665s ]
[ sql ] [ SQL ] SELECT `a`.`id`,`a`.`enterprise_id`,`a`.`name`,`a`.`photo`,`a`.`start`,`a`.`end`,`a`.`price`,(select count(*) from tpn_class_user where `class_id`=a.id) apply_num,(select if(count(*)>0,1,0) from tpn_class_user where `class_id`=a.id and `uid`=303) is_apply FROM `tpn_class` `a` WHERE  `a`.`enterprise_id` = '25'  AND `a`.`end` > 1555066818 ORDER BY id<>132,a.start desc LIMIT 0,10 [ RunTime:0.001132s ]
[ error ] [8]未定义数组索引: classify_id[/www/wwwroot/kouzhiwen/application/common/model/Studys.php:30]
[ error ] [8]未定义数组索引: class_type_id[/www/wwwroot/kouzhiwen/application/common/model/Studys.php:34]
[ error ] [8]未定义数组索引: power[/www/wwwroot/kouzhiwen/application/common/model/Studys.php:42]
[ error ] [8]未定义数组索引: classify_id[/www/wwwroot/kouzhiwen/application/common/model/Studys.php:30]
[ error ] [8]未定义数组索引: class_type_id[/www/wwwroot/kouzhiwen/application/common/model/Studys.php:34]
[ error ] [8]未定义数组索引: power[/www/wwwroot/kouzhiwen/application/common/model/Studys.php:42]

---------------------------------------------------------------
[ 2019-04-12T19:00:20+08:00 ] 172.31.69.247 223.104.64.7 GET /common/user/notice_count?OS=iOS&version=1.0.7
[ log ] api.kzwchina.com/common/user/notice_count?OS=iOS&version=1.0.7 [运行时间：0.031314s][吞吐率：31.93req/s] [内存消耗：3,983.71kb] [文件加载：60]
[ info ] [ LANG ] /www/wwwroot/kouzhiwen/thinkphp/lang/zh-cn.php
[ info ] [ BIND ] 'api'
[ info ] [ ROUTE ] array (
  'type' => 'module',
  'module' => 
  array (
    0 => 'api',
    1 => 'common',
    2 => 'user',
  ),
)
[ info ] [ HEADER ] array (
  'host' => 'api.kzwchina.com',
  'os' => 'iOS',
  'cookie' => 'PHPSESSID=n4ue8b6j4rdtu5c2n881qvn4c0',
  'connection' => 'keep-alive',
  'accept' => '*/*',
  'logintoken' => '7c36756e7ce5d66f4f022fcf127d48bb',
  'user-agent' => 'kouzhiwen/1.0.7 (iPhone; iOS 12.2; Scale/2.00)',
  'accept-language' => 'zh-Hans-CN;q=1',
  'version' => '1.0.7',
  'accept-encoding' => 'gzip, deflate',
)
[ info ] [ PARAM ] array (
  'OS' => 'iOS',
  'version' => '1.0.7',
)
[ info ] [ SESSION ] INIT array (
  'id' => '',
  'var_session_id' => '',
  'prefix' => 'think',
  'type' => '',
  'auto_start' => true,
)
[ info ] [ DB ] INIT mysql
[ info ] [ RUN ] app\api\common\controller\User->NoticeCount[ /www/wwwroot/kouzhiwen/application/api/common/controller/User.php ]
[ info ] [ LOG ] INIT File
[ sql ] [ DB ] CONNECT:[ UseTime:0.000451s ] mysql:dbname=kouzhiwen;host=127.0.0.1;port=3306;charset=utf8
[ sql ] [ SQL ] SHOW COLUMNS FROM `tpn_user` [ RunTime:0.000908s ]
[ sql ] [ SQL ] SELECT * FROM `tpn_user` WHERE  `logintoken` = '7c36756e7ce5d66f4f022fcf127d48bb' LIMIT 1 [ RunTime:0.000687s ]
[ sql ] [ SQL ] SHOW COLUMNS FROM `tpn_user_notice` [ RunTime:0.000581s ]
[ sql ] [ SQL ] SELECT COUNT(*) AS tp_count FROM `tpn_user_notice` WHERE  `uid` = 303  AND `reading` = 0 LIMIT 1 [ RunTime:0.000313s ]

---------------------------------------------------------------
[ 2019-04-12T19:00:24+08:00 ] 172.31.69.247 223.104.64.7 GET /discover/teacher/teacher_details?OS=iOS&id=580&version=1.0.7
[ log ] api.kzwchina.com/discover/teacher/teacher_details?OS=iOS&id=580&version=1.0.7 [运行时间：0.035706s][吞吐率：28.01req/s] [内存消耗：3,955.89kb] [文件加载：61]
[ info ] [ LANG ] /www/wwwroot/kouzhiwen/thinkphp/lang/zh-cn.php
[ info ] [ BIND ] 'api'
[ info ] [ ROUTE ] array (
  'type' => 'module',
  'module' => 
  array (
    0 => 'api',
    1 => 'discover',
    2 => 'teacher',
  ),
)
[ info ] [ HEADER ] array (
  'host' => 'api.kzwchina.com',
  'os' => 'iOS',
  'cookie' => 'PHPSESSID=n4ue8b6j4rdtu5c2n881qvn4c0',
  'connection' => 'keep-alive',
  'accept' => '*/*',
  'logintoken' => '7c36756e7ce5d66f4f022fcf127d48bb',
  'user-agent' => 'kouzhiwen/1.0.7 (iPhone; iOS 12.2; Scale/2.00)',
  'accept-language' => 'zh-Hans-CN;q=1',
  'version' => '1.0.7',
  'accept-encoding' => 'gzip, deflate',
)
[ info ] [ PARAM ] array (
  'OS' => 'iOS',
  'id' => '580',
  'version' => '1.0.7',
)
[ info ] [ SESSION ] INIT array (
  'id' => '',
  'var_session_id' => '',
  'prefix' => 'think',
  'type' => '',
  'auto_start' => true,
)
[ info ] [ DB ] INIT mysql
[ info ] [ RUN ] app\api\discover\controller\Teacher->TeacherDetails[ /www/wwwroot/kouzhiwen/application/api/discover/controller/Teacher.php ]
[ info ] [ LOG ] INIT File
[ sql ] [ DB ] CONNECT:[ UseTime:0.000421s ] mysql:dbname=kouzhiwen;host=127.0.0.1;port=3306;charset=utf8
[ sql ] [ SQL ] SHOW COLUMNS FROM `tpn_user` [ RunTime:0.000866s ]
[ sql ] [ SQL ] SELECT * FROM `tpn_user` WHERE  `logintoken` = '7c36756e7ce5d66f4f022fcf127d48bb' LIMIT 1 [ RunTime:0.000732s ]
[ sql ] [ SQL ] SHOW COLUMNS FROM `tpn_teacher` [ RunTime:0.000766s ]
[ sql ] [ SQL ] SELECT * FROM `tpn_teacher` WHERE  `id` = 580 LIMIT 1 [ RunTime:0.000403s ]
[ sql ] [ SQL ] SHOW COLUMNS FROM `tpn_user_quiz` [ RunTime:0.000581s ]
[ sql ] [ SQL ] SELECT COUNT(*) AS tp_count FROM `tpn_user_quiz` WHERE  `teacher_id` = 580  AND `answer` <> ''  AND `evaluate` <> 0 LIMIT 1 [ RunTime:0.000266s ]
[ sql ] [ SQL ] SELECT COUNT(*) AS tp_count FROM `tpn_user_quiz` WHERE  `teacher_id` = 580  AND `answer` <> ''  AND `evaluate` = 1 LIMIT 1 [ RunTime:0.000255s ]
[ sql ] [ SQL ] SELECT COUNT(*) AS tp_count FROM `tpn_user_quiz` WHERE  `teacher_id` = 580  AND `answer` <> ''  AND `evaluate` = 2 LIMIT 1 [ RunTime:0.000235s ]
[ sql ] [ SQL ] SELECT COUNT(*) AS tp_count FROM `tpn_user_quiz` WHERE  `teacher_id` = 580  AND `answer` <> ''  AND `evaluate` = 3 LIMIT 1 [ RunTime:0.000263s ]
[ sql ] [ SQL ] SELECT COUNT(*) AS tp_count FROM `tpn_user_quiz` WHERE  `teacher_id` = 580  AND `answer` <> ''  AND `evaluate` = 4 LIMIT 1 [ RunTime:0.000231s ]
[ sql ] [ SQL ] SELECT COUNT(*) AS tp_count FROM `tpn_user_quiz` WHERE  `teacher_id` = 580  AND `answer` <> ''  AND `evaluate` = 5 LIMIT 1 [ RunTime:0.000242s ]

---------------------------------------------------------------
[ 2019-04-12T19:00:24+08:00 ] 172.31.69.247 223.104.64.7 GET /
[ log ] api.kzwchina.com/ [运行时间：0.017028s][吞吐率：58.73req/s] [内存消耗：1,985.67kb] [文件加载：45]
[ info ] [ LANG ] /www/wwwroot/kouzhiwen/thinkphp/lang/zh-cn.php
[ info ] [ BIND ] 'api'
[ info ] [ ROUTE ] array (
  'type' => 'module',
  'module' => 
  array (
    0 => 'api',
    1 => NULL,
    2 => NULL,
  ),
)
[ info ] [ HEADER ] array (
  'host' => 'api.kzwchina.com',
  'accept' => '*/*',
  'cookie' => 'PHPSESSID=n4ue8b6j4rdtu5c2n881qvn4c0',
  'user-agent' => 'kouzhiwen/1.0.0 CFNetwork/978.0.7 Darwin/18.5.0',
  'accept-language' => 'zh-cn',
  'accept-encoding' => 'gzip, deflate',
  'connection' => 'keep-alive',
)
[ info ] [ PARAM ] array (
)
[ info ] [ LOG ] INIT File
[ error ] [8]未定义数组索引: PATH_INFO[/www/wwwroot/kouzhiwen/thinkphp/library/think/Route.php:1548]
[ error ] [8]未定义数组索引: PATH_INFO[/www/wwwroot/kouzhiwen/thinkphp/library/think/App.php:328]
[ error ] [8]未定义数组索引: PATH_INFO[/www/wwwroot/kouzhiwen/thinkphp/library/think/Request.php:1408]
[ error ] [8]未定义数组下标: 1[/www/wwwroot/kouzhiwen/thinkphp/library/think/App.php:380]
[ error ] [8]未定义数组下标: 2[/www/wwwroot/kouzhiwen/thinkphp/library/think/App.php:382]
[ error ] [8]未定义数组下标: 2[/www/wwwroot/kouzhiwen/thinkphp/library/think/App.php:386]
[ error ] [8]未定义数组下标: 3[/www/wwwroot/kouzhiwen/thinkphp/library/think/App.php:387]
[ error ] [8]未定义数组索引: PATH_INFO[/www/wwwroot/kouzhiwen/thinkphp/library/think/Request.php:1408]

---------------------------------------------------------------
[ 2019-04-12T19:00:24+08:00 ] 172.31.69.247 223.104.64.7 GET /discover/teacher/TeacherCont?OS=iOS&page=1&teacher_id=580&version=1.0.7
[ log ] api.kzwchina.com/discover/teacher/TeacherCont?OS=iOS&page=1&teacher_id=580&version=1.0.7 [运行时间：0.031921s][吞吐率：31.33req/s] [内存消耗：3,960.66kb] [文件加载：62]
[ info ] [ LANG ] /www/wwwroot/kouzhiwen/thinkphp/lang/zh-cn.php
[ info ] [ BIND ] 'api'
[ info ] [ ROUTE ] array (
  'type' => 'module',
  'module' => 
  array (
    0 => 'api',
    1 => 'discover',
    2 => 'teacher',
  ),
)
[ info ] [ HEADER ] array (
  'host' => 'api.kzwchina.com',
  'os' => 'iOS',
  'cookie' => 'PHPSESSID=n4ue8b6j4rdtu5c2n881qvn4c0',
  'connection' => 'keep-alive',
  'accept' => '*/*',
  'logintoken' => '7c36756e7ce5d66f4f022fcf127d48bb',
  'user-agent' => 'kouzhiwen/1.0.7 (iPhone; iOS 12.2; Scale/2.00)',
  'accept-language' => 'zh-Hans-CN;q=1',
  'version' => '1.0.7',
  'accept-encoding' => 'gzip, deflate',
)
[ info ] [ PARAM ] array (
  'OS' => 'iOS',
  'page' => '1',
  'teacher_id' => '580',
  'version' => '1.0.7',
)
[ info ] [ SESSION ] INIT array (
  'id' => '',
  'var_session_id' => '',
  'prefix' => 'think',
  'type' => '',
  'auto_start' => true,
)
[ info ] [ DB ] INIT mysql
[ info ] [ RUN ] app\api\discover\controller\Teacher->TeacherCont[ /www/wwwroot/kouzhiwen/application/api/discover/controller/Teacher.php ]
[ info ] [ LOG ] INIT File
[ sql ] [ DB ] CONNECT:[ UseTime:0.000370s ] mysql:dbname=kouzhiwen;host=127.0.0.1;port=3306;charset=utf8
[ sql ] [ SQL ] SHOW COLUMNS FROM `tpn_user` [ RunTime:0.000763s ]
[ sql ] [ SQL ] SELECT * FROM `tpn_user` WHERE  `logintoken` = '7c36756e7ce5d66f4f022fcf127d48bb' LIMIT 1 [ RunTime:0.000652s ]
[ sql ] [ SQL ] SHOW COLUMNS FROM `tpn_teacher_cont` [ RunTime:0.000638s ]
[ sql ] [ SQL ] SELECT COUNT(*) AS tp_count FROM `tpn_teacher_cont` WHERE  `teacher_id` = 580  AND `status` = 1 LIMIT 1 [ RunTime:0.000373s ]
[ sql ] [ SQL ] SELECT `id`,`name` FROM `tpn_teacher_cont` WHERE  `teacher_id` = 580  AND `status` = 1 ORDER BY add_time desc LIMIT 0,10 [ RunTime:0.000402s ]

---------------------------------------------------------------
[ 2019-04-12T19:00:25+08:00 ] 172.31.69.247 223.104.64.7 GET /discover/teacher/TeacherCont?OS=iOS&page=1&teacher_id=580&version=1.0.7
[ log ] api.kzwchina.com/discover/teacher/TeacherCont?OS=iOS&page=1&teacher_id=580&version=1.0.7 [运行时间：0.030552s][吞吐率：32.73req/s] [内存消耗：3,960.66kb] [文件加载：62]
[ info ] [ LANG ] /www/wwwroot/kouzhiwen/thinkphp/lang/zh-cn.php
[ info ] [ BIND ] 'api'
[ info ] [ ROUTE ] array (
  'type' => 'module',
  'module' => 
  array (
    0 => 'api',
    1 => 'discover',
    2 => 'teacher',
  ),
)
[ info ] [ HEADER ] array (
  'host' => 'api.kzwchina.com',
  'os' => 'iOS',
  'cookie' => 'PHPSESSID=n4ue8b6j4rdtu5c2n881qvn4c0',
  'connection' => 'keep-alive',
  'accept' => '*/*',
  'logintoken' => '7c36756e7ce5d66f4f022fcf127d48bb',
  'user-agent' => 'kouzhiwen/1.0.7 (iPhone; iOS 12.2; Scale/2.00)',
  'accept-language' => 'zh-Hans-CN;q=1',
  'version' => '1.0.7',
  'accept-encoding' => 'gzip, deflate',
)
[ info ] [ PARAM ] array (
  'OS' => 'iOS',
  'page' => '1',
  'teacher_id' => '580',
  'version' => '1.0.7',
)
[ info ] [ SESSION ] INIT array (
  'id' => '',
  'var_session_id' => '',
  'prefix' => 'think',
  'type' => '',
  'auto_start' => true,
)
[ info ] [ DB ] INIT mysql
[ info ] [ RUN ] app\api\discover\controller\Teacher->TeacherCont[ /www/wwwroot/kouzhiwen/application/api/discover/controller/Teacher.php ]
[ info ] [ LOG ] INIT File
[ sql ] [ DB ] CONNECT:[ UseTime:0.000393s ] mysql:dbname=kouzhiwen;host=127.0.0.1;port=3306;charset=utf8
[ sql ] [ SQL ] SHOW COLUMNS FROM `tpn_user` [ RunTime:0.000815s ]
[ sql ] [ SQL ] SELECT * FROM `tpn_user` WHERE  `logintoken` = '7c36756e7ce5d66f4f022fcf127d48bb' LIMIT 1 [ RunTime:0.000654s ]
[ sql ] [ SQL ] SHOW COLUMNS FROM `tpn_teacher_cont` [ RunTime:0.000626s ]
[ sql ] [ SQL ] SELECT COUNT(*) AS tp_count FROM `tpn_teacher_cont` WHERE  `teacher_id` = 580  AND `status` = 1 LIMIT 1 [ RunTime:0.000369s ]
[ sql ] [ SQL ] SELECT `id`,`name` FROM `tpn_teacher_cont` WHERE  `teacher_id` = 580  AND `status` = 1 ORDER BY add_time desc LIMIT 0,10 [ RunTime:0.000422s ]

---------------------------------------------------------------
[ 2019-04-12T19:00:25+08:00 ] 172.31.69.247 223.104.64.7 GET /common/user/notice_count?OS=iOS&version=1.0.7
[ log ] api.kzwchina.com/common/user/notice_count?OS=iOS&version=1.0.7 [运行时间：0.031256s][吞吐率：31.99req/s] [内存消耗：3,983.71kb] [文件加载：60]
[ info ] [ LANG ] /www/wwwroot/kouzhiwen/thinkphp/lang/zh-cn.php
[ info ] [ BIND ] 'api'
[ info ] [ ROUTE ] array (
  'type' => 'module',
  'module' => 
  array (
    0 => 'api',
    1 => 'common',
    2 => 'user',
  ),
)
[ info ] [ HEADER ] array (
  'host' => 'api.kzwchina.com',
  'os' => 'iOS',
  'cookie' => 'PHPSESSID=n4ue8b6j4rdtu5c2n881qvn4c0',
  'connection' => 'keep-alive',
  'accept' => '*/*',
  'logintoken' => '7c36756e7ce5d66f4f022fcf127d48bb',
  'user-agent' => 'kouzhiwen/1.0.7 (iPhone; iOS 12.2; Scale/2.00)',
  'accept-language' => 'zh-Hans-CN;q=1',
  'version' => '1.0.7',
  'accept-encoding' => 'gzip, deflate',
)
[ info ] [ PARAM ] array (
  'OS' => 'iOS',
  'version' => '1.0.7',
)
[ info ] [ SESSION ] INIT array (
  'id' => '',
  'var_session_id' => '',
  'prefix' => 'think',
  'type' => '',
  'auto_start' => true,
)
[ info ] [ DB ] INIT mysql
[ info ] [ RUN ] app\api\common\controller\User->NoticeCount[ /www/wwwroot/kouzhiwen/application/api/common/controller/User.php ]
[ info ] [ LOG ] INIT File
[ sql ] [ DB ] CONNECT:[ UseTime:0.000437s ] mysql:dbname=kouzhiwen;host=127.0.0.1;port=3306;charset=utf8
[ sql ] [ SQL ] SHOW COLUMNS FROM `tpn_user` [ RunTime:0.000827s ]
[ sql ] [ SQL ] SELECT * FROM `tpn_user` WHERE  `logintoken` = '7c36756e7ce5d66f4f022fcf127d48bb' LIMIT 1 [ RunTime:0.000655s ]
[ sql ] [ SQL ] SHOW COLUMNS FROM `tpn_user_notice` [ RunTime:0.000591s ]
[ sql ] [ SQL ] SELECT COUNT(*) AS tp_count FROM `tpn_user_notice` WHERE  `uid` = 303  AND `reading` = 0 LIMIT 1 [ RunTime:0.000307s ]

---------------------------------------------------------------
[ 2019-04-12T19:00:26+08:00 ] 172.31.69.247 223.104.64.7 GET /discover/teacher/teacher_type?OS=iOS&enterprise_id=25&version=1.0.7
[ log ] api.kzwchina.com/discover/teacher/teacher_type?OS=iOS&enterprise_id=25&version=1.0.7 [运行时间：0.031595s][吞吐率：31.65req/s] [内存消耗：3,949.16kb] [文件加载：62]
[ info ] [ LANG ] /www/wwwroot/kouzhiwen/thinkphp/lang/zh-cn.php
[ info ] [ BIND ] 'api'
[ info ] [ ROUTE ] array (
  'type' => 'module',
  'module' => 
  array (
    0 => 'api',
    1 => 'discover',
    2 => 'teacher',
  ),
)
[ info ] [ HEADER ] array (
  'host' => 'api.kzwchina.com',
  'os' => 'iOS',
  'cookie' => 'PHPSESSID=n4ue8b6j4rdtu5c2n881qvn4c0',
  'connection' => 'keep-alive',
  'accept' => '*/*',
  'logintoken' => '7c36756e7ce5d66f4f022fcf127d48bb',
  'user-agent' => 'kouzhiwen/1.0.7 (iPhone; iOS 12.2; Scale/2.00)',
  'accept-language' => 'zh-Hans-CN;q=1',
  'version' => '1.0.7',
  'accept-encoding' => 'gzip, deflate',
)
[ info ] [ PARAM ] array (
  'OS' => 'iOS',
  'enterprise_id' => '25',
  'version' => '1.0.7',
)
[ info ] [ SESSION ] INIT array (
  'id' => '',
  'var_session_id' => '',
  'prefix' => 'think',
  'type' => '',
  'auto_start' => true,
)
[ info ] [ DB ] INIT mysql
[ info ] [ RUN ] app\api\discover\controller\Teacher->TeacherType[ /www/wwwroot/kouzhiwen/application/api/discover/controller/Teacher.php ]
[ info ] [ LOG ] INIT File
[ sql ] [ DB ] CONNECT:[ UseTime:0.000421s ] mysql:dbname=kouzhiwen;host=127.0.0.1;port=3306;charset=utf8
[ sql ] [ SQL ] SHOW COLUMNS FROM `tpn_user` [ RunTime:0.000893s ]
[ sql ] [ SQL ] SELECT * FROM `tpn_user` WHERE  `logintoken` = '7c36756e7ce5d66f4f022fcf127d48bb' LIMIT 1 [ RunTime:0.000667s ]
[ sql ] [ SQL ] SHOW COLUMNS FROM `tpn_teacher_type` [ RunTime:0.000534s ]
[ sql ] [ SQL ] SELECT * FROM `tpn_teacher_type` WHERE  `enterprise_id` = 25 [ RunTime:0.000264s ]

---------------------------------------------------------------
[ 2019-04-12T19:00:27+08:00 ] 172.31.69.247 223.104.64.7 GET /discover/teacher/teacher_list?OS=iOS&enterprise_id=25&page=1&teacher_type=0&version=1.0.7
[ log ] api.kzwchina.com/discover/teacher/teacher_list?OS=iOS&enterprise_id=25&page=1&teacher_type=0&version=1.0.7 [运行时间：0.033477s][吞吐率：29.87req/s] [内存消耗：3,991.52kb] [文件加载：62]
[ info ] [ LANG ] /www/wwwroot/kouzhiwen/thinkphp/lang/zh-cn.php
[ info ] [ BIND ] 'api'
[ info ] [ ROUTE ] array (
  'type' => 'module',
  'module' => 
  array (
    0 => 'api',
    1 => 'discover',
    2 => 'teacher',
  ),
)
[ info ] [ HEADER ] array (
  'host' => 'api.kzwchina.com',
  'os' => 'iOS',
  'cookie' => 'PHPSESSID=n4ue8b6j4rdtu5c2n881qvn4c0',
  'connection' => 'keep-alive',
  'accept' => '*/*',
  'logintoken' => '7c36756e7ce5d66f4f022fcf127d48bb',
  'user-agent' => 'kouzhiwen/1.0.7 (iPhone; iOS 12.2; Scale/2.00)',
  'accept-language' => 'zh-Hans-CN;q=1',
  'version' => '1.0.7',
  'accept-encoding' => 'gzip, deflate',
)
[ info ] [ PARAM ] array (
  'OS' => 'iOS',
  'enterprise_id' => '25',
  'page' => '1',
  'teacher_type' => '0',
  'version' => '1.0.7',
)
[ info ] [ SESSION ] INIT array (
  'id' => '',
  'var_session_id' => '',
  'prefix' => 'think',
  'type' => '',
  'auto_start' => true,
)
[ info ] [ DB ] INIT mysql
[ info ] [ RUN ] app\api\discover\controller\Teacher->TeacherList[ /www/wwwroot/kouzhiwen/application/api/discover/controller/Teacher.php ]
[ info ] [ LOG ] INIT File
[ sql ] [ DB ] CONNECT:[ UseTime:0.000413s ] mysql:dbname=kouzhiwen;host=127.0.0.1;port=3306;charset=utf8
[ sql ] [ SQL ] SHOW COLUMNS FROM `tpn_user` [ RunTime:0.000794s ]
[ sql ] [ SQL ] SELECT * FROM `tpn_user` WHERE  `logintoken` = '7c36756e7ce5d66f4f022fcf127d48bb' LIMIT 1 [ RunTime:0.000677s ]
[ sql ] [ SQL ] SHOW COLUMNS FROM `tpn_teacher` [ RunTime:0.000772s ]
[ sql ] [ SQL ] SELECT COUNT(*) AS tp_count FROM `tpn_teacher` WHERE  `enterprise_id` = 25  AND `status` = 1  AND `is_xszd` = 0  AND `identity` LIKE '%3%' LIMIT 1 [ RunTime:0.000759s ]
[ sql ] [ SQL ] SELECT `id`,`name`,`nickname`,`photo`,`consult_num`,`brief`,`level`,`phone` FROM `tpn_teacher` WHERE  `enterprise_id` = 25  AND `status` = 1  AND `is_xszd` = 0  AND `identity` LIKE '%3%' ORDER BY created_at desc LIMIT 0,10 [ RunTime:0.000636s ]

---------------------------------------------------------------
[ 2019-04-12T19:00:29+08:00 ] 172.31.69.247 223.104.64.7 GET /discover/teacher/teacher_list?OS=iOS&enterprise_id=25&page=2&teacher_type=0&version=1.0.7
[ log ] api.kzwchina.com/discover/teacher/teacher_list?OS=iOS&enterprise_id=25&page=2&teacher_type=0&version=1.0.7 [运行时间：0.033732s][吞吐率：29.65req/s] [内存消耗：3,982.98kb] [文件加载：62]
[ info ] [ LANG ] /www/wwwroot/kouzhiwen/thinkphp/lang/zh-cn.php
[ info ] [ BIND ] 'api'
[ info ] [ ROUTE ] array (
  'type' => 'module',
  'module' => 
  array (
    0 => 'api',
    1 => 'discover',
    2 => 'teacher',
  ),
)
[ info ] [ HEADER ] array (
  'host' => 'api.kzwchina.com',
  'os' => 'iOS',
  'cookie' => 'PHPSESSID=n4ue8b6j4rdtu5c2n881qvn4c0',
  'connection' => 'keep-alive',
  'accept' => '*/*',
  'logintoken' => '7c36756e7ce5d66f4f022fcf127d48bb',
  'user-agent' => 'kouzhiwen/1.0.7 (iPhone; iOS 12.2; Scale/2.00)',
  'accept-language' => 'zh-Hans-CN;q=1',
  'version' => '1.0.7',
  'accept-encoding' => 'gzip, deflate',
)
[ info ] [ PARAM ] array (
  'OS' => 'iOS',
  'enterprise_id' => '25',
  'page' => '2',
  'teacher_type' => '0',
  'version' => '1.0.7',
)
[ info ] [ SESSION ] INIT array (
  'id' => '',
  'var_session_id' => '',
  'prefix' => 'think',
  'type' => '',
  'auto_start' => true,
)
[ info ] [ DB ] INIT mysql
[ info ] [ RUN ] app\api\discover\controller\Teacher->TeacherList[ /www/wwwroot/kouzhiwen/application/api/discover/controller/Teacher.php ]
[ info ] [ LOG ] INIT File
[ sql ] [ DB ] CONNECT:[ UseTime:0.000413s ] mysql:dbname=kouzhiwen;host=127.0.0.1;port=3306;charset=utf8
[ sql ] [ SQL ] SHOW COLUMNS FROM `tpn_user` [ RunTime:0.000895s ]
[ sql ] [ SQL ] SELECT * FROM `tpn_user` WHERE  `logintoken` = '7c36756e7ce5d66f4f022fcf127d48bb' LIMIT 1 [ RunTime:0.000647s ]
[ sql ] [ SQL ] SHOW COLUMNS FROM `tpn_teacher` [ RunTime:0.000810s ]
[ sql ] [ SQL ] SELECT COUNT(*) AS tp_count FROM `tpn_teacher` WHERE  `enterprise_id` = 25  AND `status` = 1  AND `is_xszd` = 0  AND `identity` LIKE '%3%' LIMIT 1 [ RunTime:0.000776s ]
[ sql ] [ SQL ] SELECT `id`,`name`,`nickname`,`photo`,`consult_num`,`brief`,`level`,`phone` FROM `tpn_teacher` WHERE  `enterprise_id` = 25  AND `status` = 1  AND `is_xszd` = 0  AND `identity` LIKE '%3%' ORDER BY created_at desc LIMIT 10,10 [ RunTime:0.000619s ]

---------------------------------------------------------------
[ 2019-04-12T19:00:31+08:00 ] 172.31.69.247 223.104.64.7 GET /discover/teacher/teacher_details?OS=iOS&id=582&version=1.0.7
[ log ] api.kzwchina.com/discover/teacher/teacher_details?OS=iOS&id=582&version=1.0.7 [运行时间：0.035844s][吞吐率：27.90req/s] [内存消耗：3,955.89kb] [文件加载：61]
[ info ] [ LANG ] /www/wwwroot/kouzhiwen/thinkphp/lang/zh-cn.php
[ info ] [ BIND ] 'api'
[ info ] [ ROUTE ] array (
  'type' => 'module',
  'module' => 
  array (
    0 => 'api',
    1 => 'discover',
    2 => 'teacher',
  ),
)
[ info ] [ HEADER ] array (
  'host' => 'api.kzwchina.com',
  'os' => 'iOS',
  'cookie' => 'PHPSESSID=n4ue8b6j4rdtu5c2n881qvn4c0',
  'connection' => 'keep-alive',
  'accept' => '*/*',
  'logintoken' => '7c36756e7ce5d66f4f022fcf127d48bb',
  'user-agent' => 'kouzhiwen/1.0.7 (iPhone; iOS 12.2; Scale/2.00)',
  'accept-language' => 'zh-Hans-CN;q=1',
  'version' => '1.0.7',
  'accept-encoding' => 'gzip, deflate',
)
[ info ] [ PARAM ] array (
  'OS' => 'iOS',
  'id' => '582',
  'version' => '1.0.7',
)
[ info ] [ SESSION ] INIT array (
  'id' => '',
  'var_session_id' => '',
  'prefix' => 'think',
  'type' => '',
  'auto_start' => true,
)
[ info ] [ DB ] INIT mysql
[ info ] [ RUN ] app\api\discover\controller\Teacher->TeacherDetails[ /www/wwwroot/kouzhiwen/application/api/discover/controller/Teacher.php ]
[ info ] [ LOG ] INIT File
[ sql ] [ DB ] CONNECT:[ UseTime:0.000430s ] mysql:dbname=kouzhiwen;host=127.0.0.1;port=3306;charset=utf8
[ sql ] [ SQL ] SHOW COLUMNS FROM `tpn_user` [ RunTime:0.000903s ]
[ sql ] [ SQL ] SELECT * FROM `tpn_user` WHERE  `logintoken` = '7c36756e7ce5d66f4f022fcf127d48bb' LIMIT 1 [ RunTime:0.000676s ]
[ sql ] [ SQL ] SHOW COLUMNS FROM `tpn_teacher` [ RunTime:0.000835s ]
[ sql ] [ SQL ] SELECT * FROM `tpn_teacher` WHERE  `id` = 582 LIMIT 1 [ RunTime:0.000437s ]
[ sql ] [ SQL ] SHOW COLUMNS FROM `tpn_user_quiz` [ RunTime:0.000605s ]
[ sql ] [ SQL ] SELECT COUNT(*) AS tp_count FROM `tpn_user_quiz` WHERE  `teacher_id` = 582  AND `answer` <> ''  AND `evaluate` <> 0 LIMIT 1 [ RunTime:0.000262s ]
[ sql ] [ SQL ] SELECT COUNT(*) AS tp_count FROM `tpn_user_quiz` WHERE  `teacher_id` = 582  AND `answer` <> ''  AND `evaluate` = 1 LIMIT 1 [ RunTime:0.000255s ]
[ sql ] [ SQL ] SELECT COUNT(*) AS tp_count FROM `tpn_user_quiz` WHERE  `teacher_id` = 582  AND `answer` <> ''  AND `evaluate` = 2 LIMIT 1 [ RunTime:0.000233s ]
[ sql ] [ SQL ] SELECT COUNT(*) AS tp_count FROM `tpn_user_quiz` WHERE  `teacher_id` = 582  AND `answer` <> ''  AND `evaluate` = 3 LIMIT 1 [ RunTime:0.000233s ]
[ sql ] [ SQL ] SELECT COUNT(*) AS tp_count FROM `tpn_user_quiz` WHERE  `teacher_id` = 582  AND `answer` <> ''  AND `evaluate` = 4 LIMIT 1 [ RunTime:0.000241s ]
[ sql ] [ SQL ] SELECT COUNT(*) AS tp_count FROM `tpn_user_quiz` WHERE  `teacher_id` = 582  AND `answer` <> ''  AND `evaluate` = 5 LIMIT 1 [ RunTime:0.000230s ]

---------------------------------------------------------------
[ 2019-04-12T19:00:32+08:00 ] 172.31.69.247 223.104.64.7 GET /discover/teacher/TeacherCont?OS=iOS&page=1&teacher_id=580&version=1.0.7
[ log ] api.kzwchina.com/discover/teacher/TeacherCont?OS=iOS&page=1&teacher_id=580&version=1.0.7 [运行时间：0.040876s][吞吐率：24.46req/s] [内存消耗：3,960.66kb] [文件加载：62]
[ info ] [ LANG ] /www/wwwroot/kouzhiwen/thinkphp/lang/zh-cn.php
[ info ] [ BIND ] 'api'
[ info ] [ ROUTE ] array (
  'type' => 'module',
  'module' => 
  array (
    0 => 'api',
    1 => 'discover',
    2 => 'teacher',
  ),
)
[ info ] [ HEADER ] array (
  'host' => 'api.kzwchina.com',
  'os' => 'iOS',
  'cookie' => 'PHPSESSID=n4ue8b6j4rdtu5c2n881qvn4c0',
  'connection' => 'keep-alive',
  'accept' => '*/*',
  'logintoken' => '7c36756e7ce5d66f4f022fcf127d48bb',
  'user-agent' => 'kouzhiwen/1.0.7 (iPhone; iOS 12.2; Scale/2.00)',
  'accept-language' => 'zh-Hans-CN;q=1',
  'version' => '1.0.7',
  'accept-encoding' => 'gzip, deflate',
)
[ info ] [ PARAM ] array (
  'OS' => 'iOS',
  'page' => '1',
  'teacher_id' => '580',
  'version' => '1.0.7',
)
[ info ] [ SESSION ] INIT array (
  'id' => '',
  'var_session_id' => '',
  'prefix' => 'think',
  'type' => '',
  'auto_start' => true,
)
[ info ] [ DB ] INIT mysql
[ info ] [ RUN ] app\api\discover\controller\Teacher->TeacherCont[ /www/wwwroot/kouzhiwen/application/api/discover/controller/Teacher.php ]
[ info ] [ LOG ] INIT File
[ sql ] [ DB ] CONNECT:[ UseTime:0.000370s ] mysql:dbname=kouzhiwen;host=127.0.0.1;port=3306;charset=utf8
[ sql ] [ SQL ] SHOW COLUMNS FROM `tpn_user` [ RunTime:0.000825s ]
[ sql ] [ SQL ] SELECT * FROM `tpn_user` WHERE  `logintoken` = '7c36756e7ce5d66f4f022fcf127d48bb' LIMIT 1 [ RunTime:0.000721s ]
[ sql ] [ SQL ] SHOW COLUMNS FROM `tpn_teacher_cont` [ RunTime:0.000603s ]
[ sql ] [ SQL ] SELECT COUNT(*) AS tp_count FROM `tpn_teacher_cont` WHERE  `teacher_id` = 580  AND `status` = 1 LIMIT 1 [ RunTime:0.000403s ]
[ sql ] [ SQL ] SELECT `id`,`name` FROM `tpn_teacher_cont` WHERE  `teacher_id` = 580  AND `status` = 1 ORDER BY add_time desc LIMIT 0,10 [ RunTime:0.000392s ]

---------------------------------------------------------------
[ 2019-04-12T19:00:32+08:00 ] 172.31.69.247 223.104.64.7 GET /discover/teacher/TeacherCont?OS=iOS&page=1&teacher_id=582&version=1.0.7
[ log ] api.kzwchina.com/discover/teacher/TeacherCont?OS=iOS&page=1&teacher_id=582&version=1.0.7 [运行时间：0.055906s][吞吐率：17.89req/s] [内存消耗：3,959.47kb] [文件加载：62]
[ info ] [ LANG ] /www/wwwroot/kouzhiwen/thinkphp/lang/zh-cn.php
[ info ] [ BIND ] 'api'
[ info ] [ ROUTE ] array (
  'type' => 'module',
  'module' => 
  array (
    0 => 'api',
    1 => 'discover',
    2 => 'teacher',
  ),
)
[ info ] [ HEADER ] array (
  'host' => 'api.kzwchina.com',
  'os' => 'iOS',
  'cookie' => 'PHPSESSID=n4ue8b6j4rdtu5c2n881qvn4c0',
  'connection' => 'keep-alive',
  'accept' => '*/*',
  'logintoken' => '7c36756e7ce5d66f4f022fcf127d48bb',
  'user-agent' => 'kouzhiwen/1.0.7 (iPhone; iOS 12.2; Scale/2.00)',
  'accept-language' => 'zh-Hans-CN;q=1',
  'version' => '1.0.7',
  'accept-encoding' => 'gzip, deflate',
)
[ info ] [ PARAM ] array (
  'OS' => 'iOS',
  'page' => '1',
  'teacher_id' => '582',
  'version' => '1.0.7',
)
[ info ] [ SESSION ] INIT array (
  'id' => '',
  'var_session_id' => '',
  'prefix' => 'think',
  'type' => '',
  'auto_start' => true,
)
[ info ] [ DB ] INIT mysql
[ info ] [ RUN ] app\api\discover\controller\Teacher->TeacherCont[ /www/wwwroot/kouzhiwen/application/api/discover/controller/Teacher.php ]
[ info ] [ LOG ] INIT File
[ sql ] [ DB ] CONNECT:[ UseTime:0.000310s ] mysql:dbname=kouzhiwen;host=127.0.0.1;port=3306;charset=utf8
[ sql ] [ SQL ] SHOW COLUMNS FROM `tpn_user` [ RunTime:0.000670s ]
[ sql ] [ SQL ] SELECT * FROM `tpn_user` WHERE  `logintoken` = '7c36756e7ce5d66f4f022fcf127d48bb' LIMIT 1 [ RunTime:0.000682s ]
[ sql ] [ SQL ] SHOW COLUMNS FROM `tpn_teacher_cont` [ RunTime:0.000563s ]
[ sql ] [ SQL ] SELECT COUNT(*) AS tp_count FROM `tpn_teacher_cont` WHERE  `teacher_id` = 582  AND `status` = 1 LIMIT 1 [ RunTime:0.000343s ]
[ sql ] [ SQL ] SELECT `id`,`name` FROM `tpn_teacher_cont` WHERE  `teacher_id` = 582  AND `status` = 1 ORDER BY add_time desc LIMIT 0,10 [ RunTime:0.000366s ]

---------------------------------------------------------------
[ 2019-04-12T19:00:32+08:00 ] 172.31.69.247 223.104.64.7 GET /discover/teacher/TeacherCont?OS=iOS&page=1&teacher_id=582&version=1.0.7
[ log ] api.kzwchina.com/discover/teacher/TeacherCont?OS=iOS&page=1&teacher_id=582&version=1.0.7 [运行时间：0.032218s][吞吐率：31.04req/s] [内存消耗：3,959.47kb] [文件加载：62]
[ info ] [ LANG ] /www/wwwroot/kouzhiwen/thinkphp/lang/zh-cn.php
[ info ] [ BIND ] 'api'
[ info ] [ ROUTE ] array (
  'type' => 'module',
  'module' => 
  array (
    0 => 'api',
    1 => 'discover',
    2 => 'teacher',
  ),
)
[ info ] [ HEADER ] array (
  'host' => 'api.kzwchina.com',
  'os' => 'iOS',
  'cookie' => 'PHPSESSID=n4ue8b6j4rdtu5c2n881qvn4c0',
  'connection' => 'keep-alive',
  'accept' => '*/*',
  'logintoken' => '7c36756e7ce5d66f4f022fcf127d48bb',
  'user-agent' => 'kouzhiwen/1.0.7 (iPhone; iOS 12.2; Scale/2.00)',
  'accept-language' => 'zh-Hans-CN;q=1',
  'version' => '1.0.7',
  'accept-encoding' => 'gzip, deflate',
)
[ info ] [ PARAM ] array (
  'OS' => 'iOS',
  'page' => '1',
  'teacher_id' => '582',
  'version' => '1.0.7',
)
[ info ] [ SESSION ] INIT array (
  'id' => '',
  'var_session_id' => '',
  'prefix' => 'think',
  'type' => '',
  'auto_start' => true,
)
[ info ] [ DB ] INIT mysql
[ info ] [ RUN ] app\api\discover\controller\Teacher->TeacherCont[ /www/wwwroot/kouzhiwen/application/api/discover/controller/Teacher.php ]
[ info ] [ LOG ] INIT File
[ sql ] [ DB ] CONNECT:[ UseTime:0.000406s ] mysql:dbname=kouzhiwen;host=127.0.0.1;port=3306;charset=utf8
[ sql ] [ SQL ] SHOW COLUMNS FROM `tpn_user` [ RunTime:0.000862s ]
[ sql ] [ SQL ] SELECT * FROM `tpn_user` WHERE  `logintoken` = '7c36756e7ce5d66f4f022fcf127d48bb' LIMIT 1 [ RunTime:0.000741s ]
[ sql ] [ SQL ] SHOW COLUMNS FROM `tpn_teacher_cont` [ RunTime:0.000654s ]
[ sql ] [ SQL ] SELECT COUNT(*) AS tp_count FROM `tpn_teacher_cont` WHERE  `teacher_id` = 582  AND `status` = 1 LIMIT 1 [ RunTime:0.000404s ]
[ sql ] [ SQL ] SELECT `id`,`name` FROM `tpn_teacher_cont` WHERE  `teacher_id` = 582  AND `status` = 1 ORDER BY add_time desc LIMIT 0,10 [ RunTime:0.000392s ]

---------------------------------------------------------------
[ 2019-04-12T19:01:12+08:00 ] 172.31.69.247 223.104.64.7 GET /discover/teacher/teacher_article?OS=iOS&page=1&teacher_id=582&version=1.0.7
[ log ] api.kzwchina.com/discover/teacher/teacher_article?OS=iOS&page=1&teacher_id=582&version=1.0.7 [运行时间：0.032023s][吞吐率：31.23req/s] [内存消耗：3,962.77kb] [文件加载：62]
[ info ] [ LANG ] /www/wwwroot/kouzhiwen/thinkphp/lang/zh-cn.php
[ info ] [ BIND ] 'api'
[ info ] [ ROUTE ] array (
  'type' => 'module',
  'module' => 
  array (
    0 => 'api',
    1 => 'discover',
    2 => 'teacher',
  ),
)
[ info ] [ HEADER ] array (
  'host' => 'api.kzwchina.com',
  'os' => 'iOS',
  'cookie' => 'PHPSESSID=n4ue8b6j4rdtu5c2n881qvn4c0',
  'connection' => 'keep-alive',
  'accept' => '*/*',
  'logintoken' => '7c36756e7ce5d66f4f022fcf127d48bb',
  'user-agent' => 'kouzhiwen/1.0.7 (iPhone; iOS 12.2; Scale/2.00)',
  'accept-language' => 'zh-Hans-CN;q=1',
  'version' => '1.0.7',
  'accept-encoding' => 'gzip, deflate',
)
[ info ] [ PARAM ] array (
  'OS' => 'iOS',
  'page' => '1',
  'teacher_id' => '582',
  'version' => '1.0.7',
)
[ info ] [ SESSION ] INIT array (
  'id' => '',
  'var_session_id' => '',
  'prefix' => 'think',
  'type' => '',
  'auto_start' => true,
)
[ info ] [ DB ] INIT mysql
[ info ] [ RUN ] app\api\discover\controller\Teacher->TeacherArticle[ /www/wwwroot/kouzhiwen/application/api/discover/controller/Teacher.php ]
[ info ] [ LOG ] INIT File
[ sql ] [ DB ] CONNECT:[ UseTime:0.000451s ] mysql:dbname=kouzhiwen;host=127.0.0.1;port=3306;charset=utf8
[ sql ] [ SQL ] SHOW COLUMNS FROM `tpn_user` [ RunTime:0.000879s ]
[ sql ] [ SQL ] SELECT * FROM `tpn_user` WHERE  `logintoken` = '7c36756e7ce5d66f4f022fcf127d48bb' LIMIT 1 [ RunTime:0.000655s ]
[ sql ] [ SQL ] SHOW COLUMNS FROM `tpn_teacher_article` [ RunTime:0.000635s ]
[ sql ] [ SQL ] SELECT COUNT(*) AS tp_count FROM `tpn_teacher_article` WHERE  `teacher_id` = 582  AND `class_id` = 0  AND `status` = 1 LIMIT 1 [ RunTime:0.000295s ]
[ sql ] [ SQL ] SELECT `id`,`name` FROM `tpn_teacher_article` WHERE  `teacher_id` = 582  AND `class_id` = 0  AND `status` = 1 ORDER BY add_time desc LIMIT 0,10 [ RunTime:0.000287s ]

---------------------------------------------------------------
[ 2019-04-12T19:01:21+08:00 ] 172.31.69.247 223.104.64.7 GET /discover/teacher/teacher_details?OS=iOS&id=581&version=1.0.7
[ log ] api.kzwchina.com/discover/teacher/teacher_details?OS=iOS&id=581&version=1.0.7 [运行时间：0.035557s][吞吐率：28.12req/s] [内存消耗：3,955.67kb] [文件加载：61]
[ info ] [ LANG ] /www/wwwroot/kouzhiwen/thinkphp/lang/zh-cn.php
[ info ] [ BIND ] 'api'
[ info ] [ ROUTE ] array (
  'type' => 'module',
  'module' => 
  array (
    0 => 'api',
    1 => 'discover',
    2 => 'teacher',
  ),
)
[ info ] [ HEADER ] array (
  'host' => 'api.kzwchina.com',
  'os' => 'iOS',
  'cookie' => 'PHPSESSID=n4ue8b6j4rdtu5c2n881qvn4c0',
  'connection' => 'keep-alive',
  'accept' => '*/*',
  'logintoken' => '7c36756e7ce5d66f4f022fcf127d48bb',
  'user-agent' => 'kouzhiwen/1.0.7 (iPhone; iOS 12.2; Scale/2.00)',
  'accept-language' => 'zh-Hans-CN;q=1',
  'version' => '1.0.7',
  'accept-encoding' => 'gzip, deflate',
)
[ info ] [ PARAM ] array (
  'OS' => 'iOS',
  'id' => '581',
  'version' => '1.0.7',
)
[ info ] [ SESSION ] INIT array (
  'id' => '',
  'var_session_id' => '',
  'prefix' => 'think',
  'type' => '',
  'auto_start' => true,
)
[ info ] [ DB ] INIT mysql
[ info ] [ RUN ] app\api\discover\controller\Teacher->TeacherDetails[ /www/wwwroot/kouzhiwen/application/api/discover/controller/Teacher.php ]
[ info ] [ LOG ] INIT File
[ sql ] [ DB ] CONNECT:[ UseTime:0.000474s ] mysql:dbname=kouzhiwen;host=127.0.0.1;port=3306;charset=utf8
[ sql ] [ SQL ] SHOW COLUMNS FROM `tpn_user` [ RunTime:0.000864s ]
[ sql ] [ SQL ] SELECT * FROM `tpn_user` WHERE  `logintoken` = '7c36756e7ce5d66f4f022fcf127d48bb' LIMIT 1 [ RunTime:0.000666s ]
[ sql ] [ SQL ] SHOW COLUMNS FROM `tpn_teacher` [ RunTime:0.000774s ]
[ sql ] [ SQL ] SELECT * FROM `tpn_teacher` WHERE  `id` = 581 LIMIT 1 [ RunTime:0.000417s ]
[ sql ] [ SQL ] SHOW COLUMNS FROM `tpn_user_quiz` [ RunTime:0.000551s ]
[ sql ] [ SQL ] SELECT COUNT(*) AS tp_count FROM `tpn_user_quiz` WHERE  `teacher_id` = 581  AND `answer` <> ''  AND `evaluate` <> 0 LIMIT 1 [ RunTime:0.000269s ]
[ sql ] [ SQL ] SELECT COUNT(*) AS tp_count FROM `tpn_user_quiz` WHERE  `teacher_id` = 581  AND `answer` <> ''  AND `evaluate` = 1 LIMIT 1 [ RunTime:0.000240s ]
[ sql ] [ SQL ] SELECT COUNT(*) AS tp_count FROM `tpn_user_quiz` WHERE  `teacher_id` = 581  AND `answer` <> ''  AND `evaluate` = 2 LIMIT 1 [ RunTime:0.000245s ]
[ sql ] [ SQL ] SELECT COUNT(*) AS tp_count FROM `tpn_user_quiz` WHERE  `teacher_id` = 581  AND `answer` <> ''  AND `evaluate` = 3 LIMIT 1 [ RunTime:0.000230s ]
[ sql ] [ SQL ] SELECT COUNT(*) AS tp_count FROM `tpn_user_quiz` WHERE  `teacher_id` = 581  AND `answer` <> ''  AND `evaluate` = 4 LIMIT 1 [ RunTime:0.000250s ]
[ sql ] [ SQL ] SELECT COUNT(*) AS tp_count FROM `tpn_user_quiz` WHERE  `teacher_id` = 581  AND `answer` <> ''  AND `evaluate` = 5 LIMIT 1 [ RunTime:0.000229s ]

---------------------------------------------------------------
[ 2019-04-12T19:01:21+08:00 ] 172.31.69.247 223.104.64.7 GET /discover/teacher/TeacherCont?OS=iOS&page=1&teacher_id=580&version=1.0.7
[ log ] api.kzwchina.com/discover/teacher/TeacherCont?OS=iOS&page=1&teacher_id=580&version=1.0.7 [运行时间：0.031927s][吞吐率：31.32req/s] [内存消耗：3,960.66kb] [文件加载：62]
[ info ] [ LANG ] /www/wwwroot/kouzhiwen/thinkphp/lang/zh-cn.php
[ info ] [ BIND ] 'api'
[ info ] [ ROUTE ] array (
  'type' => 'module',
  'module' => 
  array (
    0 => 'api',
    1 => 'discover',
    2 => 'teacher',
  ),
)
[ info ] [ HEADER ] array (
  'host' => 'api.kzwchina.com',
  'os' => 'iOS',
  'cookie' => 'PHPSESSID=n4ue8b6j4rdtu5c2n881qvn4c0',
  'connection' => 'keep-alive',
  'accept' => '*/*',
  'logintoken' => '7c36756e7ce5d66f4f022fcf127d48bb',
  'user-agent' => 'kouzhiwen/1.0.7 (iPhone; iOS 12.2; Scale/2.00)',
  'accept-language' => 'zh-Hans-CN;q=1',
  'version' => '1.0.7',
  'accept-encoding' => 'gzip, deflate',
)
[ info ] [ PARAM ] array (
  'OS' => 'iOS',
  'page' => '1',
  'teacher_id' => '580',
  'version' => '1.0.7',
)
[ info ] [ SESSION ] INIT array (
  'id' => '',
  'var_session_id' => '',
  'prefix' => 'think',
  'type' => '',
  'auto_start' => true,
)
[ info ] [ DB ] INIT mysql
[ info ] [ RUN ] app\api\discover\controller\Teacher->TeacherCont[ /www/wwwroot/kouzhiwen/application/api/discover/controller/Teacher.php ]
[ info ] [ LOG ] INIT File
[ sql ] [ DB ] CONNECT:[ UseTime:0.000380s ] mysql:dbname=kouzhiwen;host=127.0.0.1;port=3306;charset=utf8
[ sql ] [ SQL ] SHOW COLUMNS FROM `tpn_user` [ RunTime:0.000827s ]
[ sql ] [ SQL ] SELECT * FROM `tpn_user` WHERE  `logintoken` = '7c36756e7ce5d66f4f022fcf127d48bb' LIMIT 1 [ RunTime:0.000630s ]
[ sql ] [ SQL ] SHOW COLUMNS FROM `tpn_teacher_cont` [ RunTime:0.000641s ]
[ sql ] [ SQL ] SELECT COUNT(*) AS tp_count FROM `tpn_teacher_cont` WHERE  `teacher_id` = 580  AND `status` = 1 LIMIT 1 [ RunTime:0.000365s ]
[ sql ] [ SQL ] SELECT `id`,`name` FROM `tpn_teacher_cont` WHERE  `teacher_id` = 580  AND `status` = 1 ORDER BY add_time desc LIMIT 0,10 [ RunTime:0.000403s ]

---------------------------------------------------------------
[ 2019-04-12T19:01:21+08:00 ] 172.31.69.247 223.104.64.7 GET /discover/teacher/TeacherCont?OS=iOS&page=1&teacher_id=582&version=1.0.7
[ log ] api.kzwchina.com/discover/teacher/TeacherCont?OS=iOS&page=1&teacher_id=582&version=1.0.7 [运行时间：0.040391s][吞吐率：24.76req/s] [内存消耗：3,959.47kb] [文件加载：62]
[ info ] [ LANG ] /www/wwwroot/kouzhiwen/thinkphp/lang/zh-cn.php
[ info ] [ BIND ] 'api'
[ info ] [ ROUTE ] array (
  'type' => 'module',
  'module' => 
  array (
    0 => 'api',
    1 => 'discover',
    2 => 'teacher',
  ),
)
[ info ] [ HEADER ] array (
  'host' => 'api.kzwchina.com',
  'os' => 'iOS',
  'cookie' => 'PHPSESSID=n4ue8b6j4rdtu5c2n881qvn4c0',
  'connection' => 'keep-alive',
  'accept' => '*/*',
  'logintoken' => '7c36756e7ce5d66f4f022fcf127d48bb',
  'user-agent' => 'kouzhiwen/1.0.7 (iPhone; iOS 12.2; Scale/2.00)',
  'accept-language' => 'zh-Hans-CN;q=1',
  'version' => '1.0.7',
  'accept-encoding' => 'gzip, deflate',
)
[ info ] [ PARAM ] array (
  'OS' => 'iOS',
  'page' => '1',
  'teacher_id' => '582',
  'version' => '1.0.7',
)
[ info ] [ SESSION ] INIT array (
  'id' => '',
  'var_session_id' => '',
  'prefix' => 'think',
  'type' => '',
  'auto_start' => true,
)
[ info ] [ DB ] INIT mysql
[ info ] [ RUN ] app\api\discover\controller\Teacher->TeacherCont[ /www/wwwroot/kouzhiwen/application/api/discover/controller/Teacher.php ]
[ info ] [ LOG ] INIT File
[ sql ] [ DB ] CONNECT:[ UseTime:0.000365s ] mysql:dbname=kouzhiwen;host=127.0.0.1;port=3306;charset=utf8
[ sql ] [ SQL ] SHOW COLUMNS FROM `tpn_user` [ RunTime:0.000736s ]
[ sql ] [ SQL ] SELECT * FROM `tpn_user` WHERE  `logintoken` = '7c36756e7ce5d66f4f022fcf127d48bb' LIMIT 1 [ RunTime:0.000612s ]
[ sql ] [ SQL ] SHOW COLUMNS FROM `tpn_teacher_cont` [ RunTime:0.000620s ]
[ sql ] [ SQL ] SELECT COUNT(*) AS tp_count FROM `tpn_teacher_cont` WHERE  `teacher_id` = 582  AND `status` = 1 LIMIT 1 [ RunTime:0.000323s ]
[ sql ] [ SQL ] SELECT `id`,`name` FROM `tpn_teacher_cont` WHERE  `teacher_id` = 582  AND `status` = 1 ORDER BY add_time desc LIMIT 0,10 [ RunTime:0.000384s ]

---------------------------------------------------------------
[ 2019-04-12T19:01:21+08:00 ] 172.31.69.247 223.104.64.7 GET /discover/teacher/teacher_article?OS=iOS&page=1&teacher_id=582&version=1.0.7
[ log ] api.kzwchina.com/discover/teacher/teacher_article?OS=iOS&page=1&teacher_id=582&version=1.0.7 [运行时间：0.046860s][吞吐率：21.34req/s] [内存消耗：3,962.77kb] [文件加载：62]
[ info ] [ LANG ] /www/wwwroot/kouzhiwen/thinkphp/lang/zh-cn.php
[ info ] [ BIND ] 'api'
[ info ] [ ROUTE ] array (
  'type' => 'module',
  'module' => 
  array (
    0 => 'api',
    1 => 'discover',
    2 => 'teacher',
  ),
)
[ info ] [ HEADER ] array (
  'host' => 'api.kzwchina.com',
  'os' => 'iOS',
  'cookie' => 'PHPSESSID=n4ue8b6j4rdtu5c2n881qvn4c0',
  'connection' => 'keep-alive',
  'accept' => '*/*',
  'logintoken' => '7c36756e7ce5d66f4f022fcf127d48bb',
  'user-agent' => 'kouzhiwen/1.0.7 (iPhone; iOS 12.2; Scale/2.00)',
  'accept-language' => 'zh-Hans-CN;q=1',
  'version' => '1.0.7',
  'accept-encoding' => 'gzip, deflate',
)
[ info ] [ PARAM ] array (
  'OS' => 'iOS',
  'page' => '1',
  'teacher_id' => '582',
  'version' => '1.0.7',
)
[ info ] [ SESSION ] INIT array (
  'id' => '',
  'var_session_id' => '',
  'prefix' => 'think',
  'type' => '',
  'auto_start' => true,
)
[ info ] [ DB ] INIT mysql
[ info ] [ RUN ] app\api\discover\controller\Teacher->TeacherArticle[ /www/wwwroot/kouzhiwen/application/api/discover/controller/Teacher.php ]
[ info ] [ LOG ] INIT File
[ sql ] [ DB ] CONNECT:[ UseTime:0.000308s ] mysql:dbname=kouzhiwen;host=127.0.0.1;port=3306;charset=utf8
[ sql ] [ SQL ] SHOW COLUMNS FROM `tpn_user` [ RunTime:0.000670s ]
[ sql ] [ SQL ] SELECT * FROM `tpn_user` WHERE  `logintoken` = '7c36756e7ce5d66f4f022fcf127d48bb' LIMIT 1 [ RunTime:0.000665s ]
[ sql ] [ SQL ] SHOW COLUMNS FROM `tpn_teacher_article` [ RunTime:0.000582s ]
[ sql ] [ SQL ] SELECT COUNT(*) AS tp_count FROM `tpn_teacher_article` WHERE  `teacher_id` = 582  AND `class_id` = 0  AND `status` = 1 LIMIT 1 [ RunTime:0.000270s ]
[ sql ] [ SQL ] SELECT `id`,`name` FROM `tpn_teacher_article` WHERE  `teacher_id` = 582  AND `class_id` = 0  AND `status` = 1 ORDER BY add_time desc LIMIT 0,10 [ RunTime:0.000272s ]

---------------------------------------------------------------
[ 2019-04-12T19:01:25+08:00 ] 172.31.69.247 223.104.64.7 GET /
[ log ] api.kzwchina.com/ [运行时间：0.017335s][吞吐率：57.69req/s] [内存消耗：1,985.67kb] [文件加载：45]
[ info ] [ LANG ] /www/wwwroot/kouzhiwen/thinkphp/lang/zh-cn.php
[ info ] [ BIND ] 'api'
[ info ] [ ROUTE ] array (
  'type' => 'module',
  'module' => 
  array (
    0 => 'api',
    1 => NULL,
    2 => NULL,
  ),
)
[ info ] [ HEADER ] array (
  'host' => 'api.kzwchina.com',
  'accept' => '*/*',
  'cookie' => 'PHPSESSID=n4ue8b6j4rdtu5c2n881qvn4c0',
  'user-agent' => 'kouzhiwen/1.0.0 CFNetwork/978.0.7 Darwin/18.5.0',
  'accept-language' => 'zh-cn',
  'accept-encoding' => 'gzip, deflate',
  'connection' => 'keep-alive',
)
[ info ] [ PARAM ] array (
)
[ info ] [ LOG ] INIT File
[ error ] [8]未定义数组索引: PATH_INFO[/www/wwwroot/kouzhiwen/thinkphp/library/think/Route.php:1548]
[ error ] [8]未定义数组索引: PATH_INFO[/www/wwwroot/kouzhiwen/thinkphp/library/think/App.php:328]
[ error ] [8]未定义数组索引: PATH_INFO[/www/wwwroot/kouzhiwen/thinkphp/library/think/Request.php:1408]
[ error ] [8]未定义数组下标: 1[/www/wwwroot/kouzhiwen/thinkphp/library/think/App.php:380]
[ error ] [8]未定义数组下标: 2[/www/wwwroot/kouzhiwen/thinkphp/library/think/App.php:382]
[ error ] [8]未定义数组下标: 2[/www/wwwroot/kouzhiwen/thinkphp/library/think/App.php:386]
[ error ] [8]未定义数组下标: 3[/www/wwwroot/kouzhiwen/thinkphp/library/think/App.php:387]
[ error ] [8]未定义数组索引: PATH_INFO[/www/wwwroot/kouzhiwen/thinkphp/library/think/Request.php:1408]

---------------------------------------------------------------
