[ 2019-02-08T10:00:01+08:00 ] 172.31.69.247 47.105.58.152 GET /root/Task/index.html?type=2
[ log ] admin.kzwchina.com/root/Task/index.html?type=2 [运行时间：0.017519s][吞吐率：57.08req/s] [内存消耗：2,440.62kb] [文件加载：48]
[ info ] [ LANG ] /www/wwwroot/kouzhiwen/thinkphp/lang/zh-cn.php
[ info ] [ BIND ] 'admin'
[ info ] [ ROUTE ] array (
  'type' => 'module',
  'module' => 
  array (
    0 => 'admin',
    1 => 'root',
    2 => 'Task',
  ),
)
[ info ] [ HEADER ] array (
  'user-agent' => 'curl/7.29.0',
  'host' => 'admin.kzwchina.com',
  'accept' => '*/*',
)
[ info ] [ PARAM ] array (
  'type' => '2',
)
[ info ] [ SESSION ] INIT array (
  'id' => '',
  'var_session_id' => '',
  'prefix' => 'think',
  'type' => '',
  'auto_start' => true,
)
[ info ] [ LOG ] INIT File

---------------------------------------------------------------
[ 2019-02-08T11:55:03+08:00 ] 172.31.69.247 101.132.131.7 GET /
[ log ] api.kzwchina.com/ [运行时间：0.016758s][吞吐率：59.67req/s] [内存消耗：1,983.02kb] [文件加载：45]
[ info ] [ LANG ] /www/wwwroot/kouzhiwen/thinkphp/lang/zh-cn.php
[ info ] [ BIND ] 'api'
[ info ] [ ROUTE ] array (
  'type' => 'module',
  'module' => 
  array (
    0 => 'api',
    1 => NULL,
    2 => NULL,
  ),
)
[ info ] [ HEADER ] array (
  'user-agent' => 'Mozilla/5.0 (Linux; Android 4.1.1; Nexus 7 Build/JRO03D))',
  'host' => 'api.kzwchina.com',
  'accept' => 'text/html, image/gif, image/jpeg, *; q=.2, */*; q=.2',
  'connection' => 'keep-alive',
)
[ info ] [ PARAM ] array (
)
[ info ] [ LOG ] INIT File
[ error ] [8]未定义数组索引: PATH_INFO[/www/wwwroot/kouzhiwen/thinkphp/library/think/Route.php:1548]
[ error ] [8]未定义数组索引: PATH_INFO[/www/wwwroot/kouzhiwen/thinkphp/library/think/App.php:328]
[ error ] [8]未定义数组索引: PATH_INFO[/www/wwwroot/kouzhiwen/thinkphp/library/think/Request.php:1408]
[ error ] [8]未定义数组下标: 1[/www/wwwroot/kouzhiwen/thinkphp/library/think/App.php:380]
[ error ] [8]未定义数组下标: 2[/www/wwwroot/kouzhiwen/thinkphp/library/think/App.php:382]
[ error ] [8]未定义数组下标: 2[/www/wwwroot/kouzhiwen/thinkphp/library/think/App.php:386]
[ error ] [8]未定义数组下标: 3[/www/wwwroot/kouzhiwen/thinkphp/library/think/App.php:387]
[ error ] [8]未定义数组索引: PATH_INFO[/www/wwwroot/kouzhiwen/thinkphp/library/think/Request.php:1408]

---------------------------------------------------------------
[ 2019-02-08T15:00:01+08:00 ] 172.31.69.247 47.105.58.152 GET /root/Task/index.html?type=1
[ log ] admin.kzwchina.com/root/Task/index.html?type=1 [运行时间：0.018171s][吞吐率：55.03req/s] [内存消耗：2,440.63kb] [文件加载：48]
[ info ] [ LANG ] /www/wwwroot/kouzhiwen/thinkphp/lang/zh-cn.php
[ info ] [ BIND ] 'admin'
[ info ] [ ROUTE ] array (
  'type' => 'module',
  'module' => 
  array (
    0 => 'admin',
    1 => 'root',
    2 => 'Task',
  ),
)
[ info ] [ HEADER ] array (
  'user-agent' => 'curl/7.29.0',
  'host' => 'admin.kzwchina.com',
  'accept' => '*/*',
)
[ info ] [ PARAM ] array (
  'type' => '1',
)
[ info ] [ SESSION ] INIT array (
  'id' => '',
  'var_session_id' => '',
  'prefix' => 'think',
  'type' => '',
  'auto_start' => true,
)
[ info ] [ LOG ] INIT File

---------------------------------------------------------------
