[ 2019-06-02T04:31:26+08:00 ] 172.31.69.247 183.136.190.40 GET /
[ log ] admin.kzwchina.com/ [运行时间：0.017954s][吞吐率：55.70req/s] [内存消耗：2,485.32kb] [文件加载：51]
[ info ] [ LANG ] /www/wwwroot/kouzhiwen/thinkphp/lang/zh-cn.php
[ info ] [ BIND ] 'admin'
[ info ] [ ROUTE ] array (
  'type' => 'module',
  'module' => 
  array (
    0 => 'admin',
    1 => NULL,
    2 => NULL,
  ),
)
[ info ] [ HEADER ] array (
  'host' => 'admin.kzwchina.com',
  'user-agent' => 'Mozilla/5.0 (Windows NT 6.1) AppleWebKit/537.36 (KHTML, like Gecko) Chrome/35.0.1916.153 Safari/537.36',
  'accept' => 'text/html,application/xhtml+xml,application/xml;q=0.9,image/webp,*/*;q=0.8',
  'accept-encoding' => '',
  'accept-language' => 'zh-CN,zh;q=0.8',
  'cache-control' => 'max-age=0',
  'connection' => 'close',
)
[ info ] [ PARAM ] array (
)
[ info ] [ SESSION ] INIT array (
  'id' => '',
  'var_session_id' => '',
  'prefix' => 'think',
  'type' => '',
  'auto_start' => true,
)
[ info ] [ LOG ] INIT File
[ error ] [8]未定义数组索引: PATH_INFO[/www/wwwroot/kouzhiwen/thinkphp/library/think/Route.php:1548]
[ error ] [8]未定义数组索引: PATH_INFO[/www/wwwroot/kouzhiwen/thinkphp/library/think/App.php:328]
[ error ] [8]未定义数组索引: PATH_INFO[/www/wwwroot/kouzhiwen/thinkphp/library/think/Request.php:1408]
[ error ] [8]未定义数组下标: 1[/www/wwwroot/kouzhiwen/thinkphp/library/think/App.php:380]
[ error ] [8]未定义数组下标: 2[/www/wwwroot/kouzhiwen/thinkphp/library/think/App.php:382]
[ error ] [8]未定义数组下标: 2[/www/wwwroot/kouzhiwen/thinkphp/library/think/App.php:386]
[ error ] [8]未定义数组下标: 3[/www/wwwroot/kouzhiwen/thinkphp/library/think/App.php:387]
[ error ] [8]未定义数组索引: PATH_INFO[/www/wwwroot/kouzhiwen/thinkphp/library/think/Request.php:1408]
[ error ] [8]未定义数组索引: PATH_INFO[/www/wwwroot/kouzhiwen/thinkphp/library/think/Request.php:1408]
[ error ] [8]未定义数组索引: PATH_INFO[/www/wwwroot/kouzhiwen/thinkphp/library/think/Request.php:1408]

---------------------------------------------------------------
[ 2019-06-02T09:53:18+08:00 ] 172.31.69.247 52.209.71.50 GET /discover/article/classify
[ log ] api.kzwchina.com/discover/article/classify [运行时间：0.025016s][吞吐率：39.97req/s] [内存消耗：2,341.26kb] [文件加载：47]
[ info ] [ LANG ] /www/wwwroot/kouzhiwen/thinkphp/lang/zh-cn.php
[ info ] [ BIND ] 'api'
[ info ] [ ROUTE ] array (
  'type' => 'module',
  'module' => 
  array (
    0 => 'api',
    1 => 'discover',
    2 => 'article',
  ),
)
[ info ] [ HEADER ] array (
  'connection' => 'keep-alive',
  'user-agent' => 'Android',
  'host' => 'api.kzwchina.com',
  'accept-encoding' => 'gzip',
  'content-type' => 'application/x-www-form-urlencoded; charset=UTF-8',
)
[ info ] [ PARAM ] array (
)
[ info ] [ SESSION ] INIT array (
  'id' => '',
  'var_session_id' => '',
  'prefix' => 'think',
  'type' => '',
  'auto_start' => true,
)
[ info ] [ LOG ] INIT File

---------------------------------------------------------------
[ 2019-06-02T09:53:18+08:00 ] 172.31.69.247 52.209.71.50 GET /common/user/notice_count
[ log ] api.kzwchina.com/common/user/notice_count [运行时间：0.026326s][吞吐率：37.99req/s] [内存消耗：2,480.81kb] [文件加载：47]
[ info ] [ LANG ] /www/wwwroot/kouzhiwen/thinkphp/lang/zh-cn.php
[ info ] [ BIND ] 'api'
[ info ] [ ROUTE ] array (
  'type' => 'module',
  'module' => 
  array (
    0 => 'api',
    1 => 'common',
    2 => 'user',
  ),
)
[ info ] [ HEADER ] array (
  'connection' => 'keep-alive',
  'user-agent' => 'Android',
  'host' => 'api.kzwchina.com',
  'accept-encoding' => 'gzip',
  'content-type' => 'application/x-www-form-urlencoded; charset=UTF-8',
)
[ info ] [ PARAM ] array (
)
[ info ] [ SESSION ] INIT array (
  'id' => '',
  'var_session_id' => '',
  'prefix' => 'think',
  'type' => '',
  'auto_start' => true,
)
[ info ] [ LOG ] INIT File

---------------------------------------------------------------
[ 2019-06-02T10:00:02+08:00 ] 172.31.69.247 47.105.58.152 GET /root/Task/index.html?type=2
[ log ] admin.kzwchina.com/root/Task/index.html?type=2 [运行时间：0.018086s][吞吐率：55.29req/s] [内存消耗：2,446.90kb] [文件加载：48]
[ info ] [ LANG ] /www/wwwroot/kouzhiwen/thinkphp/lang/zh-cn.php
[ info ] [ BIND ] 'admin'
[ info ] [ ROUTE ] array (
  'type' => 'module',
  'module' => 
  array (
    0 => 'admin',
    1 => 'root',
    2 => 'Task',
  ),
)
[ info ] [ HEADER ] array (
  'user-agent' => 'curl/7.29.0',
  'host' => 'admin.kzwchina.com',
  'accept' => '*/*',
)
[ info ] [ PARAM ] array (
  'type' => '2',
)
[ info ] [ SESSION ] INIT array (
  'id' => '',
  'var_session_id' => '',
  'prefix' => 'think',
  'type' => '',
  'auto_start' => true,
)
[ info ] [ LOG ] INIT File

---------------------------------------------------------------
[ 2019-06-02T10:05:16+08:00 ] 172.31.69.247 81.161.59.17 GET /discover/article/classify
[ log ] api.kzwchina.com/discover/article/classify [运行时间：0.020239s][吞吐率：49.41req/s] [内存消耗：2,340.71kb] [文件加载：47]
[ info ] [ LANG ] /www/wwwroot/kouzhiwen/thinkphp/lang/zh-cn.php
[ info ] [ BIND ] 'api'
[ info ] [ ROUTE ] array (
  'type' => 'module',
  'module' => 
  array (
    0 => 'api',
    1 => 'discover',
    2 => 'article',
  ),
)
[ info ] [ HEADER ] array (
  'accept-encoding' => 'identity',
  'host' => 'api.kzwchina.com',
  'user-agent' => 'Mozilla/5.0 (Android)',
  'connection' => 'close',
)
[ info ] [ PARAM ] array (
)
[ info ] [ SESSION ] INIT array (
  'id' => '',
  'var_session_id' => '',
  'prefix' => 'think',
  'type' => '',
  'auto_start' => true,
)
[ info ] [ LOG ] INIT File

---------------------------------------------------------------
[ 2019-06-02T10:05:16+08:00 ] 172.31.69.247 81.161.59.17 GET /common/user/notice_count
[ log ] api.kzwchina.com/common/user/notice_count [运行时间：0.020385s][吞吐率：49.06req/s] [内存消耗：2,480.59kb] [文件加载：47]
[ info ] [ LANG ] /www/wwwroot/kouzhiwen/thinkphp/lang/zh-cn.php
[ info ] [ BIND ] 'api'
[ info ] [ ROUTE ] array (
  'type' => 'module',
  'module' => 
  array (
    0 => 'api',
    1 => 'common',
    2 => 'user',
  ),
)
[ info ] [ HEADER ] array (
  'accept-encoding' => 'identity',
  'host' => 'api.kzwchina.com',
  'user-agent' => 'Mozilla/5.0 (Android)',
  'connection' => 'close',
)
[ info ] [ PARAM ] array (
)
[ info ] [ SESSION ] INIT array (
  'id' => '',
  'var_session_id' => '',
  'prefix' => 'think',
  'type' => '',
  'auto_start' => true,
)
[ info ] [ LOG ] INIT File

---------------------------------------------------------------
[ 2019-06-02T12:28:59+08:00 ] 172.31.69.247 117.75.19.83 GET /common/user/my_info
[ log ] api.kzwchina.com/common/user/my_info [运行时间：0.111684s][吞吐率：8.95req/s] [内存消耗：5,163.38kb] [文件加载：62]
[ info ] [ LANG ] /www/wwwroot/kouzhiwen/thinkphp/lang/zh-cn.php
[ info ] [ BIND ] 'api'
[ info ] [ ROUTE ] array (
  'type' => 'module',
  'module' => 
  array (
    0 => 'api',
    1 => 'common',
    2 => 'user',
  ),
)
[ info ] [ HEADER ] array (
  'host' => 'api.kzwchina.com',
  'connection' => 'close',
  'user-agent' => 'Android',
  'logintoken' => '7688dfdad5c5b053f5b4a1f7d8ce8f4d',
  'content-type' => 'application/x-www-form-urlencoded; charset=UTF-8',
)
[ info ] [ PARAM ] array (
)
[ info ] [ SESSION ] INIT array (
  'id' => '',
  'var_session_id' => '',
  'prefix' => 'think',
  'type' => '',
  'auto_start' => true,
)
[ info ] [ DB ] INIT mysql
[ info ] [ RUN ] app\api\common\controller\User->myInfo[ /www/wwwroot/kouzhiwen/application/api/common/controller/User.php ]
[ info ] [ LOG ] INIT File
[ sql ] [ DB ] CONNECT:[ UseTime:0.000411s ] mysql:dbname=kouzhiwen;host=127.0.0.1;port=3306;charset=utf8
[ sql ] [ SQL ] SHOW COLUMNS FROM `tpn_user` [ RunTime:0.000846s ]
[ sql ] [ SQL ] SELECT * FROM `tpn_user` WHERE  `logintoken` = '7688dfdad5c5b053f5b4a1f7d8ce8f4d' LIMIT 1 [ RunTime:0.000609s ]
[ sql ] [ SQL ] SHOW COLUMNS FROM `tpn_regions` [ RunTime:0.000483s ]
[ sql ] [ SQL ] SELECT * FROM `tpn_regions` [ RunTime:0.002971s ]

---------------------------------------------------------------
[ 2019-06-02T12:28:59+08:00 ] 172.31.69.247 117.75.19.83 GET /common/user/notice_count
[ log ] api.kzwchina.com/common/user/notice_count [运行时间：0.041633s][吞吐率：24.02req/s] [内存消耗：3,985.02kb] [文件加载：60]
[ info ] [ LANG ] /www/wwwroot/kouzhiwen/thinkphp/lang/zh-cn.php
[ info ] [ BIND ] 'api'
[ info ] [ ROUTE ] array (
  'type' => 'module',
  'module' => 
  array (
    0 => 'api',
    1 => 'common',
    2 => 'user',
  ),
)
[ info ] [ HEADER ] array (
  'host' => 'api.kzwchina.com',
  'connection' => 'close',
  'user-agent' => 'Android',
  'logintoken' => '7688dfdad5c5b053f5b4a1f7d8ce8f4d',
  'content-type' => 'application/x-www-form-urlencoded; charset=UTF-8',
)
[ info ] [ PARAM ] array (
)
[ info ] [ SESSION ] INIT array (
  'id' => '',
  'var_session_id' => '',
  'prefix' => 'think',
  'type' => '',
  'auto_start' => true,
)
[ info ] [ DB ] INIT mysql
[ info ] [ RUN ] app\api\common\controller\User->NoticeCount[ /www/wwwroot/kouzhiwen/application/api/common/controller/User.php ]
[ info ] [ LOG ] INIT File
[ sql ] [ DB ] CONNECT:[ UseTime:0.000432s ] mysql:dbname=kouzhiwen;host=127.0.0.1;port=3306;charset=utf8
[ sql ] [ SQL ] SHOW COLUMNS FROM `tpn_user` [ RunTime:0.001037s ]
[ sql ] [ SQL ] SELECT * FROM `tpn_user` WHERE  `logintoken` = '7688dfdad5c5b053f5b4a1f7d8ce8f4d' LIMIT 1 [ RunTime:0.000674s ]
[ sql ] [ SQL ] SHOW COLUMNS FROM `tpn_user_notice` [ RunTime:0.000589s ]
[ sql ] [ SQL ] SELECT COUNT(*) AS tp_count FROM `tpn_user_notice` WHERE  `uid` = 274  AND `reading` = 0 LIMIT 1 [ RunTime:0.000353s ]

---------------------------------------------------------------
[ 2019-06-02T12:29:00+08:00 ] 172.31.69.247 117.75.19.83 GET /common/home/index?enterprise_id=13
[ log ] api.kzwchina.com/common/home/index?enterprise_id=13 [运行时间：0.053955s][吞吐率：18.53req/s] [内存消耗：4,374.22kb] [文件加载：70]
[ info ] [ LANG ] /www/wwwroot/kouzhiwen/thinkphp/lang/zh-cn.php
[ info ] [ BIND ] 'api'
[ info ] [ ROUTE ] array (
  'type' => 'module',
  'module' => 
  array (
    0 => 'api',
    1 => 'common',
    2 => 'home',
  ),
)
[ info ] [ HEADER ] array (
  'host' => 'api.kzwchina.com',
  'connection' => 'close',
  'user-agent' => 'Android',
  'logintoken' => '7688dfdad5c5b053f5b4a1f7d8ce8f4d',
  'content-type' => 'application/x-www-form-urlencoded; charset=UTF-8',
)
[ info ] [ PARAM ] array (
  'enterprise_id' => '13',
)
[ info ] [ SESSION ] INIT array (
  'id' => '',
  'var_session_id' => '',
  'prefix' => 'think',
  'type' => '',
  'auto_start' => true,
)
[ info ] [ DB ] INIT mysql
[ info ] [ RUN ] app\api\common\controller\Home->index[ /www/wwwroot/kouzhiwen/application/api/common/controller/Home.php ]
[ info ] [ LOG ] INIT File
[ sql ] [ DB ] CONNECT:[ UseTime:0.000319s ] mysql:dbname=kouzhiwen;host=127.0.0.1;port=3306;charset=utf8
[ sql ] [ SQL ] SHOW COLUMNS FROM `tpn_user` [ RunTime:0.000644s ]
[ sql ] [ SQL ] SELECT * FROM `tpn_user` WHERE  `logintoken` = '7688dfdad5c5b053f5b4a1f7d8ce8f4d' LIMIT 1 [ RunTime:0.000507s ]
[ sql ] [ SQL ] SHOW COLUMNS FROM `tpn_enterprise` [ RunTime:0.000654s ]
[ sql ] [ SQL ] SELECT * FROM `tpn_enterprise` WHERE  `id` = 13 LIMIT 1 [ RunTime:0.000310s ]
[ sql ] [ SQL ] SHOW COLUMNS FROM `tpn_banner` [ RunTime:0.000487s ]
[ sql ] [ SQL ] SELECT `pid`,`mold`,`type`,`img_url` FROM `tpn_banner` WHERE  `enterprise_id` = 13  AND `type` = 1  AND `status` = 1 ORDER BY add_time desc LIMIT 0,4 [ RunTime:0.000296s ]
[ sql ] [ SQL ] SHOW COLUMNS FROM `tpn_class` [ RunTime:0.000576s ]
[ sql ] [ SQL ] SELECT * FROM `tpn_class` WHERE  `id` = 130 LIMIT 1 [ RunTime:0.000264s ]
[ sql ] [ SQL ] SHOW COLUMNS FROM `tpn_class_user` [ RunTime:0.000483s ]
[ sql ] [ SQL ] SELECT * FROM `tpn_class_user` WHERE  `uid` = 274  AND `class_id` = 130 LIMIT 1 [ RunTime:0.000437s ]
[ sql ] [ SQL ] SHOW COLUMNS FROM `tpn_course` [ RunTime:0.000605s ]
[ sql ] [ SQL ] SELECT `c`.`id`,`c`.`title`,`c`.`photo`,`c`.`reading`,`c`.`look_num`,`t`.`name`,`c`.`price` FROM `tpn_course` `c` LEFT JOIN `tpn_teacher` `t` ON `c`.`teacher_id`=`t`.`id` WHERE  `c`.`enterprise_id` = '13'  AND `c`.`type` = 3  AND `c`.`scene` = 1 ORDER BY c.is_recommend desc,c.created_at desc LIMIT 0,4 [ RunTime:0.000325s ]
[ sql ] [ SQL ] SHOW COLUMNS FROM `tpn_teacher` [ RunTime:0.000653s ]
[ sql ] [ SQL ] SELECT `id`,`name`,`title`,`photo` FROM `tpn_teacher` WHERE  `enterprise_id` = 13  AND `status` = 1  AND `is_xszd` = 0  AND `identity` LIKE '%3%' ORDER BY is_recommend desc,updated_at desc LIMIT 0,4 [ RunTime:0.001271s ]
[ sql ] [ SQL ] SHOW COLUMNS FROM `tpn_information` [ RunTime:0.000453s ]
[ sql ] [ SQL ] SELECT `id`,`cover_img`,`name`,`add_time`,`comment_num`,`pv` FROM `tpn_information` WHERE  `enterprise_id` = 13 ORDER BY `is_recommend`  desc,`add_time`  desc LIMIT 0,2 [ RunTime:0.000281s ]

---------------------------------------------------------------
[ 2019-06-02T12:29:00+08:00 ] 172.31.69.247 117.75.19.83 GET /common/study/getclasstime?id=130
[ log ] api.kzwchina.com/common/study/getclasstime?id=130 [运行时间：0.041881s][吞吐率：23.88req/s] [内存消耗：3,999.77kb] [文件加载：60]
[ info ] [ LANG ] /www/wwwroot/kouzhiwen/thinkphp/lang/zh-cn.php
[ info ] [ BIND ] 'api'
[ info ] [ ROUTE ] array (
  'type' => 'module',
  'module' => 
  array (
    0 => 'api',
    1 => 'common',
    2 => 'study',
  ),
)
[ info ] [ HEADER ] array (
  'host' => 'api.kzwchina.com',
  'connection' => 'close',
  'user-agent' => 'Android',
  'logintoken' => '7688dfdad5c5b053f5b4a1f7d8ce8f4d',
  'content-type' => 'application/x-www-form-urlencoded; charset=UTF-8',
)
[ info ] [ PARAM ] array (
  'id' => '130',
)
[ info ] [ SESSION ] INIT array (
  'id' => '',
  'var_session_id' => '',
  'prefix' => 'think',
  'type' => '',
  'auto_start' => true,
)
[ info ] [ DB ] INIT mysql
[ info ] [ RUN ] app\api\common\controller\Study->getclasstime[ /www/wwwroot/kouzhiwen/application/api/common/controller/Study.php ]
[ info ] [ LOG ] INIT File
[ sql ] [ DB ] CONNECT:[ UseTime:0.000411s ] mysql:dbname=kouzhiwen;host=127.0.0.1;port=3306;charset=utf8
[ sql ] [ SQL ] SHOW COLUMNS FROM `tpn_user` [ RunTime:0.001059s ]
[ sql ] [ SQL ] SELECT * FROM `tpn_user` WHERE  `logintoken` = '7688dfdad5c5b053f5b4a1f7d8ce8f4d' LIMIT 1 [ RunTime:0.000685s ]
[ sql ] [ SQL ] SHOW COLUMNS FROM `tpn_class` [ RunTime:0.000667s ]
[ sql ] [ SQL ] SELECT * FROM `tpn_class` WHERE  `id` = 130 LIMIT 1 [ RunTime:0.000361s ]

---------------------------------------------------------------
[ 2019-06-02T12:29:00+08:00 ] 172.31.69.247 117.75.19.83 GET /common/study/class_course_list?id=130
[ log ] api.kzwchina.com/common/study/class_course_list?id=130 [运行时间：0.074349s][吞吐率：13.45req/s] [内存消耗：4,481.68kb] [文件加载：70]
[ info ] [ LANG ] /www/wwwroot/kouzhiwen/thinkphp/lang/zh-cn.php
[ info ] [ BIND ] 'api'
[ info ] [ ROUTE ] array (
  'type' => 'module',
  'module' => 
  array (
    0 => 'api',
    1 => 'common',
    2 => 'study',
  ),
)
[ info ] [ HEADER ] array (
  'host' => 'api.kzwchina.com',
  'connection' => 'close',
  'user-agent' => 'Android',
  'logintoken' => '7688dfdad5c5b053f5b4a1f7d8ce8f4d',
  'content-type' => 'application/x-www-form-urlencoded; charset=UTF-8',
)
[ info ] [ PARAM ] array (
  'id' => '130',
)
[ info ] [ SESSION ] INIT array (
  'id' => '',
  'var_session_id' => '',
  'prefix' => 'think',
  'type' => '',
  'auto_start' => true,
)
[ info ] [ DB ] INIT mysql
[ info ] [ RUN ] app\api\common\controller\Study->ClassCourseList[ /www/wwwroot/kouzhiwen/application/api/common/controller/Study.php ]
[ info ] [ LOG ] INIT File
[ sql ] [ DB ] CONNECT:[ UseTime:0.000304s ] mysql:dbname=kouzhiwen;host=127.0.0.1;port=3306;charset=utf8
[ sql ] [ SQL ] SHOW COLUMNS FROM `tpn_user` [ RunTime:0.000770s ]
[ sql ] [ SQL ] SELECT * FROM `tpn_user` WHERE  `logintoken` = '7688dfdad5c5b053f5b4a1f7d8ce8f4d' LIMIT 1 [ RunTime:0.000638s ]
[ sql ] [ SQL ] SHOW COLUMNS FROM `tpn_class_user` [ RunTime:0.000502s ]
[ sql ] [ SQL ] SELECT * FROM `tpn_class_user` WHERE  `class_id` = 130  AND `uid` = 274 LIMIT 1 [ RunTime:0.000462s ]
[ sql ] [ SQL ] SHOW COLUMNS FROM `tpn_class` [ RunTime:0.000556s ]
[ sql ] [ SQL ] SELECT * FROM `tpn_class` WHERE  `id` = 130 LIMIT 1 [ RunTime:0.000266s ]
[ sql ] [ SQL ] SHOW COLUMNS FROM `tpn_sign` [ RunTime:0.000457s ]
[ sql ] [ SQL ] SELECT * FROM `tpn_sign` WHERE  `class_id` = 130  AND `uid` = 274  AND `date` = '2019-06-02' LIMIT 1 [ RunTime:0.000309s ]
[ sql ] [ SQL ] SELECT COUNT(*) AS tp_count FROM `tpn_sign` WHERE  `class_id` = 130  AND `date` = '2019-06-02' LIMIT 1 [ RunTime:0.000288s ]
[ sql ] [ SQL ] SHOW COLUMNS FROM `tpn_class_course` [ RunTime:0.000532s ]
[ sql ] [ SQL ] SELECT `c`.`id`,`c`.`title`,`c`.`photo`,`c`.`reading`,`c`.`status` FROM `tpn_class_course` `c` WHERE  `c`.`class_id` = '130' ORDER BY `c`.`sort`  desc [ RunTime:0.000575s ]
[ sql ] [ SQL ] SHOW COLUMNS FROM `tpn_ctype` [ RunTime:0.000456s ]
[ sql ] [ SQL ] SELECT * FROM `tpn_ctype` WHERE  `cid` = 311  AND `uid` = 274 LIMIT 1 [ RunTime:0.000557s ]
[ sql ] [ SQL ] SELECT * FROM `tpn_ctype` WHERE  `cid` = 307  AND `uid` = 274 LIMIT 1 [ RunTime:0.000604s ]
[ sql ] [ SQL ] SELECT * FROM `tpn_ctype` WHERE  `cid` = 327  AND `uid` = 274 LIMIT 1 [ RunTime:0.000602s ]
[ sql ] [ SQL ] SELECT * FROM `tpn_ctype` WHERE  `cid` = 312  AND `uid` = 274 LIMIT 1 [ RunTime:0.000583s ]
[ sql ] [ SQL ] SELECT * FROM `tpn_ctype` WHERE  `cid` = 304  AND `uid` = 274 LIMIT 1 [ RunTime:0.000592s ]
[ sql ] [ SQL ] SELECT * FROM `tpn_ctype` WHERE  `cid` = 313  AND `uid` = 274 LIMIT 1 [ RunTime:0.000580s ]
[ sql ] [ SQL ] SELECT * FROM `tpn_ctype` WHERE  `cid` = 306  AND `uid` = 274 LIMIT 1 [ RunTime:0.000588s ]
[ sql ] [ SQL ] SELECT * FROM `tpn_ctype` WHERE  `cid` = 305  AND `uid` = 274 LIMIT 1 [ RunTime:0.000593s ]
[ sql ] [ SQL ] SELECT * FROM `tpn_ctype` WHERE  `cid` = 316  AND `uid` = 274 LIMIT 1 [ RunTime:0.000589s ]
[ sql ] [ SQL ] SELECT * FROM `tpn_ctype` WHERE  `cid` = 317  AND `uid` = 274 LIMIT 1 [ RunTime:0.000581s ]
[ sql ] [ SQL ] SELECT * FROM `tpn_ctype` WHERE  `cid` = 303  AND `uid` = 274 LIMIT 1 [ RunTime:0.000571s ]
[ sql ] [ SQL ] SELECT * FROM `tpn_ctype` WHERE  `cid` = 323  AND `uid` = 274 LIMIT 1 [ RunTime:0.000585s ]
[ sql ] [ SQL ] SELECT * FROM `tpn_ctype` WHERE  `cid` = 329  AND `uid` = 274 LIMIT 1 [ RunTime:0.000586s ]
[ sql ] [ SQL ] SELECT * FROM `tpn_ctype` WHERE  `cid` = 326  AND `uid` = 274 LIMIT 1 [ RunTime:0.000590s ]
[ sql ] [ SQL ] SELECT * FROM `tpn_ctype` WHERE  `cid` = 325  AND `uid` = 274 LIMIT 1 [ RunTime:0.000577s ]
[ sql ] [ SQL ] SELECT * FROM `tpn_ctype` WHERE  `cid` = 422  AND `uid` = 274 LIMIT 1 [ RunTime:0.000572s ]
[ sql ] [ SQL ] SHOW COLUMNS FROM `tpn_teacher_article` [ RunTime:0.000529s ]
[ sql ] [ SQL ] SELECT `id`,`name`,`cover_img` FROM `tpn_teacher_article` WHERE  `class_id` = 130  AND `status` = 1 ORDER BY add_time desc LIMIT 0,4 [ RunTime:0.000240s ]
[ sql ] [ SQL ] SELECT `u`.`uid`,`u`.`face`,(select SUM(blue+purple+green+orange+red) from `tpn_user_ranking` `r` where `date`='2019' and `r`.`uid`=`c`.`uid`) ranking_num FROM `tpn_class_user` `c` LEFT JOIN `tpn_user` `u` ON `u`.`uid`=`c`.`uid` WHERE  `c`.`class_id` = '130' ORDER BY ranking_num desc LIMIT 0,10 [ RunTime:0.001281s ]
[ sql ] [ SQL ] SHOW COLUMNS FROM `tpn_user_ranking` [ RunTime:0.000438s ]
[ sql ] [ SQL ] SELECT `blue`,`purple`,`green`,`orange`,`red` FROM `tpn_user_ranking` WHERE  `uid` = 600 ORDER BY date desc [ RunTime:0.000257s ]
[ sql ] [ SQL ] SELECT `blue`,`purple`,`green`,`orange`,`red` FROM `tpn_user_ranking` WHERE  `uid` IS NULL ORDER BY date desc [ RunTime:0.000197s ]
[ sql ] [ SQL ] SELECT `blue`,`purple`,`green`,`orange`,`red` FROM `tpn_user_ranking` WHERE  `uid` = 280 ORDER BY date desc [ RunTime:0.000210s ]
[ sql ] [ SQL ] SELECT `blue`,`purple`,`green`,`orange`,`red` FROM `tpn_user_ranking` WHERE  `uid` = 185 ORDER BY date desc [ RunTime:0.000218s ]
[ sql ] [ SQL ] SELECT `blue`,`purple`,`green`,`orange`,`red` FROM `tpn_user_ranking` WHERE  `uid` = 264 ORDER BY date desc [ RunTime:0.000207s ]
[ sql ] [ SQL ] SELECT `blue`,`purple`,`green`,`orange`,`red` FROM `tpn_user_ranking` WHERE  `uid` = 201 ORDER BY date desc [ RunTime:0.000204s ]
[ sql ] [ SQL ] SELECT `blue`,`purple`,`green`,`orange`,`red` FROM `tpn_user_ranking` WHERE  `uid` = 278 ORDER BY date desc [ RunTime:0.000224s ]
[ sql ] [ SQL ] SELECT `blue`,`purple`,`green`,`orange`,`red` FROM `tpn_user_ranking` WHERE  `uid` = 257 ORDER BY date desc [ RunTime:0.000201s ]
[ sql ] [ SQL ] SELECT `blue`,`purple`,`green`,`orange`,`red` FROM `tpn_user_ranking` WHERE  `uid` = 245 ORDER BY date desc [ RunTime:0.000214s ]
[ sql ] [ SQL ] SELECT `blue`,`purple`,`green`,`orange`,`red` FROM `tpn_user_ranking` WHERE  `uid` = 270 ORDER BY date desc [ RunTime:0.000214s ]

---------------------------------------------------------------
[ 2019-06-02T12:29:01+08:00 ] 172.31.69.247 117.75.19.83 GET /common/study/getclasstime?id=130
[ log ] api.kzwchina.com/common/study/getclasstime?id=130 [运行时间：0.042008s][吞吐率：23.81req/s] [内存消耗：3,999.77kb] [文件加载：60]
[ info ] [ LANG ] /www/wwwroot/kouzhiwen/thinkphp/lang/zh-cn.php
[ info ] [ BIND ] 'api'
[ info ] [ ROUTE ] array (
  'type' => 'module',
  'module' => 
  array (
    0 => 'api',
    1 => 'common',
    2 => 'study',
  ),
)
[ info ] [ HEADER ] array (
  'host' => 'api.kzwchina.com',
  'connection' => 'close',
  'user-agent' => 'Android',
  'logintoken' => '7688dfdad5c5b053f5b4a1f7d8ce8f4d',
  'content-type' => 'application/x-www-form-urlencoded; charset=UTF-8',
)
[ info ] [ PARAM ] array (
  'id' => '130',
)
[ info ] [ SESSION ] INIT array (
  'id' => '',
  'var_session_id' => '',
  'prefix' => 'think',
  'type' => '',
  'auto_start' => true,
)
[ info ] [ DB ] INIT mysql
[ info ] [ RUN ] app\api\common\controller\Study->getclasstime[ /www/wwwroot/kouzhiwen/application/api/common/controller/Study.php ]
[ info ] [ LOG ] INIT File
[ sql ] [ DB ] CONNECT:[ UseTime:0.000418s ] mysql:dbname=kouzhiwen;host=127.0.0.1;port=3306;charset=utf8
[ sql ] [ SQL ] SHOW COLUMNS FROM `tpn_user` [ RunTime:0.000980s ]
[ sql ] [ SQL ] SELECT * FROM `tpn_user` WHERE  `logintoken` = '7688dfdad5c5b053f5b4a1f7d8ce8f4d' LIMIT 1 [ RunTime:0.000816s ]
[ sql ] [ SQL ] SHOW COLUMNS FROM `tpn_class` [ RunTime:0.000692s ]
[ sql ] [ SQL ] SELECT * FROM `tpn_class` WHERE  `id` = 130 LIMIT 1 [ RunTime:0.000357s ]

---------------------------------------------------------------
[ 2019-06-02T12:29:01+08:00 ] 172.31.69.247 117.75.19.83 GET /common/study/class_course_list?id=130
[ log ] api.kzwchina.com/common/study/class_course_list?id=130 [运行时间：0.073539s][吞吐率：13.60req/s] [内存消耗：4,480.84kb] [文件加载：70]
[ info ] [ LANG ] /www/wwwroot/kouzhiwen/thinkphp/lang/zh-cn.php
[ info ] [ BIND ] 'api'
[ info ] [ ROUTE ] array (
  'type' => 'module',
  'module' => 
  array (
    0 => 'api',
    1 => 'common',
    2 => 'study',
  ),
)
[ info ] [ HEADER ] array (
  'host' => 'api.kzwchina.com',
  'connection' => 'close',
  'user-agent' => 'Android',
  'logintoken' => '7688dfdad5c5b053f5b4a1f7d8ce8f4d',
  'content-type' => 'application/x-www-form-urlencoded; charset=UTF-8',
)
[ info ] [ PARAM ] array (
  'id' => '130',
)
[ info ] [ SESSION ] INIT array (
  'id' => '',
  'var_session_id' => '',
  'prefix' => 'think',
  'type' => '',
  'auto_start' => true,
)
[ info ] [ DB ] INIT mysql
[ info ] [ RUN ] app\api\common\controller\Study->ClassCourseList[ /www/wwwroot/kouzhiwen/application/api/common/controller/Study.php ]
[ info ] [ LOG ] INIT File
[ sql ] [ DB ] CONNECT:[ UseTime:0.000305s ] mysql:dbname=kouzhiwen;host=127.0.0.1;port=3306;charset=utf8
[ sql ] [ SQL ] SHOW COLUMNS FROM `tpn_user` [ RunTime:0.000719s ]
[ sql ] [ SQL ] SELECT * FROM `tpn_user` WHERE  `logintoken` = '7688dfdad5c5b053f5b4a1f7d8ce8f4d' LIMIT 1 [ RunTime:0.000563s ]
[ sql ] [ SQL ] SHOW COLUMNS FROM `tpn_class_user` [ RunTime:0.000518s ]
[ sql ] [ SQL ] SELECT * FROM `tpn_class_user` WHERE  `class_id` = 130  AND `uid` = 274 LIMIT 1 [ RunTime:0.000481s ]
[ sql ] [ SQL ] SHOW COLUMNS FROM `tpn_class` [ RunTime:0.000556s ]
[ sql ] [ SQL ] SELECT * FROM `tpn_class` WHERE  `id` = 130 LIMIT 1 [ RunTime:0.000271s ]
[ sql ] [ SQL ] SHOW COLUMNS FROM `tpn_sign` [ RunTime:0.000457s ]
[ sql ] [ SQL ] SELECT * FROM `tpn_sign` WHERE  `class_id` = 130  AND `uid` = 274  AND `date` = '2019-06-02' LIMIT 1 [ RunTime:0.000301s ]
[ sql ] [ SQL ] SELECT COUNT(*) AS tp_count FROM `tpn_sign` WHERE  `class_id` = 130  AND `date` = '2019-06-02' LIMIT 1 [ RunTime:0.000274s ]
[ sql ] [ SQL ] SHOW COLUMNS FROM `tpn_class_course` [ RunTime:0.000540s ]
[ sql ] [ SQL ] SELECT `c`.`id`,`c`.`title`,`c`.`photo`,`c`.`reading`,`c`.`status` FROM `tpn_class_course` `c` WHERE  `c`.`class_id` = '130' ORDER BY `c`.`sort`  desc [ RunTime:0.000553s ]
[ sql ] [ SQL ] SHOW COLUMNS FROM `tpn_ctype` [ RunTime:0.000451s ]
[ sql ] [ SQL ] SELECT * FROM `tpn_ctype` WHERE  `cid` = 311  AND `uid` = 274 LIMIT 1 [ RunTime:0.000610s ]
[ sql ] [ SQL ] SELECT * FROM `tpn_ctype` WHERE  `cid` = 307  AND `uid` = 274 LIMIT 1 [ RunTime:0.000604s ]
[ sql ] [ SQL ] SELECT * FROM `tpn_ctype` WHERE  `cid` = 327  AND `uid` = 274 LIMIT 1 [ RunTime:0.000595s ]
[ sql ] [ SQL ] SELECT * FROM `tpn_ctype` WHERE  `cid` = 312  AND `uid` = 274 LIMIT 1 [ RunTime:0.000588s ]
[ sql ] [ SQL ] SELECT * FROM `tpn_ctype` WHERE  `cid` = 304  AND `uid` = 274 LIMIT 1 [ RunTime:0.000577s ]
[ sql ] [ SQL ] SELECT * FROM `tpn_ctype` WHERE  `cid` = 313  AND `uid` = 274 LIMIT 1 [ RunTime:0.000586s ]
[ sql ] [ SQL ] SELECT * FROM `tpn_ctype` WHERE  `cid` = 306  AND `uid` = 274 LIMIT 1 [ RunTime:0.000599s ]
[ sql ] [ SQL ] SELECT * FROM `tpn_ctype` WHERE  `cid` = 305  AND `uid` = 274 LIMIT 1 [ RunTime:0.000619s ]
[ sql ] [ SQL ] SELECT * FROM `tpn_ctype` WHERE  `cid` = 316  AND `uid` = 274 LIMIT 1 [ RunTime:0.000597s ]
[ sql ] [ SQL ] SELECT * FROM `tpn_ctype` WHERE  `cid` = 317  AND `uid` = 274 LIMIT 1 [ RunTime:0.000580s ]
[ sql ] [ SQL ] SELECT * FROM `tpn_ctype` WHERE  `cid` = 303  AND `uid` = 274 LIMIT 1 [ RunTime:0.000585s ]
[ sql ] [ SQL ] SELECT * FROM `tpn_ctype` WHERE  `cid` = 323  AND `uid` = 274 LIMIT 1 [ RunTime:0.000585s ]
[ sql ] [ SQL ] SELECT * FROM `tpn_ctype` WHERE  `cid` = 329  AND `uid` = 274 LIMIT 1 [ RunTime:0.000596s ]
[ sql ] [ SQL ] SELECT * FROM `tpn_ctype` WHERE  `cid` = 326  AND `uid` = 274 LIMIT 1 [ RunTime:0.000581s ]
[ sql ] [ SQL ] SELECT * FROM `tpn_ctype` WHERE  `cid` = 325  AND `uid` = 274 LIMIT 1 [ RunTime:0.000592s ]
[ sql ] [ SQL ] SELECT * FROM `tpn_ctype` WHERE  `cid` = 422  AND `uid` = 274 LIMIT 1 [ RunTime:0.000598s ]
[ sql ] [ SQL ] SHOW COLUMNS FROM `tpn_teacher_article` [ RunTime:0.000528s ]
[ sql ] [ SQL ] SELECT `id`,`name`,`cover_img` FROM `tpn_teacher_article` WHERE  `class_id` = 130  AND `status` = 1 ORDER BY add_time desc LIMIT 0,4 [ RunTime:0.000239s ]
[ sql ] [ SQL ] SELECT `u`.`uid`,`u`.`face`,(select SUM(blue+purple+green+orange+red) from `tpn_user_ranking` `r` where `date`='2019' and `r`.`uid`=`c`.`uid`) ranking_num FROM `tpn_class_user` `c` LEFT JOIN `tpn_user` `u` ON `u`.`uid`=`c`.`uid` WHERE  `c`.`class_id` = '130' ORDER BY ranking_num desc LIMIT 0,10 [ RunTime:0.001095s ]
[ sql ] [ SQL ] SHOW COLUMNS FROM `tpn_user_ranking` [ RunTime:0.000449s ]
[ sql ] [ SQL ] SELECT `blue`,`purple`,`green`,`orange`,`red` FROM `tpn_user_ranking` WHERE  `uid` = 600 ORDER BY date desc [ RunTime:0.000229s ]
[ sql ] [ SQL ] SELECT `blue`,`purple`,`green`,`orange`,`red` FROM `tpn_user_ranking` WHERE  `uid` IS NULL ORDER BY date desc [ RunTime:0.000197s ]
[ sql ] [ SQL ] SELECT `blue`,`purple`,`green`,`orange`,`red` FROM `tpn_user_ranking` WHERE  `uid` = 281 ORDER BY date desc [ RunTime:0.000212s ]
[ sql ] [ SQL ] SELECT `blue`,`purple`,`green`,`orange`,`red` FROM `tpn_user_ranking` WHERE  `uid` = 263 ORDER BY date desc [ RunTime:0.000224s ]
[ sql ] [ SQL ] SELECT `blue`,`purple`,`green`,`orange`,`red` FROM `tpn_user_ranking` WHERE  `uid` = 162 ORDER BY date desc [ RunTime:0.000201s ]
[ sql ] [ SQL ] SELECT `blue`,`purple`,`green`,`orange`,`red` FROM `tpn_user_ranking` WHERE  `uid` = 260 ORDER BY date desc [ RunTime:0.000205s ]
[ sql ] [ SQL ] SELECT `blue`,`purple`,`green`,`orange`,`red` FROM `tpn_user_ranking` WHERE  `uid` IS NULL ORDER BY date desc [ RunTime:0.000189s ]
[ sql ] [ SQL ] SELECT `blue`,`purple`,`green`,`orange`,`red` FROM `tpn_user_ranking` WHERE  `uid` = 286 ORDER BY date desc [ RunTime:0.000204s ]
[ sql ] [ SQL ] SELECT `blue`,`purple`,`green`,`orange`,`red` FROM `tpn_user_ranking` WHERE  `uid` = 253 ORDER BY date desc [ RunTime:0.000200s ]
[ sql ] [ SQL ] SELECT `blue`,`purple`,`green`,`orange`,`red` FROM `tpn_user_ranking` WHERE  `uid` IS NULL ORDER BY date desc [ RunTime:0.000199s ]

---------------------------------------------------------------
[ 2019-06-02T12:29:01+08:00 ] 172.31.69.247 117.75.19.83 GET /common/study/classdiscuss?id=130
[ log ] api.kzwchina.com/common/study/classdiscuss?id=130 [运行时间：0.031641s][吞吐率：31.60req/s] [内存消耗：4,048.21kb] [文件加载：62]
[ info ] [ LANG ] /www/wwwroot/kouzhiwen/thinkphp/lang/zh-cn.php
[ info ] [ BIND ] 'api'
[ info ] [ ROUTE ] array (
  'type' => 'module',
  'module' => 
  array (
    0 => 'api',
    1 => 'common',
    2 => 'study',
  ),
)
[ info ] [ HEADER ] array (
  'host' => 'api.kzwchina.com',
  'connection' => 'close',
  'user-agent' => 'Android',
  'logintoken' => '7688dfdad5c5b053f5b4a1f7d8ce8f4d',
  'content-type' => 'application/x-www-form-urlencoded; charset=UTF-8',
)
[ info ] [ PARAM ] array (
  'id' => '130',
)
[ info ] [ SESSION ] INIT array (
  'id' => '',
  'var_session_id' => '',
  'prefix' => 'think',
  'type' => '',
  'auto_start' => true,
)
[ info ] [ DB ] INIT mysql
[ info ] [ RUN ] app\api\common\controller\Study->ClassDiscuss[ /www/wwwroot/kouzhiwen/application/api/common/controller/Study.php ]
[ info ] [ LOG ] INIT File
[ sql ] [ DB ] CONNECT:[ UseTime:0.000400s ] mysql:dbname=kouzhiwen;host=127.0.0.1;port=3306;charset=utf8
[ sql ] [ SQL ] SHOW COLUMNS FROM `tpn_user` [ RunTime:0.000818s ]
[ sql ] [ SQL ] SELECT * FROM `tpn_user` WHERE  `logintoken` = '7688dfdad5c5b053f5b4a1f7d8ce8f4d' LIMIT 1 [ RunTime:0.000612s ]
[ sql ] [ SQL ] SHOW COLUMNS FROM `tpn_class_discuss` [ RunTime:0.000675s ]
[ sql ] [ SQL ] SELECT `d`.* FROM `tpn_class_discuss` `d` LEFT JOIN `tpn_class_discuss_user` `u` ON `d`.`id`=`u`.`discuss_id` WHERE  `d`.`class_id` = '130'  AND `u`.`user_id` = 274  AND `u`.`type` = 1 ORDER BY d.created_at asc [ RunTime:0.000529s ]

---------------------------------------------------------------
[ 2019-06-02T14:07:05+08:00 ] 172.31.69.247 47.97.215.92 GET /
[ log ] admin.kzwchina.com/ [运行时间：0.018821s][吞吐率：53.13req/s] [内存消耗：2,484.98kb] [文件加载：51]
[ info ] [ LANG ] /www/wwwroot/kouzhiwen/thinkphp/lang/zh-cn.php
[ info ] [ BIND ] 'admin'
[ info ] [ ROUTE ] array (
  'type' => 'module',
  'module' => 
  array (
    0 => 'admin',
    1 => NULL,
    2 => NULL,
  ),
)
[ info ] [ HEADER ] array (
  'user-agent' => 'Mozilla/5.0 (Linux; Android 4.1.1; Nexus 7 Build/JRO03D))',
  'host' => 'admin.kzwchina.com',
  'accept' => 'text/html, image/gif, image/jpeg, *; q=.2, */*; q=.2',
  'connection' => 'keep-alive',
)
[ info ] [ PARAM ] array (
)
[ info ] [ SESSION ] INIT array (
  'id' => '',
  'var_session_id' => '',
  'prefix' => 'think',
  'type' => '',
  'auto_start' => true,
)
[ info ] [ LOG ] INIT File
[ error ] [8]未定义数组索引: PATH_INFO[/www/wwwroot/kouzhiwen/thinkphp/library/think/Route.php:1548]
[ error ] [8]未定义数组索引: PATH_INFO[/www/wwwroot/kouzhiwen/thinkphp/library/think/App.php:328]
[ error ] [8]未定义数组索引: PATH_INFO[/www/wwwroot/kouzhiwen/thinkphp/library/think/Request.php:1408]
[ error ] [8]未定义数组下标: 1[/www/wwwroot/kouzhiwen/thinkphp/library/think/App.php:380]
[ error ] [8]未定义数组下标: 2[/www/wwwroot/kouzhiwen/thinkphp/library/think/App.php:382]
[ error ] [8]未定义数组下标: 2[/www/wwwroot/kouzhiwen/thinkphp/library/think/App.php:386]
[ error ] [8]未定义数组下标: 3[/www/wwwroot/kouzhiwen/thinkphp/library/think/App.php:387]
[ error ] [8]未定义数组索引: PATH_INFO[/www/wwwroot/kouzhiwen/thinkphp/library/think/Request.php:1408]
[ error ] [8]未定义数组索引: PATH_INFO[/www/wwwroot/kouzhiwen/thinkphp/library/think/Request.php:1408]
[ error ] [8]未定义数组索引: PATH_INFO[/www/wwwroot/kouzhiwen/thinkphp/library/think/Request.php:1408]

---------------------------------------------------------------
[ 2019-06-02T14:11:59+08:00 ] 172.31.69.247 47.101.202.162 GET /
[ log ] api.kzwchina.com/ [运行时间：0.016439s][吞吐率：60.83req/s] [内存消耗：1,989.16kb] [文件加载：45]
[ info ] [ LANG ] /www/wwwroot/kouzhiwen/thinkphp/lang/zh-cn.php
[ info ] [ BIND ] 'api'
[ info ] [ ROUTE ] array (
  'type' => 'module',
  'module' => 
  array (
    0 => 'api',
    1 => NULL,
    2 => NULL,
  ),
)
[ info ] [ HEADER ] array (
  'user-agent' => 'Mozilla/5.0 (X11; Ubuntu; Linux x86_64; rv:36.0) Gecko/20100101 Firefox/36.0',
  'host' => 'api.kzwchina.com',
  'accept' => 'text/html, image/gif, image/jpeg, *; q=.2, */*; q=.2',
  'connection' => 'keep-alive',
)
[ info ] [ PARAM ] array (
)
[ info ] [ LOG ] INIT File
[ error ] [8]未定义数组索引: PATH_INFO[/www/wwwroot/kouzhiwen/thinkphp/library/think/Route.php:1548]
[ error ] [8]未定义数组索引: PATH_INFO[/www/wwwroot/kouzhiwen/thinkphp/library/think/App.php:328]
[ error ] [8]未定义数组索引: PATH_INFO[/www/wwwroot/kouzhiwen/thinkphp/library/think/Request.php:1408]
[ error ] [8]未定义数组下标: 1[/www/wwwroot/kouzhiwen/thinkphp/library/think/App.php:380]
[ error ] [8]未定义数组下标: 2[/www/wwwroot/kouzhiwen/thinkphp/library/think/App.php:382]
[ error ] [8]未定义数组下标: 2[/www/wwwroot/kouzhiwen/thinkphp/library/think/App.php:386]
[ error ] [8]未定义数组下标: 3[/www/wwwroot/kouzhiwen/thinkphp/library/think/App.php:387]
[ error ] [8]未定义数组索引: PATH_INFO[/www/wwwroot/kouzhiwen/thinkphp/library/think/Request.php:1408]

---------------------------------------------------------------
[ 2019-06-02T14:14:36+08:00 ] 172.31.69.247 47.92.98.236 GET /
[ log ] api.kzwchina.com/ [运行时间：0.016519s][吞吐率：60.54req/s] [内存消耗：1,989.30kb] [文件加载：45]
[ info ] [ LANG ] /www/wwwroot/kouzhiwen/thinkphp/lang/zh-cn.php
[ info ] [ BIND ] 'api'
[ info ] [ ROUTE ] array (
  'type' => 'module',
  'module' => 
  array (
    0 => 'api',
    1 => NULL,
    2 => NULL,
  ),
)
[ info ] [ HEADER ] array (
  'user-agent' => 'Mozilla/5.0 (Linux; Android 4.1.1; Nexus 7 Build/JRO03D))',
  'host' => 'api.kzwchina.com',
  'accept' => 'text/html, image/gif, image/jpeg, *; q=.2, */*; q=.2',
  'connection' => 'keep-alive',
)
[ info ] [ PARAM ] array (
)
[ info ] [ LOG ] INIT File
[ error ] [8]未定义数组索引: PATH_INFO[/www/wwwroot/kouzhiwen/thinkphp/library/think/Route.php:1548]
[ error ] [8]未定义数组索引: PATH_INFO[/www/wwwroot/kouzhiwen/thinkphp/library/think/App.php:328]
[ error ] [8]未定义数组索引: PATH_INFO[/www/wwwroot/kouzhiwen/thinkphp/library/think/Request.php:1408]
[ error ] [8]未定义数组下标: 1[/www/wwwroot/kouzhiwen/thinkphp/library/think/App.php:380]
[ error ] [8]未定义数组下标: 2[/www/wwwroot/kouzhiwen/thinkphp/library/think/App.php:382]
[ error ] [8]未定义数组下标: 2[/www/wwwroot/kouzhiwen/thinkphp/library/think/App.php:386]
[ error ] [8]未定义数组下标: 3[/www/wwwroot/kouzhiwen/thinkphp/library/think/App.php:387]
[ error ] [8]未定义数组索引: PATH_INFO[/www/wwwroot/kouzhiwen/thinkphp/library/think/Request.php:1408]

---------------------------------------------------------------
[ 2019-06-02T15:00:02+08:00 ] 172.31.69.247 47.105.58.152 GET /root/Task/index.html?type=1
[ log ] admin.kzwchina.com/root/Task/index.html?type=1 [运行时间：0.018127s][吞吐率：55.17req/s] [内存消耗：2,446.90kb] [文件加载：48]
[ info ] [ LANG ] /www/wwwroot/kouzhiwen/thinkphp/lang/zh-cn.php
[ info ] [ BIND ] 'admin'
[ info ] [ ROUTE ] array (
  'type' => 'module',
  'module' => 
  array (
    0 => 'admin',
    1 => 'root',
    2 => 'Task',
  ),
)
[ info ] [ HEADER ] array (
  'user-agent' => 'curl/7.29.0',
  'host' => 'admin.kzwchina.com',
  'accept' => '*/*',
)
[ info ] [ PARAM ] array (
  'type' => '1',
)
[ info ] [ SESSION ] INIT array (
  'id' => '',
  'var_session_id' => '',
  'prefix' => 'think',
  'type' => '',
  'auto_start' => true,
)
[ info ] [ LOG ] INIT File

---------------------------------------------------------------
[ 2019-06-02T16:07:02+08:00 ] 172.31.69.247 113.88.36.133 GET /common/user/my_info?OS=iOS&version=1.1
[ log ] api.kzwchina.com/common/user/my_info?OS=iOS&version=1.1 [运行时间：0.113910s][吞吐率：8.78req/s] [内存消耗：5,165.05kb] [文件加载：62]
[ info ] [ LANG ] /www/wwwroot/kouzhiwen/thinkphp/lang/zh-cn.php
[ info ] [ BIND ] 'api'
[ info ] [ ROUTE ] array (
  'type' => 'module',
  'module' => 
  array (
    0 => 'api',
    1 => 'common',
    2 => 'user',
  ),
)
[ info ] [ HEADER ] array (
  'host' => 'api.kzwchina.com',
  'os' => 'iOS',
  'connection' => 'keep-alive',
  'accept' => '*/*',
  'logintoken' => '787347741a4247a3aa66d440a27b7c26',
  'user-agent' => 'kouzhiwen/1.1 (iPhone; iOS 12.2; Scale/2.00)',
  'accept-language' => 'zh-Hans-CN;q=1',
  'version' => '1.1',
  'accept-encoding' => 'gzip, deflate',
)
[ info ] [ PARAM ] array (
  'OS' => 'iOS',
  'version' => '1.1',
)
[ info ] [ SESSION ] INIT array (
  'id' => '',
  'var_session_id' => '',
  'prefix' => 'think',
  'type' => '',
  'auto_start' => true,
)
[ info ] [ DB ] INIT mysql
[ info ] [ RUN ] app\api\common\controller\User->myInfo[ /www/wwwroot/kouzhiwen/application/api/common/controller/User.php ]
[ info ] [ LOG ] INIT File
[ sql ] [ DB ] CONNECT:[ UseTime:0.000411s ] mysql:dbname=kouzhiwen;host=127.0.0.1;port=3306;charset=utf8
[ sql ] [ SQL ] SHOW COLUMNS FROM `tpn_user` [ RunTime:0.000785s ]
[ sql ] [ SQL ] SELECT * FROM `tpn_user` WHERE  `logintoken` = '787347741a4247a3aa66d440a27b7c26' LIMIT 1 [ RunTime:0.000659s ]
[ sql ] [ SQL ] SHOW COLUMNS FROM `tpn_regions` [ RunTime:0.000499s ]
[ sql ] [ SQL ] SELECT * FROM `tpn_regions` [ RunTime:0.002874s ]

---------------------------------------------------------------
[ 2019-06-02T16:07:02+08:00 ] 172.31.69.247 113.88.36.133 POST /common/home/index
[ log ] api.kzwchina.com/common/home/index [运行时间：0.042416s][吞吐率：23.58req/s] [内存消耗：4,376.09kb] [文件加载：70]
[ info ] [ LANG ] /www/wwwroot/kouzhiwen/thinkphp/lang/zh-cn.php
[ info ] [ BIND ] 'api'
[ info ] [ ROUTE ] array (
  'type' => 'module',
  'module' => 
  array (
    0 => 'api',
    1 => 'common',
    2 => 'home',
  ),
)
[ info ] [ HEADER ] array (
  'host' => 'api.kzwchina.com',
  'accept' => '*/*',
  'version' => '1.1',
  'os' => 'iOS',
  'accept-encoding' => 'gzip, deflate',
  'accept-language' => 'zh-Hans-CN;q=1',
  'logintoken' => '787347741a4247a3aa66d440a27b7c26',
  'user-agent' => 'kouzhiwen/1.1 (iPhone; iOS 12.2; Scale/2.00)',
  'connection' => 'keep-alive',
  'cookie' => 'PHPSESSID=b668el2tl7baut7n99jmbm6tv7',
  'content-type' => 'application/x-www-form-urlencoded',
  'content-length' => '16',
)
[ info ] [ PARAM ] array (
  'enterprise_id' => '21',
)
[ info ] [ SESSION ] INIT array (
  'id' => '',
  'var_session_id' => '',
  'prefix' => 'think',
  'type' => '',
  'auto_start' => true,
)
[ info ] [ DB ] INIT mysql
[ info ] [ RUN ] app\api\common\controller\Home->index[ /www/wwwroot/kouzhiwen/application/api/common/controller/Home.php ]
[ info ] [ LOG ] INIT File
[ sql ] [ DB ] CONNECT:[ UseTime:0.000377s ] mysql:dbname=kouzhiwen;host=127.0.0.1;port=3306;charset=utf8
[ sql ] [ SQL ] SHOW COLUMNS FROM `tpn_user` [ RunTime:0.000825s ]
[ sql ] [ SQL ] SELECT * FROM `tpn_user` WHERE  `logintoken` = '787347741a4247a3aa66d440a27b7c26' LIMIT 1 [ RunTime:0.000620s ]
[ sql ] [ SQL ] SHOW COLUMNS FROM `tpn_enterprise` [ RunTime:0.000646s ]
[ sql ] [ SQL ] SELECT * FROM `tpn_enterprise` WHERE  `id` = 21 LIMIT 1 [ RunTime:0.000326s ]
[ sql ] [ SQL ] SHOW COLUMNS FROM `tpn_banner` [ RunTime:0.000513s ]
[ sql ] [ SQL ] SELECT `pid`,`mold`,`type`,`img_url` FROM `tpn_banner` WHERE  `enterprise_id` = 21  AND `type` = 1  AND `status` = 1 ORDER BY add_time desc LIMIT 0,4 [ RunTime:0.000289s ]
[ sql ] [ SQL ] SHOW COLUMNS FROM `tpn_class` [ RunTime:0.000553s ]
[ sql ] [ SQL ] SELECT * FROM `tpn_class` WHERE  `id` = 91 LIMIT 1 [ RunTime:0.000287s ]
[ sql ] [ SQL ] SHOW COLUMNS FROM `tpn_class_user` [ RunTime:0.000499s ]
[ sql ] [ SQL ] SELECT * FROM `tpn_class_user` WHERE  `uid` = 303  AND `class_id` = 91 LIMIT 1 [ RunTime:0.000514s ]
[ sql ] [ SQL ] SHOW COLUMNS FROM `tpn_course` [ RunTime:0.000598s ]
[ sql ] [ SQL ] SELECT `c`.`id`,`c`.`title`,`c`.`photo`,`c`.`reading`,`c`.`look_num`,`t`.`name`,`c`.`price` FROM `tpn_course` `c` LEFT JOIN `tpn_teacher` `t` ON `c`.`teacher_id`=`t`.`id` WHERE  `c`.`enterprise_id` = '21'  AND `c`.`type` = 3  AND `c`.`scene` = 1 ORDER BY c.is_recommend desc,c.created_at desc LIMIT 0,4 [ RunTime:0.000318s ]
[ sql ] [ SQL ] SHOW COLUMNS FROM `tpn_teacher` [ RunTime:0.000653s ]
[ sql ] [ SQL ] SELECT `id`,`name`,`title`,`photo` FROM `tpn_teacher` WHERE  `enterprise_id` = 21  AND `status` = 1  AND `is_xszd` = 0  AND `identity` LIKE '%3%' ORDER BY is_recommend desc,updated_at desc LIMIT 0,4 [ RunTime:0.001115s ]
[ sql ] [ SQL ] SHOW COLUMNS FROM `tpn_information` [ RunTime:0.000443s ]
[ sql ] [ SQL ] SELECT `id`,`cover_img`,`name`,`add_time`,`comment_num`,`pv` FROM `tpn_information` WHERE  `enterprise_id` = 21 ORDER BY `is_recommend`  desc,`add_time`  desc LIMIT 0,2 [ RunTime:0.000274s ]

---------------------------------------------------------------
[ 2019-06-02T16:07:02+08:00 ] 172.31.69.247 113.88.36.133 GET /common/user/notice_count?OS=iOS&version=1.1
[ log ] api.kzwchina.com/common/user/notice_count?OS=iOS&version=1.1 [运行时间：0.029249s][吞吐率：34.19req/s] [内存消耗：3,987.20kb] [文件加载：60]
[ info ] [ LANG ] /www/wwwroot/kouzhiwen/thinkphp/lang/zh-cn.php
[ info ] [ BIND ] 'api'
[ info ] [ ROUTE ] array (
  'type' => 'module',
  'module' => 
  array (
    0 => 'api',
    1 => 'common',
    2 => 'user',
  ),
)
[ info ] [ HEADER ] array (
  'host' => 'api.kzwchina.com',
  'os' => 'iOS',
  'cookie' => 'PHPSESSID=b668el2tl7baut7n99jmbm6tv7',
  'connection' => 'keep-alive',
  'accept' => '*/*',
  'logintoken' => '787347741a4247a3aa66d440a27b7c26',
  'user-agent' => 'kouzhiwen/1.1 (iPhone; iOS 12.2; Scale/2.00)',
  'accept-language' => 'zh-Hans-CN;q=1',
  'version' => '1.1',
  'accept-encoding' => 'gzip, deflate',
)
[ info ] [ PARAM ] array (
  'OS' => 'iOS',
  'version' => '1.1',
)
[ info ] [ SESSION ] INIT array (
  'id' => '',
  'var_session_id' => '',
  'prefix' => 'think',
  'type' => '',
  'auto_start' => true,
)
[ info ] [ DB ] INIT mysql
[ info ] [ RUN ] app\api\common\controller\User->NoticeCount[ /www/wwwroot/kouzhiwen/application/api/common/controller/User.php ]
[ info ] [ LOG ] INIT File
[ sql ] [ DB ] CONNECT:[ UseTime:0.000438s ] mysql:dbname=kouzhiwen;host=127.0.0.1;port=3306;charset=utf8
[ sql ] [ SQL ] SHOW COLUMNS FROM `tpn_user` [ RunTime:0.000792s ]
[ sql ] [ SQL ] SELECT * FROM `tpn_user` WHERE  `logintoken` = '787347741a4247a3aa66d440a27b7c26' LIMIT 1 [ RunTime:0.000609s ]
[ sql ] [ SQL ] SHOW COLUMNS FROM `tpn_user_notice` [ RunTime:0.000509s ]
[ sql ] [ SQL ] SELECT COUNT(*) AS tp_count FROM `tpn_user_notice` WHERE  `uid` = 303  AND `reading` = 0 LIMIT 1 [ RunTime:0.000278s ]

---------------------------------------------------------------
[ 2019-06-02T17:13:02+08:00 ] 172.31.69.247 183.136.190.62 GET /
[ log ] api.kzwchina.com/ [运行时间：0.016587s][吞吐率：60.29req/s] [内存消耗：1,989.70kb] [文件加载：45]
[ info ] [ LANG ] /www/wwwroot/kouzhiwen/thinkphp/lang/zh-cn.php
[ info ] [ BIND ] 'api'
[ info ] [ ROUTE ] array (
  'type' => 'module',
  'module' => 
  array (
    0 => 'api',
    1 => NULL,
    2 => NULL,
  ),
)
[ info ] [ HEADER ] array (
  'host' => 'api.kzwchina.com',
  'user-agent' => 'Mozilla/5.0 (Windows NT 6.1) AppleWebKit/537.36 (KHTML, like Gecko) Chrome/35.0.1916.153 Safari/537.36',
  'accept' => 'text/html,application/xhtml+xml,application/xml;q=0.9,image/webp,*/*;q=0.8',
  'accept-encoding' => '',
  'accept-language' => 'zh-CN,zh;q=0.8',
  'cache-control' => 'max-age=0',
  'connection' => 'close',
)
[ info ] [ PARAM ] array (
)
[ info ] [ LOG ] INIT File
[ error ] [8]未定义数组索引: PATH_INFO[/www/wwwroot/kouzhiwen/thinkphp/library/think/Route.php:1548]
[ error ] [8]未定义数组索引: PATH_INFO[/www/wwwroot/kouzhiwen/thinkphp/library/think/App.php:328]
[ error ] [8]未定义数组索引: PATH_INFO[/www/wwwroot/kouzhiwen/thinkphp/library/think/Request.php:1408]
[ error ] [8]未定义数组下标: 1[/www/wwwroot/kouzhiwen/thinkphp/library/think/App.php:380]
[ error ] [8]未定义数组下标: 2[/www/wwwroot/kouzhiwen/thinkphp/library/think/App.php:382]
[ error ] [8]未定义数组下标: 2[/www/wwwroot/kouzhiwen/thinkphp/library/think/App.php:386]
[ error ] [8]未定义数组下标: 3[/www/wwwroot/kouzhiwen/thinkphp/library/think/App.php:387]
[ error ] [8]未定义数组索引: PATH_INFO[/www/wwwroot/kouzhiwen/thinkphp/library/think/Request.php:1408]

---------------------------------------------------------------
[ 2019-06-02T18:11:54+08:00 ] 172.31.69.247 222.128.180.81 GET /common/user/my_info
[ log ] api.kzwchina.com/common/user/my_info [运行时间：0.029304s][吞吐率：34.13req/s] [内存消耗：3,921.48kb] [文件加载：57]
[ info ] [ LANG ] /www/wwwroot/kouzhiwen/thinkphp/lang/zh-cn.php
[ info ] [ BIND ] 'api'
[ info ] [ ROUTE ] array (
  'type' => 'module',
  'module' => 
  array (
    0 => 'api',
    1 => 'common',
    2 => 'user',
  ),
)
[ info ] [ HEADER ] array (
  'connection' => 'keep-alive',
  'user-agent' => 'Android',
  'logintoken' => '7968f1982a52d5bf7e898d5c82813686',
  'host' => 'api.kzwchina.com',
  'accept-encoding' => 'gzip',
  'content-type' => 'application/x-www-form-urlencoded; charset=UTF-8',
)
[ info ] [ PARAM ] array (
)
[ info ] [ SESSION ] INIT array (
  'id' => '',
  'var_session_id' => '',
  'prefix' => 'think',
  'type' => '',
  'auto_start' => true,
)
[ info ] [ DB ] INIT mysql
[ info ] [ LOG ] INIT File
[ sql ] [ DB ] CONNECT:[ UseTime:0.000436s ] mysql:dbname=kouzhiwen;host=127.0.0.1;port=3306;charset=utf8
[ sql ] [ SQL ] SHOW COLUMNS FROM `tpn_user` [ RunTime:0.000827s ]
[ sql ] [ SQL ] SELECT * FROM `tpn_user` WHERE  `logintoken` = '7968f1982a52d5bf7e898d5c82813686' LIMIT 1 [ RunTime:0.000925s ]

---------------------------------------------------------------
[ 2019-06-02T18:11:55+08:00 ] 172.31.69.247 114.249.221.242 GET /common/home/index?enterprise_id=13
[ log ] api.kzwchina.com/common/home/index?enterprise_id=13 [运行时间：0.027035s][吞吐率：36.99req/s] [内存消耗：3,787.02kb] [文件加载：57]
[ info ] [ LANG ] /www/wwwroot/kouzhiwen/thinkphp/lang/zh-cn.php
[ info ] [ BIND ] 'api'
[ info ] [ ROUTE ] array (
  'type' => 'module',
  'module' => 
  array (
    0 => 'api',
    1 => 'common',
    2 => 'home',
  ),
)
[ info ] [ HEADER ] array (
  'connection' => 'keep-alive',
  'user-agent' => 'Android',
  'logintoken' => '7968f1982a52d5bf7e898d5c82813686',
  'host' => 'api.kzwchina.com',
  'accept-encoding' => 'gzip',
  'content-type' => 'application/x-www-form-urlencoded; charset=UTF-8',
)
[ info ] [ PARAM ] array (
  'enterprise_id' => '13',
)
[ info ] [ SESSION ] INIT array (
  'id' => '',
  'var_session_id' => '',
  'prefix' => 'think',
  'type' => '',
  'auto_start' => true,
)
[ info ] [ DB ] INIT mysql
[ info ] [ LOG ] INIT File
[ sql ] [ DB ] CONNECT:[ UseTime:0.000383s ] mysql:dbname=kouzhiwen;host=127.0.0.1;port=3306;charset=utf8
[ sql ] [ SQL ] SHOW COLUMNS FROM `tpn_user` [ RunTime:0.000845s ]
[ sql ] [ SQL ] SELECT * FROM `tpn_user` WHERE  `logintoken` = '7968f1982a52d5bf7e898d5c82813686' LIMIT 1 [ RunTime:0.000903s ]

---------------------------------------------------------------
[ 2019-06-02T18:11:56+08:00 ] 172.31.69.247 114.249.221.242 GET /common/user/notice_count
[ log ] api.kzwchina.com/common/user/notice_count [运行时间：0.028909s][吞吐率：34.59req/s] [内存消耗：3,922.09kb] [文件加载：57]
[ info ] [ LANG ] /www/wwwroot/kouzhiwen/thinkphp/lang/zh-cn.php
[ info ] [ BIND ] 'api'
[ info ] [ ROUTE ] array (
  'type' => 'module',
  'module' => 
  array (
    0 => 'api',
    1 => 'common',
    2 => 'user',
  ),
)
[ info ] [ HEADER ] array (
  'connection' => 'keep-alive',
  'user-agent' => 'Android',
  'logintoken' => '7968f1982a52d5bf7e898d5c82813686',
  'host' => 'api.kzwchina.com',
  'accept-encoding' => 'gzip',
  'content-type' => 'application/x-www-form-urlencoded; charset=UTF-8',
)
[ info ] [ PARAM ] array (
)
[ info ] [ SESSION ] INIT array (
  'id' => '',
  'var_session_id' => '',
  'prefix' => 'think',
  'type' => '',
  'auto_start' => true,
)
[ info ] [ DB ] INIT mysql
[ info ] [ LOG ] INIT File
[ sql ] [ DB ] CONNECT:[ UseTime:0.000478s ] mysql:dbname=kouzhiwen;host=127.0.0.1;port=3306;charset=utf8
[ sql ] [ SQL ] SHOW COLUMNS FROM `tpn_user` [ RunTime:0.000802s ]
[ sql ] [ SQL ] SELECT * FROM `tpn_user` WHERE  `logintoken` = '7968f1982a52d5bf7e898d5c82813686' LIMIT 1 [ RunTime:0.000891s ]

---------------------------------------------------------------
