2018-12-23 17:29:19  所有数据array (
  's' => '/common/alipay/notify',
  'gmt_create' => '2018-12-23 17:29:17',
  'charset' => 'UTF-8',
  'seller_email' => 'tiaozhanzhe@vip.163.com',
  'subject' => '总平台管理员',
  'sign' => 'BR4fnpLrLXPinozwH2cGiO6Rp9lA4fHFoy+GHJXctg1Up+DjV96xG8fJ04ql/KB1arhoTEmQdTvmd8x9OTXUewZUKR8XApr6wpkbfAky1YTmLdzgsdjcWKe/LR8Qt4UMoAFGtTU3+bAONjR3IwSenYke+OTpiX7xd/GM9Rhr5dxNzdbzDUAfTEZQr9TqAWOhCA4UT2Yt0VV2L8ukwlncmMuIFraXA9pcwsW4lJouVOOPi6mB1Y2n81iuKPcj0O1djyQ/AcfToKGldrPMrt6vMlM029PTFRdvQnXA39HWo1t40zHtaEaVddcw1hvo0fvBbjtEZAAN4g8JwGFHhS473w==',
  'buyer_id' => '2088422850811641',
  'invoice_amount' => '0.01',
  'notify_id' => '2018122300222172918011640548931858',
  'fund_bill_list' => '[{"amount":"0.01","fundChannel":"ALIPAYACCOUNT"}]',
  'notify_type' => 'trade_status_sync',
  'trade_status' => 'TRADE_SUCCESS',
  'receipt_amount' => '0.01',
  'app_id' => '2018062860465258',
  'buyer_pay_amount' => '0.01',
  'sign_type' => 'RSA2',
  'seller_id' => '2088131733764131',
  'gmt_payment' => '2018-12-23 17:29:18',
  'notify_time' => '2018-12-23 17:29:18',
  'version' => '1.0',
  'out_trade_no' => '20181014810068533',
  'total_amount' => '0.01',
  'trade_no' => '2018122322001411640587926152',
  'auth_app_id' => '2018062860465258',
  'buyer_logon_id' => '187****6695',
  'point_amount' => '0.00',
)
2018-12-23 17:29:19  返回结果success
