[2019-01-24 09:57:00][debug] begin notify
[2019-01-24 09:57:00][debug] call back:{"appid":"wxda77a2764d92388c","attach":"\u5408\u4f5c\u9662\u6821\u62db\u751f","bank_type":"CFT","cash_fee":"1","fee_type":"CNY","is_subscribe":"N","mch_id":"1509132011","nonce_str":"z2v8kq608i9etphkbq7ejrgljk4fkh9z","openid":"oRBkF1hhWfor1jVV8SeGXPsiI8rY","out_trade_no":"20195050485238731","result_code":"SUCCESS","return_code":"SUCCESS","sign":"3E94DD02AE6C248B1E088BCD54492BA8","time_end":"20190124095659","total_fee":"1","trade_type":"APP","transaction_id":"4200000274201901248787861431"}
[2019-01-24 09:57:00][debug] query:{"appid":"wxda77a2764d92388c","attach":"\u5408\u4f5c\u9662\u6821\u62db\u751f","bank_type":"CFT","cash_fee":"1","fee_type":"CNY","is_subscribe":"N","mch_id":"1509132011","nonce_str":"Eo0sAqibMKOuFfHK","openid":"oRBkF1hhWfor1jVV8SeGXPsiI8rY","out_trade_no":"20195050485238731","result_code":"SUCCESS","return_code":"SUCCESS","return_msg":"OK","sign":"D195BBFAB4094519DFA8C7946F7707A7","time_end":"20190124095659","total_fee":"1","trade_state":"SUCCESS","trade_state_desc":"\u652f\u4ed8\u6210\u529f","trade_type":"APP","transaction_id":"4200000274201901248787861431"}
[2019-01-24 09:57:00][debug] 成功
[2019-01-24 10:01:58][debug] begin notify
[2019-01-24 10:01:58][debug] call back:{"appid":"wxda77a2764d92388c","attach":"\u4e00\u5e26\u4e00\u8def\u4e0e\u6295\u8d44\u673a\u4f1a","bank_type":"CFT","cash_fee":"1","fee_type":"CNY","is_subscribe":"N","mch_id":"1509132011","nonce_str":"yl730bpj683asigzyvzcyqlita5bvmm6","openid":"oRBkF1tzvX_g-DXT3J7iTwl1yiE8","out_trade_no":"20195399525773532","result_code":"SUCCESS","return_code":"SUCCESS","sign":"92E3FA05E4DC90E9A60BA6D5527FA442","time_end":"20190124100158","total_fee":"1","trade_type":"APP","transaction_id":"4200000264201901243385236638"}
[2019-01-24 10:01:59][debug] query:{"appid":"wxda77a2764d92388c","attach":"\u4e00\u5e26\u4e00\u8def\u4e0e\u6295\u8d44\u673a\u4f1a","bank_type":"CFT","cash_fee":"1","fee_type":"CNY","is_subscribe":"N","mch_id":"1509132011","nonce_str":"INMDKaXfmGMKsVNG","openid":"oRBkF1tzvX_g-DXT3J7iTwl1yiE8","out_trade_no":"20195399525773532","result_code":"SUCCESS","return_code":"SUCCESS","return_msg":"OK","sign":"2F61F1D5ED24DFF6E82B66C0FAE9DDED","time_end":"20190124100158","total_fee":"1","trade_state":"SUCCESS","trade_state_desc":"\u652f\u4ed8\u6210\u529f","trade_type":"APP","transaction_id":"4200000264201901243385236638"}
[2019-01-24 10:01:59][debug] 成功
[2019-01-24 11:28:08][debug] begin notify
[2019-01-24 11:28:08][debug] call back:{"appid":"wxda77a2764d92388c","attach":"122","bank_type":"CFT","cash_fee":"1","fee_type":"CNY","is_subscribe":"N","mch_id":"1509132011","nonce_str":"7ecf5iu7ui7s0cjw7xjdseaymn1a15sg","openid":"oRBkF1hhWfor1jVV8SeGXPsiI8rY","out_trade_no":"20199752989962334","result_code":"SUCCESS","return_code":"SUCCESS","sign":"72187F489F039DF9EFFD23EB0A1AB0D3","time_end":"20190124112807","total_fee":"1","trade_type":"APP","transaction_id":"4200000269201901249236209613"}
[2019-01-24 11:28:08][debug] query:{"appid":"wxda77a2764d92388c","attach":"122","bank_type":"CFT","cash_fee":"1","fee_type":"CNY","is_subscribe":"N","mch_id":"1509132011","nonce_str":"peNckkgGt2eulcaO","openid":"oRBkF1hhWfor1jVV8SeGXPsiI8rY","out_trade_no":"20199752989962334","result_code":"SUCCESS","return_code":"SUCCESS","return_msg":"OK","sign":"9A0E2BA72AE5542DEFE11E02CCD9F902","time_end":"20190124112807","total_fee":"1","trade_state":"SUCCESS","trade_state_desc":"\u652f\u4ed8\u6210\u529f","trade_type":"APP","transaction_id":"4200000269201901249236209613"}
[2019-01-24 11:28:08][debug] 成功
[2019-01-24 14:54:33][debug] begin notify
[2019-01-24 14:54:33][debug] call back:{"appid":"wxda77a2764d92388c","attach":"123","bank_type":"CFT","cash_fee":"1","fee_type":"CNY","is_subscribe":"N","mch_id":"1509132011","nonce_str":"ibehxs6a81w2vlljm9lftlsd6bflqmik","openid":"oRBkF1hhWfor1jVV8SeGXPsiI8rY","out_trade_no":"20194998505608062","result_code":"SUCCESS","return_code":"SUCCESS","sign":"42AE92F371A998E6B1FA39D09943EBE9","time_end":"20190124145433","total_fee":"1","trade_type":"APP","transaction_id":"4200000278201901248231642375"}
[2019-01-24 14:54:34][debug] query:{"appid":"wxda77a2764d92388c","attach":"123","bank_type":"CFT","cash_fee":"1","fee_type":"CNY","is_subscribe":"N","mch_id":"1509132011","nonce_str":"9lt5JVIomoWpYLYy","openid":"oRBkF1hhWfor1jVV8SeGXPsiI8rY","out_trade_no":"20194998505608062","result_code":"SUCCESS","return_code":"SUCCESS","return_msg":"OK","sign":"C080CA01DC5ECEEC8186E66BC84458D2","time_end":"20190124145433","total_fee":"1","trade_state":"SUCCESS","trade_state_desc":"\u652f\u4ed8\u6210\u529f","trade_type":"APP","transaction_id":"4200000278201901248231642375"}
[2019-01-24 14:54:34][debug] 成功
[2019-01-24 20:57:29][debug] begin notify
[2019-01-24 20:57:29][debug] call back:{"appid":"wxda77a2764d92388c","attach":"\u56fd\u52a1","bank_type":"CFT","cash_fee":"1","fee_type":"CNY","is_subscribe":"N","mch_id":"1509132011","nonce_str":"kpwhk2920u85yrw937kcimzpkj7yfcex","openid":"oRBkF1hhWfor1jVV8SeGXPsiI8rY","out_trade_no":"20199748485068339","result_code":"SUCCESS","return_code":"SUCCESS","sign":"23737429E4E553486652F90184DAFDEB","time_end":"20190124205728","total_fee":"1","trade_type":"APP","transaction_id":"4200000260201901248172693992"}
[2019-01-24 20:57:29][debug] query:{"appid":"wxda77a2764d92388c","attach":"\u56fd\u52a1","bank_type":"CFT","cash_fee":"1","fee_type":"CNY","is_subscribe":"N","mch_id":"1509132011","nonce_str":"1DBWKB9G0ohevyx6","openid":"oRBkF1hhWfor1jVV8SeGXPsiI8rY","out_trade_no":"20199748485068339","result_code":"SUCCESS","return_code":"SUCCESS","return_msg":"OK","sign":"868CC4B2E31F59F7279957B7F17430AD","time_end":"20190124205728","total_fee":"1","trade_state":"SUCCESS","trade_state_desc":"\u652f\u4ed8\u6210\u529f","trade_type":"APP","transaction_id":"4200000260201901248172693992"}
[2019-01-24 20:57:29][debug] 成功
