[2018-11-26 13:43:34][debug] begin notify
[2018-11-26 13:43:34][debug] call back:{"appid":"wxda77a2764d92388c","attach":"\u5b66\u4e60\u4e8c\u73ed","bank_type":"CFT","cash_fee":"1","fee_type":"CNY","is_subscribe":"N","mch_id":"1509132011","nonce_str":"bbpgl8co1mfflt871u8g3ppl7oqa2bxk","openid":"oRBkF1g5gMHHk9WL1RssFT_cR28M","out_trade_no":"20181015598549540","result_code":"SUCCESS","return_code":"SUCCESS","sign":"CCBD2D922CF9A52DFF2A31F06CE9CEED","time_end":"20181126134333","total_fee":"1","trade_type":"APP","transaction_id":"4200000228201811261715844173"}
[2018-11-26 13:43:34][debug] query:{"appid":"wxda77a2764d92388c","attach":"\u5b66\u4e60\u4e8c\u73ed","bank_type":"CFT","cash_fee":"1","fee_type":"CNY","is_subscribe":"N","mch_id":"1509132011","nonce_str":"vTapH0LC8O6KPvHS","openid":"oRBkF1g5gMHHk9WL1RssFT_cR28M","out_trade_no":"20181015598549540","result_code":"SUCCESS","return_code":"SUCCESS","return_msg":"OK","sign":"D5AF1E769A9FAF684B3A691674B1F035","time_end":"20181126134333","total_fee":"1","trade_state":"SUCCESS","trade_state_desc":"\u652f\u4ed8\u6210\u529f","trade_type":"APP","transaction_id":"4200000228201811261715844173"}
[2018-11-26 13:43:35][debug] 成功
[2018-11-26 13:58:39][debug] begin notify
[2018-11-26 13:58:39][debug] call back:{"appid":"wxda77a2764d92388c","attach":"\u5b66\u4e60\u4e09\u73ed","bank_type":"CFT","cash_fee":"1","fee_type":"CNY","is_subscribe":"N","mch_id":"1509132011","nonce_str":"54qqq87lw39r3day702bgib12te1wz6l","openid":"oRBkF1qzQXdNPBrCkENaV2bMvphE","out_trade_no":"20185056574939906","result_code":"SUCCESS","return_code":"SUCCESS","sign":"9F1B4A73FCF56402C2C00AD1D6691AAF","time_end":"20181126135838","total_fee":"1","trade_type":"APP","transaction_id":"4200000209201811264607600334"}
[2018-11-26 13:58:39][debug] query:{"appid":"wxda77a2764d92388c","attach":"\u5b66\u4e60\u4e09\u73ed","bank_type":"CFT","cash_fee":"1","fee_type":"CNY","is_subscribe":"N","mch_id":"1509132011","nonce_str":"Lm42Yr26YspAk8JR","openid":"oRBkF1qzQXdNPBrCkENaV2bMvphE","out_trade_no":"20185056574939906","result_code":"SUCCESS","return_code":"SUCCESS","return_msg":"OK","sign":"A2828FF5F2B73B2E6AEFB7B91CF0B5B7","time_end":"20181126135838","total_fee":"1","trade_state":"SUCCESS","trade_state_desc":"\u652f\u4ed8\u6210\u529f","trade_type":"APP","transaction_id":"4200000209201811264607600334"}
[2018-11-26 13:58:39][debug] 成功
[2018-11-26 14:19:52][debug] begin notify
[2018-11-26 14:19:52][debug] call back:{"appid":"wxda77a2764d92388c","attach":"\u6b63\u5f0f\u7b2c\u4e00","bank_type":"CFT","cash_fee":"1","fee_type":"CNY","is_subscribe":"N","mch_id":"1509132011","nonce_str":"hkhsphyzc4xnz9xqlif179ty5cabzs9f","openid":"oRBkF1g5gMHHk9WL1RssFT_cR28M","out_trade_no":"20189910057474155","result_code":"SUCCESS","return_code":"SUCCESS","sign":"1BFF8066FFB744E7565E1E0DA228D758","time_end":"20181126141951","total_fee":"1","trade_type":"APP","transaction_id":"4200000216201811266760979216"}
[2018-11-26 14:19:52][debug] query:{"appid":"wxda77a2764d92388c","attach":"\u6b63\u5f0f\u7b2c\u4e00","bank_type":"CFT","cash_fee":"1","fee_type":"CNY","is_subscribe":"N","mch_id":"1509132011","nonce_str":"us0facgbUvBI8Chm","openid":"oRBkF1g5gMHHk9WL1RssFT_cR28M","out_trade_no":"20189910057474155","result_code":"SUCCESS","return_code":"SUCCESS","return_msg":"OK","sign":"8F42ACB296BC2B6943A941F145EBB678","time_end":"20181126141951","total_fee":"1","trade_state":"SUCCESS","trade_state_desc":"\u652f\u4ed8\u6210\u529f","trade_type":"APP","transaction_id":"4200000216201811266760979216"}
[2018-11-26 14:19:52][debug] 成功
[2018-11-26 16:28:43][debug] begin notify
[2018-11-26 16:28:43][debug] call back:{"appid":"wxda77a2764d92388c","attach":"\u793c\u7269","bank_type":"CFT","cash_fee":"1","fee_type":"CNY","is_subscribe":"N","mch_id":"1509132011","nonce_str":"hlt7i2ybozuvcxuxg3ap69eu9zx2y778","openid":"oRBkF1g5gMHHk9WL1RssFT_cR28M","out_trade_no":"20181029756148959","result_code":"SUCCESS","return_code":"SUCCESS","sign":"D64E36D8B79606B2482B9FA489827D9C","time_end":"20181126162842","total_fee":"1","trade_type":"APP","transaction_id":"4200000234201811264681193151"}
[2018-11-26 16:28:43][debug] query:{"appid":"wxda77a2764d92388c","attach":"\u793c\u7269","bank_type":"CFT","cash_fee":"1","fee_type":"CNY","is_subscribe":"N","mch_id":"1509132011","nonce_str":"mzJsuRjScSLxBu5d","openid":"oRBkF1g5gMHHk9WL1RssFT_cR28M","out_trade_no":"20181029756148959","result_code":"SUCCESS","return_code":"SUCCESS","return_msg":"OK","sign":"51FCCA882FB88288EC09C4F394F4B24C","time_end":"20181126162842","total_fee":"1","trade_state":"SUCCESS","trade_state_desc":"\u652f\u4ed8\u6210\u529f","trade_type":"APP","transaction_id":"4200000234201811264681193151"}
[2018-11-26 16:28:43][debug] 成功
[2018-11-26 16:33:07][debug] begin notify
[2018-11-26 16:33:07][debug] call back:{"appid":"wxda77a2764d92388c","attach":"\u793c\u7269","bank_type":"CFT","cash_fee":"1","fee_type":"CNY","is_subscribe":"N","mch_id":"1509132011","nonce_str":"7jxegbab388jq2zdvdtvx6kjkdlicfb5","openid":"oRBkF1g5gMHHk9WL1RssFT_cR28M","out_trade_no":"20189954575184857","result_code":"SUCCESS","return_code":"SUCCESS","sign":"C24E1D8B8E00B31ADBB97FF6BB983CC7","time_end":"20181126163306","total_fee":"1","trade_type":"APP","transaction_id":"4200000226201811268129378667"}
[2018-11-26 16:33:07][debug] query:{"appid":"wxda77a2764d92388c","attach":"\u793c\u7269","bank_type":"CFT","cash_fee":"1","fee_type":"CNY","is_subscribe":"N","mch_id":"1509132011","nonce_str":"tKAnFf3dACjO7KJQ","openid":"oRBkF1g5gMHHk9WL1RssFT_cR28M","out_trade_no":"20189954575184857","result_code":"SUCCESS","return_code":"SUCCESS","return_msg":"OK","sign":"A757717A72B9EA2A2059CC9C5155CD95","time_end":"20181126163306","total_fee":"1","trade_state":"SUCCESS","trade_state_desc":"\u652f\u4ed8\u6210\u529f","trade_type":"APP","transaction_id":"4200000226201811268129378667"}
[2018-11-26 16:33:07][debug] 成功
[2018-11-26 16:34:21][debug] begin notify
[2018-11-26 16:34:21][debug] call back:{"appid":"wxda77a2764d92388c","attach":"\u793c\u7269","bank_type":"CFT","cash_fee":"1","fee_type":"CNY","is_subscribe":"N","mch_id":"1509132011","nonce_str":"lh6jo90g78ne9hy35raispkit79bdde3","openid":"oRBkF1g5gMHHk9WL1RssFT_cR28M","out_trade_no":"20185099515439180","result_code":"SUCCESS","return_code":"SUCCESS","sign":"B57D37AD476FCF7D43C70BD8E46B453A","time_end":"20181126163420","total_fee":"1","trade_type":"APP","transaction_id":"4200000226201811269326888384"}
[2018-11-26 16:34:21][debug] query:{"appid":"wxda77a2764d92388c","attach":"\u793c\u7269","bank_type":"CFT","cash_fee":"1","fee_type":"CNY","is_subscribe":"N","mch_id":"1509132011","nonce_str":"JqMHjqTZjeUfLXbY","openid":"oRBkF1g5gMHHk9WL1RssFT_cR28M","out_trade_no":"20185099515439180","result_code":"SUCCESS","return_code":"SUCCESS","return_msg":"OK","sign":"3276A7B6309B7063A9A3E6C1FD353D97","time_end":"20181126163420","total_fee":"1","trade_state":"SUCCESS","trade_state_desc":"\u652f\u4ed8\u6210\u529f","trade_type":"APP","transaction_id":"4200000226201811269326888384"}
[2018-11-26 16:34:21][debug] 成功
[2018-11-26 16:40:16][debug] begin notify
[2018-11-26 16:40:16][debug] call back:{"appid":"wxda77a2764d92388c","attach":"\u793c\u7269","bank_type":"CFT","cash_fee":"1","fee_type":"CNY","is_subscribe":"N","mch_id":"1509132011","nonce_str":"969sxenkd0jlkyynp27cy07quuu6z2bj","openid":"oRBkF1g5gMHHk9WL1RssFT_cR28M","out_trade_no":"20185156521055043","result_code":"SUCCESS","return_code":"SUCCESS","sign":"19989BB35D72B91A1350A1F895EAEFF8","time_end":"20181126164016","total_fee":"1","trade_type":"APP","transaction_id":"4200000209201811263735863356"}
[2018-11-26 16:40:17][debug] query:{"appid":"wxda77a2764d92388c","attach":"\u793c\u7269","bank_type":"CFT","cash_fee":"1","fee_type":"CNY","is_subscribe":"N","mch_id":"1509132011","nonce_str":"XFDzepRpzWb3wVyO","openid":"oRBkF1g5gMHHk9WL1RssFT_cR28M","out_trade_no":"20185156521055043","result_code":"SUCCESS","return_code":"SUCCESS","return_msg":"OK","sign":"1BE81676AE6A68CDD2D9B3DEFFAE230C","time_end":"20181126164016","total_fee":"1","trade_state":"SUCCESS","trade_state_desc":"\u652f\u4ed8\u6210\u529f","trade_type":"APP","transaction_id":"4200000209201811263735863356"}
[2018-11-26 16:40:17][debug] 成功
[2018-11-26 16:42:54][debug] begin notify
[2018-11-26 16:42:54][debug] call back:{"appid":"wxda77a2764d92388c","attach":"\u6234\u8343 - \u609f\u7a7a","bank_type":"CFT","cash_fee":"1","fee_type":"CNY","is_subscribe":"N","mch_id":"1509132011","nonce_str":"fubu44nbhr17cdfb74occran44zjh1hu","openid":"oRBkF1g5gMHHk9WL1RssFT_cR28M","out_trade_no":"20185410010246864","result_code":"SUCCESS","return_code":"SUCCESS","sign":"F7AA39EABC42C4D5691FB785D6E8291B","time_end":"20181126164253","total_fee":"1","trade_type":"APP","transaction_id":"4200000229201811268059693929"}
[2018-11-26 16:42:54][debug] query:{"appid":"wxda77a2764d92388c","attach":"\u6234\u8343 - \u609f\u7a7a","bank_type":"CFT","cash_fee":"1","fee_type":"CNY","is_subscribe":"N","mch_id":"1509132011","nonce_str":"FDY5NzTJ0t6pp9so","openid":"oRBkF1g5gMHHk9WL1RssFT_cR28M","out_trade_no":"20185410010246864","result_code":"SUCCESS","return_code":"SUCCESS","return_msg":"OK","sign":"3F89A9C3EDC98EE58DA51733544E8CA7","time_end":"20181126164253","total_fee":"1","trade_state":"SUCCESS","trade_state_desc":"\u652f\u4ed8\u6210\u529f","trade_type":"APP","transaction_id":"4200000229201811268059693929"}
[2018-11-26 16:42:54][debug] 成功
[2018-11-26 16:54:46][debug] begin notify
[2018-11-26 16:54:46][debug] call back:{"appid":"wxda77a2764d92388c","attach":"\u793c\u7269","bank_type":"CFT","cash_fee":"1","fee_type":"CNY","is_subscribe":"N","mch_id":"1509132011","nonce_str":"qkmpgj10vg9qycb6y38421jzfi23dks3","openid":"oRBkF1g5gMHHk9WL1RssFT_cR28M","out_trade_no":"20181005254526934","result_code":"SUCCESS","return_code":"SUCCESS","sign":"D45E29231284498A33BCAD7D57309BBA","time_end":"20181126165445","total_fee":"1","trade_type":"APP","transaction_id":"4200000215201811262708382534"}
[2018-11-26 16:54:47][debug] query:{"appid":"wxda77a2764d92388c","attach":"\u793c\u7269","bank_type":"CFT","cash_fee":"1","fee_type":"CNY","is_subscribe":"N","mch_id":"1509132011","nonce_str":"z6sRkNwFGMe6FGXR","openid":"oRBkF1g5gMHHk9WL1RssFT_cR28M","out_trade_no":"20181005254526934","result_code":"SUCCESS","return_code":"SUCCESS","return_msg":"OK","sign":"DA42EF9DBB3140A3DDD073FB9A9896F7","time_end":"20181126165445","total_fee":"1","trade_state":"SUCCESS","trade_state_desc":"\u652f\u4ed8\u6210\u529f","trade_type":"APP","transaction_id":"4200000215201811262708382534"}
[2018-11-26 16:54:47][debug] 成功
[2018-11-26 17:00:17][debug] begin notify
[2018-11-26 17:00:17][debug] call back:{"appid":"wxda77a2764d92388c","attach":"\u793c\u7269","bank_type":"CFT","cash_fee":"1","fee_type":"CNY","is_subscribe":"N","mch_id":"1509132011","nonce_str":"9djsgxqofnq3wx6tyii9rmif60p4xgci","openid":"oRBkF1g5gMHHk9WL1RssFT_cR28M","out_trade_no":"20189752100529612","result_code":"SUCCESS","return_code":"SUCCESS","sign":"E135244CB60E691432757318A8FB21AF","time_end":"20181126170016","total_fee":"1","trade_type":"APP","transaction_id":"4200000225201811264239270346"}
[2018-11-26 17:00:17][debug] query:{"appid":"wxda77a2764d92388c","attach":"\u793c\u7269","bank_type":"CFT","cash_fee":"1","fee_type":"CNY","is_subscribe":"N","mch_id":"1509132011","nonce_str":"4Dc899YhpwGzNc5x","openid":"oRBkF1g5gMHHk9WL1RssFT_cR28M","out_trade_no":"20189752100529612","result_code":"SUCCESS","return_code":"SUCCESS","return_msg":"OK","sign":"4A4A1E81694DF3257DB8B6238B6B96F8","time_end":"20181126170016","total_fee":"1","trade_state":"SUCCESS","trade_state_desc":"\u652f\u4ed8\u6210\u529f","trade_type":"APP","transaction_id":"4200000225201811264239270346"}
[2018-11-26 17:00:17][debug] 成功
[2018-11-26 17:01:11][debug] begin notify
[2018-11-26 17:01:11][debug] call back:{"appid":"wxda77a2764d92388c","attach":"\u793c\u7269","bank_type":"CFT","cash_fee":"1","fee_type":"CNY","is_subscribe":"N","mch_id":"1509132011","nonce_str":"i5cf1n0st28bmjdltn4xlay4dzit8gzr","openid":"oRBkF1g5gMHHk9WL1RssFT_cR28M","out_trade_no":"20184849501087946","result_code":"SUCCESS","return_code":"SUCCESS","sign":"164CC237A8D114A0DDADE38EAE580EF0","time_end":"20181126170110","total_fee":"1","trade_type":"APP","transaction_id":"4200000238201811260933128438"}
[2018-11-26 17:01:11][debug] query:{"appid":"wxda77a2764d92388c","attach":"\u793c\u7269","bank_type":"CFT","cash_fee":"1","fee_type":"CNY","is_subscribe":"N","mch_id":"1509132011","nonce_str":"QMxsPWtIlPfZBN0C","openid":"oRBkF1g5gMHHk9WL1RssFT_cR28M","out_trade_no":"20184849501087946","result_code":"SUCCESS","return_code":"SUCCESS","return_msg":"OK","sign":"FE90B820CABDBC1C8B62A93060FB6D05","time_end":"20181126170110","total_fee":"1","trade_state":"SUCCESS","trade_state_desc":"\u652f\u4ed8\u6210\u529f","trade_type":"APP","transaction_id":"4200000238201811260933128438"}
[2018-11-26 17:01:11][debug] 成功
[2018-11-26 17:05:27][debug] begin notify
[2018-11-26 17:05:27][debug] call back:{"appid":"wxda77a2764d92388c","attach":"\u793c\u7269","bank_type":"CFT","cash_fee":"1","fee_type":"CNY","is_subscribe":"N","mch_id":"1509132011","nonce_str":"y4i6eqqpef1ihne5exgay4jdvpf06uqq","openid":"oRBkF1g5gMHHk9WL1RssFT_cR28M","out_trade_no":"20184950505614128","result_code":"SUCCESS","return_code":"SUCCESS","sign":"1B24C2D1DD108FE0802AB7720E3A418F","time_end":"20181126170526","total_fee":"1","trade_type":"APP","transaction_id":"4200000210201811261601326499"}
[2018-11-26 17:05:27][debug] query:{"appid":"wxda77a2764d92388c","attach":"\u793c\u7269","bank_type":"CFT","cash_fee":"1","fee_type":"CNY","is_subscribe":"N","mch_id":"1509132011","nonce_str":"6RTjIxVH7hzAMwdx","openid":"oRBkF1g5gMHHk9WL1RssFT_cR28M","out_trade_no":"20184950505614128","result_code":"SUCCESS","return_code":"SUCCESS","return_msg":"OK","sign":"5401CB582E54CC16C749282490E87EDE","time_end":"20181126170526","total_fee":"1","trade_state":"SUCCESS","trade_state_desc":"\u652f\u4ed8\u6210\u529f","trade_type":"APP","transaction_id":"4200000210201811261601326499"}
[2018-11-26 17:05:27][debug] 成功
