[ 2018-12-09T10:00:01+08:00 ] 172.31.69.247 47.105.58.152 GET /root/Task/index.html?type=2
[ log ] admin.kzwchina.com/root/Task/index.html?type=2 [运行时间：0.018700s][吞吐率：53.48req/s] [内存消耗：2,428.85kb] [文件加载：48]
[ info ] [ LANG ] /www/wwwroot/kouzhiwen/thinkphp/lang/zh-cn.php
[ info ] [ BIND ] 'admin'
[ info ] [ ROUTE ] array (
  'type' => 'module',
  'module' => 
  array (
    0 => 'admin',
    1 => 'root',
    2 => 'Task',
  ),
)
[ info ] [ HEADER ] array (
  'user-agent' => 'curl/7.29.0',
  'host' => 'admin.kzwchina.com',
  'accept' => '*/*',
)
[ info ] [ PARAM ] array (
  'type' => '2',
)
[ info ] [ SESSION ] INIT array (
  'id' => '',
  'var_session_id' => '',
  'prefix' => 'think',
  'type' => '',
  'auto_start' => true,
)
[ info ] [ LOG ] INIT File

---------------------------------------------------------------
[ 2018-12-09T12:29:25+08:00 ] 172.31.69.247 117.136.0.231 GET /common/user/my_info
[ log ] api.kzwchina.com/common/user/my_info [运行时间：0.110473s][吞吐率：9.05req/s] [内存消耗：5,106.23kb] [文件加载：62]
[ info ] [ LANG ] /www/wwwroot/kouzhiwen/thinkphp/lang/zh-cn.php
[ info ] [ BIND ] 'api'
[ info ] [ ROUTE ] array (
  'type' => 'module',
  'module' => 
  array (
    0 => 'api',
    1 => 'common',
    2 => 'user',
  ),
)
[ info ] [ HEADER ] array (
  'connection' => 'keep-alive',
  'user-agent' => 'Android',
  'logintoken' => '49d155001787121db42d75b757491523',
  'host' => 'api.kzwchina.com',
  'accept-encoding' => 'gzip',
  'content-type' => 'application/x-www-form-urlencoded; charset=UTF-8',
)
[ info ] [ PARAM ] array (
)
[ info ] [ SESSION ] INIT array (
  'id' => '',
  'var_session_id' => '',
  'prefix' => 'think',
  'type' => '',
  'auto_start' => true,
)
[ info ] [ DB ] INIT mysql
[ info ] [ RUN ] app\api\common\controller\User->myInfo[ /www/wwwroot/kouzhiwen/application/api/common/controller/User.php ]
[ info ] [ LOG ] INIT File
[ sql ] [ DB ] CONNECT:[ UseTime:0.000417s ] mysql:dbname=kouzhiwen;host=127.0.0.1;port=3306;charset=utf8
[ sql ] [ SQL ] SHOW COLUMNS FROM `tpn_user` [ RunTime:0.000823s ]
[ sql ] [ SQL ] SELECT * FROM `tpn_user` WHERE  `logintoken` = '49d155001787121db42d75b757491523' LIMIT 1 [ RunTime:0.000513s ]
[ sql ] [ SQL ] SHOW COLUMNS FROM `tpn_regions` [ RunTime:0.000529s ]
[ sql ] [ SQL ] SELECT * FROM `tpn_regions` [ RunTime:0.002649s ]

---------------------------------------------------------------
[ 2018-12-09T12:29:30+08:00 ] 172.31.69.247 117.136.0.231 GET /common/user/notice_count
[ log ] api.kzwchina.com/common/user/notice_count [运行时间：0.037985s][吞吐率：26.33req/s] [内存消耗：3,928.36kb] [文件加载：60]
[ info ] [ LANG ] /www/wwwroot/kouzhiwen/thinkphp/lang/zh-cn.php
[ info ] [ BIND ] 'api'
[ info ] [ ROUTE ] array (
  'type' => 'module',
  'module' => 
  array (
    0 => 'api',
    1 => 'common',
    2 => 'user',
  ),
)
[ info ] [ HEADER ] array (
  'connection' => 'keep-alive',
  'user-agent' => 'Android',
  'logintoken' => '49d155001787121db42d75b757491523',
  'host' => 'api.kzwchina.com',
  'accept-encoding' => 'gzip',
  'content-type' => 'application/x-www-form-urlencoded; charset=UTF-8',
)
[ info ] [ PARAM ] array (
)
[ info ] [ SESSION ] INIT array (
  'id' => '',
  'var_session_id' => '',
  'prefix' => 'think',
  'type' => '',
  'auto_start' => true,
)
[ info ] [ DB ] INIT mysql
[ info ] [ RUN ] app\api\common\controller\User->NoticeCount[ /www/wwwroot/kouzhiwen/application/api/common/controller/User.php ]
[ info ] [ LOG ] INIT File
[ sql ] [ DB ] CONNECT:[ UseTime:0.000440s ] mysql:dbname=kouzhiwen;host=127.0.0.1;port=3306;charset=utf8
[ sql ] [ SQL ] SHOW COLUMNS FROM `tpn_user` [ RunTime:0.001069s ]
[ sql ] [ SQL ] SELECT * FROM `tpn_user` WHERE  `logintoken` = '49d155001787121db42d75b757491523' LIMIT 1 [ RunTime:0.000526s ]
[ sql ] [ SQL ] SHOW COLUMNS FROM `tpn_user_notice` [ RunTime:0.000589s ]
[ sql ] [ SQL ] SELECT COUNT(*) AS tp_count FROM `tpn_user_notice` WHERE  `uid` = 70  AND `reading` = 0 LIMIT 1 [ RunTime:0.000289s ]

---------------------------------------------------------------
[ 2018-12-09T12:29:30+08:00 ] 172.31.69.247 117.136.0.231 GET /common/home/index?enterprise_id=13
[ log ] api.kzwchina.com/common/home/index?enterprise_id=13 [运行时间：0.045037s][吞吐率：22.20req/s] [内存消耗：4,179.34kb] [文件加载：66]
[ info ] [ LANG ] /www/wwwroot/kouzhiwen/thinkphp/lang/zh-cn.php
[ info ] [ BIND ] 'api'
[ info ] [ ROUTE ] array (
  'type' => 'module',
  'module' => 
  array (
    0 => 'api',
    1 => 'common',
    2 => 'home',
  ),
)
[ info ] [ HEADER ] array (
  'connection' => 'keep-alive',
  'user-agent' => 'Android',
  'logintoken' => '49d155001787121db42d75b757491523',
  'host' => 'api.kzwchina.com',
  'accept-encoding' => 'gzip',
  'content-type' => 'application/x-www-form-urlencoded; charset=UTF-8',
)
[ info ] [ PARAM ] array (
  'enterprise_id' => '13',
)
[ info ] [ SESSION ] INIT array (
  'id' => '',
  'var_session_id' => '',
  'prefix' => 'think',
  'type' => '',
  'auto_start' => true,
)
[ info ] [ DB ] INIT mysql
[ info ] [ RUN ] app\api\common\controller\Home->index[ /www/wwwroot/kouzhiwen/application/api/common/controller/Home.php ]
[ info ] [ LOG ] INIT File
[ sql ] [ DB ] CONNECT:[ UseTime:0.000381s ] mysql:dbname=kouzhiwen;host=127.0.0.1;port=3306;charset=utf8
[ sql ] [ SQL ] SHOW COLUMNS FROM `tpn_user` [ RunTime:0.000659s ]
[ sql ] [ SQL ] SELECT * FROM `tpn_user` WHERE  `logintoken` = '49d155001787121db42d75b757491523' LIMIT 1 [ RunTime:0.000451s ]
[ sql ] [ SQL ] SHOW COLUMNS FROM `tpn_enterprise` [ RunTime:0.000625s ]
[ sql ] [ SQL ] SELECT * FROM `tpn_enterprise` WHERE  `id` = 13 LIMIT 1 [ RunTime:0.000277s ]
[ sql ] [ SQL ] SHOW COLUMNS FROM `tpn_banner` [ RunTime:0.000467s ]
[ sql ] [ SQL ] SELECT `pid`,`mold`,`type`,`img_url` FROM `tpn_banner` WHERE  `enterprise_id` = 13  AND `type` = 1  AND `status` = 1 ORDER BY add_time desc LIMIT 0,4 [ RunTime:0.000276s ]
[ sql ] [ SQL ] SHOW COLUMNS FROM `tpn_course` [ RunTime:0.000628s ]
[ sql ] [ SQL ] SELECT `c`.`id`,`c`.`title`,`c`.`photo`,`c`.`reading`,`c`.`look_num`,`t`.`name`,`c`.`price` FROM `tpn_course` `c` LEFT JOIN `tpn_teacher` `t` ON `c`.`teacher_id`=`t`.`id` WHERE  `c`.`enterprise_id` = '13'  AND `c`.`type` = 3  AND `c`.`scene` = 1 ORDER BY c.is_recommend desc,c.created_at desc LIMIT 0,4 [ RunTime:0.000285s ]
[ sql ] [ SQL ] SHOW COLUMNS FROM `tpn_teacher` [ RunTime:0.000634s ]
[ sql ] [ SQL ] SELECT `id`,`name`,`title`,`photo` FROM `tpn_teacher` WHERE  `enterprise_id` = 13  AND `status` = 1  AND `is_xszd` = 0  AND `identity` LIKE '%3%' ORDER BY is_recommend desc,updated_at desc LIMIT 0,4 [ RunTime:0.000327s ]
[ sql ] [ SQL ] SHOW COLUMNS FROM `tpn_information` [ RunTime:0.000485s ]
[ sql ] [ SQL ] SELECT `id`,`cover_img`,`name`,`add_time`,`comment_num`,`pv` FROM `tpn_information` WHERE  `enterprise_id` = 13 ORDER BY `is_recommend`  desc,`add_time`  desc LIMIT 0,2 [ RunTime:0.000257s ]

---------------------------------------------------------------
[ 2018-12-09T15:00:01+08:00 ] 172.31.69.247 47.105.58.152 GET /root/Task/index.html?type=1
[ log ] admin.kzwchina.com/root/Task/index.html?type=1 [运行时间：0.018757s][吞吐率：53.31req/s] [内存消耗：2,428.86kb] [文件加载：48]
[ info ] [ LANG ] /www/wwwroot/kouzhiwen/thinkphp/lang/zh-cn.php
[ info ] [ BIND ] 'admin'
[ info ] [ ROUTE ] array (
  'type' => 'module',
  'module' => 
  array (
    0 => 'admin',
    1 => 'root',
    2 => 'Task',
  ),
)
[ info ] [ HEADER ] array (
  'user-agent' => 'curl/7.29.0',
  'host' => 'admin.kzwchina.com',
  'accept' => '*/*',
)
[ info ] [ PARAM ] array (
  'type' => '1',
)
[ info ] [ SESSION ] INIT array (
  'id' => '',
  'var_session_id' => '',
  'prefix' => 'think',
  'type' => '',
  'auto_start' => true,
)
[ info ] [ LOG ] INIT File

---------------------------------------------------------------
