[ 2018-10-21T13:48:46+08:00 ] 127.0.0.1 127.0.0.1 GET /root/index/index.html
[ log ] kouzhiwen.zpftech.com/root/index/index.html [运行时间：1.439416s][吞吐率：0.69req/s] [内存消耗：1,462.26kb] [文件加载：48]
[ info ] [ LANG ] E:\PHP\phpStudy\PHPTutorial\WWW\zpf-pro2\thinkphp\lang\zh-cn.php
[ info ] [ BIND ] 'admin'
[ info ] [ ROUTE ] array (
  'type' => 'module',
  'module' => 
  array (
    0 => 'admin',
    1 => 'root',
    2 => 'index',
  ),
)
[ info ] [ HEADER ] array (
  'accept-language' => 'zh-CN,zh;q=0.9',
  'accept-encoding' => 'gzip, deflate',
  'accept' => 'text/html,application/xhtml+xml,application/xml;q=0.9,image/webp,image/apng,*/*;q=0.8',
  'user-agent' => 'Mozilla/5.0 (Windows NT 10.0; Win64; x64) AppleWebKit/537.36 (KHTML, like Gecko) Chrome/69.0.3497.100 Safari/537.36',
  'upgrade-insecure-requests' => '1',
  'connection' => 'close',
  'host' => 'kouzhiwen.zpftech.com',
)
[ info ] [ PARAM ] array (
  '/root/index/index_html' => '',
)
[ info ] [ SESSION ] INIT array (
  'id' => '',
  'var_session_id' => '',
  'prefix' => 'think',
  'type' => '',
  'auto_start' => true,
)
[ info ] [ LOG ] INIT File

---------------------------------------------------------------
[ 2018-10-21T13:48:46+08:00 ] 127.0.0.1 127.0.0.1 GET /root/login/login.html
[ log ] kouzhiwen.zpftech.com/root/login/login.html [运行时间：0.209386s][吞吐率：4.78req/s] [内存消耗：1,413.65kb] [文件加载：49]
[ info ] [ LANG ] E:\PHP\phpStudy\PHPTutorial\WWW\zpf-pro2\thinkphp\lang\zh-cn.php
[ info ] [ BIND ] 'admin'
[ info ] [ ROUTE ] array (
  'type' => 'module',
  'module' => 
  array (
    0 => 'admin',
    1 => 'root',
    2 => 'login',
  ),
)
[ info ] [ HEADER ] array (
  'cookie' => 'PHPSESSID=223cehg6jeukan5m80f52vfjn7',
  'accept-language' => 'zh-CN,zh;q=0.9',
  'accept-encoding' => 'gzip, deflate',
  'referer' => 'http://kouzhiwen.zpftech.com/root/index/index.html',
  'accept' => 'text/html,application/xhtml+xml,application/xml;q=0.9,image/webp,image/apng,*/*;q=0.8',
  'user-agent' => 'Mozilla/5.0 (Windows NT 10.0; Win64; x64) AppleWebKit/537.36 (KHTML, like Gecko) Chrome/69.0.3497.100 Safari/537.36',
  'upgrade-insecure-requests' => '1',
  'connection' => 'close',
  'host' => 'kouzhiwen.zpftech.com',
)
[ info ] [ PARAM ] array (
  '/root/login/login_html' => '',
)
[ info ] [ RUN ] app\admin\root\controller\Login->login[ E:\PHP\phpStudy\PHPTutorial\WWW\zpf-pro2\application\admin\root\controller\Login.php ]
[ info ] [ VIEW ] E:\PHP\phpStudy\PHPTutorial\WWW\zpf-pro2\public/../application/admin/root\view\login\login.html [ array (
) ]
[ info ] [ LOG ] INIT File

---------------------------------------------------------------
[ 2018-10-21T13:48:51+08:00 ] 127.0.0.1 127.0.0.1 POST /root/login/login.html
[ log ] kouzhiwen.zpftech.com/root/login/login.html [运行时间：0.827486s][吞吐率：1.21req/s] [内存消耗：2,269.13kb] [文件加载：58]
[ info ] [ LANG ] E:\PHP\phpStudy\PHPTutorial\WWW\zpf-pro2\thinkphp\lang\zh-cn.php
[ info ] [ BIND ] 'admin'
[ info ] [ ROUTE ] array (
  'type' => 'module',
  'module' => 
  array (
    0 => 'admin',
    1 => 'root',
    2 => 'login',
  ),
)
[ info ] [ HEADER ] array (
  'cookie' => 'PHPSESSID=223cehg6jeukan5m80f52vfjn7',
  'accept-language' => 'zh-CN,zh;q=0.9',
  'accept-encoding' => 'gzip, deflate',
  'referer' => 'http://kouzhiwen.zpftech.com/root/login/login.html',
  'content-type' => 'application/x-www-form-urlencoded; charset=UTF-8',
  'user-agent' => 'Mozilla/5.0 (Windows NT 10.0; Win64; x64) AppleWebKit/537.36 (KHTML, like Gecko) Chrome/69.0.3497.100 Safari/537.36',
  'x-requested-with' => 'XMLHttpRequest',
  'origin' => 'http://kouzhiwen.zpftech.com',
  'accept' => 'application/json, text/javascript, */*; q=0.01',
  'content-length' => '30',
  'connection' => 'close',
  'host' => 'kouzhiwen.zpftech.com',
)
[ info ] [ PARAM ] array (
  '/root/login/login_html' => '',
  'username' => 'admin',
  'password' => '123456',
)
[ info ] [ RUN ] app\admin\root\controller\Login->login[ E:\PHP\phpStudy\PHPTutorial\WWW\zpf-pro2\application\admin\root\controller\Login.php ]
[ info ] [ DB ] INIT mysql
[ info ] [ SESSION ] INIT array (
  'id' => '',
  'var_session_id' => '',
  'prefix' => 'think',
  'type' => '',
  'auto_start' => true,
)
[ info ] [ LOG ] INIT File
[ sql ] [ DB ] CONNECT:[ UseTime:0.226745s ] mysql:dbname=kouzhiwen;host=39.104.143.40;port=3306;charset=utf8
[ sql ] [ SQL ] SHOW COLUMNS FROM `tpn_admin` [ RunTime:0.152033s ]
[ sql ] [ SQL ] SELECT * FROM `tpn_admin` WHERE  `username` = 'admin' LIMIT 1 [ RunTime:0.151671s ]

---------------------------------------------------------------
[ 2018-10-21T13:48:54+08:00 ] 127.0.0.1 127.0.0.1 GET /root/index/index.html
[ log ] kouzhiwen.zpftech.com/root/index/index.html [运行时间：2.135761s][吞吐率：0.47req/s] [内存消耗：2,372.77kb] [文件加载：59]
[ info ] [ LANG ] E:\PHP\phpStudy\PHPTutorial\WWW\zpf-pro2\thinkphp\lang\zh-cn.php
[ info ] [ BIND ] 'admin'
[ info ] [ ROUTE ] array (
  'type' => 'module',
  'module' => 
  array (
    0 => 'admin',
    1 => 'root',
    2 => 'index',
  ),
)
[ info ] [ HEADER ] array (
  'cookie' => 'PHPSESSID=223cehg6jeukan5m80f52vfjn7',
  'accept-language' => 'zh-CN,zh;q=0.9',
  'accept-encoding' => 'gzip, deflate',
  'referer' => 'http://kouzhiwen.zpftech.com/root/login/login.html',
  'accept' => 'text/html,application/xhtml+xml,application/xml;q=0.9,image/webp,image/apng,*/*;q=0.8',
  'user-agent' => 'Mozilla/5.0 (Windows NT 10.0; Win64; x64) AppleWebKit/537.36 (KHTML, like Gecko) Chrome/69.0.3497.100 Safari/537.36',
  'upgrade-insecure-requests' => '1',
  'connection' => 'close',
  'host' => 'kouzhiwen.zpftech.com',
)
[ info ] [ PARAM ] array (
  '/root/index/index_html' => '',
)
[ info ] [ SESSION ] INIT array (
  'id' => '',
  'var_session_id' => '',
  'prefix' => 'think',
  'type' => '',
  'auto_start' => true,
)
[ info ] [ DB ] INIT mysql
[ info ] [ RUN ] app\admin\root\controller\Index->index[ E:\PHP\phpStudy\PHPTutorial\WWW\zpf-pro2\application\admin\root\controller\Index.php ]
[ info ] [ DB ] INIT mysql
[ info ] [ DB ] INIT mysql
[ info ] [ DB ] INIT mysql
[ info ] [ VIEW ] E:\PHP\phpStudy\PHPTutorial\WWW\zpf-pro2\public/../application/admin/root\view\index\index.html [ array (
  0 => 'user',
  1 => 'menu',
  2 => 'mc',
  3 => 'group',
  4 => 'gid',
  5 => 'access',
  6 => 'id',
) ]
[ info ] [ LOG ] INIT File
[ sql ] [ DB ] CONNECT:[ UseTime:0.227037s ] mysql:dbname=kouzhiwen;host=39.104.143.40;port=3306;charset=utf8
[ sql ] [ SQL ] SHOW COLUMNS FROM `tpn_access_group` [ RunTime:0.159757s ]
[ sql ] [ SQL ] SELECT * FROM `tpn_access_group` WHERE  `id` IN (1) [ RunTime:0.155201s ]
[ sql ] [ DB ] CONNECT:[ UseTime:0.208185s ] mysql:dbname=kouzhiwen;host=39.104.143.40;port=3306;charset=utf8
[ sql ] [ SQL ] SELECT * FROM `tpn_access_group` WHERE  `id` = 1 LIMIT 1 [ RunTime:0.149732s ]
[ sql ] [ DB ] CONNECT:[ UseTime:0.211783s ] mysql:dbname=kouzhiwen;host=39.104.143.40;port=3306;charset=utf8
[ sql ] [ SQL ] SHOW COLUMNS FROM `tpn_menu` [ RunTime:0.145919s ]
[ sql ] [ SQL ] SELECT * FROM `tpn_menu` WHERE  `module` IN ('admin/root','admin/root','admin/root','admin/root','admin/root','admin/root','admin/root','admin/root','admin/root','admin/root','admin/root','admin/root','admin/root','admin/root','admin/root','admin/course','admin/course','admin/course','admin/course','admin/course','admin/course','admin/course','admin/info','admin/info','admin/info','admin/info','admin/finance','admin/finance','admin/finance','admin/finance','admin/finance','admin/finance')  AND `controller` IN ('AccessGroup','Admin','Banner','Classify','Introduce','Protocol','Advertisements','Comment','Notice','Information','Log','Version','Feedback','Contact','Keyword','Course','Coursetype','Paper','Study','Classtype','Classcourse','Questionnaire','Teacher','Enterprise','User','Teachertype','Detailed','Userdetailed','Recharge','Procedures','Pay','Gift') ORDER BY `mcid` ASC,`id` ASC [ RunTime:0.145436s ]
[ sql ] [ DB ] CONNECT:[ UseTime:0.207730s ] mysql:dbname=kouzhiwen;host=39.104.143.40;port=3306;charset=utf8
[ sql ] [ SQL ] SHOW COLUMNS FROM `tpn_menu_category` [ RunTime:0.138444s ]
[ sql ] [ SQL ] SELECT * FROM `tpn_menu_category` ORDER BY `sort` ASC [ RunTime:0.135139s ]

---------------------------------------------------------------
[ 2018-10-21T13:48:55+08:00 ] 127.0.0.1 127.0.0.1 GET /root/index/welcome/id/1.html
[ log ] kouzhiwen.zpftech.com/root/index/welcome/id/1.html [运行时间：0.616308s][吞吐率：1.62req/s] [内存消耗：2,070.95kb] [文件加载：58]
[ info ] [ LANG ] E:\PHP\phpStudy\PHPTutorial\WWW\zpf-pro2\thinkphp\lang\zh-cn.php
[ info ] [ BIND ] 'admin'
[ info ] [ ROUTE ] array (
  'type' => 'module',
  'module' => 
  array (
    0 => 'admin',
    1 => 'root',
    2 => 'index',
  ),
)
[ info ] [ HEADER ] array (
  'cookie' => 'PHPSESSID=223cehg6jeukan5m80f52vfjn7',
  'accept-language' => 'zh-CN,zh;q=0.9',
  'accept-encoding' => 'gzip, deflate',
  'referer' => 'http://kouzhiwen.zpftech.com/root/index/index.html',
  'accept' => 'text/html,application/xhtml+xml,application/xml;q=0.9,image/webp,image/apng,*/*;q=0.8',
  'user-agent' => 'Mozilla/5.0 (Windows NT 10.0; Win64; x64) AppleWebKit/537.36 (KHTML, like Gecko) Chrome/69.0.3497.100 Safari/537.36',
  'upgrade-insecure-requests' => '1',
  'connection' => 'close',
  'host' => 'kouzhiwen.zpftech.com',
)
[ info ] [ PARAM ] array (
  '/root/index/welcome/id/1_html' => '',
  'id' => '1',
)
[ info ] [ SESSION ] INIT array (
  'id' => '',
  'var_session_id' => '',
  'prefix' => 'think',
  'type' => '',
  'auto_start' => true,
)
[ info ] [ DB ] INIT mysql
[ info ] [ RUN ] app\admin\root\controller\Index->welcome[ E:\PHP\phpStudy\PHPTutorial\WWW\zpf-pro2\application\admin\root\controller\Index.php ]
[ info ] [ VIEW ] E:\PHP\phpStudy\PHPTutorial\WWW\zpf-pro2\public/../application/admin/root\view\index\welcome.html [ array (
  0 => 'id',
) ]
[ info ] [ LOG ] INIT File
[ sql ] [ DB ] CONNECT:[ UseTime:0.212873s ] mysql:dbname=kouzhiwen;host=39.104.143.40;port=3306;charset=utf8
[ sql ] [ SQL ] SHOW COLUMNS FROM `tpn_access_group` [ RunTime:0.137617s ]
[ sql ] [ SQL ] SELECT * FROM `tpn_access_group` WHERE  `id` IN (1) [ RunTime:0.147084s ]

---------------------------------------------------------------
[ 2018-10-21T13:50:56+08:00 ] 127.0.0.1 127.0.0.1 GET /cs.phpkouzhiwen.zpftech.com
[ log ] kouzhiwen.zpftech.com/cs.phpkouzhiwen.zpftech.com [运行时间：0.297161s][吞吐率：3.37req/s] [内存消耗：1,213.52kb] [文件加载：45]
[ info ] [ LANG ] E:\PHP\phpStudy\PHPTutorial\WWW\zpf-pro2\thinkphp\lang\zh-cn.php
[ info ] [ BIND ] 'admin'
[ info ] [ ROUTE ] array (
  'type' => 'module',
  'module' => 
  array (
    0 => 'admin',
    1 => 'cs.phpkouzhiwen.zpftech.com',
    2 => NULL,
  ),
)
[ info ] [ HEADER ] array (
  'cookie' => 'PHPSESSID=223cehg6jeukan5m80f52vfjn7',
  'accept-language' => 'zh-CN,zh;q=0.9',
  'accept-encoding' => 'gzip, deflate',
  'accept' => 'text/html,application/xhtml+xml,application/xml;q=0.9,image/webp,image/apng,*/*;q=0.8',
  'user-agent' => 'Mozilla/5.0 (Windows NT 10.0; Win64; x64) AppleWebKit/537.36 (KHTML, like Gecko) Chrome/69.0.3497.100 Safari/537.36',
  'upgrade-insecure-requests' => '1',
  'connection' => 'close',
  'host' => 'kouzhiwen.zpftech.com',
)
[ info ] [ PARAM ] array (
  '/cs_phpkouzhiwen_zpftech_com' => '',
)
[ info ] [ LOG ] INIT File
[ error ] [8]未定义数组下标: 2[E:\PHP\phpStudy\PHPTutorial\WWW\zpf-pro2\thinkphp\library\think\App.php:381]
[ error ] [8]未定义数组下标: 2[E:\PHP\phpStudy\PHPTutorial\WWW\zpf-pro2\thinkphp\library\think\App.php:385]
[ error ] [8]未定义数组下标: 3[E:\PHP\phpStudy\PHPTutorial\WWW\zpf-pro2\thinkphp\library\think\App.php:386]

---------------------------------------------------------------
[ 2018-10-21T13:51:00+08:00 ] 127.0.0.1 127.0.0.1 GET /
[ log ] kouzhiwen.zpftech.com/ [运行时间：2.052391s][吞吐率：0.49req/s] [内存消耗：2,423.02kb] [文件加载：62]
[ info ] [ LANG ] E:\PHP\phpStudy\PHPTutorial\WWW\zpf-pro2\thinkphp\lang\zh-cn.php
[ info ] [ BIND ] 'admin'
[ info ] [ ROUTE ] array (
  'type' => 'module',
  'module' => 
  array (
    0 => 'admin',
    1 => NULL,
    2 => NULL,
  ),
)
[ info ] [ HEADER ] array (
  'cookie' => 'PHPSESSID=223cehg6jeukan5m80f52vfjn7',
  'accept-language' => 'zh-CN,zh;q=0.9',
  'accept-encoding' => 'gzip, deflate',
  'accept' => 'text/html,application/xhtml+xml,application/xml;q=0.9,image/webp,image/apng,*/*;q=0.8',
  'user-agent' => 'Mozilla/5.0 (Windows NT 10.0; Win64; x64) AppleWebKit/537.36 (KHTML, like Gecko) Chrome/69.0.3497.100 Safari/537.36',
  'upgrade-insecure-requests' => '1',
  'purpose' => 'prefetch',
  'connection' => 'close',
  'host' => 'kouzhiwen.zpftech.com',
)
[ info ] [ PARAM ] array (
)
[ info ] [ SESSION ] INIT array (
  'id' => '',
  'var_session_id' => '',
  'prefix' => 'think',
  'type' => '',
  'auto_start' => true,
)
[ info ] [ DB ] INIT mysql
[ info ] [ RUN ] app\admin\root\controller\Index->index[ E:\PHP\phpStudy\PHPTutorial\WWW\zpf-pro2\application\admin\root\controller\Index.php ]
[ info ] [ DB ] INIT mysql
[ info ] [ DB ] INIT mysql
[ info ] [ DB ] INIT mysql
[ info ] [ VIEW ] E:\PHP\phpStudy\PHPTutorial\WWW\zpf-pro2\public/../application/admin/root\view\index\index.html [ array (
  0 => 'user',
  1 => 'menu',
  2 => 'mc',
  3 => 'group',
  4 => 'gid',
  5 => 'access',
  6 => 'id',
) ]
[ info ] [ LOG ] INIT File
[ error ] [8]未定义数组索引: PATH_INFO[E:\PHP\phpStudy\PHPTutorial\WWW\zpf-pro2\thinkphp\library\think\Route.php:1548]
[ error ] [8]未定义数组索引: PATH_INFO[E:\PHP\phpStudy\PHPTutorial\WWW\zpf-pro2\thinkphp\library\think\App.php:328]
[ error ] [8]未定义数组索引: PATH_INFO[E:\PHP\phpStudy\PHPTutorial\WWW\zpf-pro2\thinkphp\library\think\Request.php:1408]
[ error ] [8]未定义数组下标: 1[E:\PHP\phpStudy\PHPTutorial\WWW\zpf-pro2\thinkphp\library\think\App.php:379]
[ error ] [8]未定义数组下标: 2[E:\PHP\phpStudy\PHPTutorial\WWW\zpf-pro2\thinkphp\library\think\App.php:381]
[ error ] [8]未定义数组下标: 2[E:\PHP\phpStudy\PHPTutorial\WWW\zpf-pro2\thinkphp\library\think\App.php:385]
[ error ] [8]未定义数组下标: 3[E:\PHP\phpStudy\PHPTutorial\WWW\zpf-pro2\thinkphp\library\think\App.php:386]
[ error ] [8]未定义数组索引: PATH_INFO[E:\PHP\phpStudy\PHPTutorial\WWW\zpf-pro2\thinkphp\library\think\Request.php:1408]
[ error ] [8]未定义数组索引: PATH_INFO[E:\PHP\phpStudy\PHPTutorial\WWW\zpf-pro2\thinkphp\library\think\Request.php:1408]
[ error ] [8]未定义数组索引: PATH_INFO[E:\PHP\phpStudy\PHPTutorial\WWW\zpf-pro2\thinkphp\library\think\Request.php:1408]
[ error ] [8]未定义数组索引: PATH_INFO[E:\PHP\phpStudy\PHPTutorial\WWW\zpf-pro2\thinkphp\library\think\Request.php:1408]
[ error ] [8]未定义数组索引: PATH_INFO[E:\PHP\phpStudy\PHPTutorial\WWW\zpf-pro2\thinkphp\library\think\Request.php:1408]
[ error ] [8]未定义数组索引: PATH_INFO[E:\PHP\phpStudy\PHPTutorial\WWW\zpf-pro2\thinkphp\library\think\Request.php:1408]
[ error ] [8]未定义数组索引: PATH_INFO[E:\PHP\phpStudy\PHPTutorial\WWW\zpf-pro2\thinkphp\library\think\Request.php:1408]
[ error ] [8]未定义数组索引: PATH_INFO[E:\PHP\phpStudy\PHPTutorial\WWW\zpf-pro2\thinkphp\library\think\Request.php:1408]
[ error ] [8]未定义数组索引: PATH_INFO[E:\PHP\phpStudy\PHPTutorial\WWW\zpf-pro2\thinkphp\library\think\Request.php:1408]
[ error ] [8]未定义数组索引: PATH_INFO[E:\PHP\phpStudy\PHPTutorial\WWW\zpf-pro2\thinkphp\library\think\Request.php:1408]
[ error ] [8]未定义数组索引: PATH_INFO[E:\PHP\phpStudy\PHPTutorial\WWW\zpf-pro2\thinkphp\library\think\Request.php:1408]
[ error ] [8]未定义数组索引: PATH_INFO[E:\PHP\phpStudy\PHPTutorial\WWW\zpf-pro2\thinkphp\library\think\Request.php:1408]
[ error ] [8]未定义数组索引: PATH_INFO[E:\PHP\phpStudy\PHPTutorial\WWW\zpf-pro2\thinkphp\library\think\Request.php:1408]
[ error ] [8]未定义数组索引: PATH_INFO[E:\PHP\phpStudy\PHPTutorial\WWW\zpf-pro2\thinkphp\library\think\Request.php:1408]
[ error ] [8]未定义数组索引: PATH_INFO[E:\PHP\phpStudy\PHPTutorial\WWW\zpf-pro2\thinkphp\library\think\Request.php:1408]
[ error ] [8]未定义数组索引: PATH_INFO[E:\PHP\phpStudy\PHPTutorial\WWW\zpf-pro2\thinkphp\library\think\Request.php:1408]
[ error ] [8]未定义数组索引: PATH_INFO[E:\PHP\phpStudy\PHPTutorial\WWW\zpf-pro2\thinkphp\library\think\Request.php:1408]
[ error ] [8]未定义数组索引: PATH_INFO[E:\PHP\phpStudy\PHPTutorial\WWW\zpf-pro2\thinkphp\library\think\Request.php:1408]
[ error ] [8]未定义数组索引: PATH_INFO[E:\PHP\phpStudy\PHPTutorial\WWW\zpf-pro2\thinkphp\library\think\Request.php:1408]
[ error ] [8]未定义数组索引: PATH_INFO[E:\PHP\phpStudy\PHPTutorial\WWW\zpf-pro2\thinkphp\library\think\Request.php:1408]
[ error ] [8]未定义数组索引: PATH_INFO[E:\PHP\phpStudy\PHPTutorial\WWW\zpf-pro2\thinkphp\library\think\Request.php:1408]
[ error ] [8]未定义数组索引: PATH_INFO[E:\PHP\phpStudy\PHPTutorial\WWW\zpf-pro2\thinkphp\library\think\Request.php:1408]
[ error ] [8]未定义数组索引: PATH_INFO[E:\PHP\phpStudy\PHPTutorial\WWW\zpf-pro2\thinkphp\library\think\Request.php:1408]
[ error ] [8]未定义数组索引: PATH_INFO[E:\PHP\phpStudy\PHPTutorial\WWW\zpf-pro2\thinkphp\library\think\Request.php:1408]
[ error ] [8]未定义数组索引: PATH_INFO[E:\PHP\phpStudy\PHPTutorial\WWW\zpf-pro2\thinkphp\library\think\Request.php:1408]
[ error ] [8]未定义数组索引: PATH_INFO[E:\PHP\phpStudy\PHPTutorial\WWW\zpf-pro2\thinkphp\library\think\Request.php:1408]
[ error ] [8]未定义数组索引: PATH_INFO[E:\PHP\phpStudy\PHPTutorial\WWW\zpf-pro2\thinkphp\library\think\Request.php:1408]
[ error ] [8]未定义数组索引: PATH_INFO[E:\PHP\phpStudy\PHPTutorial\WWW\zpf-pro2\thinkphp\library\think\Request.php:1408]
[ error ] [8]未定义数组索引: PATH_INFO[E:\PHP\phpStudy\PHPTutorial\WWW\zpf-pro2\thinkphp\library\think\Request.php:1408]
[ error ] [8]未定义数组索引: PATH_INFO[E:\PHP\phpStudy\PHPTutorial\WWW\zpf-pro2\thinkphp\library\think\Request.php:1408]
[ error ] [8]未定义数组索引: PATH_INFO[E:\PHP\phpStudy\PHPTutorial\WWW\zpf-pro2\thinkphp\library\think\Request.php:1408]
[ error ] [8]未定义数组索引: PATH_INFO[E:\PHP\phpStudy\PHPTutorial\WWW\zpf-pro2\thinkphp\library\think\Request.php:1408]
[ error ] [8]未定义数组索引: PATH_INFO[E:\PHP\phpStudy\PHPTutorial\WWW\zpf-pro2\thinkphp\library\think\Request.php:1408]
[ error ] [8]未定义数组索引: PATH_INFO[E:\PHP\phpStudy\PHPTutorial\WWW\zpf-pro2\thinkphp\library\think\Request.php:1408]
[ error ] [8]未定义数组索引: PATH_INFO[E:\PHP\phpStudy\PHPTutorial\WWW\zpf-pro2\thinkphp\library\think\Request.php:1408]
[ error ] [8]未定义数组索引: PATH_INFO[E:\PHP\phpStudy\PHPTutorial\WWW\zpf-pro2\thinkphp\library\think\Request.php:1408]
[ error ] [8]未定义数组索引: PATH_INFO[E:\PHP\phpStudy\PHPTutorial\WWW\zpf-pro2\thinkphp\library\think\Request.php:1408]
[ error ] [8]未定义数组索引: PATH_INFO[E:\PHP\phpStudy\PHPTutorial\WWW\zpf-pro2\thinkphp\library\think\Request.php:1408]
[ error ] [8]未定义数组索引: PATH_INFO[E:\PHP\phpStudy\PHPTutorial\WWW\zpf-pro2\thinkphp\library\think\Request.php:1408]
[ error ] [8]未定义数组索引: PATH_INFO[E:\PHP\phpStudy\PHPTutorial\WWW\zpf-pro2\thinkphp\library\think\Request.php:1408]
[ error ] [8]未定义数组索引: PATH_INFO[E:\PHP\phpStudy\PHPTutorial\WWW\zpf-pro2\thinkphp\library\think\Request.php:1408]
[ error ] [8]未定义数组索引: PATH_INFO[E:\PHP\phpStudy\PHPTutorial\WWW\zpf-pro2\thinkphp\library\think\Request.php:1408]
[ sql ] [ DB ] CONNECT:[ UseTime:0.230948s ] mysql:dbname=kouzhiwen;host=39.104.143.40;port=3306;charset=utf8
[ sql ] [ SQL ] SHOW COLUMNS FROM `tpn_access_group` [ RunTime:0.157627s ]
[ sql ] [ SQL ] SELECT * FROM `tpn_access_group` WHERE  `id` IN (1) [ RunTime:0.154001s ]
[ sql ] [ DB ] CONNECT:[ UseTime:0.240756s ] mysql:dbname=kouzhiwen;host=39.104.143.40;port=3306;charset=utf8
[ sql ] [ SQL ] SELECT * FROM `tpn_access_group` WHERE  `id` = 1 LIMIT 1 [ RunTime:0.176425s ]
[ sql ] [ DB ] CONNECT:[ UseTime:0.213060s ] mysql:dbname=kouzhiwen;host=39.104.143.40;port=3306;charset=utf8
[ sql ] [ SQL ] SHOW COLUMNS FROM `tpn_menu` [ RunTime:0.139295s ]
[ sql ] [ SQL ] SELECT * FROM `tpn_menu` WHERE  `module` IN ('admin/root','admin/root','admin/root','admin/root','admin/root','admin/root','admin/root','admin/root','admin/root','admin/root','admin/root','admin/root','admin/root','admin/root','admin/root','admin/course','admin/course','admin/course','admin/course','admin/course','admin/course','admin/course','admin/info','admin/info','admin/info','admin/info','admin/finance','admin/finance','admin/finance','admin/finance','admin/finance','admin/finance')  AND `controller` IN ('AccessGroup','Admin','Banner','Classify','Introduce','Protocol','Advertisements','Comment','Notice','Information','Log','Version','Feedback','Contact','Keyword','Course','Coursetype','Paper','Study','Classtype','Classcourse','Questionnaire','Teacher','Enterprise','User','Teachertype','Detailed','Userdetailed','Recharge','Procedures','Pay','Gift') ORDER BY `mcid` ASC,`id` ASC [ RunTime:0.140406s ]
[ sql ] [ DB ] CONNECT:[ UseTime:0.227055s ] mysql:dbname=kouzhiwen;host=39.104.143.40;port=3306;charset=utf8
[ sql ] [ SQL ] SHOW COLUMNS FROM `tpn_menu_category` [ RunTime:0.151109s ]
[ sql ] [ SQL ] SELECT * FROM `tpn_menu_category` ORDER BY `sort` ASC [ RunTime:0.156885s ]

---------------------------------------------------------------
[ 2018-10-21T13:51:03+08:00 ] 127.0.0.1 127.0.0.1 GET /
[ log ] kouzhiwen.zpftech.com/ [运行时间：2.032832s][吞吐率：0.49req/s] [内存消耗：2,422.94kb] [文件加载：62]
[ info ] [ LANG ] E:\PHP\phpStudy\PHPTutorial\WWW\zpf-pro2\thinkphp\lang\zh-cn.php
[ info ] [ BIND ] 'admin'
[ info ] [ ROUTE ] array (
  'type' => 'module',
  'module' => 
  array (
    0 => 'admin',
    1 => NULL,
    2 => NULL,
  ),
)
[ info ] [ HEADER ] array (
  'cookie' => 'PHPSESSID=223cehg6jeukan5m80f52vfjn7',
  'accept-language' => 'zh-CN,zh;q=0.9',
  'accept-encoding' => 'gzip, deflate',
  'accept' => 'text/html,application/xhtml+xml,application/xml;q=0.9,image/webp,image/apng,*/*;q=0.8',
  'user-agent' => 'Mozilla/5.0 (Windows NT 10.0; Win64; x64) AppleWebKit/537.36 (KHTML, like Gecko) Chrome/69.0.3497.100 Safari/537.36',
  'upgrade-insecure-requests' => '1',
  'connection' => 'close',
  'host' => 'kouzhiwen.zpftech.com',
)
[ info ] [ PARAM ] array (
)
[ info ] [ SESSION ] INIT array (
  'id' => '',
  'var_session_id' => '',
  'prefix' => 'think',
  'type' => '',
  'auto_start' => true,
)
[ info ] [ DB ] INIT mysql
[ info ] [ RUN ] app\admin\root\controller\Index->index[ E:\PHP\phpStudy\PHPTutorial\WWW\zpf-pro2\application\admin\root\controller\Index.php ]
[ info ] [ DB ] INIT mysql
[ info ] [ DB ] INIT mysql
[ info ] [ DB ] INIT mysql
[ info ] [ VIEW ] E:\PHP\phpStudy\PHPTutorial\WWW\zpf-pro2\public/../application/admin/root\view\index\index.html [ array (
  0 => 'user',
  1 => 'menu',
  2 => 'mc',
  3 => 'group',
  4 => 'gid',
  5 => 'access',
  6 => 'id',
) ]
[ info ] [ LOG ] INIT File
[ error ] [8]未定义数组索引: PATH_INFO[E:\PHP\phpStudy\PHPTutorial\WWW\zpf-pro2\thinkphp\library\think\Route.php:1548]
[ error ] [8]未定义数组索引: PATH_INFO[E:\PHP\phpStudy\PHPTutorial\WWW\zpf-pro2\thinkphp\library\think\App.php:328]
[ error ] [8]未定义数组索引: PATH_INFO[E:\PHP\phpStudy\PHPTutorial\WWW\zpf-pro2\thinkphp\library\think\Request.php:1408]
[ error ] [8]未定义数组下标: 1[E:\PHP\phpStudy\PHPTutorial\WWW\zpf-pro2\thinkphp\library\think\App.php:379]
[ error ] [8]未定义数组下标: 2[E:\PHP\phpStudy\PHPTutorial\WWW\zpf-pro2\thinkphp\library\think\App.php:381]
[ error ] [8]未定义数组下标: 2[E:\PHP\phpStudy\PHPTutorial\WWW\zpf-pro2\thinkphp\library\think\App.php:385]
[ error ] [8]未定义数组下标: 3[E:\PHP\phpStudy\PHPTutorial\WWW\zpf-pro2\thinkphp\library\think\App.php:386]
[ error ] [8]未定义数组索引: PATH_INFO[E:\PHP\phpStudy\PHPTutorial\WWW\zpf-pro2\thinkphp\library\think\Request.php:1408]
[ error ] [8]未定义数组索引: PATH_INFO[E:\PHP\phpStudy\PHPTutorial\WWW\zpf-pro2\thinkphp\library\think\Request.php:1408]
[ error ] [8]未定义数组索引: PATH_INFO[E:\PHP\phpStudy\PHPTutorial\WWW\zpf-pro2\thinkphp\library\think\Request.php:1408]
[ error ] [8]未定义数组索引: PATH_INFO[E:\PHP\phpStudy\PHPTutorial\WWW\zpf-pro2\thinkphp\library\think\Request.php:1408]
[ error ] [8]未定义数组索引: PATH_INFO[E:\PHP\phpStudy\PHPTutorial\WWW\zpf-pro2\thinkphp\library\think\Request.php:1408]
[ error ] [8]未定义数组索引: PATH_INFO[E:\PHP\phpStudy\PHPTutorial\WWW\zpf-pro2\thinkphp\library\think\Request.php:1408]
[ error ] [8]未定义数组索引: PATH_INFO[E:\PHP\phpStudy\PHPTutorial\WWW\zpf-pro2\thinkphp\library\think\Request.php:1408]
[ error ] [8]未定义数组索引: PATH_INFO[E:\PHP\phpStudy\PHPTutorial\WWW\zpf-pro2\thinkphp\library\think\Request.php:1408]
[ error ] [8]未定义数组索引: PATH_INFO[E:\PHP\phpStudy\PHPTutorial\WWW\zpf-pro2\thinkphp\library\think\Request.php:1408]
[ error ] [8]未定义数组索引: PATH_INFO[E:\PHP\phpStudy\PHPTutorial\WWW\zpf-pro2\thinkphp\library\think\Request.php:1408]
[ error ] [8]未定义数组索引: PATH_INFO[E:\PHP\phpStudy\PHPTutorial\WWW\zpf-pro2\thinkphp\library\think\Request.php:1408]
[ error ] [8]未定义数组索引: PATH_INFO[E:\PHP\phpStudy\PHPTutorial\WWW\zpf-pro2\thinkphp\library\think\Request.php:1408]
[ error ] [8]未定义数组索引: PATH_INFO[E:\PHP\phpStudy\PHPTutorial\WWW\zpf-pro2\thinkphp\library\think\Request.php:1408]
[ error ] [8]未定义数组索引: PATH_INFO[E:\PHP\phpStudy\PHPTutorial\WWW\zpf-pro2\thinkphp\library\think\Request.php:1408]
[ error ] [8]未定义数组索引: PATH_INFO[E:\PHP\phpStudy\PHPTutorial\WWW\zpf-pro2\thinkphp\library\think\Request.php:1408]
[ error ] [8]未定义数组索引: PATH_INFO[E:\PHP\phpStudy\PHPTutorial\WWW\zpf-pro2\thinkphp\library\think\Request.php:1408]
[ error ] [8]未定义数组索引: PATH_INFO[E:\PHP\phpStudy\PHPTutorial\WWW\zpf-pro2\thinkphp\library\think\Request.php:1408]
[ error ] [8]未定义数组索引: PATH_INFO[E:\PHP\phpStudy\PHPTutorial\WWW\zpf-pro2\thinkphp\library\think\Request.php:1408]
[ error ] [8]未定义数组索引: PATH_INFO[E:\PHP\phpStudy\PHPTutorial\WWW\zpf-pro2\thinkphp\library\think\Request.php:1408]
[ error ] [8]未定义数组索引: PATH_INFO[E:\PHP\phpStudy\PHPTutorial\WWW\zpf-pro2\thinkphp\library\think\Request.php:1408]
[ error ] [8]未定义数组索引: PATH_INFO[E:\PHP\phpStudy\PHPTutorial\WWW\zpf-pro2\thinkphp\library\think\Request.php:1408]
[ error ] [8]未定义数组索引: PATH_INFO[E:\PHP\phpStudy\PHPTutorial\WWW\zpf-pro2\thinkphp\library\think\Request.php:1408]
[ error ] [8]未定义数组索引: PATH_INFO[E:\PHP\phpStudy\PHPTutorial\WWW\zpf-pro2\thinkphp\library\think\Request.php:1408]
[ error ] [8]未定义数组索引: PATH_INFO[E:\PHP\phpStudy\PHPTutorial\WWW\zpf-pro2\thinkphp\library\think\Request.php:1408]
[ error ] [8]未定义数组索引: PATH_INFO[E:\PHP\phpStudy\PHPTutorial\WWW\zpf-pro2\thinkphp\library\think\Request.php:1408]
[ error ] [8]未定义数组索引: PATH_INFO[E:\PHP\phpStudy\PHPTutorial\WWW\zpf-pro2\thinkphp\library\think\Request.php:1408]
[ error ] [8]未定义数组索引: PATH_INFO[E:\PHP\phpStudy\PHPTutorial\WWW\zpf-pro2\thinkphp\library\think\Request.php:1408]
[ error ] [8]未定义数组索引: PATH_INFO[E:\PHP\phpStudy\PHPTutorial\WWW\zpf-pro2\thinkphp\library\think\Request.php:1408]
[ error ] [8]未定义数组索引: PATH_INFO[E:\PHP\phpStudy\PHPTutorial\WWW\zpf-pro2\thinkphp\library\think\Request.php:1408]
[ error ] [8]未定义数组索引: PATH_INFO[E:\PHP\phpStudy\PHPTutorial\WWW\zpf-pro2\thinkphp\library\think\Request.php:1408]
[ error ] [8]未定义数组索引: PATH_INFO[E:\PHP\phpStudy\PHPTutorial\WWW\zpf-pro2\thinkphp\library\think\Request.php:1408]
[ error ] [8]未定义数组索引: PATH_INFO[E:\PHP\phpStudy\PHPTutorial\WWW\zpf-pro2\thinkphp\library\think\Request.php:1408]
[ error ] [8]未定义数组索引: PATH_INFO[E:\PHP\phpStudy\PHPTutorial\WWW\zpf-pro2\thinkphp\library\think\Request.php:1408]
[ error ] [8]未定义数组索引: PATH_INFO[E:\PHP\phpStudy\PHPTutorial\WWW\zpf-pro2\thinkphp\library\think\Request.php:1408]
[ error ] [8]未定义数组索引: PATH_INFO[E:\PHP\phpStudy\PHPTutorial\WWW\zpf-pro2\thinkphp\library\think\Request.php:1408]
[ error ] [8]未定义数组索引: PATH_INFO[E:\PHP\phpStudy\PHPTutorial\WWW\zpf-pro2\thinkphp\library\think\Request.php:1408]
[ error ] [8]未定义数组索引: PATH_INFO[E:\PHP\phpStudy\PHPTutorial\WWW\zpf-pro2\thinkphp\library\think\Request.php:1408]
[ error ] [8]未定义数组索引: PATH_INFO[E:\PHP\phpStudy\PHPTutorial\WWW\zpf-pro2\thinkphp\library\think\Request.php:1408]
[ error ] [8]未定义数组索引: PATH_INFO[E:\PHP\phpStudy\PHPTutorial\WWW\zpf-pro2\thinkphp\library\think\Request.php:1408]
[ error ] [8]未定义数组索引: PATH_INFO[E:\PHP\phpStudy\PHPTutorial\WWW\zpf-pro2\thinkphp\library\think\Request.php:1408]
[ error ] [8]未定义数组索引: PATH_INFO[E:\PHP\phpStudy\PHPTutorial\WWW\zpf-pro2\thinkphp\library\think\Request.php:1408]
[ error ] [8]未定义数组索引: PATH_INFO[E:\PHP\phpStudy\PHPTutorial\WWW\zpf-pro2\thinkphp\library\think\Request.php:1408]
[ sql ] [ DB ] CONNECT:[ UseTime:0.226304s ] mysql:dbname=kouzhiwen;host=39.104.143.40;port=3306;charset=utf8
[ sql ] [ SQL ] SHOW COLUMNS FROM `tpn_access_group` [ RunTime:0.146917s ]
[ sql ] [ SQL ] SELECT * FROM `tpn_access_group` WHERE  `id` IN (1) [ RunTime:0.154037s ]
[ sql ] [ DB ] CONNECT:[ UseTime:0.228519s ] mysql:dbname=kouzhiwen;host=39.104.143.40;port=3306;charset=utf8
[ sql ] [ SQL ] SELECT * FROM `tpn_access_group` WHERE  `id` = 1 LIMIT 1 [ RunTime:0.143820s ]
[ sql ] [ DB ] CONNECT:[ UseTime:0.219485s ] mysql:dbname=kouzhiwen;host=39.104.143.40;port=3306;charset=utf8
[ sql ] [ SQL ] SHOW COLUMNS FROM `tpn_menu` [ RunTime:0.141007s ]
[ sql ] [ SQL ] SELECT * FROM `tpn_menu` WHERE  `module` IN ('admin/root','admin/root','admin/root','admin/root','admin/root','admin/root','admin/root','admin/root','admin/root','admin/root','admin/root','admin/root','admin/root','admin/root','admin/root','admin/course','admin/course','admin/course','admin/course','admin/course','admin/course','admin/course','admin/info','admin/info','admin/info','admin/info','admin/finance','admin/finance','admin/finance','admin/finance','admin/finance','admin/finance')  AND `controller` IN ('AccessGroup','Admin','Banner','Classify','Introduce','Protocol','Advertisements','Comment','Notice','Information','Log','Version','Feedback','Contact','Keyword','Course','Coursetype','Paper','Study','Classtype','Classcourse','Questionnaire','Teacher','Enterprise','User','Teachertype','Detailed','Userdetailed','Recharge','Procedures','Pay','Gift') ORDER BY `mcid` ASC,`id` ASC [ RunTime:0.148512s ]
[ sql ] [ DB ] CONNECT:[ UseTime:0.247423s ] mysql:dbname=kouzhiwen;host=39.104.143.40;port=3306;charset=utf8
[ sql ] [ SQL ] SHOW COLUMNS FROM `tpn_menu_category` [ RunTime:0.161733s ]
[ sql ] [ SQL ] SELECT * FROM `tpn_menu_category` ORDER BY `sort` ASC [ RunTime:0.165913s ]

---------------------------------------------------------------
[ 2018-10-21T13:51:03+08:00 ] 127.0.0.1 127.0.0.1 GET /root/index/welcome/id/1.html
[ log ] kouzhiwen.zpftech.com/root/index/welcome/id/1.html [运行时间：0.592306s][吞吐率：1.69req/s] [内存消耗：2,071.08kb] [文件加载：58]
[ info ] [ LANG ] E:\PHP\phpStudy\PHPTutorial\WWW\zpf-pro2\thinkphp\lang\zh-cn.php
[ info ] [ BIND ] 'admin'
[ info ] [ ROUTE ] array (
  'type' => 'module',
  'module' => 
  array (
    0 => 'admin',
    1 => 'root',
    2 => 'index',
  ),
)
[ info ] [ HEADER ] array (
  'cookie' => 'PHPSESSID=223cehg6jeukan5m80f52vfjn7',
  'accept-language' => 'zh-CN,zh;q=0.9',
  'accept-encoding' => 'gzip, deflate',
  'referer' => 'http://kouzhiwen.zpftech.com/',
  'accept' => 'text/html,application/xhtml+xml,application/xml;q=0.9,image/webp,image/apng,*/*;q=0.8',
  'user-agent' => 'Mozilla/5.0 (Windows NT 10.0; Win64; x64) AppleWebKit/537.36 (KHTML, like Gecko) Chrome/69.0.3497.100 Safari/537.36',
  'upgrade-insecure-requests' => '1',
  'connection' => 'close',
  'host' => 'kouzhiwen.zpftech.com',
)
[ info ] [ PARAM ] array (
  '/root/index/welcome/id/1_html' => '',
  'id' => '1',
)
[ info ] [ SESSION ] INIT array (
  'id' => '',
  'var_session_id' => '',
  'prefix' => 'think',
  'type' => '',
  'auto_start' => true,
)
[ info ] [ DB ] INIT mysql
[ info ] [ RUN ] app\admin\root\controller\Index->welcome[ E:\PHP\phpStudy\PHPTutorial\WWW\zpf-pro2\application\admin\root\controller\Index.php ]
[ info ] [ VIEW ] E:\PHP\phpStudy\PHPTutorial\WWW\zpf-pro2\public/../application/admin/root\view\index\welcome.html [ array (
  0 => 'id',
) ]
[ info ] [ LOG ] INIT File
[ sql ] [ DB ] CONNECT:[ UseTime:0.208001s ] mysql:dbname=kouzhiwen;host=39.104.143.40;port=3306;charset=utf8
[ sql ] [ SQL ] SHOW COLUMNS FROM `tpn_access_group` [ RunTime:0.137558s ]
[ sql ] [ SQL ] SELECT * FROM `tpn_access_group` WHERE  `id` IN (1) [ RunTime:0.169020s ]

---------------------------------------------------------------
[ 2018-10-21T13:51:06+08:00 ] 127.0.0.1 127.0.0.1 GET /root/access_group/index.html
[ log ] kouzhiwen.zpftech.com/root/access_group/index.html [运行时间：1.201717s][吞吐率：0.83req/s] [内存消耗：2,444.73kb] [文件加载：63]
[ info ] [ LANG ] E:\PHP\phpStudy\PHPTutorial\WWW\zpf-pro2\thinkphp\lang\zh-cn.php
[ info ] [ BIND ] 'admin'
[ info ] [ ROUTE ] array (
  'type' => 'module',
  'module' => 
  array (
    0 => 'admin',
    1 => 'root',
    2 => 'access_group',
  ),
)
[ info ] [ HEADER ] array (
  'cookie' => 'PHPSESSID=223cehg6jeukan5m80f52vfjn7',
  'accept-language' => 'zh-CN,zh;q=0.9',
  'accept-encoding' => 'gzip, deflate',
  'referer' => 'http://kouzhiwen.zpftech.com/',
  'accept' => 'text/html,application/xhtml+xml,application/xml;q=0.9,image/webp,image/apng,*/*;q=0.8',
  'user-agent' => 'Mozilla/5.0 (Windows NT 10.0; Win64; x64) AppleWebKit/537.36 (KHTML, like Gecko) Chrome/69.0.3497.100 Safari/537.36',
  'upgrade-insecure-requests' => '1',
  'connection' => 'close',
  'host' => 'kouzhiwen.zpftech.com',
)
[ info ] [ PARAM ] array (
  '/root/access_group/index_html' => '',
)
[ info ] [ SESSION ] INIT array (
  'id' => '',
  'var_session_id' => '',
  'prefix' => 'think',
  'type' => '',
  'auto_start' => true,
)
[ info ] [ DB ] INIT mysql
[ info ] [ RUN ] app\admin\root\controller\AccessGroup->index[ E:\PHP\phpStudy\PHPTutorial\WWW\zpf-pro2\application\admin\root\controller\AccessGroup.php ]
[ info ] [ DB ] INIT mysql
[ info ] [ VIEW ] E:\PHP\phpStudy\PHPTutorial\WWW\zpf-pro2\public/../application/admin/root\view\access_group\index.html [ array (
  0 => 'data',
) ]
[ info ] [ LOG ] INIT File
[ sql ] [ DB ] CONNECT:[ UseTime:0.211851s ] mysql:dbname=kouzhiwen;host=39.104.143.40;port=3306;charset=utf8
[ sql ] [ SQL ] SHOW COLUMNS FROM `tpn_access_group` [ RunTime:0.150838s ]
[ sql ] [ SQL ] SELECT * FROM `tpn_access_group` WHERE  `id` IN (1) [ RunTime:0.145233s ]
[ sql ] [ DB ] CONNECT:[ UseTime:0.199414s ] mysql:dbname=kouzhiwen;host=39.104.143.40;port=3306;charset=utf8
[ sql ] [ SQL ] SELECT * FROM `tpn_access_group` WHERE  `enterprise_id` = 0 [ RunTime:0.138958s ]

---------------------------------------------------------------
[ 2018-10-21T13:51:09+08:00 ] 127.0.0.1 127.0.0.1 GET /root/access_group/edit/id/1.html?module_name=admin/root
[ log ] kouzhiwen.zpftech.com/root/access_group/edit/id/1.html?module_name=admin/root [运行时间：2.132662s][吞吐率：0.47req/s] [内存消耗：2,353.38kb] [文件加载：58]
[ info ] [ LANG ] E:\PHP\phpStudy\PHPTutorial\WWW\zpf-pro2\thinkphp\lang\zh-cn.php
[ info ] [ BIND ] 'admin'
[ info ] [ ROUTE ] array (
  'type' => 'module',
  'module' => 
  array (
    0 => 'admin',
    1 => 'root',
    2 => 'access_group',
  ),
)
[ info ] [ HEADER ] array (
  'cookie' => 'PHPSESSID=223cehg6jeukan5m80f52vfjn7',
  'accept-language' => 'zh-CN,zh;q=0.9',
  'accept-encoding' => 'gzip, deflate',
  'referer' => 'http://kouzhiwen.zpftech.com/root/access_group/index.html',
  'accept' => 'text/html,application/xhtml+xml,application/xml;q=0.9,image/webp,image/apng,*/*;q=0.8',
  'user-agent' => 'Mozilla/5.0 (Windows NT 10.0; Win64; x64) AppleWebKit/537.36 (KHTML, like Gecko) Chrome/69.0.3497.100 Safari/537.36',
  'upgrade-insecure-requests' => '1',
  'connection' => 'close',
  'host' => 'kouzhiwen.zpftech.com',
)
[ info ] [ PARAM ] array (
  '/root/access_group/edit/id/1_html' => '',
  'module_name' => 'admin/root',
  'id' => '1',
)
[ info ] [ SESSION ] INIT array (
  'id' => '',
  'var_session_id' => '',
  'prefix' => 'think',
  'type' => '',
  'auto_start' => true,
)
[ info ] [ DB ] INIT mysql
[ info ] [ RUN ] app\admin\root\controller\AccessGroup->edit[ E:\PHP\phpStudy\PHPTutorial\WWW\zpf-pro2\application\admin\root\controller\AccessGroup.php ]
[ info ] [ DB ] INIT mysql
[ info ] [ DB ] INIT mysql
[ info ] [ DB ] INIT mysql
[ info ] [ VIEW ] E:\PHP\phpStudy\PHPTutorial\WWW\zpf-pro2\public/../application/admin/root\view\access_group\edit.html [ array (
  0 => 'oldData',
  1 => 'menu',
) ]
[ info ] [ LOG ] INIT File
[ sql ] [ DB ] CONNECT:[ UseTime:0.218756s ] mysql:dbname=kouzhiwen;host=39.104.143.40;port=3306;charset=utf8
[ sql ] [ SQL ] SHOW COLUMNS FROM `tpn_access_group` [ RunTime:0.146692s ]
[ sql ] [ SQL ] SELECT * FROM `tpn_access_group` WHERE  `id` IN (1) [ RunTime:0.152824s ]
[ sql ] [ DB ] CONNECT:[ UseTime:0.229767s ] mysql:dbname=kouzhiwen;host=39.104.143.40;port=3306;charset=utf8
[ sql ] [ SQL ] SELECT * FROM `tpn_access_group` WHERE  `id` = 1 LIMIT 1 [ RunTime:0.156206s ]
[ sql ] [ DB ] CONNECT:[ UseTime:0.239353s ] mysql:dbname=kouzhiwen;host=39.104.143.40;port=3306;charset=utf8
[ sql ] [ SQL ] SHOW COLUMNS FROM `tpn_menu` [ RunTime:0.162945s ]
[ sql ] [ SQL ] SELECT * FROM `tpn_menu` WHERE  `platform` IN (1,2) ORDER BY `id` ASC [ RunTime:0.168222s ]
[ sql ] [ DB ] CONNECT:[ UseTime:0.217043s ] mysql:dbname=kouzhiwen;host=39.104.143.40;port=3306;charset=utf8
[ sql ] [ SQL ] SHOW COLUMNS FROM `tpn_menu_category` [ RunTime:0.144222s ]
[ sql ] [ SQL ] SELECT * FROM `tpn_menu_category` ORDER BY `sort` ASC [ RunTime:0.141417s ]

---------------------------------------------------------------
[ 2018-10-21T13:51:36+08:00 ] 127.0.0.1 127.0.0.1 GET /root/access_group/add.html
[ log ] kouzhiwen.zpftech.com/root/access_group/add.html [运行时间：1.975790s][吞吐率：0.51req/s] [内存消耗：2,296.53kb] [文件加载：58]
[ info ] [ LANG ] E:\PHP\phpStudy\PHPTutorial\WWW\zpf-pro2\thinkphp\lang\zh-cn.php
[ info ] [ BIND ] 'admin'
[ info ] [ ROUTE ] array (
  'type' => 'module',
  'module' => 
  array (
    0 => 'admin',
    1 => 'root',
    2 => 'access_group',
  ),
)
[ info ] [ HEADER ] array (
  'cookie' => 'PHPSESSID=223cehg6jeukan5m80f52vfjn7',
  'accept-language' => 'zh-CN,zh;q=0.9',
  'accept-encoding' => 'gzip, deflate',
  'referer' => 'http://kouzhiwen.zpftech.com/root/access_group/index.html',
  'accept' => 'text/html,application/xhtml+xml,application/xml;q=0.9,image/webp,image/apng,*/*;q=0.8',
  'user-agent' => 'Mozilla/5.0 (Windows NT 10.0; Win64; x64) AppleWebKit/537.36 (KHTML, like Gecko) Chrome/69.0.3497.100 Safari/537.36',
  'upgrade-insecure-requests' => '1',
  'connection' => 'close',
  'host' => 'kouzhiwen.zpftech.com',
)
[ info ] [ PARAM ] array (
  '/root/access_group/add_html' => '',
)
[ info ] [ SESSION ] INIT array (
  'id' => '',
  'var_session_id' => '',
  'prefix' => 'think',
  'type' => '',
  'auto_start' => true,
)
[ info ] [ DB ] INIT mysql
[ info ] [ RUN ] app\admin\root\controller\AccessGroup->add[ E:\PHP\phpStudy\PHPTutorial\WWW\zpf-pro2\application\admin\root\controller\AccessGroup.php ]
[ info ] [ DB ] INIT mysql
[ info ] [ DB ] INIT mysql
[ info ] [ VIEW ] E:\PHP\phpStudy\PHPTutorial\WWW\zpf-pro2\public/../application/admin/root\view\access_group\add.html [ array (
  0 => 'menu',
) ]
[ info ] [ LOG ] INIT File
[ sql ] [ DB ] CONNECT:[ UseTime:0.207213s ] mysql:dbname=kouzhiwen;host=39.104.143.40;port=3306;charset=utf8
[ sql ] [ SQL ] SHOW COLUMNS FROM `tpn_access_group` [ RunTime:0.141612s ]
[ sql ] [ SQL ] SELECT * FROM `tpn_access_group` WHERE  `id` IN (1) [ RunTime:0.138578s ]
[ sql ] [ DB ] CONNECT:[ UseTime:0.229849s ] mysql:dbname=kouzhiwen;host=39.104.143.40;port=3306;charset=utf8
[ sql ] [ SQL ] SHOW COLUMNS FROM `tpn_menu` [ RunTime:0.143466s ]
[ sql ] [ SQL ] SELECT * FROM `tpn_menu` WHERE  `platform` IN (1,2) ORDER BY `id` ASC [ RunTime:0.142498s ]
[ sql ] [ DB ] CONNECT:[ UseTime:0.204514s ] mysql:dbname=kouzhiwen;host=39.104.143.40;port=3306;charset=utf8
[ sql ] [ SQL ] SHOW COLUMNS FROM `tpn_menu_category` [ RunTime:0.132457s ]
[ sql ] [ SQL ] SELECT * FROM `tpn_menu_category` ORDER BY `sort` ASC [ RunTime:0.131178s ]

---------------------------------------------------------------
