[ 2019-05-03T01:02:53+08:00 ] 172.31.69.247 106.56.99.32 GET /common/user/my_info
[ log ] api.kzwchina.com/common/user/my_info [运行时间：0.121390s][吞吐率：8.24req/s] [内存消耗：5,161.07kb] [文件加载：62]
[ info ] [ LANG ] /www/wwwroot/kouzhiwen/thinkphp/lang/zh-cn.php
[ info ] [ BIND ] 'api'
[ info ] [ ROUTE ] array (
  'type' => 'module',
  'module' => 
  array (
    0 => 'api',
    1 => 'common',
    2 => 'user',
  ),
)
[ info ] [ HEADER ] array (
  'connection' => 'keep-alive',
  'user-agent' => 'Android',
  'logintoken' => 'bf50367efef55e7ef624ef31a87e624f',
  'host' => 'api.kzwchina.com',
  'accept-encoding' => 'gzip',
  'content-type' => 'application/x-www-form-urlencoded; charset=UTF-8',
)
[ info ] [ PARAM ] array (
)
[ info ] [ SESSION ] INIT array (
  'id' => '',
  'var_session_id' => '',
  'prefix' => 'think',
  'type' => '',
  'auto_start' => true,
)
[ info ] [ DB ] INIT mysql
[ info ] [ RUN ] app\api\common\controller\User->myInfo[ /www/wwwroot/kouzhiwen/application/api/common/controller/User.php ]
[ info ] [ LOG ] INIT File
[ sql ] [ DB ] CONNECT:[ UseTime:0.000428s ] mysql:dbname=kouzhiwen;host=127.0.0.1;port=3306;charset=utf8
[ sql ] [ SQL ] SHOW COLUMNS FROM `tpn_user` [ RunTime:0.000859s ]
[ sql ] [ SQL ] SELECT * FROM `tpn_user` WHERE  `logintoken` = 'bf50367efef55e7ef624ef31a87e624f' LIMIT 1 [ RunTime:0.000708s ]
[ sql ] [ SQL ] SHOW COLUMNS FROM `tpn_regions` [ RunTime:0.000553s ]
[ sql ] [ SQL ] SELECT * FROM `tpn_regions` [ RunTime:0.003127s ]

---------------------------------------------------------------
[ 2019-05-03T01:02:54+08:00 ] 172.31.69.247 106.56.99.32 GET /common/user/notice_count
[ log ] api.kzwchina.com/common/user/notice_count [运行时间：0.045099s][吞吐率：22.17req/s] [内存消耗：3,983.68kb] [文件加载：60]
[ info ] [ LANG ] /www/wwwroot/kouzhiwen/thinkphp/lang/zh-cn.php
[ info ] [ BIND ] 'api'
[ info ] [ ROUTE ] array (
  'type' => 'module',
  'module' => 
  array (
    0 => 'api',
    1 => 'common',
    2 => 'user',
  ),
)
[ info ] [ HEADER ] array (
  'connection' => 'keep-alive',
  'user-agent' => 'Android',
  'logintoken' => 'bf50367efef55e7ef624ef31a87e624f',
  'host' => 'api.kzwchina.com',
  'accept-encoding' => 'gzip',
  'content-type' => 'application/x-www-form-urlencoded; charset=UTF-8',
)
[ info ] [ PARAM ] array (
)
[ info ] [ SESSION ] INIT array (
  'id' => '',
  'var_session_id' => '',
  'prefix' => 'think',
  'type' => '',
  'auto_start' => true,
)
[ info ] [ DB ] INIT mysql
[ info ] [ RUN ] app\api\common\controller\User->NoticeCount[ /www/wwwroot/kouzhiwen/application/api/common/controller/User.php ]
[ info ] [ LOG ] INIT File
[ sql ] [ DB ] CONNECT:[ UseTime:0.000310s ] mysql:dbname=kouzhiwen;host=127.0.0.1;port=3306;charset=utf8
[ sql ] [ SQL ] SHOW COLUMNS FROM `tpn_user` [ RunTime:0.000949s ]
[ sql ] [ SQL ] SELECT * FROM `tpn_user` WHERE  `logintoken` = 'bf50367efef55e7ef624ef31a87e624f' LIMIT 1 [ RunTime:0.000617s ]
[ sql ] [ SQL ] SHOW COLUMNS FROM `tpn_user_notice` [ RunTime:0.000546s ]
[ sql ] [ SQL ] SELECT COUNT(*) AS tp_count FROM `tpn_user_notice` WHERE  `uid` = 257  AND `reading` = 0 LIMIT 1 [ RunTime:0.000337s ]

---------------------------------------------------------------
[ 2019-05-03T01:02:54+08:00 ] 172.31.69.247 106.56.99.32 GET /common/home/index?enterprise_id=13
[ log ] api.kzwchina.com/common/home/index?enterprise_id=13 [运行时间：0.058330s][吞吐率：17.14req/s] [内存消耗：4,371.68kb] [文件加载：70]
[ info ] [ LANG ] /www/wwwroot/kouzhiwen/thinkphp/lang/zh-cn.php
[ info ] [ BIND ] 'api'
[ info ] [ ROUTE ] array (
  'type' => 'module',
  'module' => 
  array (
    0 => 'api',
    1 => 'common',
    2 => 'home',
  ),
)
[ info ] [ HEADER ] array (
  'connection' => 'keep-alive',
  'user-agent' => 'Android',
  'logintoken' => 'bf50367efef55e7ef624ef31a87e624f',
  'host' => 'api.kzwchina.com',
  'accept-encoding' => 'gzip',
  'content-type' => 'application/x-www-form-urlencoded; charset=UTF-8',
)
[ info ] [ PARAM ] array (
  'enterprise_id' => '13',
)
[ info ] [ SESSION ] INIT array (
  'id' => '',
  'var_session_id' => '',
  'prefix' => 'think',
  'type' => '',
  'auto_start' => true,
)
[ info ] [ DB ] INIT mysql
[ info ] [ RUN ] app\api\common\controller\Home->index[ /www/wwwroot/kouzhiwen/application/api/common/controller/Home.php ]
[ info ] [ LOG ] INIT File
[ sql ] [ DB ] CONNECT:[ UseTime:0.000465s ] mysql:dbname=kouzhiwen;host=127.0.0.1;port=3306;charset=utf8
[ sql ] [ SQL ] SHOW COLUMNS FROM `tpn_user` [ RunTime:0.001147s ]
[ sql ] [ SQL ] SELECT * FROM `tpn_user` WHERE  `logintoken` = 'bf50367efef55e7ef624ef31a87e624f' LIMIT 1 [ RunTime:0.000690s ]
[ sql ] [ SQL ] SHOW COLUMNS FROM `tpn_enterprise` [ RunTime:0.000713s ]
[ sql ] [ SQL ] SELECT * FROM `tpn_enterprise` WHERE  `id` = 13 LIMIT 1 [ RunTime:0.000360s ]
[ sql ] [ SQL ] SHOW COLUMNS FROM `tpn_banner` [ RunTime:0.000554s ]
[ sql ] [ SQL ] SELECT `pid`,`mold`,`type`,`img_url` FROM `tpn_banner` WHERE  `enterprise_id` = 13  AND `type` = 1  AND `status` = 1 ORDER BY add_time desc LIMIT 0,4 [ RunTime:0.000322s ]
[ sql ] [ SQL ] SHOW COLUMNS FROM `tpn_class` [ RunTime:0.000658s ]
[ sql ] [ SQL ] SELECT * FROM `tpn_class` WHERE  `id` = 130 LIMIT 1 [ RunTime:0.000330s ]
[ sql ] [ SQL ] SHOW COLUMNS FROM `tpn_class_user` [ RunTime:0.000484s ]
[ sql ] [ SQL ] SELECT * FROM `tpn_class_user` WHERE  `uid` = 257  AND `class_id` = 130 LIMIT 1 [ RunTime:0.000516s ]
[ sql ] [ SQL ] SHOW COLUMNS FROM `tpn_course` [ RunTime:0.000675s ]
[ sql ] [ SQL ] SELECT `c`.`id`,`c`.`title`,`c`.`photo`,`c`.`reading`,`c`.`look_num`,`t`.`name`,`c`.`price` FROM `tpn_course` `c` LEFT JOIN `tpn_teacher` `t` ON `c`.`teacher_id`=`t`.`id` WHERE  `c`.`enterprise_id` = '13'  AND `c`.`type` = 3  AND `c`.`scene` = 1 ORDER BY c.is_recommend desc,c.created_at desc LIMIT 0,4 [ RunTime:0.000362s ]
[ sql ] [ SQL ] SHOW COLUMNS FROM `tpn_teacher` [ RunTime:0.000726s ]
[ sql ] [ SQL ] SELECT `id`,`name`,`title`,`photo` FROM `tpn_teacher` WHERE  `enterprise_id` = 13  AND `status` = 1  AND `is_xszd` = 0  AND `identity` LIKE '%3%' ORDER BY is_recommend desc,updated_at desc LIMIT 0,4 [ RunTime:0.000804s ]
[ sql ] [ SQL ] SHOW COLUMNS FROM `tpn_information` [ RunTime:0.000479s ]
[ sql ] [ SQL ] SELECT `id`,`cover_img`,`name`,`add_time`,`comment_num`,`pv` FROM `tpn_information` WHERE  `enterprise_id` = 13 ORDER BY `is_recommend`  desc,`add_time`  desc LIMIT 0,2 [ RunTime:0.000323s ]

---------------------------------------------------------------
[ 2019-05-03T01:02:58+08:00 ] 172.31.69.247 106.56.99.32 GET /discover/course/course_type?enterprise_id=13&type=2
[ log ] api.kzwchina.com/discover/course/course_type?enterprise_id=13&type=2 [运行时间：0.031106s][吞吐率：32.15req/s] [内存消耗：3,910.34kb] [文件加载：62]
[ info ] [ LANG ] /www/wwwroot/kouzhiwen/thinkphp/lang/zh-cn.php
[ info ] [ BIND ] 'api'
[ info ] [ ROUTE ] array (
  'type' => 'module',
  'module' => 
  array (
    0 => 'api',
    1 => 'discover',
    2 => 'course',
  ),
)
[ info ] [ HEADER ] array (
  'connection' => 'keep-alive',
  'user-agent' => 'Android',
  'logintoken' => 'bf50367efef55e7ef624ef31a87e624f',
  'host' => 'api.kzwchina.com',
  'accept-encoding' => 'gzip',
  'content-type' => 'application/x-www-form-urlencoded; charset=UTF-8',
)
[ info ] [ PARAM ] array (
  'enterprise_id' => '13',
  'type' => '2',
)
[ info ] [ SESSION ] INIT array (
  'id' => '',
  'var_session_id' => '',
  'prefix' => 'think',
  'type' => '',
  'auto_start' => true,
)
[ info ] [ DB ] INIT mysql
[ info ] [ RUN ] app\api\discover\controller\Course->CourseType[ /www/wwwroot/kouzhiwen/application/api/discover/controller/Course.php ]
[ info ] [ LOG ] INIT File
[ sql ] [ DB ] CONNECT:[ UseTime:0.000426s ] mysql:dbname=kouzhiwen;host=127.0.0.1;port=3306;charset=utf8
[ sql ] [ SQL ] SHOW COLUMNS FROM `tpn_user` [ RunTime:0.000869s ]
[ sql ] [ SQL ] SELECT * FROM `tpn_user` WHERE  `logintoken` = 'bf50367efef55e7ef624ef31a87e624f' LIMIT 1 [ RunTime:0.000615s ]
[ sql ] [ SQL ] SHOW COLUMNS FROM `tpn_course_type` [ RunTime:0.000576s ]
[ sql ] [ SQL ] SELECT * FROM `tpn_course_type` WHERE  `enterprise_id` = 13  AND `type` = 2 [ RunTime:0.000289s ]

---------------------------------------------------------------
[ 2019-05-03T01:03:01+08:00 ] 172.31.69.247 106.56.99.32 POST /discover/course/datalist
[ log ] api.kzwchina.com/discover/course/datalist [运行时间：0.104684s][吞吐率：9.55req/s] [内存消耗：3,997.95kb] [文件加载：65]
[ info ] [ LANG ] /www/wwwroot/kouzhiwen/thinkphp/lang/zh-cn.php
[ info ] [ BIND ] 'api'
[ info ] [ ROUTE ] array (
  'type' => 'module',
  'module' => 
  array (
    0 => 'api',
    1 => 'discover',
    2 => 'course',
  ),
)
[ info ] [ HEADER ] array (
  'connection' => 'keep-alive',
  'user-agent' => 'Android',
  'logintoken' => 'bf50367efef55e7ef624ef31a87e624f',
  'host' => 'api.kzwchina.com',
  'accept-encoding' => 'gzip',
  'content-type' => 'application/x-www-form-urlencoded',
  'content-length' => '40',
)
[ info ] [ PARAM ] array (
  'type' => '2',
  'type_id' => '0',
  'page' => '1',
  'enterprise_id' => '13',
)
[ info ] [ SESSION ] INIT array (
  'id' => '',
  'var_session_id' => '',
  'prefix' => 'think',
  'type' => '',
  'auto_start' => true,
)
[ info ] [ DB ] INIT mysql
[ info ] [ RUN ] app\api\discover\controller\Course->datalist[ /www/wwwroot/kouzhiwen/application/api/discover/controller/Course.php ]
[ info ] [ LOG ] INIT File
[ sql ] [ DB ] CONNECT:[ UseTime:0.008707s ] mysql:dbname=kouzhiwen;host=127.0.0.1;port=3306;charset=utf8
[ sql ] [ SQL ] SHOW COLUMNS FROM `tpn_user` [ RunTime:0.001041s ]
[ sql ] [ SQL ] SELECT * FROM `tpn_user` WHERE  `logintoken` = 'bf50367efef55e7ef624ef31a87e624f' LIMIT 1 [ RunTime:0.000637s ]
[ sql ] [ SQL ] SHOW COLUMNS FROM `tpn_course` [ RunTime:0.000742s ]
[ sql ] [ SQL ] SELECT COUNT(*) AS tp_count FROM `tpn_course` `a` WHERE  `a`.`status` = 1  AND `a`.`enterprise_id` = '13'  AND `a`.`type` = '2' ORDER BY weight desc,a.id desc LIMIT 1 [ RunTime:0.000296s ]
[ sql ] [ SQL ] SELECT `a`.`id`,`a`.`photo`,`a`.`title`,`a`.`price`,`a`.`look_num`,`a`.`reading`,(select if(count(*)>0,1,0) from `tpn_order` where `type`=2 and `type_id`=a.id and `pay_status`=2) is_buy FROM `tpn_course` `a` WHERE  `a`.`status` = 1  AND `a`.`enterprise_id` = '13'  AND `a`.`type` = '2' ORDER BY weight desc,a.id desc LIMIT 0,10 [ RunTime:0.000410s ]
[ error ] [8]未定义数组索引: power[/www/wwwroot/kouzhiwen/application/common/model/Course.php:31]
[ error ] [8]未定义数组索引: classify_id[/www/wwwroot/kouzhiwen/application/common/model/Course.php:34]
[ error ] [8]未定义数组索引: power[/www/wwwroot/kouzhiwen/application/common/model/Course.php:31]
[ error ] [8]未定义数组索引: classify_id[/www/wwwroot/kouzhiwen/application/common/model/Course.php:34]

---------------------------------------------------------------
[ 2019-05-03T01:03:03+08:00 ] 172.31.69.247 106.56.99.32 POST /discover/course/datalist
[ log ] api.kzwchina.com/discover/course/datalist [运行时间：0.032495s][吞吐率：30.77req/s] [内存消耗：3,997.95kb] [文件加载：65]
[ info ] [ LANG ] /www/wwwroot/kouzhiwen/thinkphp/lang/zh-cn.php
[ info ] [ BIND ] 'api'
[ info ] [ ROUTE ] array (
  'type' => 'module',
  'module' => 
  array (
    0 => 'api',
    1 => 'discover',
    2 => 'course',
  ),
)
[ info ] [ HEADER ] array (
  'connection' => 'keep-alive',
  'user-agent' => 'Android',
  'logintoken' => 'bf50367efef55e7ef624ef31a87e624f',
  'host' => 'api.kzwchina.com',
  'accept-encoding' => 'gzip',
  'content-type' => 'application/x-www-form-urlencoded',
  'content-length' => '40',
)
[ info ] [ PARAM ] array (
  'type' => '2',
  'type_id' => '0',
  'page' => '1',
  'enterprise_id' => '13',
)
[ info ] [ SESSION ] INIT array (
  'id' => '',
  'var_session_id' => '',
  'prefix' => 'think',
  'type' => '',
  'auto_start' => true,
)
[ info ] [ DB ] INIT mysql
[ info ] [ RUN ] app\api\discover\controller\Course->datalist[ /www/wwwroot/kouzhiwen/application/api/discover/controller/Course.php ]
[ info ] [ LOG ] INIT File
[ sql ] [ DB ] CONNECT:[ UseTime:0.000448s ] mysql:dbname=kouzhiwen;host=127.0.0.1;port=3306;charset=utf8
[ sql ] [ SQL ] SHOW COLUMNS FROM `tpn_user` [ RunTime:0.000840s ]
[ sql ] [ SQL ] SELECT * FROM `tpn_user` WHERE  `logintoken` = 'bf50367efef55e7ef624ef31a87e624f' LIMIT 1 [ RunTime:0.000615s ]
[ sql ] [ SQL ] SHOW COLUMNS FROM `tpn_course` [ RunTime:0.000732s ]
[ sql ] [ SQL ] SELECT COUNT(*) AS tp_count FROM `tpn_course` `a` WHERE  `a`.`status` = 1  AND `a`.`enterprise_id` = '13'  AND `a`.`type` = '2' ORDER BY weight desc,a.id desc LIMIT 1 [ RunTime:0.000314s ]
[ sql ] [ SQL ] SELECT `a`.`id`,`a`.`photo`,`a`.`title`,`a`.`price`,`a`.`look_num`,`a`.`reading`,(select if(count(*)>0,1,0) from `tpn_order` where `type`=2 and `type_id`=a.id and `pay_status`=2) is_buy FROM `tpn_course` `a` WHERE  `a`.`status` = 1  AND `a`.`enterprise_id` = '13'  AND `a`.`type` = '2' ORDER BY weight desc,a.id desc LIMIT 0,10 [ RunTime:0.000413s ]
[ error ] [8]未定义数组索引: power[/www/wwwroot/kouzhiwen/application/common/model/Course.php:31]
[ error ] [8]未定义数组索引: classify_id[/www/wwwroot/kouzhiwen/application/common/model/Course.php:34]
[ error ] [8]未定义数组索引: power[/www/wwwroot/kouzhiwen/application/common/model/Course.php:31]
[ error ] [8]未定义数组索引: classify_id[/www/wwwroot/kouzhiwen/application/common/model/Course.php:34]

---------------------------------------------------------------
[ 2019-05-03T01:03:04+08:00 ] 172.31.69.247 106.56.99.32 POST /discover/course/datalist
[ log ] api.kzwchina.com/discover/course/datalist [运行时间：0.033084s][吞吐率：30.23req/s] [内存消耗：3,998.38kb] [文件加载：65]
[ info ] [ LANG ] /www/wwwroot/kouzhiwen/thinkphp/lang/zh-cn.php
[ info ] [ BIND ] 'api'
[ info ] [ ROUTE ] array (
  'type' => 'module',
  'module' => 
  array (
    0 => 'api',
    1 => 'discover',
    2 => 'course',
  ),
)
[ info ] [ HEADER ] array (
  'connection' => 'keep-alive',
  'user-agent' => 'Android',
  'logintoken' => 'bf50367efef55e7ef624ef31a87e624f',
  'host' => 'api.kzwchina.com',
  'accept-encoding' => 'gzip',
  'content-type' => 'application/x-www-form-urlencoded',
  'content-length' => '41',
)
[ info ] [ PARAM ] array (
  'type' => '2',
  'type_id' => '32',
  'page' => '1',
  'enterprise_id' => '13',
)
[ info ] [ SESSION ] INIT array (
  'id' => '',
  'var_session_id' => '',
  'prefix' => 'think',
  'type' => '',
  'auto_start' => true,
)
[ info ] [ DB ] INIT mysql
[ info ] [ RUN ] app\api\discover\controller\Course->datalist[ /www/wwwroot/kouzhiwen/application/api/discover/controller/Course.php ]
[ info ] [ LOG ] INIT File
[ sql ] [ DB ] CONNECT:[ UseTime:0.000437s ] mysql:dbname=kouzhiwen;host=127.0.0.1;port=3306;charset=utf8
[ sql ] [ SQL ] SHOW COLUMNS FROM `tpn_user` [ RunTime:0.000941s ]
[ sql ] [ SQL ] SELECT * FROM `tpn_user` WHERE  `logintoken` = 'bf50367efef55e7ef624ef31a87e624f' LIMIT 1 [ RunTime:0.000617s ]
[ sql ] [ SQL ] SHOW COLUMNS FROM `tpn_course` [ RunTime:0.000738s ]
[ sql ] [ SQL ] SELECT COUNT(*) AS tp_count FROM `tpn_course` `a` WHERE  `a`.`status` = 1  AND `a`.`enterprise_id` = '13'  AND `a`.`type` = '2'  AND `a`.`type_id` = '32' ORDER BY weight desc,a.id desc LIMIT 1 [ RunTime:0.000299s ]
[ sql ] [ SQL ] SELECT `a`.`id`,`a`.`photo`,`a`.`title`,`a`.`price`,`a`.`look_num`,`a`.`reading`,(select if(count(*)>0,1,0) from `tpn_order` where `type`=2 and `type_id`=a.id and `pay_status`=2) is_buy FROM `tpn_course` `a` WHERE  `a`.`status` = 1  AND `a`.`enterprise_id` = '13'  AND `a`.`type` = '2'  AND `a`.`type_id` = '32' ORDER BY weight desc,a.id desc LIMIT 0,10 [ RunTime:0.000472s ]
[ error ] [8]未定义数组索引: power[/www/wwwroot/kouzhiwen/application/common/model/Course.php:31]
[ error ] [8]未定义数组索引: classify_id[/www/wwwroot/kouzhiwen/application/common/model/Course.php:34]
[ error ] [8]未定义数组索引: power[/www/wwwroot/kouzhiwen/application/common/model/Course.php:31]
[ error ] [8]未定义数组索引: classify_id[/www/wwwroot/kouzhiwen/application/common/model/Course.php:34]

---------------------------------------------------------------
[ 2019-05-03T01:03:14+08:00 ] 172.31.69.247 106.56.99.32 POST /discover/comment/datalist
[ log ] api.kzwchina.com/discover/comment/datalist [运行时间：0.045982s][吞吐率：21.75req/s] [内存消耗：3,943.25kb] [文件加载：62]
[ info ] [ LANG ] /www/wwwroot/kouzhiwen/thinkphp/lang/zh-cn.php
[ info ] [ BIND ] 'api'
[ info ] [ ROUTE ] array (
  'type' => 'module',
  'module' => 
  array (
    0 => 'api',
    1 => 'discover',
    2 => 'comment',
  ),
)
[ info ] [ HEADER ] array (
  'connection' => 'keep-alive',
  'user-agent' => 'Android',
  'logintoken' => 'bf50367efef55e7ef624ef31a87e624f',
  'host' => 'api.kzwchina.com',
  'accept-encoding' => 'gzip',
  'content-type' => 'application/x-www-form-urlencoded',
  'content-length' => '24',
)
[ info ] [ PARAM ] array (
  'type' => '4',
  'type_id' => '23',
  'page' => '1',
)
[ info ] [ SESSION ] INIT array (
  'id' => '',
  'var_session_id' => '',
  'prefix' => 'think',
  'type' => '',
  'auto_start' => true,
)
[ info ] [ DB ] INIT mysql
[ info ] [ RUN ] app\api\discover\controller\Comment->datalist[ /www/wwwroot/kouzhiwen/application/api/discover/controller/Comment.php ]
[ info ] [ LOG ] INIT File
[ sql ] [ DB ] CONNECT:[ UseTime:0.000492s ] mysql:dbname=kouzhiwen;host=127.0.0.1;port=3306;charset=utf8
[ sql ] [ SQL ] SHOW COLUMNS FROM `tpn_user` [ RunTime:0.001089s ]
[ sql ] [ SQL ] SELECT * FROM `tpn_user` WHERE  `logintoken` = 'bf50367efef55e7ef624ef31a87e624f' LIMIT 1 [ RunTime:0.000647s ]
[ sql ] [ SQL ] SHOW COLUMNS FROM `tpn_comment` [ RunTime:0.000591s ]
[ sql ] [ SQL ] SELECT COUNT(*) AS tp_count FROM `tpn_comment` `a` INNER JOIN `tpn_user` `u` ON `u`.`uid`=`a`.`uid` WHERE  `a`.`pid` = 0  AND `a`.`status` = 1  AND `a`.`type` = '4'  AND `a`.`type_id` = '23' ORDER BY id desc LIMIT 1 [ RunTime:0.000426s ]
[ sql ] [ SQL ] SELECT `a`.`id`,`a`.`type`,`a`.`type_id`,`a`.`contents`,`a`.`add_time`,`a`.`like_num`,`a`.`comment_num`,`u`.`nickname`,`u`.`face`,(select if(count(*)>0,1,0) from `tpn_comment_like` where `comment_id`=a.id and `uid`='257') is_like FROM `tpn_comment` `a` INNER JOIN `tpn_user` `u` ON `u`.`uid`=`a`.`uid` WHERE  `a`.`pid` = 0  AND `a`.`status` = 1  AND `a`.`type` = '4'  AND `a`.`type_id` = '23' ORDER BY id desc LIMIT 0,10 [ RunTime:0.000669s ]

---------------------------------------------------------------
[ 2019-05-03T01:03:14+08:00 ] 172.31.69.247 106.56.99.32 POST /discover/article/details
[ log ] api.kzwchina.com/discover/article/details [运行时间：0.052609s][吞吐率：19.01req/s] [内存消耗：4,117.29kb] [文件加载：67]
[ info ] [ LANG ] /www/wwwroot/kouzhiwen/thinkphp/lang/zh-cn.php
[ info ] [ BIND ] 'api'
[ info ] [ ROUTE ] array (
  'type' => 'module',
  'module' => 
  array (
    0 => 'api',
    1 => 'discover',
    2 => 'article',
  ),
)
[ info ] [ HEADER ] array (
  'connection' => 'keep-alive',
  'user-agent' => 'Android',
  'logintoken' => 'bf50367efef55e7ef624ef31a87e624f',
  'host' => 'api.kzwchina.com',
  'accept-encoding' => 'gzip',
  'content-type' => 'application/x-www-form-urlencoded',
  'content-length' => '5',
)
[ info ] [ PARAM ] array (
  'id' => '23',
)
[ info ] [ SESSION ] INIT array (
  'id' => '',
  'var_session_id' => '',
  'prefix' => 'think',
  'type' => '',
  'auto_start' => true,
)
[ info ] [ DB ] INIT mysql
[ info ] [ RUN ] app\api\discover\controller\Article->details[ /www/wwwroot/kouzhiwen/application/api/discover/controller/Article.php ]
[ info ] [ CACHE ] INIT File
[ info ] [ LOG ] INIT File
[ sql ] [ DB ] CONNECT:[ UseTime:0.000503s ] mysql:dbname=kouzhiwen;host=127.0.0.1;port=3306;charset=utf8
[ sql ] [ SQL ] SHOW COLUMNS FROM `tpn_user` [ RunTime:0.001089s ]
[ sql ] [ SQL ] SELECT * FROM `tpn_user` WHERE  `logintoken` = 'bf50367efef55e7ef624ef31a87e624f' LIMIT 1 [ RunTime:0.000648s ]
[ sql ] [ SQL ] SHOW COLUMNS FROM `tpn_information` [ RunTime:0.000655s ]
[ sql ] [ SQL ] SELECT * FROM `tpn_information` WHERE  `id` = 23  AND `status` = 1 LIMIT 1 [ RunTime:0.000402s ]
[ sql ] [ SQL ] SHOW COLUMNS FROM `tpn_user_collect` [ RunTime:0.000657s ]
[ sql ] [ SQL ] SELECT * FROM `tpn_user_collect` WHERE  `type` = 3  AND `uid` = 257  AND `type_id` = 23 LIMIT 1 [ RunTime:0.000319s ]
[ sql ] [ SQL ] UPDATE `tpn_information`  SET `pv`=pv+1  WHERE  `id` = 23 [ RunTime:0.004911s ]

---------------------------------------------------------------
[ 2019-05-03T01:03:15+08:00 ] 172.31.69.247 106.56.99.32 GET /discover/article/details?id=23
[ log ] api.kzwchina.com/discover/article/details?id=23 [运行时间：0.036818s][吞吐率：27.16req/s] [内存消耗：4,014.36kb] [文件加载：66]
[ info ] [ LANG ] /www/wwwroot/kouzhiwen/thinkphp/lang/zh-cn.php
[ info ] [ BIND ] 'api'
[ info ] [ ROUTE ] array (
  'type' => 'module',
  'module' => 
  array (
    0 => 'api',
    1 => 'discover',
    2 => 'article',
  ),
)
[ info ] [ HEADER ] array (
  'host' => 'api.kzwchina.com',
  'connection' => 'keep-alive',
  'accept' => 'application/json, text/plain, */*',
  'user-agent' => 'Mozilla/5.0 (Linux; Android 9; EVR-AL00 Build/HUAWEIEVR-AL00; wv) AppleWebKit/537.36 (KHTML, like Gecko) Version/4.0 Chrome/66.0.3359.126 MQQBrowser/6.2 TBS/044605 Mobile Safari/537.36',
  'referer' => 'http://api.kzwchina.com/h5/index.html',
  'accept-encoding' => 'gzip, deflate',
  'accept-language' => 'zh-CN,en-US;q=0.9',
  'x-requested-with' => 'com.zipingfang.kzhw',
)
[ info ] [ PARAM ] array (
  'id' => '23',
)
[ info ] [ RUN ] app\api\discover\controller\Article->details[ /www/wwwroot/kouzhiwen/application/api/discover/controller/Article.php ]
[ info ] [ DB ] INIT mysql
[ info ] [ CACHE ] INIT File
[ info ] [ LOG ] INIT File
[ sql ] [ DB ] CONNECT:[ UseTime:0.000407s ] mysql:dbname=kouzhiwen;host=127.0.0.1;port=3306;charset=utf8
[ sql ] [ SQL ] SHOW COLUMNS FROM `tpn_information` [ RunTime:0.000831s ]
[ sql ] [ SQL ] SELECT * FROM `tpn_information` WHERE  `id` = 23  AND `status` = 1 LIMIT 1 [ RunTime:0.000420s ]
[ sql ] [ SQL ] SHOW COLUMNS FROM `tpn_user_collect` [ RunTime:0.000552s ]
[ sql ] [ SQL ] SELECT * FROM `tpn_user_collect` WHERE  `type` = 3  AND `uid` = 0  AND `type_id` = 23 LIMIT 1 [ RunTime:0.000286s ]
[ sql ] [ SQL ] UPDATE `tpn_information`  SET `pv`=pv+1  WHERE  `id` = 23 [ RunTime:0.004534s ]

---------------------------------------------------------------
[ 2019-05-03T01:03:51+08:00 ] 172.31.69.247 106.56.99.32 POST /discover/comment/datalist
[ log ] api.kzwchina.com/discover/comment/datalist [运行时间：0.045285s][吞吐率：22.08req/s] [内存消耗：3,940.92kb] [文件加载：62]
[ info ] [ LANG ] /www/wwwroot/kouzhiwen/thinkphp/lang/zh-cn.php
[ info ] [ BIND ] 'api'
[ info ] [ ROUTE ] array (
  'type' => 'module',
  'module' => 
  array (
    0 => 'api',
    1 => 'discover',
    2 => 'comment',
  ),
)
[ info ] [ HEADER ] array (
  'connection' => 'keep-alive',
  'user-agent' => 'Android',
  'logintoken' => 'bf50367efef55e7ef624ef31a87e624f',
  'host' => 'api.kzwchina.com',
  'accept-encoding' => 'gzip',
  'content-type' => 'application/x-www-form-urlencoded',
  'content-length' => '24',
)
[ info ] [ PARAM ] array (
  'type' => '4',
  'type_id' => '22',
  'page' => '1',
)
[ info ] [ SESSION ] INIT array (
  'id' => '',
  'var_session_id' => '',
  'prefix' => 'think',
  'type' => '',
  'auto_start' => true,
)
[ info ] [ DB ] INIT mysql
[ info ] [ RUN ] app\api\discover\controller\Comment->datalist[ /www/wwwroot/kouzhiwen/application/api/discover/controller/Comment.php ]
[ info ] [ LOG ] INIT File
[ sql ] [ DB ] CONNECT:[ UseTime:0.000411s ] mysql:dbname=kouzhiwen;host=127.0.0.1;port=3306;charset=utf8
[ sql ] [ SQL ] SHOW COLUMNS FROM `tpn_user` [ RunTime:0.001084s ]
[ sql ] [ SQL ] SELECT * FROM `tpn_user` WHERE  `logintoken` = 'bf50367efef55e7ef624ef31a87e624f' LIMIT 1 [ RunTime:0.000672s ]
[ sql ] [ SQL ] SHOW COLUMNS FROM `tpn_comment` [ RunTime:0.000616s ]
[ sql ] [ SQL ] SELECT COUNT(*) AS tp_count FROM `tpn_comment` `a` INNER JOIN `tpn_user` `u` ON `u`.`uid`=`a`.`uid` WHERE  `a`.`pid` = 0  AND `a`.`status` = 1  AND `a`.`type` = '4'  AND `a`.`type_id` = '22' ORDER BY id desc LIMIT 1 [ RunTime:0.000411s ]
[ sql ] [ SQL ] SELECT `a`.`id`,`a`.`type`,`a`.`type_id`,`a`.`contents`,`a`.`add_time`,`a`.`like_num`,`a`.`comment_num`,`u`.`nickname`,`u`.`face`,(select if(count(*)>0,1,0) from `tpn_comment_like` where `comment_id`=a.id and `uid`='257') is_like FROM `tpn_comment` `a` INNER JOIN `tpn_user` `u` ON `u`.`uid`=`a`.`uid` WHERE  `a`.`pid` = 0  AND `a`.`status` = 1  AND `a`.`type` = '4'  AND `a`.`type_id` = '22' ORDER BY id desc LIMIT 0,10 [ RunTime:0.000584s ]

---------------------------------------------------------------
[ 2019-05-03T01:03:51+08:00 ] 172.31.69.247 106.56.99.32 POST /discover/article/details
[ log ] api.kzwchina.com/discover/article/details [运行时间：0.052242s][吞吐率：19.14req/s] [内存消耗：4,117.57kb] [文件加载：67]
[ info ] [ LANG ] /www/wwwroot/kouzhiwen/thinkphp/lang/zh-cn.php
[ info ] [ BIND ] 'api'
[ info ] [ ROUTE ] array (
  'type' => 'module',
  'module' => 
  array (
    0 => 'api',
    1 => 'discover',
    2 => 'article',
  ),
)
[ info ] [ HEADER ] array (
  'connection' => 'keep-alive',
  'user-agent' => 'Android',
  'logintoken' => 'bf50367efef55e7ef624ef31a87e624f',
  'host' => 'api.kzwchina.com',
  'accept-encoding' => 'gzip',
  'content-type' => 'application/x-www-form-urlencoded',
  'content-length' => '5',
)
[ info ] [ PARAM ] array (
  'id' => '22',
)
[ info ] [ SESSION ] INIT array (
  'id' => '',
  'var_session_id' => '',
  'prefix' => 'think',
  'type' => '',
  'auto_start' => true,
)
[ info ] [ DB ] INIT mysql
[ info ] [ RUN ] app\api\discover\controller\Article->details[ /www/wwwroot/kouzhiwen/application/api/discover/controller/Article.php ]
[ info ] [ CACHE ] INIT File
[ info ] [ LOG ] INIT File
[ sql ] [ DB ] CONNECT:[ UseTime:0.000405s ] mysql:dbname=kouzhiwen;host=127.0.0.1;port=3306;charset=utf8
[ sql ] [ SQL ] SHOW COLUMNS FROM `tpn_user` [ RunTime:0.001084s ]
[ sql ] [ SQL ] SELECT * FROM `tpn_user` WHERE  `logintoken` = 'bf50367efef55e7ef624ef31a87e624f' LIMIT 1 [ RunTime:0.000671s ]
[ sql ] [ SQL ] SHOW COLUMNS FROM `tpn_information` [ RunTime:0.000682s ]
[ sql ] [ SQL ] SELECT * FROM `tpn_information` WHERE  `id` = 22  AND `status` = 1 LIMIT 1 [ RunTime:0.000383s ]
[ sql ] [ SQL ] SHOW COLUMNS FROM `tpn_user_collect` [ RunTime:0.000593s ]
[ sql ] [ SQL ] SELECT * FROM `tpn_user_collect` WHERE  `type` = 3  AND `uid` = 257  AND `type_id` = 22 LIMIT 1 [ RunTime:0.000325s ]
[ sql ] [ SQL ] UPDATE `tpn_information`  SET `pv`=pv+1  WHERE  `id` = 22 [ RunTime:0.004490s ]

---------------------------------------------------------------
[ 2019-05-03T01:03:51+08:00 ] 172.31.69.247 106.56.99.32 GET /discover/article/details?id=22
[ log ] api.kzwchina.com/discover/article/details?id=22 [运行时间：0.035039s][吞吐率：28.54req/s] [内存消耗：4,014.61kb] [文件加载：66]
[ info ] [ LANG ] /www/wwwroot/kouzhiwen/thinkphp/lang/zh-cn.php
[ info ] [ BIND ] 'api'
[ info ] [ ROUTE ] array (
  'type' => 'module',
  'module' => 
  array (
    0 => 'api',
    1 => 'discover',
    2 => 'article',
  ),
)
[ info ] [ HEADER ] array (
  'host' => 'api.kzwchina.com',
  'connection' => 'keep-alive',
  'accept' => 'application/json, text/plain, */*',
  'user-agent' => 'Mozilla/5.0 (Linux; Android 9; EVR-AL00 Build/HUAWEIEVR-AL00; wv) AppleWebKit/537.36 (KHTML, like Gecko) Version/4.0 Chrome/66.0.3359.126 MQQBrowser/6.2 TBS/044605 Mobile Safari/537.36',
  'referer' => 'http://api.kzwchina.com/h5/index.html',
  'accept-encoding' => 'gzip, deflate',
  'accept-language' => 'zh-CN,en-US;q=0.9',
  'x-requested-with' => 'com.zipingfang.kzhw',
)
[ info ] [ PARAM ] array (
  'id' => '22',
)
[ info ] [ RUN ] app\api\discover\controller\Article->details[ /www/wwwroot/kouzhiwen/application/api/discover/controller/Article.php ]
[ info ] [ DB ] INIT mysql
[ info ] [ CACHE ] INIT File
[ info ] [ LOG ] INIT File
[ sql ] [ DB ] CONNECT:[ UseTime:0.000375s ] mysql:dbname=kouzhiwen;host=127.0.0.1;port=3306;charset=utf8
[ sql ] [ SQL ] SHOW COLUMNS FROM `tpn_information` [ RunTime:0.000564s ]
[ sql ] [ SQL ] SELECT * FROM `tpn_information` WHERE  `id` = 22  AND `status` = 1 LIMIT 1 [ RunTime:0.000353s ]
[ sql ] [ SQL ] SHOW COLUMNS FROM `tpn_user_collect` [ RunTime:0.000519s ]
[ sql ] [ SQL ] SELECT * FROM `tpn_user_collect` WHERE  `type` = 3  AND `uid` = 0  AND `type_id` = 22 LIMIT 1 [ RunTime:0.000262s ]
[ sql ] [ SQL ] UPDATE `tpn_information`  SET `pv`=pv+1  WHERE  `id` = 22 [ RunTime:0.004199s ]

---------------------------------------------------------------
[ 2019-05-03T01:04:13+08:00 ] 172.31.69.247 106.56.99.32 GET /discover/article/classify
[ log ] api.kzwchina.com/discover/article/classify [运行时间：0.131525s][吞吐率：7.60req/s] [内存消耗：3,971.38kb] [文件加载：63]
[ info ] [ LANG ] /www/wwwroot/kouzhiwen/thinkphp/lang/zh-cn.php
[ info ] [ BIND ] 'api'
[ info ] [ ROUTE ] array (
  'type' => 'module',
  'module' => 
  array (
    0 => 'api',
    1 => 'discover',
    2 => 'article',
  ),
)
[ info ] [ HEADER ] array (
  'connection' => 'keep-alive',
  'user-agent' => 'Android',
  'logintoken' => 'bf50367efef55e7ef624ef31a87e624f',
  'host' => 'api.kzwchina.com',
  'accept-encoding' => 'gzip',
  'content-type' => 'application/x-www-form-urlencoded; charset=UTF-8',
)
[ info ] [ PARAM ] array (
)
[ info ] [ SESSION ] INIT array (
  'id' => '',
  'var_session_id' => '',
  'prefix' => 'think',
  'type' => '',
  'auto_start' => true,
)
[ info ] [ DB ] INIT mysql
[ info ] [ RUN ] app\api\discover\controller\Article->classify[ /www/wwwroot/kouzhiwen/application/api/discover/controller/Article.php ]
[ info ] [ LOG ] INIT File
[ sql ] [ DB ] CONNECT:[ UseTime:0.038328s ] mysql:dbname=kouzhiwen;host=127.0.0.1;port=3306;charset=utf8
[ sql ] [ SQL ] SHOW COLUMNS FROM `tpn_user` [ RunTime:0.003009s ]
[ sql ] [ SQL ] SELECT * FROM `tpn_user` WHERE  `logintoken` = 'bf50367efef55e7ef624ef31a87e624f' LIMIT 1 [ RunTime:0.000750s ]
[ sql ] [ SQL ] SHOW COLUMNS FROM `tpn_classify_user` [ RunTime:0.002983s ]
[ sql ] [ SQL ] SELECT `c`.`id`,`c`.`name` FROM `tpn_classify_user` `u` INNER JOIN `tpn_classify` `c` ON `c`.`id`=`u`.`classify_id` WHERE  `u`.`uid` = 257 ORDER BY u.weight ASC [ RunTime:0.000681s ]
[ sql ] [ SQL ] SHOW COLUMNS FROM `tpn_classify` [ RunTime:0.000598s ]
[ sql ] [ SQL ] SELECT * FROM `tpn_classify` WHERE  `enterprise_id` = 0  AND `id` NOT IN ('') [ RunTime:0.002160s ]

---------------------------------------------------------------
[ 2019-05-03T01:04:13+08:00 ] 172.31.69.247 106.56.99.32 GET /common/user/notice_count
[ log ] api.kzwchina.com/common/user/notice_count [运行时间：0.165771s][吞吐率：6.03req/s] [内存消耗：3,983.68kb] [文件加载：60]
[ info ] [ LANG ] /www/wwwroot/kouzhiwen/thinkphp/lang/zh-cn.php
[ info ] [ BIND ] 'api'
[ info ] [ ROUTE ] array (
  'type' => 'module',
  'module' => 
  array (
    0 => 'api',
    1 => 'common',
    2 => 'user',
  ),
)
[ info ] [ HEADER ] array (
  'connection' => 'keep-alive',
  'user-agent' => 'Android',
  'logintoken' => 'bf50367efef55e7ef624ef31a87e624f',
  'host' => 'api.kzwchina.com',
  'accept-encoding' => 'gzip',
  'content-type' => 'application/x-www-form-urlencoded; charset=UTF-8',
)
[ info ] [ PARAM ] array (
)
[ info ] [ SESSION ] INIT array (
  'id' => '',
  'var_session_id' => '',
  'prefix' => 'think',
  'type' => '',
  'auto_start' => true,
)
[ info ] [ DB ] INIT mysql
[ info ] [ RUN ] app\api\common\controller\User->NoticeCount[ /www/wwwroot/kouzhiwen/application/api/common/controller/User.php ]
[ info ] [ LOG ] INIT File
[ sql ] [ DB ] CONNECT:[ UseTime:0.030913s ] mysql:dbname=kouzhiwen;host=127.0.0.1;port=3306;charset=utf8
[ sql ] [ SQL ] SHOW COLUMNS FROM `tpn_user` [ RunTime:0.000889s ]
[ sql ] [ SQL ] SELECT * FROM `tpn_user` WHERE  `logintoken` = 'bf50367efef55e7ef624ef31a87e624f' LIMIT 1 [ RunTime:0.000606s ]
[ sql ] [ SQL ] SHOW COLUMNS FROM `tpn_user_notice` [ RunTime:0.000600s ]
[ sql ] [ SQL ] SELECT COUNT(*) AS tp_count FROM `tpn_user_notice` WHERE  `uid` = 257  AND `reading` = 0 LIMIT 1 [ RunTime:0.000410s ]

---------------------------------------------------------------
[ 2019-05-03T01:04:13+08:00 ] 172.31.69.247 106.56.99.32 POST /discover/article/advertisements
[ log ] api.kzwchina.com/discover/article/advertisements [运行时间：0.030645s][吞吐率：32.63req/s] [内存消耗：3,916.65kb] [文件加载：62]
[ info ] [ LANG ] /www/wwwroot/kouzhiwen/thinkphp/lang/zh-cn.php
[ info ] [ BIND ] 'api'
[ info ] [ ROUTE ] array (
  'type' => 'module',
  'module' => 
  array (
    0 => 'api',
    1 => 'discover',
    2 => 'article',
  ),
)
[ info ] [ HEADER ] array (
  'connection' => 'keep-alive',
  'user-agent' => 'Android',
  'logintoken' => 'bf50367efef55e7ef624ef31a87e624f',
  'host' => 'api.kzwchina.com',
  'accept-encoding' => 'gzip',
  'content-type' => 'application/x-www-form-urlencoded; charset=UTF-8',
  'content-length' => '0',
)
[ info ] [ PARAM ] array (
)
[ info ] [ SESSION ] INIT array (
  'id' => '',
  'var_session_id' => '',
  'prefix' => 'think',
  'type' => '',
  'auto_start' => true,
)
[ info ] [ DB ] INIT mysql
[ info ] [ RUN ] app\api\discover\controller\Article->advertisements[ /www/wwwroot/kouzhiwen/application/api/discover/controller/Article.php ]
[ info ] [ LOG ] INIT File
[ sql ] [ DB ] CONNECT:[ UseTime:0.000362s ] mysql:dbname=kouzhiwen;host=127.0.0.1;port=3306;charset=utf8
[ sql ] [ SQL ] SHOW COLUMNS FROM `tpn_user` [ RunTime:0.000710s ]
[ sql ] [ SQL ] SELECT * FROM `tpn_user` WHERE  `logintoken` = 'bf50367efef55e7ef624ef31a87e624f' LIMIT 1 [ RunTime:0.000585s ]
[ sql ] [ SQL ] SHOW COLUMNS FROM `tpn_advertisements` [ RunTime:0.000594s ]
[ sql ] [ SQL ] SELECT * FROM `tpn_advertisements` [ RunTime:0.000224s ]

---------------------------------------------------------------
[ 2019-05-03T01:04:13+08:00 ] 172.31.69.247 106.56.99.32 POST /discover/introduce/article_list
[ log ] api.kzwchina.com/discover/introduce/article_list [运行时间：0.033040s][吞吐率：30.27req/s] [内存消耗：3,943.81kb] [文件加载：60]
[ info ] [ LANG ] /www/wwwroot/kouzhiwen/thinkphp/lang/zh-cn.php
[ info ] [ BIND ] 'api'
[ info ] [ ROUTE ] array (
  'type' => 'module',
  'module' => 
  array (
    0 => 'api',
    1 => 'discover',
    2 => 'introduce',
  ),
)
[ info ] [ HEADER ] array (
  'connection' => 'keep-alive',
  'user-agent' => 'Android',
  'logintoken' => 'bf50367efef55e7ef624ef31a87e624f',
  'host' => 'api.kzwchina.com',
  'accept-encoding' => 'gzip',
  'content-type' => 'application/x-www-form-urlencoded',
  'content-length' => '13',
)
[ info ] [ PARAM ] array (
  'type' => '1',
  'page' => '1',
)
[ info ] [ SESSION ] INIT array (
  'id' => '',
  'var_session_id' => '',
  'prefix' => 'think',
  'type' => '',
  'auto_start' => true,
)
[ info ] [ DB ] INIT mysql
[ info ] [ RUN ] app\api\discover\controller\Introduce->articleList[ /www/wwwroot/kouzhiwen/application/api/discover/controller/Introduce.php ]
[ info ] [ DB ] INIT mysql
[ info ] [ LOG ] INIT File
[ sql ] [ DB ] CONNECT:[ UseTime:0.000383s ] mysql:dbname=kouzhiwen;host=127.0.0.1;port=3306;charset=utf8
[ sql ] [ SQL ] SHOW COLUMNS FROM `tpn_user` [ RunTime:0.000844s ]
[ sql ] [ SQL ] SELECT * FROM `tpn_user` WHERE  `logintoken` = 'bf50367efef55e7ef624ef31a87e624f' LIMIT 1 [ RunTime:0.000616s ]
[ sql ] [ DB ] CONNECT:[ UseTime:0.000285s ] mysql:dbname=kouzhiwen;host=127.0.0.1;port=3306;charset=utf8
[ sql ] [ SQL ] SHOW COLUMNS FROM `tpn_introduce` [ RunTime:0.000593s ]
[ sql ] [ SQL ] SELECT COUNT(*) AS tp_count FROM `tpn_introduce` WHERE  `type` = 1  AND `status` = 1 LIMIT 1 [ RunTime:0.000297s ]
[ sql ] [ SQL ] SELECT * FROM `tpn_introduce` WHERE  `type` = 1  AND `status` = 1 ORDER BY id desc LIMIT 0,10 [ RunTime:0.000454s ]

---------------------------------------------------------------
[ 2019-05-03T01:04:19+08:00 ] 172.31.69.247 106.56.99.32 GET /common/user/notice_count
[ log ] api.kzwchina.com/common/user/notice_count [运行时间：0.059047s][吞吐率：16.94req/s] [内存消耗：3,983.68kb] [文件加载：60]
[ info ] [ LANG ] /www/wwwroot/kouzhiwen/thinkphp/lang/zh-cn.php
[ info ] [ BIND ] 'api'
[ info ] [ ROUTE ] array (
  'type' => 'module',
  'module' => 
  array (
    0 => 'api',
    1 => 'common',
    2 => 'user',
  ),
)
[ info ] [ HEADER ] array (
  'connection' => 'keep-alive',
  'user-agent' => 'Android',
  'logintoken' => 'bf50367efef55e7ef624ef31a87e624f',
  'host' => 'api.kzwchina.com',
  'accept-encoding' => 'gzip',
  'content-type' => 'application/x-www-form-urlencoded; charset=UTF-8',
)
[ info ] [ PARAM ] array (
)
[ info ] [ SESSION ] INIT array (
  'id' => '',
  'var_session_id' => '',
  'prefix' => 'think',
  'type' => '',
  'auto_start' => true,
)
[ info ] [ DB ] INIT mysql
[ info ] [ RUN ] app\api\common\controller\User->NoticeCount[ /www/wwwroot/kouzhiwen/application/api/common/controller/User.php ]
[ info ] [ LOG ] INIT File
[ sql ] [ DB ] CONNECT:[ UseTime:0.000462s ] mysql:dbname=kouzhiwen;host=127.0.0.1;port=3306;charset=utf8
[ sql ] [ SQL ] SHOW COLUMNS FROM `tpn_user` [ RunTime:0.001158s ]
[ sql ] [ SQL ] SELECT * FROM `tpn_user` WHERE  `logintoken` = 'bf50367efef55e7ef624ef31a87e624f' LIMIT 1 [ RunTime:0.000709s ]
[ sql ] [ SQL ] SHOW COLUMNS FROM `tpn_user_notice` [ RunTime:0.001111s ]
[ sql ] [ SQL ] SELECT COUNT(*) AS tp_count FROM `tpn_user_notice` WHERE  `uid` = 257  AND `reading` = 0 LIMIT 1 [ RunTime:0.000379s ]

---------------------------------------------------------------
[ 2019-05-03T01:04:19+08:00 ] 172.31.69.247 106.56.99.32 GET /common/user/my_info
[ log ] api.kzwchina.com/common/user/my_info [运行时间：0.149823s][吞吐率：6.67req/s] [内存消耗：5,161.08kb] [文件加载：62]
[ info ] [ LANG ] /www/wwwroot/kouzhiwen/thinkphp/lang/zh-cn.php
[ info ] [ BIND ] 'api'
[ info ] [ ROUTE ] array (
  'type' => 'module',
  'module' => 
  array (
    0 => 'api',
    1 => 'common',
    2 => 'user',
  ),
)
[ info ] [ HEADER ] array (
  'connection' => 'keep-alive',
  'user-agent' => 'Android',
  'logintoken' => 'bf50367efef55e7ef624ef31a87e624f',
  'host' => 'api.kzwchina.com',
  'accept-encoding' => 'gzip',
  'content-type' => 'application/x-www-form-urlencoded; charset=UTF-8',
)
[ info ] [ PARAM ] array (
)
[ info ] [ SESSION ] INIT array (
  'id' => '',
  'var_session_id' => '',
  'prefix' => 'think',
  'type' => '',
  'auto_start' => true,
)
[ info ] [ DB ] INIT mysql
[ info ] [ RUN ] app\api\common\controller\User->myInfo[ /www/wwwroot/kouzhiwen/application/api/common/controller/User.php ]
[ info ] [ LOG ] INIT File
[ sql ] [ DB ] CONNECT:[ UseTime:0.000336s ] mysql:dbname=kouzhiwen;host=127.0.0.1;port=3306;charset=utf8
[ sql ] [ SQL ] SHOW COLUMNS FROM `tpn_user` [ RunTime:0.000800s ]
[ sql ] [ SQL ] SELECT * FROM `tpn_user` WHERE  `logintoken` = 'bf50367efef55e7ef624ef31a87e624f' LIMIT 1 [ RunTime:0.000573s ]
[ sql ] [ SQL ] SHOW COLUMNS FROM `tpn_regions` [ RunTime:0.000504s ]
[ sql ] [ SQL ] SELECT * FROM `tpn_regions` [ RunTime:0.003123s ]

---------------------------------------------------------------
[ 2019-05-03T01:04:22+08:00 ] 172.31.69.247 106.56.99.32 GET /common/user/notice_count
[ log ] api.kzwchina.com/common/user/notice_count [运行时间：0.044568s][吞吐率：22.44req/s] [内存消耗：3,983.68kb] [文件加载：60]
[ info ] [ LANG ] /www/wwwroot/kouzhiwen/thinkphp/lang/zh-cn.php
[ info ] [ BIND ] 'api'
[ info ] [ ROUTE ] array (
  'type' => 'module',
  'module' => 
  array (
    0 => 'api',
    1 => 'common',
    2 => 'user',
  ),
)
[ info ] [ HEADER ] array (
  'connection' => 'keep-alive',
  'user-agent' => 'Android',
  'logintoken' => 'bf50367efef55e7ef624ef31a87e624f',
  'host' => 'api.kzwchina.com',
  'accept-encoding' => 'gzip',
  'content-type' => 'application/x-www-form-urlencoded; charset=UTF-8',
)
[ info ] [ PARAM ] array (
)
[ info ] [ SESSION ] INIT array (
  'id' => '',
  'var_session_id' => '',
  'prefix' => 'think',
  'type' => '',
  'auto_start' => true,
)
[ info ] [ DB ] INIT mysql
[ info ] [ RUN ] app\api\common\controller\User->NoticeCount[ /www/wwwroot/kouzhiwen/application/api/common/controller/User.php ]
[ info ] [ LOG ] INIT File
[ sql ] [ DB ] CONNECT:[ UseTime:0.000360s ] mysql:dbname=kouzhiwen;host=127.0.0.1;port=3306;charset=utf8
[ sql ] [ SQL ] SHOW COLUMNS FROM `tpn_user` [ RunTime:0.000847s ]
[ sql ] [ SQL ] SELECT * FROM `tpn_user` WHERE  `logintoken` = 'bf50367efef55e7ef624ef31a87e624f' LIMIT 1 [ RunTime:0.000633s ]
[ sql ] [ SQL ] SHOW COLUMNS FROM `tpn_user_notice` [ RunTime:0.000610s ]
[ sql ] [ SQL ] SELECT COUNT(*) AS tp_count FROM `tpn_user_notice` WHERE  `uid` = 257  AND `reading` = 0 LIMIT 1 [ RunTime:0.000338s ]

---------------------------------------------------------------
[ 2019-05-03T01:04:22+08:00 ] 172.31.69.247 106.56.99.32 GET /common/home/index?enterprise_id=13
[ log ] api.kzwchina.com/common/home/index?enterprise_id=13 [运行时间：0.059089s][吞吐率：16.92req/s] [内存消耗：4,371.68kb] [文件加载：70]
[ info ] [ LANG ] /www/wwwroot/kouzhiwen/thinkphp/lang/zh-cn.php
[ info ] [ BIND ] 'api'
[ info ] [ ROUTE ] array (
  'type' => 'module',
  'module' => 
  array (
    0 => 'api',
    1 => 'common',
    2 => 'home',
  ),
)
[ info ] [ HEADER ] array (
  'connection' => 'keep-alive',
  'user-agent' => 'Android',
  'logintoken' => 'bf50367efef55e7ef624ef31a87e624f',
  'host' => 'api.kzwchina.com',
  'accept-encoding' => 'gzip',
  'content-type' => 'application/x-www-form-urlencoded; charset=UTF-8',
)
[ info ] [ PARAM ] array (
  'enterprise_id' => '13',
)
[ info ] [ SESSION ] INIT array (
  'id' => '',
  'var_session_id' => '',
  'prefix' => 'think',
  'type' => '',
  'auto_start' => true,
)
[ info ] [ DB ] INIT mysql
[ info ] [ RUN ] app\api\common\controller\Home->index[ /www/wwwroot/kouzhiwen/application/api/common/controller/Home.php ]
[ info ] [ LOG ] INIT File
[ sql ] [ DB ] CONNECT:[ UseTime:0.000441s ] mysql:dbname=kouzhiwen;host=127.0.0.1;port=3306;charset=utf8
[ sql ] [ SQL ] SHOW COLUMNS FROM `tpn_user` [ RunTime:0.001181s ]
[ sql ] [ SQL ] SELECT * FROM `tpn_user` WHERE  `logintoken` = 'bf50367efef55e7ef624ef31a87e624f' LIMIT 1 [ RunTime:0.000688s ]
[ sql ] [ SQL ] SHOW COLUMNS FROM `tpn_enterprise` [ RunTime:0.000719s ]
[ sql ] [ SQL ] SELECT * FROM `tpn_enterprise` WHERE  `id` = 13 LIMIT 1 [ RunTime:0.000392s ]
[ sql ] [ SQL ] SHOW COLUMNS FROM `tpn_banner` [ RunTime:0.000609s ]
[ sql ] [ SQL ] SELECT `pid`,`mold`,`type`,`img_url` FROM `tpn_banner` WHERE  `enterprise_id` = 13  AND `type` = 1  AND `status` = 1 ORDER BY add_time desc LIMIT 0,4 [ RunTime:0.000378s ]
[ sql ] [ SQL ] SHOW COLUMNS FROM `tpn_class` [ RunTime:0.000589s ]
[ sql ] [ SQL ] SELECT * FROM `tpn_class` WHERE  `id` = 130 LIMIT 1 [ RunTime:0.000278s ]
[ sql ] [ SQL ] SHOW COLUMNS FROM `tpn_class_user` [ RunTime:0.000535s ]
[ sql ] [ SQL ] SELECT * FROM `tpn_class_user` WHERE  `uid` = 257  AND `class_id` = 130 LIMIT 1 [ RunTime:0.000459s ]
[ sql ] [ SQL ] SHOW COLUMNS FROM `tpn_course` [ RunTime:0.000635s ]
[ sql ] [ SQL ] SELECT `c`.`id`,`c`.`title`,`c`.`photo`,`c`.`reading`,`c`.`look_num`,`t`.`name`,`c`.`price` FROM `tpn_course` `c` LEFT JOIN `tpn_teacher` `t` ON `c`.`teacher_id`=`t`.`id` WHERE  `c`.`enterprise_id` = '13'  AND `c`.`type` = 3  AND `c`.`scene` = 1 ORDER BY c.is_recommend desc,c.created_at desc LIMIT 0,4 [ RunTime:0.000337s ]
[ sql ] [ SQL ] SHOW COLUMNS FROM `tpn_teacher` [ RunTime:0.000730s ]
[ sql ] [ SQL ] SELECT `id`,`name`,`title`,`photo` FROM `tpn_teacher` WHERE  `enterprise_id` = 13  AND `status` = 1  AND `is_xszd` = 0  AND `identity` LIKE '%3%' ORDER BY is_recommend desc,updated_at desc LIMIT 0,4 [ RunTime:0.000838s ]
[ sql ] [ SQL ] SHOW COLUMNS FROM `tpn_information` [ RunTime:0.000556s ]
[ sql ] [ SQL ] SELECT `id`,`cover_img`,`name`,`add_time`,`comment_num`,`pv` FROM `tpn_information` WHERE  `enterprise_id` = 13 ORDER BY `is_recommend`  desc,`add_time`  desc LIMIT 0,2 [ RunTime:0.000283s ]

---------------------------------------------------------------
[ 2019-05-03T01:04:24+08:00 ] 172.31.69.247 106.56.99.32 POST /discover/comment/datalist
[ log ] api.kzwchina.com/discover/comment/datalist [运行时间：0.050503s][吞吐率：19.80req/s] [内存消耗：3,943.25kb] [文件加载：62]
[ info ] [ LANG ] /www/wwwroot/kouzhiwen/thinkphp/lang/zh-cn.php
[ info ] [ BIND ] 'api'
[ info ] [ ROUTE ] array (
  'type' => 'module',
  'module' => 
  array (
    0 => 'api',
    1 => 'discover',
    2 => 'comment',
  ),
)
[ info ] [ HEADER ] array (
  'connection' => 'keep-alive',
  'user-agent' => 'Android',
  'logintoken' => 'bf50367efef55e7ef624ef31a87e624f',
  'host' => 'api.kzwchina.com',
  'accept-encoding' => 'gzip',
  'content-type' => 'application/x-www-form-urlencoded',
  'content-length' => '24',
)
[ info ] [ PARAM ] array (
  'type' => '4',
  'type_id' => '23',
  'page' => '1',
)
[ info ] [ SESSION ] INIT array (
  'id' => '',
  'var_session_id' => '',
  'prefix' => 'think',
  'type' => '',
  'auto_start' => true,
)
[ info ] [ DB ] INIT mysql
[ info ] [ RUN ] app\api\discover\controller\Comment->datalist[ /www/wwwroot/kouzhiwen/application/api/discover/controller/Comment.php ]
[ info ] [ LOG ] INIT File
[ sql ] [ DB ] CONNECT:[ UseTime:0.000553s ] mysql:dbname=kouzhiwen;host=127.0.0.1;port=3306;charset=utf8
[ sql ] [ SQL ] SHOW COLUMNS FROM `tpn_user` [ RunTime:0.004176s ]
[ sql ] [ SQL ] SELECT * FROM `tpn_user` WHERE  `logintoken` = 'bf50367efef55e7ef624ef31a87e624f' LIMIT 1 [ RunTime:0.000761s ]
[ sql ] [ SQL ] SHOW COLUMNS FROM `tpn_comment` [ RunTime:0.000720s ]
[ sql ] [ SQL ] SELECT COUNT(*) AS tp_count FROM `tpn_comment` `a` INNER JOIN `tpn_user` `u` ON `u`.`uid`=`a`.`uid` WHERE  `a`.`pid` = 0  AND `a`.`status` = 1  AND `a`.`type` = '4'  AND `a`.`type_id` = '23' ORDER BY id desc LIMIT 1 [ RunTime:0.000483s ]
[ sql ] [ SQL ] SELECT `a`.`id`,`a`.`type`,`a`.`type_id`,`a`.`contents`,`a`.`add_time`,`a`.`like_num`,`a`.`comment_num`,`u`.`nickname`,`u`.`face`,(select if(count(*)>0,1,0) from `tpn_comment_like` where `comment_id`=a.id and `uid`='257') is_like FROM `tpn_comment` `a` INNER JOIN `tpn_user` `u` ON `u`.`uid`=`a`.`uid` WHERE  `a`.`pid` = 0  AND `a`.`status` = 1  AND `a`.`type` = '4'  AND `a`.`type_id` = '23' ORDER BY id desc LIMIT 0,10 [ RunTime:0.000659s ]

---------------------------------------------------------------
[ 2019-05-03T01:04:24+08:00 ] 172.31.69.247 106.56.99.32 POST /discover/article/details
[ log ] api.kzwchina.com/discover/article/details [运行时间：0.079406s][吞吐率：12.59req/s] [内存消耗：4,117.29kb] [文件加载：67]
[ info ] [ LANG ] /www/wwwroot/kouzhiwen/thinkphp/lang/zh-cn.php
[ info ] [ BIND ] 'api'
[ info ] [ ROUTE ] array (
  'type' => 'module',
  'module' => 
  array (
    0 => 'api',
    1 => 'discover',
    2 => 'article',
  ),
)
[ info ] [ HEADER ] array (
  'connection' => 'keep-alive',
  'user-agent' => 'Android',
  'logintoken' => 'bf50367efef55e7ef624ef31a87e624f',
  'host' => 'api.kzwchina.com',
  'accept-encoding' => 'gzip',
  'content-type' => 'application/x-www-form-urlencoded',
  'content-length' => '5',
)
[ info ] [ PARAM ] array (
  'id' => '23',
)
[ info ] [ SESSION ] INIT array (
  'id' => '',
  'var_session_id' => '',
  'prefix' => 'think',
  'type' => '',
  'auto_start' => true,
)
[ info ] [ DB ] INIT mysql
[ info ] [ RUN ] app\api\discover\controller\Article->details[ /www/wwwroot/kouzhiwen/application/api/discover/controller/Article.php ]
[ info ] [ CACHE ] INIT File
[ info ] [ LOG ] INIT File
[ sql ] [ DB ] CONNECT:[ UseTime:0.015060s ] mysql:dbname=kouzhiwen;host=127.0.0.1;port=3306;charset=utf8
[ sql ] [ SQL ] SHOW COLUMNS FROM `tpn_user` [ RunTime:0.000922s ]
[ sql ] [ SQL ] SELECT * FROM `tpn_user` WHERE  `logintoken` = 'bf50367efef55e7ef624ef31a87e624f' LIMIT 1 [ RunTime:0.000611s ]
[ sql ] [ SQL ] SHOW COLUMNS FROM `tpn_information` [ RunTime:0.000689s ]
[ sql ] [ SQL ] SELECT * FROM `tpn_information` WHERE  `id` = 23  AND `status` = 1 LIMIT 1 [ RunTime:0.000385s ]
[ sql ] [ SQL ] SHOW COLUMNS FROM `tpn_user_collect` [ RunTime:0.000586s ]
[ sql ] [ SQL ] SELECT * FROM `tpn_user_collect` WHERE  `type` = 3  AND `uid` = 257  AND `type_id` = 23 LIMIT 1 [ RunTime:0.000326s ]
[ sql ] [ SQL ] UPDATE `tpn_information`  SET `pv`=pv+1  WHERE  `id` = 23 [ RunTime:0.016730s ]

---------------------------------------------------------------
[ 2019-05-03T01:04:24+08:00 ] 172.31.69.247 106.56.99.32 GET /discover/article/details?id=23
[ log ] api.kzwchina.com/discover/article/details?id=23 [运行时间：0.045964s][吞吐率：21.76req/s] [内存消耗：4,014.36kb] [文件加载：66]
[ info ] [ LANG ] /www/wwwroot/kouzhiwen/thinkphp/lang/zh-cn.php
[ info ] [ BIND ] 'api'
[ info ] [ ROUTE ] array (
  'type' => 'module',
  'module' => 
  array (
    0 => 'api',
    1 => 'discover',
    2 => 'article',
  ),
)
[ info ] [ HEADER ] array (
  'host' => 'api.kzwchina.com',
  'connection' => 'keep-alive',
  'accept' => 'application/json, text/plain, */*',
  'user-agent' => 'Mozilla/5.0 (Linux; Android 9; EVR-AL00 Build/HUAWEIEVR-AL00; wv) AppleWebKit/537.36 (KHTML, like Gecko) Version/4.0 Chrome/66.0.3359.126 MQQBrowser/6.2 TBS/044605 Mobile Safari/537.36',
  'referer' => 'http://api.kzwchina.com/h5/index.html',
  'accept-encoding' => 'gzip, deflate',
  'accept-language' => 'zh-CN,en-US;q=0.9',
  'x-requested-with' => 'com.zipingfang.kzhw',
)
[ info ] [ PARAM ] array (
  'id' => '23',
)
[ info ] [ RUN ] app\api\discover\controller\Article->details[ /www/wwwroot/kouzhiwen/application/api/discover/controller/Article.php ]
[ info ] [ DB ] INIT mysql
[ info ] [ CACHE ] INIT File
[ info ] [ LOG ] INIT File
[ sql ] [ DB ] CONNECT:[ UseTime:0.000315s ] mysql:dbname=kouzhiwen;host=127.0.0.1;port=3306;charset=utf8
[ sql ] [ SQL ] SHOW COLUMNS FROM `tpn_information` [ RunTime:0.000899s ]
[ sql ] [ SQL ] SELECT * FROM `tpn_information` WHERE  `id` = 23  AND `status` = 1 LIMIT 1 [ RunTime:0.000414s ]
[ sql ] [ SQL ] SHOW COLUMNS FROM `tpn_user_collect` [ RunTime:0.000526s ]
[ sql ] [ SQL ] SELECT * FROM `tpn_user_collect` WHERE  `type` = 3  AND `uid` = 0  AND `type_id` = 23 LIMIT 1 [ RunTime:0.000288s ]
[ sql ] [ SQL ] UPDATE `tpn_information`  SET `pv`=pv+1  WHERE  `id` = 23 [ RunTime:0.004467s ]

---------------------------------------------------------------
[ 2019-05-03T04:29:59+08:00 ] 172.31.69.247 47.97.215.92 GET /
[ log ] api.kzwchina.com/ [运行时间：0.015959s][吞吐率：62.66req/s] [内存消耗：1,986.97kb] [文件加载：45]
[ info ] [ LANG ] /www/wwwroot/kouzhiwen/thinkphp/lang/zh-cn.php
[ info ] [ BIND ] 'api'
[ info ] [ ROUTE ] array (
  'type' => 'module',
  'module' => 
  array (
    0 => 'api',
    1 => NULL,
    2 => NULL,
  ),
)
[ info ] [ HEADER ] array (
  'user-agent' => 'Mozilla/5.0 (Linux; Android 4.1.1; Nexus 7 Build/JRO03D))',
  'host' => 'api.kzwchina.com',
  'accept' => 'text/html, image/gif, image/jpeg, *; q=.2, */*; q=.2',
  'connection' => 'keep-alive',
)
[ info ] [ PARAM ] array (
)
[ info ] [ LOG ] INIT File
[ error ] [8]未定义数组索引: PATH_INFO[/www/wwwroot/kouzhiwen/thinkphp/library/think/Route.php:1548]
[ error ] [8]未定义数组索引: PATH_INFO[/www/wwwroot/kouzhiwen/thinkphp/library/think/App.php:328]
[ error ] [8]未定义数组索引: PATH_INFO[/www/wwwroot/kouzhiwen/thinkphp/library/think/Request.php:1408]
[ error ] [8]未定义数组下标: 1[/www/wwwroot/kouzhiwen/thinkphp/library/think/App.php:380]
[ error ] [8]未定义数组下标: 2[/www/wwwroot/kouzhiwen/thinkphp/library/think/App.php:382]
[ error ] [8]未定义数组下标: 2[/www/wwwroot/kouzhiwen/thinkphp/library/think/App.php:386]
[ error ] [8]未定义数组下标: 3[/www/wwwroot/kouzhiwen/thinkphp/library/think/App.php:387]
[ error ] [8]未定义数组索引: PATH_INFO[/www/wwwroot/kouzhiwen/thinkphp/library/think/Request.php:1408]

---------------------------------------------------------------
[ 2019-05-03T04:30:34+08:00 ] 172.31.69.247 117.132.183.17 GET /
[ log ] api.kzwchina.com/ [运行时间：0.016529s][吞吐率：60.50req/s] [内存消耗：1,987.38kb] [文件加载：45]
[ info ] [ LANG ] /www/wwwroot/kouzhiwen/thinkphp/lang/zh-cn.php
[ info ] [ BIND ] 'api'
[ info ] [ ROUTE ] array (
  'type' => 'module',
  'module' => 
  array (
    0 => 'api',
    1 => NULL,
    2 => NULL,
  ),
)
[ info ] [ HEADER ] array (
  'user-agent' => 'Mozilla/5.0 (Windows NT 10.0; Win64; x64) AppleWebKit/537.36 (KHTML, like Gecko) Chrome/59.0.3071.104 Safari/537.36',
  'cache-control' => 'no-cache',
  'pragma' => 'no-cache',
  'host' => 'api.kzwchina.com',
  'accept' => 'text/html, image/gif, image/jpeg, *; q=.2, */*; q=.2',
  'connection' => 'keep-alive',
  'cookie' => '',
)
[ info ] [ PARAM ] array (
)
[ info ] [ LOG ] INIT File
[ error ] [8]未定义数组索引: PATH_INFO[/www/wwwroot/kouzhiwen/thinkphp/library/think/Route.php:1548]
[ error ] [8]未定义数组索引: PATH_INFO[/www/wwwroot/kouzhiwen/thinkphp/library/think/App.php:328]
[ error ] [8]未定义数组索引: PATH_INFO[/www/wwwroot/kouzhiwen/thinkphp/library/think/Request.php:1408]
[ error ] [8]未定义数组下标: 1[/www/wwwroot/kouzhiwen/thinkphp/library/think/App.php:380]
[ error ] [8]未定义数组下标: 2[/www/wwwroot/kouzhiwen/thinkphp/library/think/App.php:382]
[ error ] [8]未定义数组下标: 2[/www/wwwroot/kouzhiwen/thinkphp/library/think/App.php:386]
[ error ] [8]未定义数组下标: 3[/www/wwwroot/kouzhiwen/thinkphp/library/think/App.php:387]
[ error ] [8]未定义数组索引: PATH_INFO[/www/wwwroot/kouzhiwen/thinkphp/library/think/Request.php:1408]

---------------------------------------------------------------
[ 2019-05-03T05:36:04+08:00 ] 172.31.69.247 112.96.165.70 GET /common/user/my_info
[ log ] api.kzwchina.com/common/user/my_info [运行时间：0.116931s][吞吐率：8.55req/s] [内存消耗：5,161.20kb] [文件加载：62]
[ info ] [ LANG ] /www/wwwroot/kouzhiwen/thinkphp/lang/zh-cn.php
[ info ] [ BIND ] 'api'
[ info ] [ ROUTE ] array (
  'type' => 'module',
  'module' => 
  array (
    0 => 'api',
    1 => 'common',
    2 => 'user',
  ),
)
[ info ] [ HEADER ] array (
  'connection' => 'keep-alive',
  'user-agent' => 'Android',
  'logintoken' => '5fb024fc39b77cbcd7bef31a89aada5c',
  'host' => 'api.kzwchina.com',
  'accept-encoding' => 'gzip',
  'content-type' => 'application/x-www-form-urlencoded; charset=UTF-8',
)
[ info ] [ PARAM ] array (
)
[ info ] [ SESSION ] INIT array (
  'id' => '',
  'var_session_id' => '',
  'prefix' => 'think',
  'type' => '',
  'auto_start' => true,
)
[ info ] [ DB ] INIT mysql
[ info ] [ RUN ] app\api\common\controller\User->myInfo[ /www/wwwroot/kouzhiwen/application/api/common/controller/User.php ]
[ info ] [ LOG ] INIT File
[ sql ] [ DB ] CONNECT:[ UseTime:0.000420s ] mysql:dbname=kouzhiwen;host=127.0.0.1;port=3306;charset=utf8
[ sql ] [ SQL ] SHOW COLUMNS FROM `tpn_user` [ RunTime:0.000989s ]
[ sql ] [ SQL ] SELECT * FROM `tpn_user` WHERE  `logintoken` = '5fb024fc39b77cbcd7bef31a89aada5c' LIMIT 1 [ RunTime:0.001242s ]
[ sql ] [ SQL ] SHOW COLUMNS FROM `tpn_regions` [ RunTime:0.000497s ]
[ sql ] [ SQL ] SELECT * FROM `tpn_regions` [ RunTime:0.003019s ]

---------------------------------------------------------------
[ 2019-05-03T05:36:05+08:00 ] 172.31.69.247 112.96.165.70 GET /common/user/notice_count
[ log ] api.kzwchina.com/common/user/notice_count [运行时间：0.045364s][吞吐率：22.04req/s] [内存消耗：3,983.93kb] [文件加载：60]
[ info ] [ LANG ] /www/wwwroot/kouzhiwen/thinkphp/lang/zh-cn.php
[ info ] [ BIND ] 'api'
[ info ] [ ROUTE ] array (
  'type' => 'module',
  'module' => 
  array (
    0 => 'api',
    1 => 'common',
    2 => 'user',
  ),
)
[ info ] [ HEADER ] array (
  'connection' => 'keep-alive',
  'user-agent' => 'Android',
  'logintoken' => '5fb024fc39b77cbcd7bef31a89aada5c',
  'host' => 'api.kzwchina.com',
  'accept-encoding' => 'gzip',
  'content-type' => 'application/x-www-form-urlencoded; charset=UTF-8',
)
[ info ] [ PARAM ] array (
)
[ info ] [ SESSION ] INIT array (
  'id' => '',
  'var_session_id' => '',
  'prefix' => 'think',
  'type' => '',
  'auto_start' => true,
)
[ info ] [ DB ] INIT mysql
[ info ] [ RUN ] app\api\common\controller\User->NoticeCount[ /www/wwwroot/kouzhiwen/application/api/common/controller/User.php ]
[ info ] [ LOG ] INIT File
[ sql ] [ DB ] CONNECT:[ UseTime:0.000354s ] mysql:dbname=kouzhiwen;host=127.0.0.1;port=3306;charset=utf8
[ sql ] [ SQL ] SHOW COLUMNS FROM `tpn_user` [ RunTime:0.000887s ]
[ sql ] [ SQL ] SELECT * FROM `tpn_user` WHERE  `logintoken` = '5fb024fc39b77cbcd7bef31a89aada5c' LIMIT 1 [ RunTime:0.001183s ]
[ sql ] [ SQL ] SHOW COLUMNS FROM `tpn_user_notice` [ RunTime:0.000573s ]
[ sql ] [ SQL ] SELECT COUNT(*) AS tp_count FROM `tpn_user_notice` WHERE  `uid` = 604  AND `reading` = 0 LIMIT 1 [ RunTime:0.000360s ]

---------------------------------------------------------------
[ 2019-05-03T05:36:05+08:00 ] 172.31.69.247 112.96.165.70 GET /discover/article/classify
[ log ] api.kzwchina.com/discover/article/classify [运行时间：0.048141s][吞吐率：20.77req/s] [内存消耗：3,971.64kb] [文件加载：63]
[ info ] [ LANG ] /www/wwwroot/kouzhiwen/thinkphp/lang/zh-cn.php
[ info ] [ BIND ] 'api'
[ info ] [ ROUTE ] array (
  'type' => 'module',
  'module' => 
  array (
    0 => 'api',
    1 => 'discover',
    2 => 'article',
  ),
)
[ info ] [ HEADER ] array (
  'connection' => 'keep-alive',
  'user-agent' => 'Android',
  'logintoken' => '5fb024fc39b77cbcd7bef31a89aada5c',
  'host' => 'api.kzwchina.com',
  'accept-encoding' => 'gzip',
  'content-type' => 'application/x-www-form-urlencoded; charset=UTF-8',
)
[ info ] [ PARAM ] array (
)
[ info ] [ SESSION ] INIT array (
  'id' => '',
  'var_session_id' => '',
  'prefix' => 'think',
  'type' => '',
  'auto_start' => true,
)
[ info ] [ DB ] INIT mysql
[ info ] [ RUN ] app\api\discover\controller\Article->classify[ /www/wwwroot/kouzhiwen/application/api/discover/controller/Article.php ]
[ info ] [ LOG ] INIT File
[ sql ] [ DB ] CONNECT:[ UseTime:0.000477s ] mysql:dbname=kouzhiwen;host=127.0.0.1;port=3306;charset=utf8
[ sql ] [ SQL ] SHOW COLUMNS FROM `tpn_user` [ RunTime:0.001115s ]
[ sql ] [ SQL ] SELECT * FROM `tpn_user` WHERE  `logintoken` = '5fb024fc39b77cbcd7bef31a89aada5c' LIMIT 1 [ RunTime:0.001224s ]
[ sql ] [ SQL ] SHOW COLUMNS FROM `tpn_classify_user` [ RunTime:0.000604s ]
[ sql ] [ SQL ] SELECT `c`.`id`,`c`.`name` FROM `tpn_classify_user` `u` INNER JOIN `tpn_classify` `c` ON `c`.`id`=`u`.`classify_id` WHERE  `u`.`uid` = 604 ORDER BY u.weight ASC [ RunTime:0.000611s ]
[ sql ] [ SQL ] SHOW COLUMNS FROM `tpn_classify` [ RunTime:0.000579s ]
[ sql ] [ SQL ] SELECT * FROM `tpn_classify` WHERE  `enterprise_id` = 0  AND `id` NOT IN ('') [ RunTime:0.000417s ]

---------------------------------------------------------------
[ 2019-05-03T05:36:05+08:00 ] 172.31.69.247 112.96.165.70 POST /discover/article/advertisements
[ log ] api.kzwchina.com/discover/article/advertisements [运行时间：0.029985s][吞吐率：33.35req/s] [内存消耗：3,916.90kb] [文件加载：62]
[ info ] [ LANG ] /www/wwwroot/kouzhiwen/thinkphp/lang/zh-cn.php
[ info ] [ BIND ] 'api'
[ info ] [ ROUTE ] array (
  'type' => 'module',
  'module' => 
  array (
    0 => 'api',
    1 => 'discover',
    2 => 'article',
  ),
)
[ info ] [ HEADER ] array (
  'connection' => 'keep-alive',
  'user-agent' => 'Android',
  'logintoken' => '5fb024fc39b77cbcd7bef31a89aada5c',
  'host' => 'api.kzwchina.com',
  'accept-encoding' => 'gzip',
  'content-type' => 'application/x-www-form-urlencoded; charset=UTF-8',
  'content-length' => '0',
)
[ info ] [ PARAM ] array (
)
[ info ] [ SESSION ] INIT array (
  'id' => '',
  'var_session_id' => '',
  'prefix' => 'think',
  'type' => '',
  'auto_start' => true,
)
[ info ] [ DB ] INIT mysql
[ info ] [ RUN ] app\api\discover\controller\Article->advertisements[ /www/wwwroot/kouzhiwen/application/api/discover/controller/Article.php ]
[ info ] [ LOG ] INIT File
[ sql ] [ DB ] CONNECT:[ UseTime:0.000329s ] mysql:dbname=kouzhiwen;host=127.0.0.1;port=3306;charset=utf8
[ sql ] [ SQL ] SHOW COLUMNS FROM `tpn_user` [ RunTime:0.000714s ]
[ sql ] [ SQL ] SELECT * FROM `tpn_user` WHERE  `logintoken` = '5fb024fc39b77cbcd7bef31a89aada5c' LIMIT 1 [ RunTime:0.001042s ]
[ sql ] [ SQL ] SHOW COLUMNS FROM `tpn_advertisements` [ RunTime:0.000534s ]
[ sql ] [ SQL ] SELECT * FROM `tpn_advertisements` [ RunTime:0.000203s ]

---------------------------------------------------------------
[ 2019-05-03T05:36:05+08:00 ] 172.31.69.247 112.96.165.70 POST /discover/introduce/article_list
[ log ] api.kzwchina.com/discover/introduce/article_list [运行时间：0.033900s][吞吐率：29.50req/s] [内存消耗：3,944.11kb] [文件加载：60]
[ info ] [ LANG ] /www/wwwroot/kouzhiwen/thinkphp/lang/zh-cn.php
[ info ] [ BIND ] 'api'
[ info ] [ ROUTE ] array (
  'type' => 'module',
  'module' => 
  array (
    0 => 'api',
    1 => 'discover',
    2 => 'introduce',
  ),
)
[ info ] [ HEADER ] array (
  'connection' => 'keep-alive',
  'user-agent' => 'Android',
  'logintoken' => '5fb024fc39b77cbcd7bef31a89aada5c',
  'host' => 'api.kzwchina.com',
  'accept-encoding' => 'gzip',
  'content-type' => 'application/x-www-form-urlencoded',
  'content-length' => '13',
)
[ info ] [ PARAM ] array (
  'type' => '1',
  'page' => '1',
)
[ info ] [ SESSION ] INIT array (
  'id' => '',
  'var_session_id' => '',
  'prefix' => 'think',
  'type' => '',
  'auto_start' => true,
)
[ info ] [ DB ] INIT mysql
[ info ] [ RUN ] app\api\discover\controller\Introduce->articleList[ /www/wwwroot/kouzhiwen/application/api/discover/controller/Introduce.php ]
[ info ] [ DB ] INIT mysql
[ info ] [ LOG ] INIT File
[ sql ] [ DB ] CONNECT:[ UseTime:0.000398s ] mysql:dbname=kouzhiwen;host=127.0.0.1;port=3306;charset=utf8
[ sql ] [ SQL ] SHOW COLUMNS FROM `tpn_user` [ RunTime:0.000823s ]
[ sql ] [ SQL ] SELECT * FROM `tpn_user` WHERE  `logintoken` = '5fb024fc39b77cbcd7bef31a89aada5c' LIMIT 1 [ RunTime:0.000924s ]
[ sql ] [ DB ] CONNECT:[ UseTime:0.000311s ] mysql:dbname=kouzhiwen;host=127.0.0.1;port=3306;charset=utf8
[ sql ] [ SQL ] SHOW COLUMNS FROM `tpn_introduce` [ RunTime:0.000638s ]
[ sql ] [ SQL ] SELECT COUNT(*) AS tp_count FROM `tpn_introduce` WHERE  `type` = 1  AND `status` = 1 LIMIT 1 [ RunTime:0.000323s ]
[ sql ] [ SQL ] SELECT * FROM `tpn_introduce` WHERE  `type` = 1  AND `status` = 1 ORDER BY id desc LIMIT 0,10 [ RunTime:0.000433s ]

---------------------------------------------------------------
[ 2019-05-03T05:36:08+08:00 ] 172.31.69.247 112.96.165.70 POST /discover/introduce/article_list
[ log ] api.kzwchina.com/discover/introduce/article_list [运行时间：0.046552s][吞吐率：21.48req/s] [内存消耗：3,899.34kb] [文件加载：60]
[ info ] [ LANG ] /www/wwwroot/kouzhiwen/thinkphp/lang/zh-cn.php
[ info ] [ BIND ] 'api'
[ info ] [ ROUTE ] array (
  'type' => 'module',
  'module' => 
  array (
    0 => 'api',
    1 => 'discover',
    2 => 'introduce',
  ),
)
[ info ] [ HEADER ] array (
  'connection' => 'keep-alive',
  'user-agent' => 'Android',
  'logintoken' => '5fb024fc39b77cbcd7bef31a89aada5c',
  'host' => 'api.kzwchina.com',
  'accept-encoding' => 'gzip',
  'content-type' => 'application/x-www-form-urlencoded',
  'content-length' => '6',
)
[ info ] [ PARAM ] array (
  'page' => '1',
)
[ info ] [ SESSION ] INIT array (
  'id' => '',
  'var_session_id' => '',
  'prefix' => 'think',
  'type' => '',
  'auto_start' => true,
)
[ info ] [ DB ] INIT mysql
[ info ] [ RUN ] app\api\discover\controller\Introduce->articleList[ /www/wwwroot/kouzhiwen/application/api/discover/controller/Introduce.php ]
[ info ] [ DB ] INIT mysql
[ info ] [ LOG ] INIT File
[ sql ] [ DB ] CONNECT:[ UseTime:0.000466s ] mysql:dbname=kouzhiwen;host=127.0.0.1;port=3306;charset=utf8
[ sql ] [ SQL ] SHOW COLUMNS FROM `tpn_user` [ RunTime:0.001080s ]
[ sql ] [ SQL ] SELECT * FROM `tpn_user` WHERE  `logintoken` = '5fb024fc39b77cbcd7bef31a89aada5c' LIMIT 1 [ RunTime:0.001271s ]
[ sql ] [ DB ] CONNECT:[ UseTime:0.000308s ] mysql:dbname=kouzhiwen;host=127.0.0.1;port=3306;charset=utf8
[ sql ] [ SQL ] SHOW COLUMNS FROM `tpn_introduce` [ RunTime:0.000596s ]
[ sql ] [ SQL ] SELECT COUNT(*) AS tp_count FROM `tpn_introduce` WHERE  `type` = 6  AND `status` = 1 LIMIT 1 [ RunTime:0.000334s ]
[ sql ] [ SQL ] SELECT * FROM `tpn_introduce` WHERE  `type` = 6  AND `status` = 1 ORDER BY id desc LIMIT 0,10 [ RunTime:0.000491s ]

---------------------------------------------------------------
[ 2019-05-03T05:36:08+08:00 ] 172.31.69.247 112.96.165.70 POST /discover/introduce/banner
[ log ] api.kzwchina.com/discover/introduce/banner [运行时间：0.048206s][吞吐率：20.74req/s] [内存消耗：4,022.63kb] [文件加载：65]
[ info ] [ LANG ] /www/wwwroot/kouzhiwen/thinkphp/lang/zh-cn.php
[ info ] [ BIND ] 'api'
[ info ] [ ROUTE ] array (
  'type' => 'module',
  'module' => 
  array (
    0 => 'api',
    1 => 'discover',
    2 => 'introduce',
  ),
)
[ info ] [ HEADER ] array (
  'connection' => 'keep-alive',
  'user-agent' => 'Android',
  'logintoken' => '5fb024fc39b77cbcd7bef31a89aada5c',
  'host' => 'api.kzwchina.com',
  'accept-encoding' => 'gzip',
  'content-type' => 'application/x-www-form-urlencoded; charset=UTF-8',
  'content-length' => '0',
)
[ info ] [ PARAM ] array (
)
[ info ] [ SESSION ] INIT array (
  'id' => '',
  'var_session_id' => '',
  'prefix' => 'think',
  'type' => '',
  'auto_start' => true,
)
[ info ] [ DB ] INIT mysql
[ info ] [ RUN ] app\api\discover\controller\Introduce->banner[ /www/wwwroot/kouzhiwen/application/api/discover/controller/Introduce.php ]
[ info ] [ LOG ] INIT File
[ sql ] [ DB ] CONNECT:[ UseTime:0.000456s ] mysql:dbname=kouzhiwen;host=127.0.0.1;port=3306;charset=utf8
[ sql ] [ SQL ] SHOW COLUMNS FROM `tpn_user` [ RunTime:0.001080s ]
[ sql ] [ SQL ] SELECT * FROM `tpn_user` WHERE  `logintoken` = '5fb024fc39b77cbcd7bef31a89aada5c' LIMIT 1 [ RunTime:0.001271s ]
[ sql ] [ SQL ] SHOW COLUMNS FROM `tpn_banner` [ RunTime:0.000599s ]
[ sql ] [ SQL ] SELECT `pid`,`mold`,`type`,`img_url` FROM `tpn_banner` WHERE  `status` = 1  AND `type` = 3  AND `enterprise_id` = 0 ORDER BY add_time desc LIMIT 0,4 [ RunTime:0.000306s ]
[ sql ] [ SQL ] SHOW COLUMNS FROM `tpn_course` [ RunTime:0.000761s ]
[ sql ] [ SQL ] SELECT * FROM `tpn_course` WHERE  `id` = 192 LIMIT 1 [ RunTime:0.000381s ]

---------------------------------------------------------------
[ 2019-05-03T09:25:14+08:00 ] 172.31.69.247 124.64.17.244 GET /common/user/my_info?OS=iOS&version=1.0.8
[ log ] api.kzwchina.com/common/user/my_info?OS=iOS&version=1.0.8 [运行时间：0.029326s][吞吐率：34.10req/s] [内存消耗：3,921.56kb] [文件加载：57]
[ info ] [ LANG ] /www/wwwroot/kouzhiwen/thinkphp/lang/zh-cn.php
[ info ] [ BIND ] 'api'
[ info ] [ ROUTE ] array (
  'type' => 'module',
  'module' => 
  array (
    0 => 'api',
    1 => 'common',
    2 => 'user',
  ),
)
[ info ] [ HEADER ] array (
  'host' => 'api.kzwchina.com',
  'os' => 'iOS',
  'connection' => 'keep-alive',
  'accept' => '*/*',
  'logintoken' => 'e257a42175c4312a3988155318e6d998',
  'user-agent' => 'kouzhiwen/1.0.8 (iPhone; iOS 11.4; Scale/2.00)',
  'accept-language' => 'zh-Hans-CN;q=1',
  'version' => '1.0.8',
  'accept-encoding' => 'gzip, deflate',
)
[ info ] [ PARAM ] array (
  'OS' => 'iOS',
  'version' => '1.0.8',
)
[ info ] [ SESSION ] INIT array (
  'id' => '',
  'var_session_id' => '',
  'prefix' => 'think',
  'type' => '',
  'auto_start' => true,
)
[ info ] [ DB ] INIT mysql
[ info ] [ LOG ] INIT File
[ sql ] [ DB ] CONNECT:[ UseTime:0.000426s ] mysql:dbname=kouzhiwen;host=127.0.0.1;port=3306;charset=utf8
[ sql ] [ SQL ] SHOW COLUMNS FROM `tpn_user` [ RunTime:0.000921s ]
[ sql ] [ SQL ] SELECT * FROM `tpn_user` WHERE  `logintoken` = 'e257a42175c4312a3988155318e6d998' LIMIT 1 [ RunTime:0.000947s ]

---------------------------------------------------------------
[ 2019-05-03T10:00:01+08:00 ] 172.31.69.247 47.105.58.152 GET /root/Task/index.html?type=2
[ log ] admin.kzwchina.com/root/Task/index.html?type=2 [运行时间：0.017794s][吞吐率：56.20req/s] [内存消耗：2,444.73kb] [文件加载：48]
[ info ] [ LANG ] /www/wwwroot/kouzhiwen/thinkphp/lang/zh-cn.php
[ info ] [ BIND ] 'admin'
[ info ] [ ROUTE ] array (
  'type' => 'module',
  'module' => 
  array (
    0 => 'admin',
    1 => 'root',
    2 => 'Task',
  ),
)
[ info ] [ HEADER ] array (
  'user-agent' => 'curl/7.29.0',
  'host' => 'admin.kzwchina.com',
  'accept' => '*/*',
)
[ info ] [ PARAM ] array (
  'type' => '2',
)
[ info ] [ SESSION ] INIT array (
  'id' => '',
  'var_session_id' => '',
  'prefix' => 'think',
  'type' => '',
  'auto_start' => true,
)
[ info ] [ LOG ] INIT File

---------------------------------------------------------------
[ 2019-05-03T14:00:05+08:00 ] 172.31.69.247 39.128.162.66 GET /common/user/my_info?OS=iOS&version=1.0.8
[ log ] api.kzwchina.com/common/user/my_info?OS=iOS&version=1.0.8 [运行时间：0.116440s][吞吐率：8.59req/s] [内存消耗：5,163.07kb] [文件加载：62]
[ info ] [ LANG ] /www/wwwroot/kouzhiwen/thinkphp/lang/zh-cn.php
[ info ] [ BIND ] 'api'
[ info ] [ ROUTE ] array (
  'type' => 'module',
  'module' => 
  array (
    0 => 'api',
    1 => 'common',
    2 => 'user',
  ),
)
[ info ] [ HEADER ] array (
  'host' => 'api.kzwchina.com',
  'os' => 'iOS',
  'connection' => 'keep-alive',
  'accept' => '*/*',
  'logintoken' => '04625945d346c073e2423ecacff18537',
  'user-agent' => 'kouzhiwen/1.0.8 (iPhone; iOS 10.2; Scale/2.00)',
  'accept-language' => 'zh-Hans-CN;q=1',
  'version' => '1.0.8',
  'accept-encoding' => 'gzip, deflate',
)
[ info ] [ PARAM ] array (
  'OS' => 'iOS',
  'version' => '1.0.8',
)
[ info ] [ SESSION ] INIT array (
  'id' => '',
  'var_session_id' => '',
  'prefix' => 'think',
  'type' => '',
  'auto_start' => true,
)
[ info ] [ DB ] INIT mysql
[ info ] [ RUN ] app\api\common\controller\User->myInfo[ /www/wwwroot/kouzhiwen/application/api/common/controller/User.php ]
[ info ] [ LOG ] INIT File
[ sql ] [ DB ] CONNECT:[ UseTime:0.000430s ] mysql:dbname=kouzhiwen;host=127.0.0.1;port=3306;charset=utf8
[ sql ] [ SQL ] SHOW COLUMNS FROM `tpn_user` [ RunTime:0.000876s ]
[ sql ] [ SQL ] SELECT * FROM `tpn_user` WHERE  `logintoken` = '04625945d346c073e2423ecacff18537' LIMIT 1 [ RunTime:0.000609s ]
[ sql ] [ SQL ] SHOW COLUMNS FROM `tpn_regions` [ RunTime:0.000553s ]
[ sql ] [ SQL ] SELECT * FROM `tpn_regions` [ RunTime:0.003125s ]

---------------------------------------------------------------
[ 2019-05-03T14:00:06+08:00 ] 172.31.69.247 39.128.162.66 POST /common/home/index
[ log ] api.kzwchina.com/common/home/index [运行时间：0.053330s][吞吐率：18.75req/s] [内存消耗：4,371.74kb] [文件加载：70]
[ info ] [ LANG ] /www/wwwroot/kouzhiwen/thinkphp/lang/zh-cn.php
[ info ] [ BIND ] 'api'
[ info ] [ ROUTE ] array (
  'type' => 'module',
  'module' => 
  array (
    0 => 'api',
    1 => 'common',
    2 => 'home',
  ),
)
[ info ] [ HEADER ] array (
  'host' => 'api.kzwchina.com',
  'accept' => '*/*',
  'version' => '1.0.8',
  'os' => 'iOS',
  'accept-encoding' => 'gzip, deflate',
  'accept-language' => 'zh-Hans-CN;q=1',
  'logintoken' => '04625945d346c073e2423ecacff18537',
  'user-agent' => 'kouzhiwen/1.0.8 (iPhone; iOS 10.2; Scale/2.00)',
  'connection' => 'keep-alive',
  'cookie' => 'PHPSESSID=qss0rbhtcncvaapej7kcinc8c3',
  'content-type' => 'application/x-www-form-urlencoded',
  'content-length' => '16',
)
[ info ] [ PARAM ] array (
  'enterprise_id' => '13',
)
[ info ] [ SESSION ] INIT array (
  'id' => '',
  'var_session_id' => '',
  'prefix' => 'think',
  'type' => '',
  'auto_start' => true,
)
[ info ] [ DB ] INIT mysql
[ info ] [ RUN ] app\api\common\controller\Home->index[ /www/wwwroot/kouzhiwen/application/api/common/controller/Home.php ]
[ info ] [ LOG ] INIT File
[ sql ] [ DB ] CONNECT:[ UseTime:0.000431s ] mysql:dbname=kouzhiwen;host=127.0.0.1;port=3306;charset=utf8
[ sql ] [ SQL ] SHOW COLUMNS FROM `tpn_user` [ RunTime:0.000871s ]
[ sql ] [ SQL ] SELECT * FROM `tpn_user` WHERE  `logintoken` = '04625945d346c073e2423ecacff18537' LIMIT 1 [ RunTime:0.000630s ]
[ sql ] [ SQL ] SHOW COLUMNS FROM `tpn_enterprise` [ RunTime:0.000701s ]
[ sql ] [ SQL ] SELECT * FROM `tpn_enterprise` WHERE  `id` = 13 LIMIT 1 [ RunTime:0.000336s ]
[ sql ] [ SQL ] SHOW COLUMNS FROM `tpn_banner` [ RunTime:0.000548s ]
[ sql ] [ SQL ] SELECT `pid`,`mold`,`type`,`img_url` FROM `tpn_banner` WHERE  `enterprise_id` = 13  AND `type` = 1  AND `status` = 1 ORDER BY add_time desc LIMIT 0,4 [ RunTime:0.000331s ]
[ sql ] [ SQL ] SHOW COLUMNS FROM `tpn_class` [ RunTime:0.000637s ]
[ sql ] [ SQL ] SELECT * FROM `tpn_class` WHERE  `id` = 130 LIMIT 1 [ RunTime:0.000296s ]
[ sql ] [ SQL ] SHOW COLUMNS FROM `tpn_class_user` [ RunTime:0.000531s ]
[ sql ] [ SQL ] SELECT * FROM `tpn_class_user` WHERE  `uid` = 266  AND `class_id` = 130 LIMIT 1 [ RunTime:0.000447s ]
[ sql ] [ SQL ] SHOW COLUMNS FROM `tpn_course` [ RunTime:0.000658s ]
[ sql ] [ SQL ] SELECT `c`.`id`,`c`.`title`,`c`.`photo`,`c`.`reading`,`c`.`look_num`,`t`.`name`,`c`.`price` FROM `tpn_course` `c` LEFT JOIN `tpn_teacher` `t` ON `c`.`teacher_id`=`t`.`id` WHERE  `c`.`enterprise_id` = '13'  AND `c`.`type` = 3  AND `c`.`scene` = 1 ORDER BY c.is_recommend desc,c.created_at desc LIMIT 0,4 [ RunTime:0.000340s ]
[ sql ] [ SQL ] SHOW COLUMNS FROM `tpn_teacher` [ RunTime:0.000720s ]
[ sql ] [ SQL ] SELECT `id`,`name`,`title`,`photo` FROM `tpn_teacher` WHERE  `enterprise_id` = 13  AND `status` = 1  AND `is_xszd` = 0  AND `identity` LIKE '%3%' ORDER BY is_recommend desc,updated_at desc LIMIT 0,4 [ RunTime:0.000795s ]
[ sql ] [ SQL ] SHOW COLUMNS FROM `tpn_information` [ RunTime:0.000460s ]
[ sql ] [ SQL ] SELECT `id`,`cover_img`,`name`,`add_time`,`comment_num`,`pv` FROM `tpn_information` WHERE  `enterprise_id` = 13 ORDER BY `is_recommend`  desc,`add_time`  desc LIMIT 0,2 [ RunTime:0.000304s ]

---------------------------------------------------------------
[ 2019-05-03T14:00:06+08:00 ] 172.31.69.247 39.128.162.66 GET /common/user/notice_count?OS=iOS&version=1.0.8
[ log ] api.kzwchina.com/common/user/notice_count?OS=iOS&version=1.0.8 [运行时间：0.062432s][吞吐率：16.02req/s] [内存消耗：3,985.19kb] [文件加载：60]
[ info ] [ LANG ] /www/wwwroot/kouzhiwen/thinkphp/lang/zh-cn.php
[ info ] [ BIND ] 'api'
[ info ] [ ROUTE ] array (
  'type' => 'module',
  'module' => 
  array (
    0 => 'api',
    1 => 'common',
    2 => 'user',
  ),
)
[ info ] [ HEADER ] array (
  'host' => 'api.kzwchina.com',
  'os' => 'iOS',
  'cookie' => 'PHPSESSID=qss0rbhtcncvaapej7kcinc8c3',
  'connection' => 'keep-alive',
  'accept' => '*/*',
  'logintoken' => '04625945d346c073e2423ecacff18537',
  'user-agent' => 'kouzhiwen/1.0.8 (iPhone; iOS 10.2; Scale/2.00)',
  'accept-language' => 'zh-Hans-CN;q=1',
  'version' => '1.0.8',
  'accept-encoding' => 'gzip, deflate',
)
[ info ] [ PARAM ] array (
  'OS' => 'iOS',
  'version' => '1.0.8',
)
[ info ] [ SESSION ] INIT array (
  'id' => '',
  'var_session_id' => '',
  'prefix' => 'think',
  'type' => '',
  'auto_start' => true,
)
[ info ] [ DB ] INIT mysql
[ info ] [ RUN ] app\api\common\controller\User->NoticeCount[ /www/wwwroot/kouzhiwen/application/api/common/controller/User.php ]
[ info ] [ LOG ] INIT File
[ sql ] [ DB ] CONNECT:[ UseTime:0.000329s ] mysql:dbname=kouzhiwen;host=127.0.0.1;port=3306;charset=utf8
[ sql ] [ SQL ] SHOW COLUMNS FROM `tpn_user` [ RunTime:0.000812s ]
[ sql ] [ SQL ] SELECT * FROM `tpn_user` WHERE  `logintoken` = '04625945d346c073e2423ecacff18537' LIMIT 1 [ RunTime:0.000579s ]
[ sql ] [ SQL ] SHOW COLUMNS FROM `tpn_user_notice` [ RunTime:0.000556s ]
[ sql ] [ SQL ] SELECT COUNT(*) AS tp_count FROM `tpn_user_notice` WHERE  `uid` = 266  AND `reading` = 0 LIMIT 1 [ RunTime:0.000283s ]

---------------------------------------------------------------
[ 2019-05-03T15:00:01+08:00 ] 172.31.69.247 47.105.58.152 GET /root/Task/index.html?type=1
[ log ] admin.kzwchina.com/root/Task/index.html?type=1 [运行时间：0.018545s][吞吐率：53.92req/s] [内存消耗：2,444.73kb] [文件加载：48]
[ info ] [ LANG ] /www/wwwroot/kouzhiwen/thinkphp/lang/zh-cn.php
[ info ] [ BIND ] 'admin'
[ info ] [ ROUTE ] array (
  'type' => 'module',
  'module' => 
  array (
    0 => 'admin',
    1 => 'root',
    2 => 'Task',
  ),
)
[ info ] [ HEADER ] array (
  'user-agent' => 'curl/7.29.0',
  'host' => 'admin.kzwchina.com',
  'accept' => '*/*',
)
[ info ] [ PARAM ] array (
  'type' => '1',
)
[ info ] [ SESSION ] INIT array (
  'id' => '',
  'var_session_id' => '',
  'prefix' => 'think',
  'type' => '',
  'auto_start' => true,
)
[ info ] [ LOG ] INIT File

---------------------------------------------------------------
[ 2019-05-03T17:41:11+08:00 ] 172.31.69.247 39.130.123.65 GET /common/user/my_info
[ log ] api.kzwchina.com/common/user/my_info [运行时间：0.116755s][吞吐率：8.56req/s] [内存消耗：5,161.08kb] [文件加载：62]
[ info ] [ LANG ] /www/wwwroot/kouzhiwen/thinkphp/lang/zh-cn.php
[ info ] [ BIND ] 'api'
[ info ] [ ROUTE ] array (
  'type' => 'module',
  'module' => 
  array (
    0 => 'api',
    1 => 'common',
    2 => 'user',
  ),
)
[ info ] [ HEADER ] array (
  'connection' => 'keep-alive',
  'user-agent' => 'Android',
  'logintoken' => 'cc23bb43c0ed87f88e1d23780d42e3fc',
  'host' => 'api.kzwchina.com',
  'accept-encoding' => 'gzip',
  'content-type' => 'application/x-www-form-urlencoded; charset=UTF-8',
)
[ info ] [ PARAM ] array (
)
[ info ] [ SESSION ] INIT array (
  'id' => '',
  'var_session_id' => '',
  'prefix' => 'think',
  'type' => '',
  'auto_start' => true,
)
[ info ] [ DB ] INIT mysql
[ info ] [ RUN ] app\api\common\controller\User->myInfo[ /www/wwwroot/kouzhiwen/application/api/common/controller/User.php ]
[ info ] [ LOG ] INIT File
[ sql ] [ DB ] CONNECT:[ UseTime:0.000442s ] mysql:dbname=kouzhiwen;host=127.0.0.1;port=3306;charset=utf8
[ sql ] [ SQL ] SHOW COLUMNS FROM `tpn_user` [ RunTime:0.000879s ]
[ sql ] [ SQL ] SELECT * FROM `tpn_user` WHERE  `logintoken` = 'cc23bb43c0ed87f88e1d23780d42e3fc' LIMIT 1 [ RunTime:0.000669s ]
[ sql ] [ SQL ] SHOW COLUMNS FROM `tpn_regions` [ RunTime:0.000562s ]
[ sql ] [ SQL ] SELECT * FROM `tpn_regions` [ RunTime:0.003152s ]

---------------------------------------------------------------
[ 2019-05-03T17:41:13+08:00 ] 172.31.69.247 39.130.123.65 GET /common/user/notice_count
[ log ] api.kzwchina.com/common/user/notice_count [运行时间：0.044355s][吞吐率：22.55req/s] [内存消耗：3,983.68kb] [文件加载：60]
[ info ] [ LANG ] /www/wwwroot/kouzhiwen/thinkphp/lang/zh-cn.php
[ info ] [ BIND ] 'api'
[ info ] [ ROUTE ] array (
  'type' => 'module',
  'module' => 
  array (
    0 => 'api',
    1 => 'common',
    2 => 'user',
  ),
)
[ info ] [ HEADER ] array (
  'connection' => 'keep-alive',
  'user-agent' => 'Android',
  'logintoken' => 'cc23bb43c0ed87f88e1d23780d42e3fc',
  'host' => 'api.kzwchina.com',
  'accept-encoding' => 'gzip',
  'content-type' => 'application/x-www-form-urlencoded; charset=UTF-8',
)
[ info ] [ PARAM ] array (
)
[ info ] [ SESSION ] INIT array (
  'id' => '',
  'var_session_id' => '',
  'prefix' => 'think',
  'type' => '',
  'auto_start' => true,
)
[ info ] [ DB ] INIT mysql
[ info ] [ RUN ] app\api\common\controller\User->NoticeCount[ /www/wwwroot/kouzhiwen/application/api/common/controller/User.php ]
[ info ] [ LOG ] INIT File
[ sql ] [ DB ] CONNECT:[ UseTime:0.000347s ] mysql:dbname=kouzhiwen;host=127.0.0.1;port=3306;charset=utf8
[ sql ] [ SQL ] SHOW COLUMNS FROM `tpn_user` [ RunTime:0.000862s ]
[ sql ] [ SQL ] SELECT * FROM `tpn_user` WHERE  `logintoken` = 'cc23bb43c0ed87f88e1d23780d42e3fc' LIMIT 1 [ RunTime:0.000630s ]
[ sql ] [ SQL ] SHOW COLUMNS FROM `tpn_user_notice` [ RunTime:0.000566s ]
[ sql ] [ SQL ] SELECT COUNT(*) AS tp_count FROM `tpn_user_notice` WHERE  `uid` = 283  AND `reading` = 0 LIMIT 1 [ RunTime:0.000340s ]

---------------------------------------------------------------
[ 2019-05-03T17:41:13+08:00 ] 172.31.69.247 39.130.123.65 GET /common/home/index?enterprise_id=13
[ log ] api.kzwchina.com/common/home/index?enterprise_id=13 [运行时间：0.055157s][吞吐率：18.13req/s] [内存消耗：4,371.68kb] [文件加载：70]
[ info ] [ LANG ] /www/wwwroot/kouzhiwen/thinkphp/lang/zh-cn.php
[ info ] [ BIND ] 'api'
[ info ] [ ROUTE ] array (
  'type' => 'module',
  'module' => 
  array (
    0 => 'api',
    1 => 'common',
    2 => 'home',
  ),
)
[ info ] [ HEADER ] array (
  'connection' => 'keep-alive',
  'user-agent' => 'Android',
  'logintoken' => 'cc23bb43c0ed87f88e1d23780d42e3fc',
  'host' => 'api.kzwchina.com',
  'accept-encoding' => 'gzip',
  'content-type' => 'application/x-www-form-urlencoded; charset=UTF-8',
)
[ info ] [ PARAM ] array (
  'enterprise_id' => '13',
)
[ info ] [ SESSION ] INIT array (
  'id' => '',
  'var_session_id' => '',
  'prefix' => 'think',
  'type' => '',
  'auto_start' => true,
)
[ info ] [ DB ] INIT mysql
[ info ] [ RUN ] app\api\common\controller\Home->index[ /www/wwwroot/kouzhiwen/application/api/common/controller/Home.php ]
[ info ] [ LOG ] INIT File
[ sql ] [ DB ] CONNECT:[ UseTime:0.000450s ] mysql:dbname=kouzhiwen;host=127.0.0.1;port=3306;charset=utf8
[ sql ] [ SQL ] SHOW COLUMNS FROM `tpn_user` [ RunTime:0.001176s ]
[ sql ] [ SQL ] SELECT * FROM `tpn_user` WHERE  `logintoken` = 'cc23bb43c0ed87f88e1d23780d42e3fc' LIMIT 1 [ RunTime:0.000763s ]
[ sql ] [ SQL ] SHOW COLUMNS FROM `tpn_enterprise` [ RunTime:0.000773s ]
[ sql ] [ SQL ] SELECT * FROM `tpn_enterprise` WHERE  `id` = 13 LIMIT 1 [ RunTime:0.000410s ]
[ sql ] [ SQL ] SHOW COLUMNS FROM `tpn_banner` [ RunTime:0.000612s ]
[ sql ] [ SQL ] SELECT `pid`,`mold`,`type`,`img_url` FROM `tpn_banner` WHERE  `enterprise_id` = 13  AND `type` = 1  AND `status` = 1 ORDER BY add_time desc LIMIT 0,4 [ RunTime:0.000380s ]
[ sql ] [ SQL ] SHOW COLUMNS FROM `tpn_class` [ RunTime:0.000688s ]
[ sql ] [ SQL ] SELECT * FROM `tpn_class` WHERE  `id` = 130 LIMIT 1 [ RunTime:0.000353s ]
[ sql ] [ SQL ] SHOW COLUMNS FROM `tpn_class_user` [ RunTime:0.000599s ]
[ sql ] [ SQL ] SELECT * FROM `tpn_class_user` WHERE  `uid` = 283  AND `class_id` = 130 LIMIT 1 [ RunTime:0.000537s ]
[ sql ] [ SQL ] SHOW COLUMNS FROM `tpn_course` [ RunTime:0.000715s ]
[ sql ] [ SQL ] SELECT `c`.`id`,`c`.`title`,`c`.`photo`,`c`.`reading`,`c`.`look_num`,`t`.`name`,`c`.`price` FROM `tpn_course` `c` LEFT JOIN `tpn_teacher` `t` ON `c`.`teacher_id`=`t`.`id` WHERE  `c`.`enterprise_id` = '13'  AND `c`.`type` = 3  AND `c`.`scene` = 1 ORDER BY c.is_recommend desc,c.created_at desc LIMIT 0,4 [ RunTime:0.000406s ]
[ sql ] [ SQL ] SHOW COLUMNS FROM `tpn_teacher` [ RunTime:0.000787s ]
[ sql ] [ SQL ] SELECT `id`,`name`,`title`,`photo` FROM `tpn_teacher` WHERE  `enterprise_id` = 13  AND `status` = 1  AND `is_xszd` = 0  AND `identity` LIKE '%3%' ORDER BY is_recommend desc,updated_at desc LIMIT 0,4 [ RunTime:0.000844s ]
[ sql ] [ SQL ] SHOW COLUMNS FROM `tpn_information` [ RunTime:0.000599s ]
[ sql ] [ SQL ] SELECT `id`,`cover_img`,`name`,`add_time`,`comment_num`,`pv` FROM `tpn_information` WHERE  `enterprise_id` = 13 ORDER BY `is_recommend`  desc,`add_time`  desc LIMIT 0,2 [ RunTime:0.000379s ]

---------------------------------------------------------------
[ 2019-05-03T19:57:36+08:00 ] 172.31.69.247 117.136.53.169 GET /common/user/my_info
[ log ] api.kzwchina.com/common/user/my_info [运行时间：0.119051s][吞吐率：8.40req/s] [内存消耗：5,161.54kb] [文件加载：62]
[ info ] [ LANG ] /www/wwwroot/kouzhiwen/thinkphp/lang/zh-cn.php
[ info ] [ BIND ] 'api'
[ info ] [ ROUTE ] array (
  'type' => 'module',
  'module' => 
  array (
    0 => 'api',
    1 => 'common',
    2 => 'user',
  ),
)
[ info ] [ HEADER ] array (
  'connection' => 'keep-alive',
  'user-agent' => 'Android',
  'logintoken' => '49263df9ed3ebffce5acbaf6fea32992',
  'host' => 'api.kzwchina.com',
  'accept-encoding' => 'gzip',
  'content-type' => 'application/x-www-form-urlencoded; charset=UTF-8',
)
[ info ] [ PARAM ] array (
)
[ info ] [ SESSION ] INIT array (
  'id' => '',
  'var_session_id' => '',
  'prefix' => 'think',
  'type' => '',
  'auto_start' => true,
)
[ info ] [ DB ] INIT mysql
[ info ] [ RUN ] app\api\common\controller\User->myInfo[ /www/wwwroot/kouzhiwen/application/api/common/controller/User.php ]
[ info ] [ LOG ] INIT File
[ sql ] [ DB ] CONNECT:[ UseTime:0.000418s ] mysql:dbname=kouzhiwen;host=127.0.0.1;port=3306;charset=utf8
[ sql ] [ SQL ] SHOW COLUMNS FROM `tpn_user` [ RunTime:0.000876s ]
[ sql ] [ SQL ] SELECT * FROM `tpn_user` WHERE  `logintoken` = '49263df9ed3ebffce5acbaf6fea32992' LIMIT 1 [ RunTime:0.000523s ]
[ sql ] [ SQL ] SHOW COLUMNS FROM `tpn_regions` [ RunTime:0.000562s ]
[ sql ] [ SQL ] SELECT * FROM `tpn_regions` [ RunTime:0.003111s ]

---------------------------------------------------------------
[ 2019-05-03T19:57:39+08:00 ] 172.31.69.247 117.136.53.169 GET /common/user/notice_count
[ log ] api.kzwchina.com/common/user/notice_count [运行时间：0.031601s][吞吐率：31.64req/s] [内存消耗：3,984.16kb] [文件加载：60]
[ info ] [ LANG ] /www/wwwroot/kouzhiwen/thinkphp/lang/zh-cn.php
[ info ] [ BIND ] 'api'
[ info ] [ ROUTE ] array (
  'type' => 'module',
  'module' => 
  array (
    0 => 'api',
    1 => 'common',
    2 => 'user',
  ),
)
[ info ] [ HEADER ] array (
  'connection' => 'keep-alive',
  'user-agent' => 'Android',
  'logintoken' => '49263df9ed3ebffce5acbaf6fea32992',
  'host' => 'api.kzwchina.com',
  'accept-encoding' => 'gzip',
  'content-type' => 'application/x-www-form-urlencoded; charset=UTF-8',
)
[ info ] [ PARAM ] array (
)
[ info ] [ SESSION ] INIT array (
  'id' => '',
  'var_session_id' => '',
  'prefix' => 'think',
  'type' => '',
  'auto_start' => true,
)
[ info ] [ DB ] INIT mysql
[ info ] [ RUN ] app\api\common\controller\User->NoticeCount[ /www/wwwroot/kouzhiwen/application/api/common/controller/User.php ]
[ info ] [ LOG ] INIT File
[ sql ] [ DB ] CONNECT:[ UseTime:0.000423s ] mysql:dbname=kouzhiwen;host=127.0.0.1;port=3306;charset=utf8
[ sql ] [ SQL ] SHOW COLUMNS FROM `tpn_user` [ RunTime:0.000898s ]
[ sql ] [ SQL ] SELECT * FROM `tpn_user` WHERE  `logintoken` = '49263df9ed3ebffce5acbaf6fea32992' LIMIT 1 [ RunTime:0.000547s ]
[ sql ] [ SQL ] SHOW COLUMNS FROM `tpn_user_notice` [ RunTime:0.000594s ]
[ sql ] [ SQL ] SELECT COUNT(*) AS tp_count FROM `tpn_user_notice` WHERE  `uid` = 70  AND `reading` = 0 LIMIT 1 [ RunTime:0.000312s ]

---------------------------------------------------------------
[ 2019-05-03T22:22:37+08:00 ] 172.31.69.247 117.136.85.42 GET /common/user/my_info
[ log ] api.kzwchina.com/common/user/my_info [运行时间：0.116642s][吞吐率：8.57req/s] [内存消耗：5,161.08kb] [文件加载：62]
[ info ] [ LANG ] /www/wwwroot/kouzhiwen/thinkphp/lang/zh-cn.php
[ info ] [ BIND ] 'api'
[ info ] [ ROUTE ] array (
  'type' => 'module',
  'module' => 
  array (
    0 => 'api',
    1 => 'common',
    2 => 'user',
  ),
)
[ info ] [ HEADER ] array (
  'connection' => 'keep-alive',
  'user-agent' => 'Android',
  'logintoken' => '478c3991f9299c7b33950ea5176c3f88',
  'host' => 'api.kzwchina.com',
  'accept-encoding' => 'gzip',
  'content-type' => 'application/x-www-form-urlencoded; charset=UTF-8',
)
[ info ] [ PARAM ] array (
)
[ info ] [ SESSION ] INIT array (
  'id' => '',
  'var_session_id' => '',
  'prefix' => 'think',
  'type' => '',
  'auto_start' => true,
)
[ info ] [ DB ] INIT mysql
[ info ] [ RUN ] app\api\common\controller\User->myInfo[ /www/wwwroot/kouzhiwen/application/api/common/controller/User.php ]
[ info ] [ LOG ] INIT File
[ sql ] [ DB ] CONNECT:[ UseTime:0.000439s ] mysql:dbname=kouzhiwen;host=127.0.0.1;port=3306;charset=utf8
[ sql ] [ SQL ] SHOW COLUMNS FROM `tpn_user` [ RunTime:0.000869s ]
[ sql ] [ SQL ] SELECT * FROM `tpn_user` WHERE  `logintoken` = '478c3991f9299c7b33950ea5176c3f88' LIMIT 1 [ RunTime:0.000571s ]
[ sql ] [ SQL ] SHOW COLUMNS FROM `tpn_regions` [ RunTime:0.000538s ]
[ sql ] [ SQL ] SELECT * FROM `tpn_regions` [ RunTime:0.003147s ]

---------------------------------------------------------------
[ 2019-05-03T22:22:39+08:00 ] 172.31.69.247 117.136.85.42 GET /common/home/index?enterprise_id=13
[ log ] api.kzwchina.com/common/home/index?enterprise_id=13 [运行时间：0.047849s][吞吐率：20.90req/s] [内存消耗：4,371.68kb] [文件加载：70]
[ info ] [ LANG ] /www/wwwroot/kouzhiwen/thinkphp/lang/zh-cn.php
[ info ] [ BIND ] 'api'
[ info ] [ ROUTE ] array (
  'type' => 'module',
  'module' => 
  array (
    0 => 'api',
    1 => 'common',
    2 => 'home',
  ),
)
[ info ] [ HEADER ] array (
  'connection' => 'keep-alive',
  'user-agent' => 'Android',
  'logintoken' => '478c3991f9299c7b33950ea5176c3f88',
  'host' => 'api.kzwchina.com',
  'accept-encoding' => 'gzip',
  'content-type' => 'application/x-www-form-urlencoded; charset=UTF-8',
)
[ info ] [ PARAM ] array (
  'enterprise_id' => '13',
)
[ info ] [ SESSION ] INIT array (
  'id' => '',
  'var_session_id' => '',
  'prefix' => 'think',
  'type' => '',
  'auto_start' => true,
)
[ info ] [ DB ] INIT mysql
[ info ] [ RUN ] app\api\common\controller\Home->index[ /www/wwwroot/kouzhiwen/application/api/common/controller/Home.php ]
[ info ] [ LOG ] INIT File
[ sql ] [ DB ] CONNECT:[ UseTime:0.000426s ] mysql:dbname=kouzhiwen;host=127.0.0.1;port=3306;charset=utf8
[ sql ] [ SQL ] SHOW COLUMNS FROM `tpn_user` [ RunTime:0.001151s ]
[ sql ] [ SQL ] SELECT * FROM `tpn_user` WHERE  `logintoken` = '478c3991f9299c7b33950ea5176c3f88' LIMIT 1 [ RunTime:0.000613s ]
[ sql ] [ SQL ] SHOW COLUMNS FROM `tpn_enterprise` [ RunTime:0.000781s ]
[ sql ] [ SQL ] SELECT * FROM `tpn_enterprise` WHERE  `id` = 13 LIMIT 1 [ RunTime:0.000396s ]
[ sql ] [ SQL ] SHOW COLUMNS FROM `tpn_banner` [ RunTime:0.000644s ]
[ sql ] [ SQL ] SELECT `pid`,`mold`,`type`,`img_url` FROM `tpn_banner` WHERE  `enterprise_id` = 13  AND `type` = 1  AND `status` = 1 ORDER BY add_time desc LIMIT 0,4 [ RunTime:0.000390s ]
[ sql ] [ SQL ] SHOW COLUMNS FROM `tpn_class` [ RunTime:0.000692s ]
[ sql ] [ SQL ] SELECT * FROM `tpn_class` WHERE  `id` = 130 LIMIT 1 [ RunTime:0.000360s ]
[ sql ] [ SQL ] SHOW COLUMNS FROM `tpn_class_user` [ RunTime:0.000598s ]
[ sql ] [ SQL ] SELECT * FROM `tpn_class_user` WHERE  `uid` = 202  AND `class_id` = 130 LIMIT 1 [ RunTime:0.000547s ]
[ sql ] [ SQL ] SHOW COLUMNS FROM `tpn_course` [ RunTime:0.000735s ]
[ sql ] [ SQL ] SELECT `c`.`id`,`c`.`title`,`c`.`photo`,`c`.`reading`,`c`.`look_num`,`t`.`name`,`c`.`price` FROM `tpn_course` `c` LEFT JOIN `tpn_teacher` `t` ON `c`.`teacher_id`=`t`.`id` WHERE  `c`.`enterprise_id` = '13'  AND `c`.`type` = 3  AND `c`.`scene` = 1 ORDER BY c.is_recommend desc,c.created_at desc LIMIT 0,4 [ RunTime:0.000423s ]
[ sql ] [ SQL ] SHOW COLUMNS FROM `tpn_teacher` [ RunTime:0.000807s ]
[ sql ] [ SQL ] SELECT `id`,`name`,`title`,`photo` FROM `tpn_teacher` WHERE  `enterprise_id` = 13  AND `status` = 1  AND `is_xszd` = 0  AND `identity` LIKE '%3%' ORDER BY is_recommend desc,updated_at desc LIMIT 0,4 [ RunTime:0.000890s ]
[ sql ] [ SQL ] SHOW COLUMNS FROM `tpn_information` [ RunTime:0.000636s ]
[ sql ] [ SQL ] SELECT `id`,`cover_img`,`name`,`add_time`,`comment_num`,`pv` FROM `tpn_information` WHERE  `enterprise_id` = 13 ORDER BY `is_recommend`  desc,`add_time`  desc LIMIT 0,2 [ RunTime:0.000368s ]

---------------------------------------------------------------
[ 2019-05-03T22:22:39+08:00 ] 172.31.69.247 117.136.85.42 GET /common/user/notice_count
[ log ] api.kzwchina.com/common/user/notice_count [运行时间：0.039017s][吞吐率：25.63req/s] [内存消耗：3,983.68kb] [文件加载：60]
[ info ] [ LANG ] /www/wwwroot/kouzhiwen/thinkphp/lang/zh-cn.php
[ info ] [ BIND ] 'api'
[ info ] [ ROUTE ] array (
  'type' => 'module',
  'module' => 
  array (
    0 => 'api',
    1 => 'common',
    2 => 'user',
  ),
)
[ info ] [ HEADER ] array (
  'connection' => 'keep-alive',
  'user-agent' => 'Android',
  'logintoken' => '478c3991f9299c7b33950ea5176c3f88',
  'host' => 'api.kzwchina.com',
  'accept-encoding' => 'gzip',
  'content-type' => 'application/x-www-form-urlencoded; charset=UTF-8',
)
[ info ] [ PARAM ] array (
)
[ info ] [ SESSION ] INIT array (
  'id' => '',
  'var_session_id' => '',
  'prefix' => 'think',
  'type' => '',
  'auto_start' => true,
)
[ info ] [ DB ] INIT mysql
[ info ] [ RUN ] app\api\common\controller\User->NoticeCount[ /www/wwwroot/kouzhiwen/application/api/common/controller/User.php ]
[ info ] [ LOG ] INIT File
[ sql ] [ DB ] CONNECT:[ UseTime:0.000365s ] mysql:dbname=kouzhiwen;host=127.0.0.1;port=3306;charset=utf8
[ sql ] [ SQL ] SHOW COLUMNS FROM `tpn_user` [ RunTime:0.000674s ]
[ sql ] [ SQL ] SELECT * FROM `tpn_user` WHERE  `logintoken` = '478c3991f9299c7b33950ea5176c3f88' LIMIT 1 [ RunTime:0.000503s ]
[ sql ] [ SQL ] SHOW COLUMNS FROM `tpn_user_notice` [ RunTime:0.000548s ]
[ sql ] [ SQL ] SELECT COUNT(*) AS tp_count FROM `tpn_user_notice` WHERE  `uid` = 202  AND `reading` = 0 LIMIT 1 [ RunTime:0.000299s ]

---------------------------------------------------------------
