[ 2019-01-27T07:58:24+08:00 ] 172.31.69.247 106.14.168.238 GET /
[ log ] api.kzwchina.com/ [运行时间：0.016483s][吞吐率：60.67req/s] [内存消耗：1,983.02kb] [文件加载：45]
[ info ] [ LANG ] /www/wwwroot/kouzhiwen/thinkphp/lang/zh-cn.php
[ info ] [ BIND ] 'api'
[ info ] [ ROUTE ] array (
  'type' => 'module',
  'module' => 
  array (
    0 => 'api',
    1 => NULL,
    2 => NULL,
  ),
)
[ info ] [ HEADER ] array (
  'user-agent' => 'Mozilla/5.0 (Linux; Android 4.1.1; Nexus 7 Build/JRO03D))',
  'host' => 'api.kzwchina.com',
  'accept' => 'text/html, image/gif, image/jpeg, *; q=.2, */*; q=.2',
  'connection' => 'keep-alive',
)
[ info ] [ PARAM ] array (
)
[ info ] [ LOG ] INIT File
[ error ] [8]未定义数组索引: PATH_INFO[/www/wwwroot/kouzhiwen/thinkphp/library/think/Route.php:1548]
[ error ] [8]未定义数组索引: PATH_INFO[/www/wwwroot/kouzhiwen/thinkphp/library/think/App.php:328]
[ error ] [8]未定义数组索引: PATH_INFO[/www/wwwroot/kouzhiwen/thinkphp/library/think/Request.php:1408]
[ error ] [8]未定义数组下标: 1[/www/wwwroot/kouzhiwen/thinkphp/library/think/App.php:380]
[ error ] [8]未定义数组下标: 2[/www/wwwroot/kouzhiwen/thinkphp/library/think/App.php:382]
[ error ] [8]未定义数组下标: 2[/www/wwwroot/kouzhiwen/thinkphp/library/think/App.php:386]
[ error ] [8]未定义数组下标: 3[/www/wwwroot/kouzhiwen/thinkphp/library/think/App.php:387]
[ error ] [8]未定义数组索引: PATH_INFO[/www/wwwroot/kouzhiwen/thinkphp/library/think/Request.php:1408]

---------------------------------------------------------------
[ 2019-01-27T08:12:51+08:00 ] 172.31.69.247 117.136.0.239 GET /common/user/my_info
[ log ] api.kzwchina.com/common/user/my_info [运行时间：0.112321s][吞吐率：8.90req/s] [内存消耗：5,123.44kb] [文件加载：62]
[ info ] [ LANG ] /www/wwwroot/kouzhiwen/thinkphp/lang/zh-cn.php
[ info ] [ BIND ] 'api'
[ info ] [ ROUTE ] array (
  'type' => 'module',
  'module' => 
  array (
    0 => 'api',
    1 => 'common',
    2 => 'user',
  ),
)
[ info ] [ HEADER ] array (
  'connection' => 'keep-alive',
  'user-agent' => 'Android',
  'logintoken' => 'd54896a4ea33a7181f9ce8e2731a70f9',
  'host' => 'api.kzwchina.com',
  'accept-encoding' => 'gzip',
  'content-type' => 'application/x-www-form-urlencoded; charset=UTF-8',
)
[ info ] [ PARAM ] array (
)
[ info ] [ SESSION ] INIT array (
  'id' => '',
  'var_session_id' => '',
  'prefix' => 'think',
  'type' => '',
  'auto_start' => true,
)
[ info ] [ DB ] INIT mysql
[ info ] [ RUN ] app\api\common\controller\User->myInfo[ /www/wwwroot/kouzhiwen/application/api/common/controller/User.php ]
[ info ] [ LOG ] INIT File
[ sql ] [ DB ] CONNECT:[ UseTime:0.000464s ] mysql:dbname=kouzhiwen;host=127.0.0.1;port=3306;charset=utf8
[ sql ] [ SQL ] SHOW COLUMNS FROM `tpn_user` [ RunTime:0.000871s ]
[ sql ] [ SQL ] SELECT * FROM `tpn_user` WHERE  `logintoken` = 'd54896a4ea33a7181f9ce8e2731a70f9' LIMIT 1 [ RunTime:0.000525s ]
[ sql ] [ SQL ] SHOW COLUMNS FROM `tpn_regions` [ RunTime:0.000530s ]
[ sql ] [ SQL ] SELECT * FROM `tpn_regions` [ RunTime:0.002940s ]

---------------------------------------------------------------
[ 2019-01-27T08:12:53+08:00 ] 172.31.69.247 117.136.0.239 GET /common/user/notice_count
[ log ] api.kzwchina.com/common/user/notice_count [运行时间：0.042950s][吞吐率：23.28req/s] [内存消耗：3,946.05kb] [文件加载：60]
[ info ] [ LANG ] /www/wwwroot/kouzhiwen/thinkphp/lang/zh-cn.php
[ info ] [ BIND ] 'api'
[ info ] [ ROUTE ] array (
  'type' => 'module',
  'module' => 
  array (
    0 => 'api',
    1 => 'common',
    2 => 'user',
  ),
)
[ info ] [ HEADER ] array (
  'connection' => 'keep-alive',
  'user-agent' => 'Android',
  'logintoken' => 'd54896a4ea33a7181f9ce8e2731a70f9',
  'host' => 'api.kzwchina.com',
  'accept-encoding' => 'gzip',
  'content-type' => 'application/x-www-form-urlencoded; charset=UTF-8',
)
[ info ] [ PARAM ] array (
)
[ info ] [ SESSION ] INIT array (
  'id' => '',
  'var_session_id' => '',
  'prefix' => 'think',
  'type' => '',
  'auto_start' => true,
)
[ info ] [ DB ] INIT mysql
[ info ] [ RUN ] app\api\common\controller\User->NoticeCount[ /www/wwwroot/kouzhiwen/application/api/common/controller/User.php ]
[ info ] [ LOG ] INIT File
[ sql ] [ DB ] CONNECT:[ UseTime:0.000408s ] mysql:dbname=kouzhiwen;host=127.0.0.1;port=3306;charset=utf8
[ sql ] [ SQL ] SHOW COLUMNS FROM `tpn_user` [ RunTime:0.001018s ]
[ sql ] [ SQL ] SELECT * FROM `tpn_user` WHERE  `logintoken` = 'd54896a4ea33a7181f9ce8e2731a70f9' LIMIT 1 [ RunTime:0.000520s ]
[ sql ] [ SQL ] SHOW COLUMNS FROM `tpn_user_notice` [ RunTime:0.000629s ]
[ sql ] [ SQL ] SELECT COUNT(*) AS tp_count FROM `tpn_user_notice` WHERE  `uid` = 70  AND `reading` = 0 LIMIT 1 [ RunTime:0.000347s ]

---------------------------------------------------------------
[ 2019-01-27T08:12:53+08:00 ] 172.31.69.247 117.136.0.239 GET /common/home/index?enterprise_id=13
[ log ] api.kzwchina.com/common/home/index?enterprise_id=13 [运行时间：0.055825s][吞吐率：17.91req/s] [内存消耗：4,388.10kb] [文件加载：70]
[ info ] [ LANG ] /www/wwwroot/kouzhiwen/thinkphp/lang/zh-cn.php
[ info ] [ BIND ] 'api'
[ info ] [ ROUTE ] array (
  'type' => 'module',
  'module' => 
  array (
    0 => 'api',
    1 => 'common',
    2 => 'home',
  ),
)
[ info ] [ HEADER ] array (
  'connection' => 'keep-alive',
  'user-agent' => 'Android',
  'logintoken' => 'd54896a4ea33a7181f9ce8e2731a70f9',
  'host' => 'api.kzwchina.com',
  'accept-encoding' => 'gzip',
  'content-type' => 'application/x-www-form-urlencoded; charset=UTF-8',
)
[ info ] [ PARAM ] array (
  'enterprise_id' => '13',
)
[ info ] [ SESSION ] INIT array (
  'id' => '',
  'var_session_id' => '',
  'prefix' => 'think',
  'type' => '',
  'auto_start' => true,
)
[ info ] [ DB ] INIT mysql
[ info ] [ RUN ] app\api\common\controller\Home->index[ /www/wwwroot/kouzhiwen/application/api/common/controller/Home.php ]
[ info ] [ LOG ] INIT File
[ sql ] [ DB ] CONNECT:[ UseTime:0.000621s ] mysql:dbname=kouzhiwen;host=127.0.0.1;port=3306;charset=utf8
[ sql ] [ SQL ] SHOW COLUMNS FROM `tpn_user` [ RunTime:0.001037s ]
[ sql ] [ SQL ] SELECT * FROM `tpn_user` WHERE  `logintoken` = 'd54896a4ea33a7181f9ce8e2731a70f9' LIMIT 1 [ RunTime:0.000521s ]
[ sql ] [ SQL ] SHOW COLUMNS FROM `tpn_enterprise` [ RunTime:0.000687s ]
[ sql ] [ SQL ] SELECT * FROM `tpn_enterprise` WHERE  `id` = 13 LIMIT 1 [ RunTime:0.000372s ]
[ sql ] [ SQL ] SELECT * FROM `tpn_enterprise` WHERE  `id` = 20  AND `status` = 1 LIMIT 1 [ RunTime:0.000347s ]
[ sql ] [ SQL ] SHOW COLUMNS FROM `tpn_banner` [ RunTime:0.000556s ]
[ sql ] [ SQL ] SELECT `pid`,`mold`,`type`,`img_url` FROM `tpn_banner` WHERE  `enterprise_id` = 13  AND `type` = 1  AND `status` = 1 ORDER BY add_time desc LIMIT 0,4 [ RunTime:0.000371s ]
[ sql ] [ SQL ] SHOW COLUMNS FROM `tpn_class` [ RunTime:0.000518s ]
[ sql ] [ SQL ] SELECT * FROM `tpn_class` WHERE  `id` = 43 LIMIT 1 [ RunTime:0.000302s ]
[ sql ] [ SQL ] SHOW COLUMNS FROM `tpn_class_user` [ RunTime:0.000504s ]
[ sql ] [ SQL ] SELECT * FROM `tpn_class_user` WHERE  `uid` = 70  AND `class_id` = 43 LIMIT 1 [ RunTime:0.000234s ]
[ sql ] [ SQL ] SHOW COLUMNS FROM `tpn_course` [ RunTime:0.000575s ]
[ sql ] [ SQL ] SELECT `c`.`id`,`c`.`title`,`c`.`photo`,`c`.`reading`,`c`.`look_num`,`t`.`name`,`c`.`price` FROM `tpn_course` `c` LEFT JOIN `tpn_teacher` `t` ON `c`.`teacher_id`=`t`.`id` WHERE  `c`.`enterprise_id` = '13'  AND `c`.`type` = 3  AND `c`.`scene` = 1 ORDER BY c.is_recommend desc,c.created_at desc LIMIT 0,4 [ RunTime:0.000319s ]
[ sql ] [ SQL ] SHOW COLUMNS FROM `tpn_teacher` [ RunTime:0.000653s ]
[ sql ] [ SQL ] SELECT `id`,`name`,`title`,`photo` FROM `tpn_teacher` WHERE  `enterprise_id` = 13  AND `status` = 1  AND `is_xszd` = 0  AND `identity` LIKE '%3%' ORDER BY is_recommend desc,updated_at desc LIMIT 0,4 [ RunTime:0.000568s ]
[ sql ] [ SQL ] SHOW COLUMNS FROM `tpn_information` [ RunTime:0.000503s ]
[ sql ] [ SQL ] SELECT `id`,`cover_img`,`name`,`add_time`,`comment_num`,`pv` FROM `tpn_information` WHERE  `enterprise_id` = 13 ORDER BY `is_recommend`  desc,`add_time`  desc LIMIT 0,2 [ RunTime:0.000258s ]

---------------------------------------------------------------
[ 2019-01-27T08:13:01+08:00 ] 172.31.69.247 117.136.0.239 GET /common/study/datalist?enterprise_id=13&page=1
[ log ] api.kzwchina.com/common/study/datalist?enterprise_id=13&page=1 [运行时间：0.035600s][吞吐率：28.09req/s] [内存消耗：4,113.48kb] [文件加载：65]
[ info ] [ LANG ] /www/wwwroot/kouzhiwen/thinkphp/lang/zh-cn.php
[ info ] [ BIND ] 'api'
[ info ] [ ROUTE ] array (
  'type' => 'module',
  'module' => 
  array (
    0 => 'api',
    1 => 'common',
    2 => 'study',
  ),
)
[ info ] [ HEADER ] array (
  'connection' => 'keep-alive',
  'user-agent' => 'Android',
  'logintoken' => 'd54896a4ea33a7181f9ce8e2731a70f9',
  'host' => 'api.kzwchina.com',
  'accept-encoding' => 'gzip',
  'content-type' => 'application/x-www-form-urlencoded; charset=UTF-8',
)
[ info ] [ PARAM ] array (
  'enterprise_id' => '13',
  'page' => '1',
)
[ info ] [ SESSION ] INIT array (
  'id' => '',
  'var_session_id' => '',
  'prefix' => 'think',
  'type' => '',
  'auto_start' => true,
)
[ info ] [ DB ] INIT mysql
[ info ] [ RUN ] app\api\common\controller\Study->datalist[ /www/wwwroot/kouzhiwen/application/api/common/controller/Study.php ]
[ info ] [ LOG ] INIT File
[ sql ] [ DB ] CONNECT:[ UseTime:0.000419s ] mysql:dbname=kouzhiwen;host=127.0.0.1;port=3306;charset=utf8
[ sql ] [ SQL ] SHOW COLUMNS FROM `tpn_user` [ RunTime:0.000840s ]
[ sql ] [ SQL ] SELECT * FROM `tpn_user` WHERE  `logintoken` = 'd54896a4ea33a7181f9ce8e2731a70f9' LIMIT 1 [ RunTime:0.000501s ]
[ sql ] [ SQL ] SHOW COLUMNS FROM `tpn_class` [ RunTime:0.000657s ]
[ sql ] [ SQL ] SELECT `a`.`id`,count(`u`.`uid`) as count FROM `tpn_class` `a` LEFT JOIN `tpn_class_user` `u` ON `a`.`id`=`u`.`class_id` WHERE  `a`.`enterprise_id` = '13'  AND `a`.`end` > 1548547980 GROUP BY u.class_id ORDER BY count desc LIMIT 1 [ RunTime:0.000618s ]
[ sql ] [ SQL ] SELECT COUNT(*) AS tp_count FROM `tpn_class` `a` WHERE  `a`.`enterprise_id` = '13'  AND `a`.`end` > 1548547980 ORDER BY id<>43,a.start desc LIMIT 1 [ RunTime:0.000282s ]
[ sql ] [ SQL ] SELECT `a`.`id`,count(`u`.`uid`) as count FROM `tpn_class` `a` LEFT JOIN `tpn_class_user` `u` ON `a`.`id`=`u`.`class_id` WHERE  `a`.`enterprise_id` = '13'  AND `a`.`end` > 1548547980 GROUP BY u.class_id ORDER BY count desc LIMIT 1 [ RunTime:0.000531s ]
[ sql ] [ SQL ] SELECT `a`.`id`,`a`.`enterprise_id`,`a`.`name`,`a`.`photo`,`a`.`start`,`a`.`end`,`a`.`price`,(select count(*) from tpn_class_user where `class_id`=a.id) apply_num,(select if(count(*)>0,1,0) from tpn_class_user where `class_id`=a.id and `uid`=70) is_apply FROM `tpn_class` `a` WHERE  `a`.`enterprise_id` = '13'  AND `a`.`end` > 1548547980 ORDER BY id<>43,a.start desc LIMIT 0,10 [ RunTime:0.000895s ]
[ error ] [8]未定义数组索引: classify_id[/www/wwwroot/kouzhiwen/application/common/model/Studys.php:30]
[ error ] [8]未定义数组索引: class_type_id[/www/wwwroot/kouzhiwen/application/common/model/Studys.php:34]
[ error ] [8]未定义数组索引: power[/www/wwwroot/kouzhiwen/application/common/model/Studys.php:42]
[ error ] [8]未定义数组索引: classify_id[/www/wwwroot/kouzhiwen/application/common/model/Studys.php:30]
[ error ] [8]未定义数组索引: class_type_id[/www/wwwroot/kouzhiwen/application/common/model/Studys.php:34]
[ error ] [8]未定义数组索引: power[/www/wwwroot/kouzhiwen/application/common/model/Studys.php:42]

---------------------------------------------------------------
[ 2019-01-27T08:13:04+08:00 ] 172.31.69.247 117.136.0.239 GET /common/study/class_course_list?id=43
[ log ] api.kzwchina.com/common/study/class_course_list?id=43 [运行时间：0.047938s][吞吐率：20.86req/s] [内存消耗：4,410.69kb] [文件加载：69]
[ info ] [ LANG ] /www/wwwroot/kouzhiwen/thinkphp/lang/zh-cn.php
[ info ] [ BIND ] 'api'
[ info ] [ ROUTE ] array (
  'type' => 'module',
  'module' => 
  array (
    0 => 'api',
    1 => 'common',
    2 => 'study',
  ),
)
[ info ] [ HEADER ] array (
  'connection' => 'keep-alive',
  'user-agent' => 'Android',
  'logintoken' => 'd54896a4ea33a7181f9ce8e2731a70f9',
  'host' => 'api.kzwchina.com',
  'accept-encoding' => 'gzip',
  'content-type' => 'application/x-www-form-urlencoded; charset=UTF-8',
)
[ info ] [ PARAM ] array (
  'id' => '43',
)
[ info ] [ SESSION ] INIT array (
  'id' => '',
  'var_session_id' => '',
  'prefix' => 'think',
  'type' => '',
  'auto_start' => true,
)
[ info ] [ DB ] INIT mysql
[ info ] [ RUN ] app\api\common\controller\Study->ClassCourseList[ /www/wwwroot/kouzhiwen/application/api/common/controller/Study.php ]
[ info ] [ LOG ] INIT File
[ sql ] [ DB ] CONNECT:[ UseTime:0.000429s ] mysql:dbname=kouzhiwen;host=127.0.0.1;port=3306;charset=utf8
[ sql ] [ SQL ] SHOW COLUMNS FROM `tpn_user` [ RunTime:0.000844s ]
[ sql ] [ SQL ] SELECT * FROM `tpn_user` WHERE  `logintoken` = 'd54896a4ea33a7181f9ce8e2731a70f9' LIMIT 1 [ RunTime:0.000520s ]
[ sql ] [ SQL ] SHOW COLUMNS FROM `tpn_class_user` [ RunTime:0.000547s ]
[ sql ] [ SQL ] SELECT * FROM `tpn_class_user` WHERE  `class_id` = 43  AND `uid` = 70 LIMIT 1 [ RunTime:0.000259s ]
[ sql ] [ SQL ] SHOW COLUMNS FROM `tpn_class` [ RunTime:0.000575s ]
[ sql ] [ SQL ] SELECT * FROM `tpn_class` WHERE  `id` = 43 LIMIT 1 [ RunTime:0.000277s ]
[ sql ] [ SQL ] SHOW COLUMNS FROM `tpn_sign` [ RunTime:0.000458s ]
[ sql ] [ SQL ] SELECT * FROM `tpn_sign` WHERE  `class_id` = 43  AND `uid` = 70  AND `date` = '2019-01-27' LIMIT 1 [ RunTime:0.000270s ]
[ sql ] [ SQL ] SELECT COUNT(*) AS tp_count FROM `tpn_sign` WHERE  `class_id` = 43  AND `date` = '2019-01-27' LIMIT 1 [ RunTime:0.000240s ]
[ sql ] [ SQL ] SHOW COLUMNS FROM `tpn_class_course` [ RunTime:0.000529s ]
[ sql ] [ SQL ] SELECT `c`.`id`,`c`.`title`,`c`.`photo`,`c`.`reading`,`c`.`status`,`c`.`type` FROM `tpn_class_course` `c` WHERE  `c`.`class_id` = '43' ORDER BY `c`.`start` [ RunTime:0.000351s ]
[ sql ] [ SQL ] SHOW COLUMNS FROM `tpn_teacher_article` [ RunTime:0.000528s ]
[ sql ] [ SQL ] SELECT `id`,`name`,`cover_img` FROM `tpn_teacher_article` WHERE  `class_id` = 43  AND `status` = 1 ORDER BY add_time desc LIMIT 0,4 [ RunTime:0.000261s ]
[ sql ] [ SQL ] SELECT `u`.`uid`,`u`.`face`,(select SUM(blue+purple+green+orange+red) from `tpn_user_ranking` `r` where `date`='2019' and `r`.`uid`=`c`.`uid`) ranking_num FROM `tpn_class_user` `c` LEFT JOIN `tpn_user` `u` ON `u`.`uid`=`c`.`uid` WHERE  `c`.`class_id` = '43' ORDER BY ranking_num desc LIMIT 0,10 [ RunTime:0.000692s ]
[ sql ] [ SQL ] SHOW COLUMNS FROM `tpn_user_ranking` [ RunTime:0.000497s ]
[ sql ] [ SQL ] SELECT `blue`,`purple`,`green`,`orange`,`red` FROM `tpn_user_ranking` WHERE  `uid` = 144 ORDER BY date desc [ RunTime:0.000220s ]
[ sql ] [ SQL ] SELECT `blue`,`purple`,`green`,`orange`,`red` FROM `tpn_user_ranking` WHERE  `uid` IS NULL ORDER BY date desc [ RunTime:0.000200s ]
[ sql ] [ SQL ] SELECT `blue`,`purple`,`green`,`orange`,`red` FROM `tpn_user_ranking` WHERE  `uid` IS NULL ORDER BY date desc [ RunTime:0.000192s ]
[ sql ] [ SQL ] SELECT `blue`,`purple`,`green`,`orange`,`red` FROM `tpn_user_ranking` WHERE  `uid` IS NULL ORDER BY date desc [ RunTime:0.000201s ]
[ sql ] [ SQL ] SELECT `blue`,`purple`,`green`,`orange`,`red` FROM `tpn_user_ranking` WHERE  `uid` IS NULL ORDER BY date desc [ RunTime:0.000182s ]
[ sql ] [ SQL ] SELECT `blue`,`purple`,`green`,`orange`,`red` FROM `tpn_user_ranking` WHERE  `uid` IS NULL ORDER BY date desc [ RunTime:0.000182s ]
[ sql ] [ SQL ] SELECT `blue`,`purple`,`green`,`orange`,`red` FROM `tpn_user_ranking` WHERE  `uid` = 81 ORDER BY date desc [ RunTime:0.000218s ]
[ sql ] [ SQL ] SELECT `blue`,`purple`,`green`,`orange`,`red` FROM `tpn_user_ranking` WHERE  `uid` IS NULL ORDER BY date desc [ RunTime:0.000196s ]
[ sql ] [ SQL ] SELECT `blue`,`purple`,`green`,`orange`,`red` FROM `tpn_user_ranking` WHERE  `uid` IS NULL ORDER BY date desc [ RunTime:0.000180s ]
[ sql ] [ SQL ] SELECT `blue`,`purple`,`green`,`orange`,`red` FROM `tpn_user_ranking` WHERE  `uid` IS NULL ORDER BY date desc [ RunTime:0.000192s ]

---------------------------------------------------------------
[ 2019-01-27T08:13:19+08:00 ] 172.31.69.247 117.136.0.239 POST /discover/course/class_course_info
[ log ] api.kzwchina.com/discover/course/class_course_info [运行时间：0.038023s][吞吐率：26.30req/s] [内存消耗：4,118.52kb] [文件加载：65]
[ info ] [ LANG ] /www/wwwroot/kouzhiwen/thinkphp/lang/zh-cn.php
[ info ] [ BIND ] 'api'
[ info ] [ ROUTE ] array (
  'type' => 'module',
  'module' => 
  array (
    0 => 'api',
    1 => 'discover',
    2 => 'course',
  ),
)
[ info ] [ HEADER ] array (
  'connection' => 'keep-alive',
  'user-agent' => 'Android',
  'logintoken' => 'd54896a4ea33a7181f9ce8e2731a70f9',
  'host' => 'api.kzwchina.com',
  'accept-encoding' => 'gzip',
  'content-type' => 'application/x-www-form-urlencoded',
  'content-length' => '12',
)
[ info ] [ PARAM ] array (
  'course_id' => '63',
)
[ info ] [ SESSION ] INIT array (
  'id' => '',
  'var_session_id' => '',
  'prefix' => 'think',
  'type' => '',
  'auto_start' => true,
)
[ info ] [ DB ] INIT mysql
[ info ] [ RUN ] app\api\discover\controller\Course->classCourseInfo[ /www/wwwroot/kouzhiwen/application/api/discover/controller/Course.php ]
[ info ] [ CACHE ] INIT File
[ info ] [ LOG ] INIT File
[ sql ] [ DB ] CONNECT:[ UseTime:0.000432s ] mysql:dbname=kouzhiwen;host=127.0.0.1;port=3306;charset=utf8
[ sql ] [ SQL ] SHOW COLUMNS FROM `tpn_user` [ RunTime:0.000843s ]
[ sql ] [ SQL ] SELECT * FROM `tpn_user` WHERE  `logintoken` = 'd54896a4ea33a7181f9ce8e2731a70f9' LIMIT 1 [ RunTime:0.000495s ]
[ sql ] [ SQL ] SHOW COLUMNS FROM `tpn_class_course` [ RunTime:0.000627s ]
[ sql ] [ SQL ] UPDATE `tpn_class_course`  SET `reading`=reading+1  WHERE  `id` = 63 [ RunTime:0.002841s ]
[ sql ] [ SQL ] SELECT * FROM `tpn_class_course` WHERE  `id` = 63 LIMIT 1 [ RunTime:0.000297s ]
[ sql ] [ SQL ] SHOW COLUMNS FROM `tpn_user_record` [ RunTime:0.000574s ]
[ sql ] [ SQL ] SELECT * FROM `tpn_user_record` WHERE  `uid` = 70  AND `type` = 3  AND `type_id` = 63 LIMIT 1 [ RunTime:0.000300s ]
[ sql ] [ SQL ] SHOW COLUMNS FROM `tpn_class` [ RunTime:0.000558s ]
[ sql ] [ SQL ] SELECT * FROM `tpn_class` WHERE  `id` = 43 LIMIT 1 [ RunTime:0.000263s ]

---------------------------------------------------------------
[ 2019-01-27T08:13:19+08:00 ] 172.31.69.247 117.136.0.239 POST /discover/comment/datalist
[ log ] api.kzwchina.com/discover/comment/datalist [运行时间：0.032164s][吞吐率：31.09req/s] [内存消耗：3,937.96kb] [文件加载：62]
[ info ] [ LANG ] /www/wwwroot/kouzhiwen/thinkphp/lang/zh-cn.php
[ info ] [ BIND ] 'api'
[ info ] [ ROUTE ] array (
  'type' => 'module',
  'module' => 
  array (
    0 => 'api',
    1 => 'discover',
    2 => 'comment',
  ),
)
[ info ] [ HEADER ] array (
  'connection' => 'keep-alive',
  'user-agent' => 'Android',
  'logintoken' => 'd54896a4ea33a7181f9ce8e2731a70f9',
  'host' => 'api.kzwchina.com',
  'accept-encoding' => 'gzip',
  'content-type' => 'application/x-www-form-urlencoded',
  'content-length' => '24',
)
[ info ] [ PARAM ] array (
  'type' => '2',
  'type_id' => '63',
  'page' => '1',
)
[ info ] [ SESSION ] INIT array (
  'id' => '',
  'var_session_id' => '',
  'prefix' => 'think',
  'type' => '',
  'auto_start' => true,
)
[ info ] [ DB ] INIT mysql
[ info ] [ RUN ] app\api\discover\controller\Comment->datalist[ /www/wwwroot/kouzhiwen/application/api/discover/controller/Comment.php ]
[ info ] [ LOG ] INIT File
[ sql ] [ DB ] CONNECT:[ UseTime:0.000405s ] mysql:dbname=kouzhiwen;host=127.0.0.1;port=3306;charset=utf8
[ sql ] [ SQL ] SHOW COLUMNS FROM `tpn_user` [ RunTime:0.000870s ]
[ sql ] [ SQL ] SELECT * FROM `tpn_user` WHERE  `logintoken` = 'd54896a4ea33a7181f9ce8e2731a70f9' LIMIT 1 [ RunTime:0.000496s ]
[ sql ] [ SQL ] SHOW COLUMNS FROM `tpn_comment` [ RunTime:0.000597s ]
[ sql ] [ SQL ] SELECT COUNT(*) AS tp_count FROM `tpn_comment` `a` INNER JOIN `tpn_user` `u` ON `u`.`uid`=`a`.`uid` WHERE  `a`.`pid` = 0  AND `a`.`status` = 1  AND `a`.`type` = '2'  AND `a`.`type_id` = '63' ORDER BY id desc LIMIT 1 [ RunTime:0.000326s ]
[ sql ] [ SQL ] SELECT `a`.`id`,`a`.`type`,`a`.`type_id`,`a`.`contents`,`a`.`add_time`,`a`.`like_num`,`a`.`comment_num`,`u`.`nickname`,`u`.`face`,(select if(count(*)>0,1,0) from `tpn_comment_like` where `comment_id`=a.id and `uid`='70') is_like FROM `tpn_comment` `a` INNER JOIN `tpn_user` `u` ON `u`.`uid`=`a`.`uid` WHERE  `a`.`pid` = 0  AND `a`.`status` = 1  AND `a`.`type` = '2'  AND `a`.`type_id` = '63' ORDER BY id desc LIMIT 0,10 [ RunTime:0.000407s ]

---------------------------------------------------------------
[ 2019-01-27T08:13:34+08:00 ] 172.31.69.247 117.136.0.239 POST /discover/course/class_course_info
[ log ] api.kzwchina.com/discover/course/class_course_info [运行时间：0.038260s][吞吐率：26.14req/s] [内存消耗：4,118.52kb] [文件加载：65]
[ info ] [ LANG ] /www/wwwroot/kouzhiwen/thinkphp/lang/zh-cn.php
[ info ] [ BIND ] 'api'
[ info ] [ ROUTE ] array (
  'type' => 'module',
  'module' => 
  array (
    0 => 'api',
    1 => 'discover',
    2 => 'course',
  ),
)
[ info ] [ HEADER ] array (
  'connection' => 'keep-alive',
  'user-agent' => 'Android',
  'logintoken' => 'd54896a4ea33a7181f9ce8e2731a70f9',
  'host' => 'api.kzwchina.com',
  'accept-encoding' => 'gzip',
  'content-type' => 'application/x-www-form-urlencoded',
  'content-length' => '12',
)
[ info ] [ PARAM ] array (
  'course_id' => '63',
)
[ info ] [ SESSION ] INIT array (
  'id' => '',
  'var_session_id' => '',
  'prefix' => 'think',
  'type' => '',
  'auto_start' => true,
)
[ info ] [ DB ] INIT mysql
[ info ] [ RUN ] app\api\discover\controller\Course->classCourseInfo[ /www/wwwroot/kouzhiwen/application/api/discover/controller/Course.php ]
[ info ] [ CACHE ] INIT File
[ info ] [ LOG ] INIT File
[ sql ] [ DB ] CONNECT:[ UseTime:0.000447s ] mysql:dbname=kouzhiwen;host=127.0.0.1;port=3306;charset=utf8
[ sql ] [ SQL ] SHOW COLUMNS FROM `tpn_user` [ RunTime:0.000856s ]
[ sql ] [ SQL ] SELECT * FROM `tpn_user` WHERE  `logintoken` = 'd54896a4ea33a7181f9ce8e2731a70f9' LIMIT 1 [ RunTime:0.000508s ]
[ sql ] [ SQL ] SHOW COLUMNS FROM `tpn_class_course` [ RunTime:0.000641s ]
[ sql ] [ SQL ] UPDATE `tpn_class_course`  SET `reading`=reading+1  WHERE  `id` = 63 [ RunTime:0.003309s ]
[ sql ] [ SQL ] SELECT * FROM `tpn_class_course` WHERE  `id` = 63 LIMIT 1 [ RunTime:0.000288s ]
[ sql ] [ SQL ] SHOW COLUMNS FROM `tpn_user_record` [ RunTime:0.000577s ]
[ sql ] [ SQL ] SELECT * FROM `tpn_user_record` WHERE  `uid` = 70  AND `type` = 3  AND `type_id` = 63 LIMIT 1 [ RunTime:0.000299s ]
[ sql ] [ SQL ] SHOW COLUMNS FROM `tpn_class` [ RunTime:0.000563s ]
[ sql ] [ SQL ] SELECT * FROM `tpn_class` WHERE  `id` = 43 LIMIT 1 [ RunTime:0.000248s ]

---------------------------------------------------------------
[ 2019-01-27T08:13:35+08:00 ] 172.31.69.247 117.136.0.239 POST /discover/comment/datalist
[ log ] api.kzwchina.com/discover/comment/datalist [运行时间：0.031113s][吞吐率：32.14req/s] [内存消耗：3,937.96kb] [文件加载：62]
[ info ] [ LANG ] /www/wwwroot/kouzhiwen/thinkphp/lang/zh-cn.php
[ info ] [ BIND ] 'api'
[ info ] [ ROUTE ] array (
  'type' => 'module',
  'module' => 
  array (
    0 => 'api',
    1 => 'discover',
    2 => 'comment',
  ),
)
[ info ] [ HEADER ] array (
  'connection' => 'keep-alive',
  'user-agent' => 'Android',
  'logintoken' => 'd54896a4ea33a7181f9ce8e2731a70f9',
  'host' => 'api.kzwchina.com',
  'accept-encoding' => 'gzip',
  'content-type' => 'application/x-www-form-urlencoded',
  'content-length' => '24',
)
[ info ] [ PARAM ] array (
  'type' => '2',
  'type_id' => '63',
  'page' => '1',
)
[ info ] [ SESSION ] INIT array (
  'id' => '',
  'var_session_id' => '',
  'prefix' => 'think',
  'type' => '',
  'auto_start' => true,
)
[ info ] [ DB ] INIT mysql
[ info ] [ RUN ] app\api\discover\controller\Comment->datalist[ /www/wwwroot/kouzhiwen/application/api/discover/controller/Comment.php ]
[ info ] [ LOG ] INIT File
[ sql ] [ DB ] CONNECT:[ UseTime:0.000385s ] mysql:dbname=kouzhiwen;host=127.0.0.1;port=3306;charset=utf8
[ sql ] [ SQL ] SHOW COLUMNS FROM `tpn_user` [ RunTime:0.000802s ]
[ sql ] [ SQL ] SELECT * FROM `tpn_user` WHERE  `logintoken` = 'd54896a4ea33a7181f9ce8e2731a70f9' LIMIT 1 [ RunTime:0.000542s ]
[ sql ] [ SQL ] SHOW COLUMNS FROM `tpn_comment` [ RunTime:0.000579s ]
[ sql ] [ SQL ] SELECT COUNT(*) AS tp_count FROM `tpn_comment` `a` INNER JOIN `tpn_user` `u` ON `u`.`uid`=`a`.`uid` WHERE  `a`.`pid` = 0  AND `a`.`status` = 1  AND `a`.`type` = '2'  AND `a`.`type_id` = '63' ORDER BY id desc LIMIT 1 [ RunTime:0.000313s ]
[ sql ] [ SQL ] SELECT `a`.`id`,`a`.`type`,`a`.`type_id`,`a`.`contents`,`a`.`add_time`,`a`.`like_num`,`a`.`comment_num`,`u`.`nickname`,`u`.`face`,(select if(count(*)>0,1,0) from `tpn_comment_like` where `comment_id`=a.id and `uid`='70') is_like FROM `tpn_comment` `a` INNER JOIN `tpn_user` `u` ON `u`.`uid`=`a`.`uid` WHERE  `a`.`pid` = 0  AND `a`.`status` = 1  AND `a`.`type` = '2'  AND `a`.`type_id` = '63' ORDER BY id desc LIMIT 0,10 [ RunTime:0.000405s ]

---------------------------------------------------------------
[ 2019-01-27T10:00:01+08:00 ] 172.31.69.247 47.105.58.152 GET /root/Task/index.html?type=2
[ log ] admin.kzwchina.com/root/Task/index.html?type=2 [运行时间：0.018225s][吞吐率：54.87req/s] [内存消耗：2,440.63kb] [文件加载：48]
[ info ] [ LANG ] /www/wwwroot/kouzhiwen/thinkphp/lang/zh-cn.php
[ info ] [ BIND ] 'admin'
[ info ] [ ROUTE ] array (
  'type' => 'module',
  'module' => 
  array (
    0 => 'admin',
    1 => 'root',
    2 => 'Task',
  ),
)
[ info ] [ HEADER ] array (
  'user-agent' => 'curl/7.29.0',
  'host' => 'admin.kzwchina.com',
  'accept' => '*/*',
)
[ info ] [ PARAM ] array (
  'type' => '2',
)
[ info ] [ SESSION ] INIT array (
  'id' => '',
  'var_session_id' => '',
  'prefix' => 'think',
  'type' => '',
  'auto_start' => true,
)
[ info ] [ LOG ] INIT File

---------------------------------------------------------------
[ 2019-01-27T15:00:01+08:00 ] 172.31.69.247 47.105.58.152 GET /root/Task/index.html?type=1
[ log ] admin.kzwchina.com/root/Task/index.html?type=1 [运行时间：0.018230s][吞吐率：54.85req/s] [内存消耗：2,440.63kb] [文件加载：48]
[ info ] [ LANG ] /www/wwwroot/kouzhiwen/thinkphp/lang/zh-cn.php
[ info ] [ BIND ] 'admin'
[ info ] [ ROUTE ] array (
  'type' => 'module',
  'module' => 
  array (
    0 => 'admin',
    1 => 'root',
    2 => 'Task',
  ),
)
[ info ] [ HEADER ] array (
  'user-agent' => 'curl/7.29.0',
  'host' => 'admin.kzwchina.com',
  'accept' => '*/*',
)
[ info ] [ PARAM ] array (
  'type' => '1',
)
[ info ] [ SESSION ] INIT array (
  'id' => '',
  'var_session_id' => '',
  'prefix' => 'think',
  'type' => '',
  'auto_start' => true,
)
[ info ] [ LOG ] INIT File

---------------------------------------------------------------
