[ 2019-01-29T20:24:36+08:00 ] 172.31.69.247 60.221.108.172 GET /common/user/my_info?OS=iOS&version=1.0
[ log ] api.kzwchina.com/common/user/my_info?OS=iOS&version=1.0 [运行时间：0.112891s][吞吐率：8.86req/s] [内存消耗：5,124.98kb] [文件加载：62]
[ info ] [ LANG ] /www/wwwroot/kouzhiwen/thinkphp/lang/zh-cn.php
[ info ] [ BIND ] 'api'
[ info ] [ ROUTE ] array (
  'type' => 'module',
  'module' => 
  array (
    0 => 'api',
    1 => 'common',
    2 => 'user',
  ),
)
[ info ] [ HEADER ] array (
  'host' => 'api.kzwchina.com',
  'os' => 'iOS',
  'connection' => 'keep-alive',
  'accept' => '*/*',
  'logintoken' => '98f63fba0e7fcbb30609449aa76ceb3c',
  'user-agent' => 'kouzhiwen/1.0 (iPhone; iOS 12.1.3; Scale/2.00)',
  'accept-language' => 'zh-Hans-CN;q=1',
  'version' => '1.0',
  'accept-encoding' => 'gzip, deflate',
)
[ info ] [ PARAM ] array (
  'OS' => 'iOS',
  'version' => '1.0',
)
[ info ] [ SESSION ] INIT array (
  'id' => '',
  'var_session_id' => '',
  'prefix' => 'think',
  'type' => '',
  'auto_start' => true,
)
[ info ] [ DB ] INIT mysql
[ info ] [ RUN ] app\api\common\controller\User->myInfo[ /www/wwwroot/kouzhiwen/application/api/common/controller/User.php ]
[ info ] [ LOG ] INIT File
[ sql ] [ DB ] CONNECT:[ UseTime:0.000435s ] mysql:dbname=kouzhiwen;host=127.0.0.1;port=3306;charset=utf8
[ sql ] [ SQL ] SHOW COLUMNS FROM `tpn_user` [ RunTime:0.000893s ]
[ sql ] [ SQL ] SELECT * FROM `tpn_user` WHERE  `logintoken` = '98f63fba0e7fcbb30609449aa76ceb3c' LIMIT 1 [ RunTime:0.000551s ]
[ sql ] [ SQL ] SHOW COLUMNS FROM `tpn_regions` [ RunTime:0.000565s ]
[ sql ] [ SQL ] SELECT * FROM `tpn_regions` [ RunTime:0.002938s ]

---------------------------------------------------------------
[ 2019-01-29T20:24:36+08:00 ] 172.31.69.247 60.221.108.172 POST /common/home/index
[ log ] api.kzwchina.com/common/home/index [运行时间：0.051585s][吞吐率：19.39req/s] [内存消耗：4,388.73kb] [文件加载：70]
[ info ] [ LANG ] /www/wwwroot/kouzhiwen/thinkphp/lang/zh-cn.php
[ info ] [ BIND ] 'api'
[ info ] [ ROUTE ] array (
  'type' => 'module',
  'module' => 
  array (
    0 => 'api',
    1 => 'common',
    2 => 'home',
  ),
)
[ info ] [ HEADER ] array (
  'host' => 'api.kzwchina.com',
  'accept' => '*/*',
  'version' => '1.0',
  'os' => 'iOS',
  'accept-encoding' => 'gzip, deflate',
  'accept-language' => 'zh-Hans-CN;q=1',
  'logintoken' => '98f63fba0e7fcbb30609449aa76ceb3c',
  'user-agent' => 'kouzhiwen/1.0 (iPhone; iOS 12.1.3; Scale/2.00)',
  'connection' => 'keep-alive',
  'cookie' => 'PHPSESSID=2568m7s5i2ocqfln3t72r8gjt6',
  'content-type' => 'application/x-www-form-urlencoded',
  'content-length' => '35',
)
[ info ] [ PARAM ] array (
  'OS' => 'iOS',
  'enterprise_id' => '13',
  'version' => '1.0',
)
[ info ] [ SESSION ] INIT array (
  'id' => '',
  'var_session_id' => '',
  'prefix' => 'think',
  'type' => '',
  'auto_start' => true,
)
[ info ] [ DB ] INIT mysql
[ info ] [ RUN ] app\api\common\controller\Home->index[ /www/wwwroot/kouzhiwen/application/api/common/controller/Home.php ]
[ info ] [ LOG ] INIT File
[ sql ] [ DB ] CONNECT:[ UseTime:0.000500s ] mysql:dbname=kouzhiwen;host=127.0.0.1;port=3306;charset=utf8
[ sql ] [ SQL ] SHOW COLUMNS FROM `tpn_user` [ RunTime:0.000891s ]
[ sql ] [ SQL ] SELECT * FROM `tpn_user` WHERE  `logintoken` = '98f63fba0e7fcbb30609449aa76ceb3c' LIMIT 1 [ RunTime:0.000524s ]
[ sql ] [ SQL ] SHOW COLUMNS FROM `tpn_enterprise` [ RunTime:0.000677s ]
[ sql ] [ SQL ] SELECT * FROM `tpn_enterprise` WHERE  `id` = 13 LIMIT 1 [ RunTime:0.000332s ]
[ sql ] [ SQL ] SELECT * FROM `tpn_enterprise` WHERE  `id` = 20  AND `status` = 1 LIMIT 1 [ RunTime:0.000317s ]
[ sql ] [ SQL ] SHOW COLUMNS FROM `tpn_banner` [ RunTime:0.000506s ]
[ sql ] [ SQL ] SELECT `pid`,`mold`,`type`,`img_url` FROM `tpn_banner` WHERE  `enterprise_id` = 13  AND `type` = 1  AND `status` = 1 ORDER BY add_time desc LIMIT 0,4 [ RunTime:0.000279s ]
[ sql ] [ SQL ] SHOW COLUMNS FROM `tpn_class` [ RunTime:0.000589s ]
[ sql ] [ SQL ] SELECT * FROM `tpn_class` WHERE  `id` = 43 LIMIT 1 [ RunTime:0.000295s ]
[ sql ] [ SQL ] SHOW COLUMNS FROM `tpn_class_user` [ RunTime:0.000494s ]
[ sql ] [ SQL ] SELECT * FROM `tpn_class_user` WHERE  `uid` = 149  AND `class_id` = 43 LIMIT 1 [ RunTime:0.000335s ]
[ sql ] [ SQL ] SHOW COLUMNS FROM `tpn_course` [ RunTime:0.000615s ]
[ sql ] [ SQL ] SELECT `c`.`id`,`c`.`title`,`c`.`photo`,`c`.`reading`,`c`.`look_num`,`t`.`name`,`c`.`price` FROM `tpn_course` `c` LEFT JOIN `tpn_teacher` `t` ON `c`.`teacher_id`=`t`.`id` WHERE  `c`.`enterprise_id` = '13'  AND `c`.`type` = 3  AND `c`.`scene` = 1 ORDER BY c.is_recommend desc,c.created_at desc LIMIT 0,4 [ RunTime:0.000328s ]
[ sql ] [ SQL ] SHOW COLUMNS FROM `tpn_teacher` [ RunTime:0.000670s ]
[ sql ] [ SQL ] SELECT `id`,`name`,`title`,`photo` FROM `tpn_teacher` WHERE  `enterprise_id` = 13  AND `status` = 1  AND `is_xszd` = 0  AND `identity` LIKE '%3%' ORDER BY is_recommend desc,updated_at desc LIMIT 0,4 [ RunTime:0.000566s ]
[ sql ] [ SQL ] SHOW COLUMNS FROM `tpn_information` [ RunTime:0.000517s ]
[ sql ] [ SQL ] SELECT `id`,`cover_img`,`name`,`add_time`,`comment_num`,`pv` FROM `tpn_information` WHERE  `enterprise_id` = 13 ORDER BY `is_recommend`  desc,`add_time`  desc LIMIT 0,2 [ RunTime:0.000249s ]

---------------------------------------------------------------
[ 2019-01-29T20:24:36+08:00 ] 172.31.69.247 60.221.108.172 GET /common/user/notice_count?OS=iOS&version=1.0
[ log ] api.kzwchina.com/common/user/notice_count?OS=iOS&version=1.0 [运行时间：0.066503s][吞吐率：15.04req/s] [内存消耗：3,947.42kb] [文件加载：60]
[ info ] [ LANG ] /www/wwwroot/kouzhiwen/thinkphp/lang/zh-cn.php
[ info ] [ BIND ] 'api'
[ info ] [ ROUTE ] array (
  'type' => 'module',
  'module' => 
  array (
    0 => 'api',
    1 => 'common',
    2 => 'user',
  ),
)
[ info ] [ HEADER ] array (
  'host' => 'api.kzwchina.com',
  'os' => 'iOS',
  'cookie' => 'PHPSESSID=2568m7s5i2ocqfln3t72r8gjt6',
  'connection' => 'keep-alive',
  'accept' => '*/*',
  'logintoken' => '98f63fba0e7fcbb30609449aa76ceb3c',
  'user-agent' => 'kouzhiwen/1.0 (iPhone; iOS 12.1.3; Scale/2.00)',
  'accept-language' => 'zh-Hans-CN;q=1',
  'version' => '1.0',
  'accept-encoding' => 'gzip, deflate',
)
[ info ] [ PARAM ] array (
  'OS' => 'iOS',
  'version' => '1.0',
)
[ info ] [ SESSION ] INIT array (
  'id' => '',
  'var_session_id' => '',
  'prefix' => 'think',
  'type' => '',
  'auto_start' => true,
)
[ info ] [ DB ] INIT mysql
[ info ] [ RUN ] app\api\common\controller\User->NoticeCount[ /www/wwwroot/kouzhiwen/application/api/common/controller/User.php ]
[ info ] [ LOG ] INIT File
[ sql ] [ DB ] CONNECT:[ UseTime:0.000362s ] mysql:dbname=kouzhiwen;host=127.0.0.1;port=3306;charset=utf8
[ sql ] [ SQL ] SHOW COLUMNS FROM `tpn_user` [ RunTime:0.000676s ]
[ sql ] [ SQL ] SELECT * FROM `tpn_user` WHERE  `logintoken` = '98f63fba0e7fcbb30609449aa76ceb3c' LIMIT 1 [ RunTime:0.000491s ]
[ sql ] [ SQL ] SHOW COLUMNS FROM `tpn_user_notice` [ RunTime:0.000526s ]
[ sql ] [ SQL ] SELECT COUNT(*) AS tp_count FROM `tpn_user_notice` WHERE  `uid` = 149  AND `reading` = 0 LIMIT 1 [ RunTime:0.000276s ]

---------------------------------------------------------------
[ 2019-01-29T20:24:44+08:00 ] 172.31.69.247 60.221.108.172 GET /common/user/my_info?OS=iOS&version=1.0
[ log ] api.kzwchina.com/common/user/my_info?OS=iOS&version=1.0 [运行时间：0.121951s][吞吐率：8.20req/s] [内存消耗：5,125.13kb] [文件加载：62]
[ info ] [ LANG ] /www/wwwroot/kouzhiwen/thinkphp/lang/zh-cn.php
[ info ] [ BIND ] 'api'
[ info ] [ ROUTE ] array (
  'type' => 'module',
  'module' => 
  array (
    0 => 'api',
    1 => 'common',
    2 => 'user',
  ),
)
[ info ] [ HEADER ] array (
  'host' => 'api.kzwchina.com',
  'os' => 'iOS',
  'cookie' => 'PHPSESSID=2568m7s5i2ocqfln3t72r8gjt6',
  'connection' => 'keep-alive',
  'accept' => '*/*',
  'logintoken' => '98f63fba0e7fcbb30609449aa76ceb3c',
  'user-agent' => 'kouzhiwen/1.0 (iPhone; iOS 12.1.3; Scale/2.00)',
  'accept-language' => 'zh-Hans-CN;q=1',
  'version' => '1.0',
  'accept-encoding' => 'gzip, deflate',
)
[ info ] [ PARAM ] array (
  'OS' => 'iOS',
  'version' => '1.0',
)
[ info ] [ SESSION ] INIT array (
  'id' => '',
  'var_session_id' => '',
  'prefix' => 'think',
  'type' => '',
  'auto_start' => true,
)
[ info ] [ DB ] INIT mysql
[ info ] [ RUN ] app\api\common\controller\User->myInfo[ /www/wwwroot/kouzhiwen/application/api/common/controller/User.php ]
[ info ] [ LOG ] INIT File
[ sql ] [ DB ] CONNECT:[ UseTime:0.000423s ] mysql:dbname=kouzhiwen;host=127.0.0.1;port=3306;charset=utf8
[ sql ] [ SQL ] SHOW COLUMNS FROM `tpn_user` [ RunTime:0.000814s ]
[ sql ] [ SQL ] SELECT * FROM `tpn_user` WHERE  `logintoken` = '98f63fba0e7fcbb30609449aa76ceb3c' LIMIT 1 [ RunTime:0.000539s ]
[ sql ] [ SQL ] SHOW COLUMNS FROM `tpn_regions` [ RunTime:0.000552s ]
[ sql ] [ SQL ] SELECT * FROM `tpn_regions` [ RunTime:0.002935s ]

---------------------------------------------------------------
[ 2019-01-29T20:24:44+08:00 ] 172.31.69.247 60.221.108.172 GET /common/user/notice_count?OS=iOS&version=1.0
[ log ] api.kzwchina.com/common/user/notice_count?OS=iOS&version=1.0 [运行时间：0.131511s][吞吐率：7.60req/s] [内存消耗：3,947.42kb] [文件加载：60]
[ info ] [ LANG ] /www/wwwroot/kouzhiwen/thinkphp/lang/zh-cn.php
[ info ] [ BIND ] 'api'
[ info ] [ ROUTE ] array (
  'type' => 'module',
  'module' => 
  array (
    0 => 'api',
    1 => 'common',
    2 => 'user',
  ),
)
[ info ] [ HEADER ] array (
  'host' => 'api.kzwchina.com',
  'os' => 'iOS',
  'cookie' => 'PHPSESSID=2568m7s5i2ocqfln3t72r8gjt6',
  'connection' => 'keep-alive',
  'accept' => '*/*',
  'logintoken' => '98f63fba0e7fcbb30609449aa76ceb3c',
  'user-agent' => 'kouzhiwen/1.0 (iPhone; iOS 12.1.3; Scale/2.00)',
  'accept-language' => 'zh-Hans-CN;q=1',
  'version' => '1.0',
  'accept-encoding' => 'gzip, deflate',
)
[ info ] [ PARAM ] array (
  'OS' => 'iOS',
  'version' => '1.0',
)
[ info ] [ SESSION ] INIT array (
  'id' => '',
  'var_session_id' => '',
  'prefix' => 'think',
  'type' => '',
  'auto_start' => true,
)
[ info ] [ DB ] INIT mysql
[ info ] [ RUN ] app\api\common\controller\User->NoticeCount[ /www/wwwroot/kouzhiwen/application/api/common/controller/User.php ]
[ info ] [ LOG ] INIT File
[ sql ] [ DB ] CONNECT:[ UseTime:0.000421s ] mysql:dbname=kouzhiwen;host=127.0.0.1;port=3306;charset=utf8
[ sql ] [ SQL ] SHOW COLUMNS FROM `tpn_user` [ RunTime:0.000846s ]
[ sql ] [ SQL ] SELECT * FROM `tpn_user` WHERE  `logintoken` = '98f63fba0e7fcbb30609449aa76ceb3c' LIMIT 1 [ RunTime:0.000549s ]
[ sql ] [ SQL ] SHOW COLUMNS FROM `tpn_user_notice` [ RunTime:0.000564s ]
[ sql ] [ SQL ] SELECT COUNT(*) AS tp_count FROM `tpn_user_notice` WHERE  `uid` = 149  AND `reading` = 0 LIMIT 1 [ RunTime:0.000303s ]

---------------------------------------------------------------
[ 2019-01-29T20:37:25+08:00 ] 172.31.69.247 60.221.108.172 GET /common/user/my_info?OS=iOS&version=1.0
[ log ] api.kzwchina.com/common/user/my_info?OS=iOS&version=1.0 [运行时间：0.115883s][吞吐率：8.63req/s] [内存消耗：5,125.05kb] [文件加载：62]
[ info ] [ LANG ] /www/wwwroot/kouzhiwen/thinkphp/lang/zh-cn.php
[ info ] [ BIND ] 'api'
[ info ] [ ROUTE ] array (
  'type' => 'module',
  'module' => 
  array (
    0 => 'api',
    1 => 'common',
    2 => 'user',
  ),
)
[ info ] [ HEADER ] array (
  'host' => 'api.kzwchina.com',
  'os' => 'iOS',
  'connection' => 'keep-alive',
  'accept' => '*/*',
  'logintoken' => '98f63fba0e7fcbb30609449aa76ceb3c',
  'user-agent' => 'kouzhiwen/1.0 (iPhone; iOS 12.1.3; Scale/2.00)',
  'accept-language' => 'zh-Hans-CN;q=1',
  'version' => '1.0',
  'accept-encoding' => 'gzip, deflate',
)
[ info ] [ PARAM ] array (
  'OS' => 'iOS',
  'version' => '1.0',
)
[ info ] [ SESSION ] INIT array (
  'id' => '',
  'var_session_id' => '',
  'prefix' => 'think',
  'type' => '',
  'auto_start' => true,
)
[ info ] [ DB ] INIT mysql
[ info ] [ RUN ] app\api\common\controller\User->myInfo[ /www/wwwroot/kouzhiwen/application/api/common/controller/User.php ]
[ info ] [ LOG ] INIT File
[ sql ] [ DB ] CONNECT:[ UseTime:0.000481s ] mysql:dbname=kouzhiwen;host=127.0.0.1;port=3306;charset=utf8
[ sql ] [ SQL ] SHOW COLUMNS FROM `tpn_user` [ RunTime:0.000860s ]
[ sql ] [ SQL ] SELECT * FROM `tpn_user` WHERE  `logintoken` = '98f63fba0e7fcbb30609449aa76ceb3c' LIMIT 1 [ RunTime:0.000530s ]
[ sql ] [ SQL ] SHOW COLUMNS FROM `tpn_regions` [ RunTime:0.000524s ]
[ sql ] [ SQL ] SELECT * FROM `tpn_regions` [ RunTime:0.002953s ]

---------------------------------------------------------------
[ 2019-01-29T20:37:25+08:00 ] 172.31.69.247 60.221.108.172 POST /common/home/index
[ log ] api.kzwchina.com/common/home/index [运行时间：0.052283s][吞吐率：19.13req/s] [内存消耗：4,388.73kb] [文件加载：70]
[ info ] [ LANG ] /www/wwwroot/kouzhiwen/thinkphp/lang/zh-cn.php
[ info ] [ BIND ] 'api'
[ info ] [ ROUTE ] array (
  'type' => 'module',
  'module' => 
  array (
    0 => 'api',
    1 => 'common',
    2 => 'home',
  ),
)
[ info ] [ HEADER ] array (
  'host' => 'api.kzwchina.com',
  'accept' => '*/*',
  'version' => '1.0',
  'os' => 'iOS',
  'accept-encoding' => 'gzip, deflate',
  'accept-language' => 'zh-Hans-CN;q=1',
  'logintoken' => '98f63fba0e7fcbb30609449aa76ceb3c',
  'user-agent' => 'kouzhiwen/1.0 (iPhone; iOS 12.1.3; Scale/2.00)',
  'connection' => 'keep-alive',
  'cookie' => 'PHPSESSID=rpi4r3tje5btq4010h6jer7vl3',
  'content-type' => 'application/x-www-form-urlencoded',
  'content-length' => '35',
)
[ info ] [ PARAM ] array (
  'OS' => 'iOS',
  'enterprise_id' => '13',
  'version' => '1.0',
)
[ info ] [ SESSION ] INIT array (
  'id' => '',
  'var_session_id' => '',
  'prefix' => 'think',
  'type' => '',
  'auto_start' => true,
)
[ info ] [ DB ] INIT mysql
[ info ] [ RUN ] app\api\common\controller\Home->index[ /www/wwwroot/kouzhiwen/application/api/common/controller/Home.php ]
[ info ] [ LOG ] INIT File
[ sql ] [ DB ] CONNECT:[ UseTime:0.000464s ] mysql:dbname=kouzhiwen;host=127.0.0.1;port=3306;charset=utf8
[ sql ] [ SQL ] SHOW COLUMNS FROM `tpn_user` [ RunTime:0.000830s ]
[ sql ] [ SQL ] SELECT * FROM `tpn_user` WHERE  `logintoken` = '98f63fba0e7fcbb30609449aa76ceb3c' LIMIT 1 [ RunTime:0.000548s ]
[ sql ] [ SQL ] SHOW COLUMNS FROM `tpn_enterprise` [ RunTime:0.000668s ]
[ sql ] [ SQL ] SELECT * FROM `tpn_enterprise` WHERE  `id` = 13 LIMIT 1 [ RunTime:0.000321s ]
[ sql ] [ SQL ] SELECT * FROM `tpn_enterprise` WHERE  `id` = 20  AND `status` = 1 LIMIT 1 [ RunTime:0.000303s ]
[ sql ] [ SQL ] SHOW COLUMNS FROM `tpn_banner` [ RunTime:0.000489s ]
[ sql ] [ SQL ] SELECT `pid`,`mold`,`type`,`img_url` FROM `tpn_banner` WHERE  `enterprise_id` = 13  AND `type` = 1  AND `status` = 1 ORDER BY add_time desc LIMIT 0,4 [ RunTime:0.000298s ]
[ sql ] [ SQL ] SHOW COLUMNS FROM `tpn_class` [ RunTime:0.000595s ]
[ sql ] [ SQL ] SELECT * FROM `tpn_class` WHERE  `id` = 43 LIMIT 1 [ RunTime:0.000282s ]
[ sql ] [ SQL ] SHOW COLUMNS FROM `tpn_class_user` [ RunTime:0.000499s ]
[ sql ] [ SQL ] SELECT * FROM `tpn_class_user` WHERE  `uid` = 149  AND `class_id` = 43 LIMIT 1 [ RunTime:0.000341s ]
[ sql ] [ SQL ] SHOW COLUMNS FROM `tpn_course` [ RunTime:0.000615s ]
[ sql ] [ SQL ] SELECT `c`.`id`,`c`.`title`,`c`.`photo`,`c`.`reading`,`c`.`look_num`,`t`.`name`,`c`.`price` FROM `tpn_course` `c` LEFT JOIN `tpn_teacher` `t` ON `c`.`teacher_id`=`t`.`id` WHERE  `c`.`enterprise_id` = '13'  AND `c`.`type` = 3  AND `c`.`scene` = 1 ORDER BY c.is_recommend desc,c.created_at desc LIMIT 0,4 [ RunTime:0.000331s ]
[ sql ] [ SQL ] SHOW COLUMNS FROM `tpn_teacher` [ RunTime:0.000642s ]
[ sql ] [ SQL ] SELECT `id`,`name`,`title`,`photo` FROM `tpn_teacher` WHERE  `enterprise_id` = 13  AND `status` = 1  AND `is_xszd` = 0  AND `identity` LIKE '%3%' ORDER BY is_recommend desc,updated_at desc LIMIT 0,4 [ RunTime:0.000559s ]
[ sql ] [ SQL ] SHOW COLUMNS FROM `tpn_information` [ RunTime:0.000500s ]
[ sql ] [ SQL ] SELECT `id`,`cover_img`,`name`,`add_time`,`comment_num`,`pv` FROM `tpn_information` WHERE  `enterprise_id` = 13 ORDER BY `is_recommend`  desc,`add_time`  desc LIMIT 0,2 [ RunTime:0.000249s ]

---------------------------------------------------------------
[ 2019-01-29T20:37:25+08:00 ] 172.31.69.247 60.221.108.172 GET /common/user/notice_count?OS=iOS&version=1.0
[ log ] api.kzwchina.com/common/user/notice_count?OS=iOS&version=1.0 [运行时间：0.063444s][吞吐率：15.76req/s] [内存消耗：3,947.42kb] [文件加载：60]
[ info ] [ LANG ] /www/wwwroot/kouzhiwen/thinkphp/lang/zh-cn.php
[ info ] [ BIND ] 'api'
[ info ] [ ROUTE ] array (
  'type' => 'module',
  'module' => 
  array (
    0 => 'api',
    1 => 'common',
    2 => 'user',
  ),
)
[ info ] [ HEADER ] array (
  'host' => 'api.kzwchina.com',
  'os' => 'iOS',
  'cookie' => 'PHPSESSID=rpi4r3tje5btq4010h6jer7vl3',
  'connection' => 'keep-alive',
  'accept' => '*/*',
  'logintoken' => '98f63fba0e7fcbb30609449aa76ceb3c',
  'user-agent' => 'kouzhiwen/1.0 (iPhone; iOS 12.1.3; Scale/2.00)',
  'accept-language' => 'zh-Hans-CN;q=1',
  'version' => '1.0',
  'accept-encoding' => 'gzip, deflate',
)
[ info ] [ PARAM ] array (
  'OS' => 'iOS',
  'version' => '1.0',
)
[ info ] [ SESSION ] INIT array (
  'id' => '',
  'var_session_id' => '',
  'prefix' => 'think',
  'type' => '',
  'auto_start' => true,
)
[ info ] [ DB ] INIT mysql
[ info ] [ RUN ] app\api\common\controller\User->NoticeCount[ /www/wwwroot/kouzhiwen/application/api/common/controller/User.php ]
[ info ] [ LOG ] INIT File
[ sql ] [ DB ] CONNECT:[ UseTime:0.000374s ] mysql:dbname=kouzhiwen;host=127.0.0.1;port=3306;charset=utf8
[ sql ] [ SQL ] SHOW COLUMNS FROM `tpn_user` [ RunTime:0.000682s ]
[ sql ] [ SQL ] SELECT * FROM `tpn_user` WHERE  `logintoken` = '98f63fba0e7fcbb30609449aa76ceb3c' LIMIT 1 [ RunTime:0.000497s ]
[ sql ] [ SQL ] SHOW COLUMNS FROM `tpn_user_notice` [ RunTime:0.000540s ]
[ sql ] [ SQL ] SELECT COUNT(*) AS tp_count FROM `tpn_user_notice` WHERE  `uid` = 149  AND `reading` = 0 LIMIT 1 [ RunTime:0.000273s ]

---------------------------------------------------------------
[ 2019-01-29T20:37:35+08:00 ] 172.31.69.247 60.221.108.172 GET /common/user/notice_count?OS=iOS&version=1.0
[ log ] api.kzwchina.com/common/user/notice_count?OS=iOS&version=1.0 [运行时间：0.044557s][吞吐率：22.44req/s] [内存消耗：3,947.42kb] [文件加载：60]
[ info ] [ LANG ] /www/wwwroot/kouzhiwen/thinkphp/lang/zh-cn.php
[ info ] [ BIND ] 'api'
[ info ] [ ROUTE ] array (
  'type' => 'module',
  'module' => 
  array (
    0 => 'api',
    1 => 'common',
    2 => 'user',
  ),
)
[ info ] [ HEADER ] array (
  'host' => 'api.kzwchina.com',
  'os' => 'iOS',
  'cookie' => 'PHPSESSID=rpi4r3tje5btq4010h6jer7vl3',
  'connection' => 'keep-alive',
  'accept' => '*/*',
  'logintoken' => '98f63fba0e7fcbb30609449aa76ceb3c',
  'user-agent' => 'kouzhiwen/1.0 (iPhone; iOS 12.1.3; Scale/2.00)',
  'accept-language' => 'zh-Hans-CN;q=1',
  'version' => '1.0',
  'accept-encoding' => 'gzip, deflate',
)
[ info ] [ PARAM ] array (
  'OS' => 'iOS',
  'version' => '1.0',
)
[ info ] [ SESSION ] INIT array (
  'id' => '',
  'var_session_id' => '',
  'prefix' => 'think',
  'type' => '',
  'auto_start' => true,
)
[ info ] [ DB ] INIT mysql
[ info ] [ RUN ] app\api\common\controller\User->NoticeCount[ /www/wwwroot/kouzhiwen/application/api/common/controller/User.php ]
[ info ] [ LOG ] INIT File
[ sql ] [ DB ] CONNECT:[ UseTime:0.000474s ] mysql:dbname=kouzhiwen;host=127.0.0.1;port=3306;charset=utf8
[ sql ] [ SQL ] SHOW COLUMNS FROM `tpn_user` [ RunTime:0.001071s ]
[ sql ] [ SQL ] SELECT * FROM `tpn_user` WHERE  `logintoken` = '98f63fba0e7fcbb30609449aa76ceb3c' LIMIT 1 [ RunTime:0.000634s ]
[ sql ] [ SQL ] SHOW COLUMNS FROM `tpn_user_notice` [ RunTime:0.000599s ]
[ sql ] [ SQL ] SELECT COUNT(*) AS tp_count FROM `tpn_user_notice` WHERE  `uid` = 149  AND `reading` = 0 LIMIT 1 [ RunTime:0.000330s ]

---------------------------------------------------------------
[ 2019-01-29T20:37:35+08:00 ] 172.31.69.247 60.221.108.172 GET /common/study/paper_list?id=1&type=1&exam=2&OS=iOS&version=1.0
[ log ] api.kzwchina.com/common/study/paper_list?id=1&type=1&exam=2&OS=iOS&version=1.0 [运行时间：0.062164s][吞吐率：16.09req/s] [内存消耗：4,036.72kb] [文件加载：62]
[ info ] [ LANG ] /www/wwwroot/kouzhiwen/thinkphp/lang/zh-cn.php
[ info ] [ BIND ] 'api'
[ info ] [ ROUTE ] array (
  'type' => 'module',
  'module' => 
  array (
    0 => 'api',
    1 => 'common',
    2 => 'study',
  ),
)
[ info ] [ HEADER ] array (
  'host' => 'api.kzwchina.com',
  'os' => 'iOS',
  'cookie' => 'PHPSESSID=rpi4r3tje5btq4010h6jer7vl3',
  'connection' => 'keep-alive',
  'accept' => '*/*',
  'logintoken' => '98f63fba0e7fcbb30609449aa76ceb3c',
  'user-agent' => 'kouzhiwen/1.0 (iPhone; iOS 12.1.3; Scale/2.00)',
  'accept-language' => 'zh-Hans-CN;q=1',
  'version' => '1.0',
  'accept-encoding' => 'gzip, deflate',
)
[ info ] [ PARAM ] array (
  'id' => '1',
  'type' => '1',
  'exam' => '2',
  'OS' => 'iOS',
  'version' => '1.0',
)
[ info ] [ SESSION ] INIT array (
  'id' => '',
  'var_session_id' => '',
  'prefix' => 'think',
  'type' => '',
  'auto_start' => true,
)
[ info ] [ DB ] INIT mysql
[ info ] [ RUN ] app\api\common\controller\Study->PaperList[ /www/wwwroot/kouzhiwen/application/api/common/controller/Study.php ]
[ info ] [ LOG ] INIT File
[ sql ] [ DB ] CONNECT:[ UseTime:0.000352s ] mysql:dbname=kouzhiwen;host=127.0.0.1;port=3306;charset=utf8
[ sql ] [ SQL ] SHOW COLUMNS FROM `tpn_user` [ RunTime:0.000661s ]
[ sql ] [ SQL ] SELECT * FROM `tpn_user` WHERE  `logintoken` = '98f63fba0e7fcbb30609449aa76ceb3c' LIMIT 1 [ RunTime:0.000463s ]
[ sql ] [ SQL ] SHOW COLUMNS FROM `tpn_paper` [ RunTime:0.000583s ]
[ sql ] [ SQL ] SELECT `p`.`id`,`p`.`title`,`p`.`photo`,(SELECT COUNT(*) FROM `tpn_paper_user` WHERE paper_id=p.id AND `uid`=149) num,(SELECT IF(COUNT(*)>0,1,0) FROM `tpn_paper_user` WHERE paper_id=p.id AND `uid`=149 AND `status`=1) is_paper FROM `tpn_paper` `p` WHERE  `p`.`type` = '1'  AND `p`.`class_id` = '1'  AND `p`.`start_time` <= '2019-01-29 20:37'  AND `p`.`end_time` >= '2019-01-29 20:37' [ RunTime:0.000502s ]

---------------------------------------------------------------
[ 2019-01-29T20:37:35+08:00 ] 172.31.69.247 60.221.108.172 GET /discover/article/classify?OS=iOS&version=1.0
[ log ] api.kzwchina.com/discover/article/classify?OS=iOS&version=1.0 [运行时间：0.076080s][吞吐率：13.14req/s] [内存消耗：3,978.05kb] [文件加载：63]
[ info ] [ LANG ] /www/wwwroot/kouzhiwen/thinkphp/lang/zh-cn.php
[ info ] [ BIND ] 'api'
[ info ] [ ROUTE ] array (
  'type' => 'module',
  'module' => 
  array (
    0 => 'api',
    1 => 'discover',
    2 => 'article',
  ),
)
[ info ] [ HEADER ] array (
  'host' => 'api.kzwchina.com',
  'os' => 'iOS',
  'cookie' => 'PHPSESSID=rpi4r3tje5btq4010h6jer7vl3',
  'connection' => 'keep-alive',
  'accept' => '*/*',
  'logintoken' => '98f63fba0e7fcbb30609449aa76ceb3c',
  'user-agent' => 'kouzhiwen/1.0 (iPhone; iOS 12.1.3; Scale/2.00)',
  'accept-language' => 'zh-Hans-CN;q=1',
  'version' => '1.0',
  'accept-encoding' => 'gzip, deflate',
)
[ info ] [ PARAM ] array (
  'OS' => 'iOS',
  'version' => '1.0',
)
[ info ] [ SESSION ] INIT array (
  'id' => '',
  'var_session_id' => '',
  'prefix' => 'think',
  'type' => '',
  'auto_start' => true,
)
[ info ] [ DB ] INIT mysql
[ info ] [ RUN ] app\api\discover\controller\Article->classify[ /www/wwwroot/kouzhiwen/application/api/discover/controller/Article.php ]
[ info ] [ LOG ] INIT File
[ sql ] [ DB ] CONNECT:[ UseTime:0.000330s ] mysql:dbname=kouzhiwen;host=127.0.0.1;port=3306;charset=utf8
[ sql ] [ SQL ] SHOW COLUMNS FROM `tpn_user` [ RunTime:0.000639s ]
[ sql ] [ SQL ] SELECT * FROM `tpn_user` WHERE  `logintoken` = '98f63fba0e7fcbb30609449aa76ceb3c' LIMIT 1 [ RunTime:0.000448s ]
[ sql ] [ SQL ] SHOW COLUMNS FROM `tpn_classify_user` [ RunTime:0.000558s ]
[ sql ] [ SQL ] SELECT `c`.`id`,`c`.`name` FROM `tpn_classify_user` `u` INNER JOIN `tpn_classify` `c` ON `c`.`id`=`u`.`classify_id` WHERE  `u`.`uid` = 149 ORDER BY u.weight ASC [ RunTime:0.000481s ]
[ sql ] [ SQL ] SHOW COLUMNS FROM `tpn_classify` [ RunTime:0.000494s ]
[ sql ] [ SQL ] SELECT * FROM `tpn_classify` WHERE  `enterprise_id` = 0  AND `id` NOT IN (29,30,31,32,33,34,35,36,37,38,42,44,45,47) [ RunTime:0.000395s ]

---------------------------------------------------------------
[ 2019-01-29T20:37:35+08:00 ] 172.31.69.247 60.221.108.172 GET /discover/article/datalist?OS=iOS&classify_id=29&enterprise_id=0&page=1&version=1.0
[ log ] api.kzwchina.com/discover/article/datalist?OS=iOS&classify_id=29&enterprise_id=0&page=1&version=1.0 [运行时间：0.045250s][吞吐率：22.10req/s] [内存消耗：3,938.47kb] [文件加载：62]
[ info ] [ LANG ] /www/wwwroot/kouzhiwen/thinkphp/lang/zh-cn.php
[ info ] [ BIND ] 'api'
[ info ] [ ROUTE ] array (
  'type' => 'module',
  'module' => 
  array (
    0 => 'api',
    1 => 'discover',
    2 => 'article',
  ),
)
[ info ] [ HEADER ] array (
  'host' => 'api.kzwchina.com',
  'os' => 'iOS',
  'cookie' => 'PHPSESSID=rpi4r3tje5btq4010h6jer7vl3',
  'connection' => 'keep-alive',
  'accept' => '*/*',
  'logintoken' => '98f63fba0e7fcbb30609449aa76ceb3c',
  'user-agent' => 'kouzhiwen/1.0 (iPhone; iOS 12.1.3; Scale/2.00)',
  'accept-language' => 'zh-Hans-CN;q=1',
  'version' => '1.0',
  'accept-encoding' => 'gzip, deflate',
)
[ info ] [ PARAM ] array (
  'OS' => 'iOS',
  'classify_id' => '29',
  'enterprise_id' => '0',
  'page' => '1',
  'version' => '1.0',
)
[ info ] [ SESSION ] INIT array (
  'id' => '',
  'var_session_id' => '',
  'prefix' => 'think',
  'type' => '',
  'auto_start' => true,
)
[ info ] [ DB ] INIT mysql
[ info ] [ RUN ] app\api\discover\controller\Article->datalist[ /www/wwwroot/kouzhiwen/application/api/discover/controller/Article.php ]
[ info ] [ LOG ] INIT File
[ sql ] [ DB ] CONNECT:[ UseTime:0.000459s ] mysql:dbname=kouzhiwen;host=127.0.0.1;port=3306;charset=utf8
[ sql ] [ SQL ] SHOW COLUMNS FROM `tpn_user` [ RunTime:0.001088s ]
[ sql ] [ SQL ] SELECT * FROM `tpn_user` WHERE  `logintoken` = '98f63fba0e7fcbb30609449aa76ceb3c' LIMIT 1 [ RunTime:0.000582s ]
[ sql ] [ SQL ] SHOW COLUMNS FROM `tpn_information` [ RunTime:0.000653s ]
[ sql ] [ SQL ] SELECT COUNT(*) AS tp_count FROM `tpn_information` WHERE  `status` = 1  AND `enterprise_id` = 0  AND `classify_id` = 29  AND `power` = 0 ORDER BY comment_num desc,is_recommend desc,id desc LIMIT 1 [ RunTime:0.000382s ]
[ sql ] [ SQL ] SELECT `id`,`name`,`cover_img`,`author`,`add_time`,`comment_num`,`pv`,`is_recommend` FROM `tpn_information` WHERE  `status` = 1  AND `enterprise_id` = 0  AND `classify_id` = 29  AND `power` = 0 ORDER BY comment_num desc,is_recommend desc,id desc LIMIT 0,10 [ RunTime:0.000387s ]

---------------------------------------------------------------
[ 2019-01-29T20:37:35+08:00 ] 172.31.69.247 60.221.108.172 GET /discover/article/advertisements?OS=iOS&version=1.0
[ log ] api.kzwchina.com/discover/article/advertisements?OS=iOS&version=1.0 [运行时间：0.061963s][吞吐率：16.14req/s] [内存消耗：3,915.47kb] [文件加载：62]
[ info ] [ LANG ] /www/wwwroot/kouzhiwen/thinkphp/lang/zh-cn.php
[ info ] [ BIND ] 'api'
[ info ] [ ROUTE ] array (
  'type' => 'module',
  'module' => 
  array (
    0 => 'api',
    1 => 'discover',
    2 => 'article',
  ),
)
[ info ] [ HEADER ] array (
  'host' => 'api.kzwchina.com',
  'os' => 'iOS',
  'cookie' => 'PHPSESSID=rpi4r3tje5btq4010h6jer7vl3',
  'connection' => 'keep-alive',
  'accept' => '*/*',
  'logintoken' => '98f63fba0e7fcbb30609449aa76ceb3c',
  'user-agent' => 'kouzhiwen/1.0 (iPhone; iOS 12.1.3; Scale/2.00)',
  'accept-language' => 'zh-Hans-CN;q=1',
  'version' => '1.0',
  'accept-encoding' => 'gzip, deflate',
)
[ info ] [ PARAM ] array (
  'OS' => 'iOS',
  'version' => '1.0',
)
[ info ] [ SESSION ] INIT array (
  'id' => '',
  'var_session_id' => '',
  'prefix' => 'think',
  'type' => '',
  'auto_start' => true,
)
[ info ] [ DB ] INIT mysql
[ info ] [ RUN ] app\api\discover\controller\Article->advertisements[ /www/wwwroot/kouzhiwen/application/api/discover/controller/Article.php ]
[ info ] [ LOG ] INIT File
[ sql ] [ DB ] CONNECT:[ UseTime:0.000365s ] mysql:dbname=kouzhiwen;host=127.0.0.1;port=3306;charset=utf8
[ sql ] [ SQL ] SHOW COLUMNS FROM `tpn_user` [ RunTime:0.000667s ]
[ sql ] [ SQL ] SELECT * FROM `tpn_user` WHERE  `logintoken` = '98f63fba0e7fcbb30609449aa76ceb3c' LIMIT 1 [ RunTime:0.000453s ]
[ sql ] [ SQL ] SHOW COLUMNS FROM `tpn_advertisements` [ RunTime:0.000518s ]
[ sql ] [ SQL ] SELECT * FROM `tpn_advertisements` [ RunTime:0.000187s ]

---------------------------------------------------------------
[ 2019-01-29T20:37:35+08:00 ] 172.31.69.247 60.221.108.172 GET /discover/introduce/find_banner?OS=iOS&classify_id=29&type=4&version=1.0
[ log ] api.kzwchina.com/discover/introduce/find_banner?OS=iOS&classify_id=29&type=4&version=1.0 [运行时间：0.062770s][吞吐率：15.93req/s] [内存消耗：3,894.21kb] [文件加载：62]
[ info ] [ LANG ] /www/wwwroot/kouzhiwen/thinkphp/lang/zh-cn.php
[ info ] [ BIND ] 'api'
[ info ] [ ROUTE ] array (
  'type' => 'module',
  'module' => 
  array (
    0 => 'api',
    1 => 'discover',
    2 => 'introduce',
  ),
)
[ info ] [ HEADER ] array (
  'host' => 'api.kzwchina.com',
  'os' => 'iOS',
  'cookie' => 'PHPSESSID=rpi4r3tje5btq4010h6jer7vl3',
  'connection' => 'keep-alive',
  'accept' => '*/*',
  'logintoken' => '98f63fba0e7fcbb30609449aa76ceb3c',
  'user-agent' => 'kouzhiwen/1.0 (iPhone; iOS 12.1.3; Scale/2.00)',
  'accept-language' => 'zh-Hans-CN;q=1',
  'version' => '1.0',
  'accept-encoding' => 'gzip, deflate',
)
[ info ] [ PARAM ] array (
  'OS' => 'iOS',
  'classify_id' => '29',
  'type' => '4',
  'version' => '1.0',
)
[ info ] [ SESSION ] INIT array (
  'id' => '',
  'var_session_id' => '',
  'prefix' => 'think',
  'type' => '',
  'auto_start' => true,
)
[ info ] [ DB ] INIT mysql
[ info ] [ RUN ] app\api\discover\controller\Introduce->FindBanner[ /www/wwwroot/kouzhiwen/application/api/discover/controller/Introduce.php ]
[ info ] [ LOG ] INIT File
[ sql ] [ DB ] CONNECT:[ UseTime:0.000317s ] mysql:dbname=kouzhiwen;host=127.0.0.1;port=3306;charset=utf8
[ sql ] [ SQL ] SHOW COLUMNS FROM `tpn_user` [ RunTime:0.000646s ]
[ sql ] [ SQL ] SELECT * FROM `tpn_user` WHERE  `logintoken` = '98f63fba0e7fcbb30609449aa76ceb3c' LIMIT 1 [ RunTime:0.000473s ]
[ sql ] [ SQL ] SHOW COLUMNS FROM `tpn_banner` [ RunTime:0.000527s ]
[ sql ] [ SQL ] SELECT `pid`,`mold`,`type`,`img_url` FROM `tpn_banner` WHERE  `status` = 1  AND `type` = 4  AND `classify_id` = 29 ORDER BY add_time desc LIMIT 0,4 [ RunTime:0.000306s ]

---------------------------------------------------------------
[ 2019-01-29T20:37:36+08:00 ] 172.31.69.247 60.221.108.172 GET /discover/introduce/article_list?OS=iOS&page=1&type=1&version=1.0
[ log ] api.kzwchina.com/discover/introduce/article_list?OS=iOS&page=1&type=1&version=1.0 [运行时间：0.032469s][吞吐率：30.80req/s] [内存消耗：3,943.77kb] [文件加载：60]
[ info ] [ LANG ] /www/wwwroot/kouzhiwen/thinkphp/lang/zh-cn.php
[ info ] [ BIND ] 'api'
[ info ] [ ROUTE ] array (
  'type' => 'module',
  'module' => 
  array (
    0 => 'api',
    1 => 'discover',
    2 => 'introduce',
  ),
)
[ info ] [ HEADER ] array (
  'host' => 'api.kzwchina.com',
  'os' => 'iOS',
  'cookie' => 'PHPSESSID=rpi4r3tje5btq4010h6jer7vl3',
  'connection' => 'keep-alive',
  'accept' => '*/*',
  'logintoken' => '98f63fba0e7fcbb30609449aa76ceb3c',
  'user-agent' => 'kouzhiwen/1.0 (iPhone; iOS 12.1.3; Scale/2.00)',
  'accept-language' => 'zh-Hans-CN;q=1',
  'version' => '1.0',
  'accept-encoding' => 'gzip, deflate',
)
[ info ] [ PARAM ] array (
  'OS' => 'iOS',
  'page' => '1',
  'type' => '1',
  'version' => '1.0',
)
[ info ] [ SESSION ] INIT array (
  'id' => '',
  'var_session_id' => '',
  'prefix' => 'think',
  'type' => '',
  'auto_start' => true,
)
[ info ] [ DB ] INIT mysql
[ info ] [ RUN ] app\api\discover\controller\Introduce->articleList[ /www/wwwroot/kouzhiwen/application/api/discover/controller/Introduce.php ]
[ info ] [ DB ] INIT mysql
[ info ] [ LOG ] INIT File
[ sql ] [ DB ] CONNECT:[ UseTime:0.000403s ] mysql:dbname=kouzhiwen;host=127.0.0.1;port=3306;charset=utf8
[ sql ] [ SQL ] SHOW COLUMNS FROM `tpn_user` [ RunTime:0.000847s ]
[ sql ] [ SQL ] SELECT * FROM `tpn_user` WHERE  `logintoken` = '98f63fba0e7fcbb30609449aa76ceb3c' LIMIT 1 [ RunTime:0.000532s ]
[ sql ] [ DB ] CONNECT:[ UseTime:0.000305s ] mysql:dbname=kouzhiwen;host=127.0.0.1;port=3306;charset=utf8
[ sql ] [ SQL ] SHOW COLUMNS FROM `tpn_introduce` [ RunTime:0.000518s ]
[ sql ] [ SQL ] SELECT COUNT(*) AS tp_count FROM `tpn_introduce` WHERE  `type` = 1  AND `status` = 1 LIMIT 1 [ RunTime:0.000293s ]
[ sql ] [ SQL ] SELECT * FROM `tpn_introduce` WHERE  `type` = 1  AND `status` = 1 ORDER BY id desc LIMIT 0,10 [ RunTime:0.000387s ]

---------------------------------------------------------------
[ 2019-01-29T20:37:38+08:00 ] 172.31.69.247 60.221.108.172 GET /discover/introduce/find_banner?OS=iOS&classify_id=30&type=4&version=1.0
[ log ] api.kzwchina.com/discover/introduce/find_banner?OS=iOS&classify_id=30&type=4&version=1.0 [运行时间：0.041083s][吞吐率：24.34req/s] [内存消耗：4,050.45kb] [文件加载：65]
[ info ] [ LANG ] /www/wwwroot/kouzhiwen/thinkphp/lang/zh-cn.php
[ info ] [ BIND ] 'api'
[ info ] [ ROUTE ] array (
  'type' => 'module',
  'module' => 
  array (
    0 => 'api',
    1 => 'discover',
    2 => 'introduce',
  ),
)
[ info ] [ HEADER ] array (
  'host' => 'api.kzwchina.com',
  'os' => 'iOS',
  'cookie' => 'PHPSESSID=rpi4r3tje5btq4010h6jer7vl3',
  'connection' => 'keep-alive',
  'accept' => '*/*',
  'logintoken' => '98f63fba0e7fcbb30609449aa76ceb3c',
  'user-agent' => 'kouzhiwen/1.0 (iPhone; iOS 12.1.3; Scale/2.00)',
  'accept-language' => 'zh-Hans-CN;q=1',
  'version' => '1.0',
  'accept-encoding' => 'gzip, deflate',
)
[ info ] [ PARAM ] array (
  'OS' => 'iOS',
  'classify_id' => '30',
  'type' => '4',
  'version' => '1.0',
)
[ info ] [ SESSION ] INIT array (
  'id' => '',
  'var_session_id' => '',
  'prefix' => 'think',
  'type' => '',
  'auto_start' => true,
)
[ info ] [ DB ] INIT mysql
[ info ] [ RUN ] app\api\discover\controller\Introduce->FindBanner[ /www/wwwroot/kouzhiwen/application/api/discover/controller/Introduce.php ]
[ info ] [ LOG ] INIT File
[ sql ] [ DB ] CONNECT:[ UseTime:0.000500s ] mysql:dbname=kouzhiwen;host=127.0.0.1;port=3306;charset=utf8
[ sql ] [ SQL ] SHOW COLUMNS FROM `tpn_user` [ RunTime:0.000877s ]
[ sql ] [ SQL ] SELECT * FROM `tpn_user` WHERE  `logintoken` = '98f63fba0e7fcbb30609449aa76ceb3c' LIMIT 1 [ RunTime:0.000532s ]
[ sql ] [ SQL ] SHOW COLUMNS FROM `tpn_banner` [ RunTime:0.000555s ]
[ sql ] [ SQL ] SELECT `pid`,`mold`,`type`,`img_url` FROM `tpn_banner` WHERE  `status` = 1  AND `type` = 4  AND `classify_id` = 30 ORDER BY add_time desc LIMIT 0,4 [ RunTime:0.000304s ]
[ sql ] [ SQL ] SHOW COLUMNS FROM `tpn_information` [ RunTime:0.000647s ]
[ sql ] [ SQL ] SELECT * FROM `tpn_information` WHERE  `id` = 24 LIMIT 1 [ RunTime:0.000326s ]

---------------------------------------------------------------
[ 2019-01-29T20:37:38+08:00 ] 172.31.69.247 60.221.108.172 GET /discover/article/datalist?OS=iOS&classify_id=30&enterprise_id=0&page=1&version=1.0
[ log ] api.kzwchina.com/discover/article/datalist?OS=iOS&classify_id=30&enterprise_id=0&page=1&version=1.0 [运行时间：0.057710s][吞吐率：17.33req/s] [内存消耗：3,939.02kb] [文件加载：62]
[ info ] [ LANG ] /www/wwwroot/kouzhiwen/thinkphp/lang/zh-cn.php
[ info ] [ BIND ] 'api'
[ info ] [ ROUTE ] array (
  'type' => 'module',
  'module' => 
  array (
    0 => 'api',
    1 => 'discover',
    2 => 'article',
  ),
)
[ info ] [ HEADER ] array (
  'host' => 'api.kzwchina.com',
  'os' => 'iOS',
  'cookie' => 'PHPSESSID=rpi4r3tje5btq4010h6jer7vl3',
  'connection' => 'keep-alive',
  'accept' => '*/*',
  'logintoken' => '98f63fba0e7fcbb30609449aa76ceb3c',
  'user-agent' => 'kouzhiwen/1.0 (iPhone; iOS 12.1.3; Scale/2.00)',
  'accept-language' => 'zh-Hans-CN;q=1',
  'version' => '1.0',
  'accept-encoding' => 'gzip, deflate',
)
[ info ] [ PARAM ] array (
  'OS' => 'iOS',
  'classify_id' => '30',
  'enterprise_id' => '0',
  'page' => '1',
  'version' => '1.0',
)
[ info ] [ SESSION ] INIT array (
  'id' => '',
  'var_session_id' => '',
  'prefix' => 'think',
  'type' => '',
  'auto_start' => true,
)
[ info ] [ DB ] INIT mysql
[ info ] [ RUN ] app\api\discover\controller\Article->datalist[ /www/wwwroot/kouzhiwen/application/api/discover/controller/Article.php ]
[ info ] [ LOG ] INIT File
[ sql ] [ DB ] CONNECT:[ UseTime:0.000352s ] mysql:dbname=kouzhiwen;host=127.0.0.1;port=3306;charset=utf8
[ sql ] [ SQL ] SHOW COLUMNS FROM `tpn_user` [ RunTime:0.000683s ]
[ sql ] [ SQL ] SELECT * FROM `tpn_user` WHERE  `logintoken` = '98f63fba0e7fcbb30609449aa76ceb3c' LIMIT 1 [ RunTime:0.000483s ]
[ sql ] [ SQL ] SHOW COLUMNS FROM `tpn_information` [ RunTime:0.000551s ]
[ sql ] [ SQL ] SELECT COUNT(*) AS tp_count FROM `tpn_information` WHERE  `status` = 1  AND `enterprise_id` = 0  AND `classify_id` = 30  AND `power` = 0 ORDER BY comment_num desc,is_recommend desc,id desc LIMIT 1 [ RunTime:0.000295s ]
[ sql ] [ SQL ] SELECT `id`,`name`,`cover_img`,`author`,`add_time`,`comment_num`,`pv`,`is_recommend` FROM `tpn_information` WHERE  `status` = 1  AND `enterprise_id` = 0  AND `classify_id` = 30  AND `power` = 0 ORDER BY comment_num desc,is_recommend desc,id desc LIMIT 0,10 [ RunTime:0.000336s ]

---------------------------------------------------------------
[ 2019-01-29T20:37:54+08:00 ] 172.31.69.247 60.221.108.172 GET /discover/teacher/pecialist?OS=iOS&classify_id=29&page=1&version=1.0
[ log ] api.kzwchina.com/discover/teacher/pecialist?OS=iOS&classify_id=29&page=1&version=1.0 [运行时间：0.041760s][吞吐率：23.95req/s] [内存消耗：4,242.53kb] [文件加载：62]
[ info ] [ LANG ] /www/wwwroot/kouzhiwen/thinkphp/lang/zh-cn.php
[ info ] [ BIND ] 'api'
[ info ] [ ROUTE ] array (
  'type' => 'module',
  'module' => 
  array (
    0 => 'api',
    1 => 'discover',
    2 => 'teacher',
  ),
)
[ info ] [ HEADER ] array (
  'host' => 'api.kzwchina.com',
  'os' => 'iOS',
  'cookie' => 'PHPSESSID=rpi4r3tje5btq4010h6jer7vl3',
  'connection' => 'keep-alive',
  'accept' => '*/*',
  'logintoken' => '98f63fba0e7fcbb30609449aa76ceb3c',
  'user-agent' => 'kouzhiwen/1.0 (iPhone; iOS 12.1.3; Scale/2.00)',
  'accept-language' => 'zh-Hans-CN;q=1',
  'version' => '1.0',
  'accept-encoding' => 'gzip, deflate',
)
[ info ] [ PARAM ] array (
  'OS' => 'iOS',
  'classify_id' => '29',
  'page' => '1',
  'version' => '1.0',
)
[ info ] [ SESSION ] INIT array (
  'id' => '',
  'var_session_id' => '',
  'prefix' => 'think',
  'type' => '',
  'auto_start' => true,
)
[ info ] [ DB ] INIT mysql
[ info ] [ RUN ] app\api\discover\controller\Teacher->pecialist[ /www/wwwroot/kouzhiwen/application/api/discover/controller/Teacher.php ]
[ info ] [ DB ] INIT mysql
[ info ] [ DB ] INIT mysql
[ info ] [ DB ] INIT mysql
[ info ] [ DB ] INIT mysql
[ info ] [ DB ] INIT mysql
[ info ] [ DB ] INIT mysql
[ info ] [ DB ] INIT mysql
[ info ] [ DB ] INIT mysql
[ info ] [ DB ] INIT mysql
[ info ] [ DB ] INIT mysql
[ info ] [ LOG ] INIT File
[ sql ] [ DB ] CONNECT:[ UseTime:0.000423s ] mysql:dbname=kouzhiwen;host=127.0.0.1;port=3306;charset=utf8
[ sql ] [ SQL ] SHOW COLUMNS FROM `tpn_user` [ RunTime:0.000904s ]
[ sql ] [ SQL ] SELECT * FROM `tpn_user` WHERE  `logintoken` = '98f63fba0e7fcbb30609449aa76ceb3c' LIMIT 1 [ RunTime:0.000524s ]
[ sql ] [ SQL ] SHOW COLUMNS FROM `tpn_teacher` [ RunTime:0.000731s ]
[ sql ] [ SQL ] SELECT COUNT(*) AS tp_count FROM `tpn_teacher` WHERE  `status` = 1  AND `enterprise_id` = 0  AND `classify_id` = 29  AND `identity` LIKE '%3%' LIMIT 1 [ RunTime:0.000564s ]
[ sql ] [ SQL ] SELECT `id`,`name`,`title`,`phone`,`photo`,`consult_num` FROM `tpn_teacher` WHERE  `status` = 1  AND `enterprise_id` = 0  AND `classify_id` = 29  AND `identity` LIKE '%3%' LIMIT 0,10 [ RunTime:0.000457s ]
[ sql ] [ DB ] CONNECT:[ UseTime:0.000306s ] mysql:dbname=kouzhiwen;host=127.0.0.1;port=3306;charset=utf8
[ sql ] [ SQL ] SHOW COLUMNS FROM `tpn_teacher_article` [ RunTime:0.000507s ]
[ sql ] [ SQL ] SELECT `id`,`name` FROM `tpn_teacher_article` WHERE  `teacher_id` = 111  AND `status` = 1 LIMIT 0,3 [ RunTime:0.000255s ]
[ sql ] [ DB ] CONNECT:[ UseTime:0.000258s ] mysql:dbname=kouzhiwen;host=127.0.0.1;port=3306;charset=utf8
[ sql ] [ SQL ] SELECT `id`,`name` FROM `tpn_teacher_article` WHERE  `teacher_id` = 112  AND `status` = 1 LIMIT 0,3 [ RunTime:0.000260s ]
[ sql ] [ DB ] CONNECT:[ UseTime:0.000254s ] mysql:dbname=kouzhiwen;host=127.0.0.1;port=3306;charset=utf8
[ sql ] [ SQL ] SELECT `id`,`name` FROM `tpn_teacher_article` WHERE  `teacher_id` = 113  AND `status` = 1 LIMIT 0,3 [ RunTime:0.000240s ]
[ sql ] [ DB ] CONNECT:[ UseTime:0.000229s ] mysql:dbname=kouzhiwen;host=127.0.0.1;port=3306;charset=utf8
[ sql ] [ SQL ] SELECT `id`,`name` FROM `tpn_teacher_article` WHERE  `teacher_id` = 114  AND `status` = 1 LIMIT 0,3 [ RunTime:0.000247s ]
[ sql ] [ DB ] CONNECT:[ UseTime:0.000236s ] mysql:dbname=kouzhiwen;host=127.0.0.1;port=3306;charset=utf8
[ sql ] [ SQL ] SELECT `id`,`name` FROM `tpn_teacher_article` WHERE  `teacher_id` = 115  AND `status` = 1 LIMIT 0,3 [ RunTime:0.000237s ]
[ sql ] [ DB ] CONNECT:[ UseTime:0.000252s ] mysql:dbname=kouzhiwen;host=127.0.0.1;port=3306;charset=utf8
[ sql ] [ SQL ] SELECT `id`,`name` FROM `tpn_teacher_article` WHERE  `teacher_id` = 116  AND `status` = 1 LIMIT 0,3 [ RunTime:0.000237s ]
[ sql ] [ DB ] CONNECT:[ UseTime:0.000296s ] mysql:dbname=kouzhiwen;host=127.0.0.1;port=3306;charset=utf8
[ sql ] [ SQL ] SELECT `id`,`name` FROM `tpn_teacher_article` WHERE  `teacher_id` = 214  AND `status` = 1 LIMIT 0,3 [ RunTime:0.000250s ]
[ sql ] [ DB ] CONNECT:[ UseTime:0.000247s ] mysql:dbname=kouzhiwen;host=127.0.0.1;port=3306;charset=utf8
[ sql ] [ SQL ] SELECT `id`,`name` FROM `tpn_teacher_article` WHERE  `teacher_id` = 215  AND `status` = 1 LIMIT 0,3 [ RunTime:0.000236s ]
[ sql ] [ DB ] CONNECT:[ UseTime:0.000235s ] mysql:dbname=kouzhiwen;host=127.0.0.1;port=3306;charset=utf8
[ sql ] [ SQL ] SELECT `id`,`name` FROM `tpn_teacher_article` WHERE  `teacher_id` = 216  AND `status` = 1 LIMIT 0,3 [ RunTime:0.000246s ]
[ sql ] [ DB ] CONNECT:[ UseTime:0.000239s ] mysql:dbname=kouzhiwen;host=127.0.0.1;port=3306;charset=utf8
[ sql ] [ SQL ] SELECT `id`,`name` FROM `tpn_teacher_article` WHERE  `teacher_id` = 217  AND `status` = 1 LIMIT 0,3 [ RunTime:0.000236s ]

---------------------------------------------------------------
[ 2019-01-29T20:37:57+08:00 ] 172.31.69.247 60.221.108.172 GET /discover/teacher/teacher_details?OS=iOS&id=111&version=1.0
[ log ] api.kzwchina.com/discover/teacher/teacher_details?OS=iOS&id=111&version=1.0 [运行时间：0.035495s][吞吐率：28.17req/s] [内存消耗：3,953.76kb] [文件加载：61]
[ info ] [ LANG ] /www/wwwroot/kouzhiwen/thinkphp/lang/zh-cn.php
[ info ] [ BIND ] 'api'
[ info ] [ ROUTE ] array (
  'type' => 'module',
  'module' => 
  array (
    0 => 'api',
    1 => 'discover',
    2 => 'teacher',
  ),
)
[ info ] [ HEADER ] array (
  'host' => 'api.kzwchina.com',
  'os' => 'iOS',
  'cookie' => 'PHPSESSID=rpi4r3tje5btq4010h6jer7vl3',
  'connection' => 'keep-alive',
  'accept' => '*/*',
  'logintoken' => '98f63fba0e7fcbb30609449aa76ceb3c',
  'user-agent' => 'kouzhiwen/1.0 (iPhone; iOS 12.1.3; Scale/2.00)',
  'accept-language' => 'zh-Hans-CN;q=1',
  'version' => '1.0',
  'accept-encoding' => 'gzip, deflate',
)
[ info ] [ PARAM ] array (
  'OS' => 'iOS',
  'id' => '111',
  'version' => '1.0',
)
[ info ] [ SESSION ] INIT array (
  'id' => '',
  'var_session_id' => '',
  'prefix' => 'think',
  'type' => '',
  'auto_start' => true,
)
[ info ] [ DB ] INIT mysql
[ info ] [ RUN ] app\api\discover\controller\Teacher->TeacherDetails[ /www/wwwroot/kouzhiwen/application/api/discover/controller/Teacher.php ]
[ info ] [ LOG ] INIT File
[ sql ] [ DB ] CONNECT:[ UseTime:0.000495s ] mysql:dbname=kouzhiwen;host=127.0.0.1;port=3306;charset=utf8
[ sql ] [ SQL ] SHOW COLUMNS FROM `tpn_user` [ RunTime:0.000891s ]
[ sql ] [ SQL ] SELECT * FROM `tpn_user` WHERE  `logintoken` = '98f63fba0e7fcbb30609449aa76ceb3c' LIMIT 1 [ RunTime:0.000550s ]
[ sql ] [ SQL ] SHOW COLUMNS FROM `tpn_teacher` [ RunTime:0.000767s ]
[ sql ] [ SQL ] SELECT * FROM `tpn_teacher` WHERE  `id` = 111 LIMIT 1 [ RunTime:0.000389s ]
[ sql ] [ SQL ] SHOW COLUMNS FROM `tpn_user_quiz` [ RunTime:0.000493s ]
[ sql ] [ SQL ] SELECT COUNT(*) AS tp_count FROM `tpn_user_quiz` WHERE  `teacher_id` = 111  AND `answer` <> ''  AND `evaluate` <> 0 LIMIT 1 [ RunTime:0.000236s ]
[ sql ] [ SQL ] SELECT COUNT(*) AS tp_count FROM `tpn_user_quiz` WHERE  `teacher_id` = 111  AND `answer` <> ''  AND `evaluate` = 1 LIMIT 1 [ RunTime:0.000230s ]
[ sql ] [ SQL ] SELECT COUNT(*) AS tp_count FROM `tpn_user_quiz` WHERE  `teacher_id` = 111  AND `answer` <> ''  AND `evaluate` = 2 LIMIT 1 [ RunTime:0.000218s ]
[ sql ] [ SQL ] SELECT COUNT(*) AS tp_count FROM `tpn_user_quiz` WHERE  `teacher_id` = 111  AND `answer` <> ''  AND `evaluate` = 3 LIMIT 1 [ RunTime:0.000215s ]
[ sql ] [ SQL ] SELECT COUNT(*) AS tp_count FROM `tpn_user_quiz` WHERE  `teacher_id` = 111  AND `answer` <> ''  AND `evaluate` = 4 LIMIT 1 [ RunTime:0.000212s ]
[ sql ] [ SQL ] SELECT COUNT(*) AS tp_count FROM `tpn_user_quiz` WHERE  `teacher_id` = 111  AND `answer` <> ''  AND `evaluate` = 5 LIMIT 1 [ RunTime:0.000214s ]

---------------------------------------------------------------
[ 2019-01-29T20:37:58+08:00 ] 172.31.69.247 60.221.108.172 GET /discover/teacher/teacher_quiz?OS=iOS&id=111&page=1&version=1.0
[ log ] api.kzwchina.com/discover/teacher/teacher_quiz?OS=iOS&id=111&page=1&version=1.0 [运行时间：0.031789s][吞吐率：31.46req/s] [内存消耗：3,958.92kb] [文件加载：62]
[ info ] [ LANG ] /www/wwwroot/kouzhiwen/thinkphp/lang/zh-cn.php
[ info ] [ BIND ] 'api'
[ info ] [ ROUTE ] array (
  'type' => 'module',
  'module' => 
  array (
    0 => 'api',
    1 => 'discover',
    2 => 'teacher',
  ),
)
[ info ] [ HEADER ] array (
  'host' => 'api.kzwchina.com',
  'os' => 'iOS',
  'cookie' => 'PHPSESSID=rpi4r3tje5btq4010h6jer7vl3',
  'connection' => 'keep-alive',
  'accept' => '*/*',
  'logintoken' => '98f63fba0e7fcbb30609449aa76ceb3c',
  'user-agent' => 'kouzhiwen/1.0 (iPhone; iOS 12.1.3; Scale/2.00)',
  'accept-language' => 'zh-Hans-CN;q=1',
  'version' => '1.0',
  'accept-encoding' => 'gzip, deflate',
)
[ info ] [ PARAM ] array (
  'OS' => 'iOS',
  'id' => '111',
  'page' => '1',
  'version' => '1.0',
)
[ info ] [ SESSION ] INIT array (
  'id' => '',
  'var_session_id' => '',
  'prefix' => 'think',
  'type' => '',
  'auto_start' => true,
)
[ info ] [ DB ] INIT mysql
[ info ] [ RUN ] app\api\discover\controller\Teacher->TeacherQuiz[ /www/wwwroot/kouzhiwen/application/api/discover/controller/Teacher.php ]
[ info ] [ LOG ] INIT File
[ sql ] [ DB ] CONNECT:[ UseTime:0.000462s ] mysql:dbname=kouzhiwen;host=127.0.0.1;port=3306;charset=utf8
[ sql ] [ SQL ] SHOW COLUMNS FROM `tpn_user` [ RunTime:0.000828s ]
[ sql ] [ SQL ] SELECT * FROM `tpn_user` WHERE  `logintoken` = '98f63fba0e7fcbb30609449aa76ceb3c' LIMIT 1 [ RunTime:0.000545s ]
[ sql ] [ SQL ] SHOW COLUMNS FROM `tpn_user_quiz` [ RunTime:0.000529s ]
[ sql ] [ SQL ] SELECT COUNT(*) AS tp_count FROM `tpn_user_quiz` `a` LEFT JOIN `tpn_user` `u` ON `a`.`uid`=`u`.`uid` WHERE  `teacher_id` = 111 ORDER BY a.created_at desc LIMIT 1 [ RunTime:0.000318s ]
[ sql ] [ SQL ] SELECT `u`.`nickname`,`u`.`face`,`a`.`quiz`,`a`.`answer`,`a`.`created_at` FROM `tpn_user_quiz` `a` LEFT JOIN `tpn_user` `u` ON `a`.`uid`=`u`.`uid` WHERE  `teacher_id` = 111 ORDER BY a.created_at desc LIMIT 0,10 [ RunTime:0.000313s ]

---------------------------------------------------------------
[ 2019-01-29T20:37:58+08:00 ] 172.31.69.247 60.221.108.172 GET /discover/teacher/teacher_quiz?OS=iOS&id=111&page=1&version=1.0
[ log ] api.kzwchina.com/discover/teacher/teacher_quiz?OS=iOS&id=111&page=1&version=1.0 [运行时间：0.031959s][吞吐率：31.29req/s] [内存消耗：3,958.92kb] [文件加载：62]
[ info ] [ LANG ] /www/wwwroot/kouzhiwen/thinkphp/lang/zh-cn.php
[ info ] [ BIND ] 'api'
[ info ] [ ROUTE ] array (
  'type' => 'module',
  'module' => 
  array (
    0 => 'api',
    1 => 'discover',
    2 => 'teacher',
  ),
)
[ info ] [ HEADER ] array (
  'host' => 'api.kzwchina.com',
  'os' => 'iOS',
  'cookie' => 'PHPSESSID=rpi4r3tje5btq4010h6jer7vl3',
  'connection' => 'keep-alive',
  'accept' => '*/*',
  'logintoken' => '98f63fba0e7fcbb30609449aa76ceb3c',
  'user-agent' => 'kouzhiwen/1.0 (iPhone; iOS 12.1.3; Scale/2.00)',
  'accept-language' => 'zh-Hans-CN;q=1',
  'version' => '1.0',
  'accept-encoding' => 'gzip, deflate',
)
[ info ] [ PARAM ] array (
  'OS' => 'iOS',
  'id' => '111',
  'page' => '1',
  'version' => '1.0',
)
[ info ] [ SESSION ] INIT array (
  'id' => '',
  'var_session_id' => '',
  'prefix' => 'think',
  'type' => '',
  'auto_start' => true,
)
[ info ] [ DB ] INIT mysql
[ info ] [ RUN ] app\api\discover\controller\Teacher->TeacherQuiz[ /www/wwwroot/kouzhiwen/application/api/discover/controller/Teacher.php ]
[ info ] [ LOG ] INIT File
[ sql ] [ DB ] CONNECT:[ UseTime:0.000440s ] mysql:dbname=kouzhiwen;host=127.0.0.1;port=3306;charset=utf8
[ sql ] [ SQL ] SHOW COLUMNS FROM `tpn_user` [ RunTime:0.000936s ]
[ sql ] [ SQL ] SELECT * FROM `tpn_user` WHERE  `logintoken` = '98f63fba0e7fcbb30609449aa76ceb3c' LIMIT 1 [ RunTime:0.000503s ]
[ sql ] [ SQL ] SHOW COLUMNS FROM `tpn_user_quiz` [ RunTime:0.000546s ]
[ sql ] [ SQL ] SELECT COUNT(*) AS tp_count FROM `tpn_user_quiz` `a` LEFT JOIN `tpn_user` `u` ON `a`.`uid`=`u`.`uid` WHERE  `teacher_id` = 111 ORDER BY a.created_at desc LIMIT 1 [ RunTime:0.000293s ]
[ sql ] [ SQL ] SELECT `u`.`nickname`,`u`.`face`,`a`.`quiz`,`a`.`answer`,`a`.`created_at` FROM `tpn_user_quiz` `a` LEFT JOIN `tpn_user` `u` ON `a`.`uid`=`u`.`uid` WHERE  `teacher_id` = 111 ORDER BY a.created_at desc LIMIT 0,10 [ RunTime:0.000315s ]

---------------------------------------------------------------
[ 2019-01-29T20:38:14+08:00 ] 172.31.69.247 60.221.108.172 GET /common/user/my_info?OS=iOS&version=1.0
[ log ] api.kzwchina.com/common/user/my_info?OS=iOS&version=1.0 [运行时间：0.112801s][吞吐率：8.87req/s] [内存消耗：5,125.13kb] [文件加载：62]
[ info ] [ LANG ] /www/wwwroot/kouzhiwen/thinkphp/lang/zh-cn.php
[ info ] [ BIND ] 'api'
[ info ] [ ROUTE ] array (
  'type' => 'module',
  'module' => 
  array (
    0 => 'api',
    1 => 'common',
    2 => 'user',
  ),
)
[ info ] [ HEADER ] array (
  'host' => 'api.kzwchina.com',
  'os' => 'iOS',
  'cookie' => 'PHPSESSID=rpi4r3tje5btq4010h6jer7vl3',
  'connection' => 'keep-alive',
  'accept' => '*/*',
  'logintoken' => '98f63fba0e7fcbb30609449aa76ceb3c',
  'user-agent' => 'kouzhiwen/1.0 (iPhone; iOS 12.1.3; Scale/2.00)',
  'accept-language' => 'zh-Hans-CN;q=1',
  'version' => '1.0',
  'accept-encoding' => 'gzip, deflate',
)
[ info ] [ PARAM ] array (
  'OS' => 'iOS',
  'version' => '1.0',
)
[ info ] [ SESSION ] INIT array (
  'id' => '',
  'var_session_id' => '',
  'prefix' => 'think',
  'type' => '',
  'auto_start' => true,
)
[ info ] [ DB ] INIT mysql
[ info ] [ RUN ] app\api\common\controller\User->myInfo[ /www/wwwroot/kouzhiwen/application/api/common/controller/User.php ]
[ info ] [ LOG ] INIT File
[ sql ] [ DB ] CONNECT:[ UseTime:0.000436s ] mysql:dbname=kouzhiwen;host=127.0.0.1;port=3306;charset=utf8
[ sql ] [ SQL ] SHOW COLUMNS FROM `tpn_user` [ RunTime:0.000852s ]
[ sql ] [ SQL ] SELECT * FROM `tpn_user` WHERE  `logintoken` = '98f63fba0e7fcbb30609449aa76ceb3c' LIMIT 1 [ RunTime:0.000521s ]
[ sql ] [ SQL ] SHOW COLUMNS FROM `tpn_regions` [ RunTime:0.000524s ]
[ sql ] [ SQL ] SELECT * FROM `tpn_regions` [ RunTime:0.002904s ]

---------------------------------------------------------------
[ 2019-01-29T20:47:51+08:00 ] 172.31.69.247 60.221.108.172 GET /common/user/my_info?OS=iOS&version=1.0
[ log ] api.kzwchina.com/common/user/my_info?OS=iOS&version=1.0 [运行时间：0.115342s][吞吐率：8.67req/s] [内存消耗：5,125.05kb] [文件加载：62]
[ info ] [ LANG ] /www/wwwroot/kouzhiwen/thinkphp/lang/zh-cn.php
[ info ] [ BIND ] 'api'
[ info ] [ ROUTE ] array (
  'type' => 'module',
  'module' => 
  array (
    0 => 'api',
    1 => 'common',
    2 => 'user',
  ),
)
[ info ] [ HEADER ] array (
  'host' => 'api.kzwchina.com',
  'os' => 'iOS',
  'connection' => 'keep-alive',
  'accept' => '*/*',
  'logintoken' => '98f63fba0e7fcbb30609449aa76ceb3c',
  'user-agent' => 'kouzhiwen/1.0 (iPhone; iOS 12.1.3; Scale/2.00)',
  'accept-language' => 'zh-Hans-CN;q=1',
  'version' => '1.0',
  'accept-encoding' => 'gzip, deflate',
)
[ info ] [ PARAM ] array (
  'OS' => 'iOS',
  'version' => '1.0',
)
[ info ] [ SESSION ] INIT array (
  'id' => '',
  'var_session_id' => '',
  'prefix' => 'think',
  'type' => '',
  'auto_start' => true,
)
[ info ] [ DB ] INIT mysql
[ info ] [ RUN ] app\api\common\controller\User->myInfo[ /www/wwwroot/kouzhiwen/application/api/common/controller/User.php ]
[ info ] [ LOG ] INIT File
[ sql ] [ DB ] CONNECT:[ UseTime:0.000465s ] mysql:dbname=kouzhiwen;host=127.0.0.1;port=3306;charset=utf8
[ sql ] [ SQL ] SHOW COLUMNS FROM `tpn_user` [ RunTime:0.000867s ]
[ sql ] [ SQL ] SELECT * FROM `tpn_user` WHERE  `logintoken` = '98f63fba0e7fcbb30609449aa76ceb3c' LIMIT 1 [ RunTime:0.000564s ]
[ sql ] [ SQL ] SHOW COLUMNS FROM `tpn_regions` [ RunTime:0.000569s ]
[ sql ] [ SQL ] SELECT * FROM `tpn_regions` [ RunTime:0.002947s ]

---------------------------------------------------------------
[ 2019-01-29T20:47:51+08:00 ] 172.31.69.247 60.221.108.172 POST /common/home/index
[ log ] api.kzwchina.com/common/home/index [运行时间：0.052463s][吞吐率：19.06req/s] [内存消耗：4,388.73kb] [文件加载：70]
[ info ] [ LANG ] /www/wwwroot/kouzhiwen/thinkphp/lang/zh-cn.php
[ info ] [ BIND ] 'api'
[ info ] [ ROUTE ] array (
  'type' => 'module',
  'module' => 
  array (
    0 => 'api',
    1 => 'common',
    2 => 'home',
  ),
)
[ info ] [ HEADER ] array (
  'host' => 'api.kzwchina.com',
  'accept' => '*/*',
  'version' => '1.0',
  'os' => 'iOS',
  'accept-encoding' => 'gzip, deflate',
  'accept-language' => 'zh-Hans-CN;q=1',
  'logintoken' => '98f63fba0e7fcbb30609449aa76ceb3c',
  'user-agent' => 'kouzhiwen/1.0 (iPhone; iOS 12.1.3; Scale/2.00)',
  'connection' => 'keep-alive',
  'cookie' => 'PHPSESSID=ltqphpv63rrcg0710abpp1ptk6',
  'content-type' => 'application/x-www-form-urlencoded',
  'content-length' => '35',
)
[ info ] [ PARAM ] array (
  'OS' => 'iOS',
  'enterprise_id' => '13',
  'version' => '1.0',
)
[ info ] [ SESSION ] INIT array (
  'id' => '',
  'var_session_id' => '',
  'prefix' => 'think',
  'type' => '',
  'auto_start' => true,
)
[ info ] [ DB ] INIT mysql
[ info ] [ RUN ] app\api\common\controller\Home->index[ /www/wwwroot/kouzhiwen/application/api/common/controller/Home.php ]
[ info ] [ LOG ] INIT File
[ sql ] [ DB ] CONNECT:[ UseTime:0.000429s ] mysql:dbname=kouzhiwen;host=127.0.0.1;port=3306;charset=utf8
[ sql ] [ SQL ] SHOW COLUMNS FROM `tpn_user` [ RunTime:0.000900s ]
[ sql ] [ SQL ] SELECT * FROM `tpn_user` WHERE  `logintoken` = '98f63fba0e7fcbb30609449aa76ceb3c' LIMIT 1 [ RunTime:0.000513s ]
[ sql ] [ SQL ] SHOW COLUMNS FROM `tpn_enterprise` [ RunTime:0.000653s ]
[ sql ] [ SQL ] SELECT * FROM `tpn_enterprise` WHERE  `id` = 13 LIMIT 1 [ RunTime:0.000302s ]
[ sql ] [ SQL ] SELECT * FROM `tpn_enterprise` WHERE  `id` = 20  AND `status` = 1 LIMIT 1 [ RunTime:0.000312s ]
[ sql ] [ SQL ] SHOW COLUMNS FROM `tpn_banner` [ RunTime:0.000521s ]
[ sql ] [ SQL ] SELECT `pid`,`mold`,`type`,`img_url` FROM `tpn_banner` WHERE  `enterprise_id` = 13  AND `type` = 1  AND `status` = 1 ORDER BY add_time desc LIMIT 0,4 [ RunTime:0.000288s ]
[ sql ] [ SQL ] SHOW COLUMNS FROM `tpn_class` [ RunTime:0.000567s ]
[ sql ] [ SQL ] SELECT * FROM `tpn_class` WHERE  `id` = 43 LIMIT 1 [ RunTime:0.000263s ]
[ sql ] [ SQL ] SHOW COLUMNS FROM `tpn_class_user` [ RunTime:0.000476s ]
[ sql ] [ SQL ] SELECT * FROM `tpn_class_user` WHERE  `uid` = 149  AND `class_id` = 43 LIMIT 1 [ RunTime:0.000338s ]
[ sql ] [ SQL ] SHOW COLUMNS FROM `tpn_course` [ RunTime:0.000604s ]
[ sql ] [ SQL ] SELECT `c`.`id`,`c`.`title`,`c`.`photo`,`c`.`reading`,`c`.`look_num`,`t`.`name`,`c`.`price` FROM `tpn_course` `c` LEFT JOIN `tpn_teacher` `t` ON `c`.`teacher_id`=`t`.`id` WHERE  `c`.`enterprise_id` = '13'  AND `c`.`type` = 3  AND `c`.`scene` = 1 ORDER BY c.is_recommend desc,c.created_at desc LIMIT 0,4 [ RunTime:0.000320s ]
[ sql ] [ SQL ] SHOW COLUMNS FROM `tpn_teacher` [ RunTime:0.000646s ]
[ sql ] [ SQL ] SELECT `id`,`name`,`title`,`photo` FROM `tpn_teacher` WHERE  `enterprise_id` = 13  AND `status` = 1  AND `is_xszd` = 0  AND `identity` LIKE '%3%' ORDER BY is_recommend desc,updated_at desc LIMIT 0,4 [ RunTime:0.000558s ]
[ sql ] [ SQL ] SHOW COLUMNS FROM `tpn_information` [ RunTime:0.000479s ]
[ sql ] [ SQL ] SELECT `id`,`cover_img`,`name`,`add_time`,`comment_num`,`pv` FROM `tpn_information` WHERE  `enterprise_id` = 13 ORDER BY `is_recommend`  desc,`add_time`  desc LIMIT 0,2 [ RunTime:0.000247s ]

---------------------------------------------------------------
[ 2019-01-29T20:47:51+08:00 ] 172.31.69.247 60.221.108.172 GET /common/user/notice_count?OS=iOS&version=1.0
[ log ] api.kzwchina.com/common/user/notice_count?OS=iOS&version=1.0 [运行时间：0.066417s][吞吐率：15.06req/s] [内存消耗：3,947.42kb] [文件加载：60]
[ info ] [ LANG ] /www/wwwroot/kouzhiwen/thinkphp/lang/zh-cn.php
[ info ] [ BIND ] 'api'
[ info ] [ ROUTE ] array (
  'type' => 'module',
  'module' => 
  array (
    0 => 'api',
    1 => 'common',
    2 => 'user',
  ),
)
[ info ] [ HEADER ] array (
  'host' => 'api.kzwchina.com',
  'os' => 'iOS',
  'cookie' => 'PHPSESSID=ltqphpv63rrcg0710abpp1ptk6',
  'connection' => 'keep-alive',
  'accept' => '*/*',
  'logintoken' => '98f63fba0e7fcbb30609449aa76ceb3c',
  'user-agent' => 'kouzhiwen/1.0 (iPhone; iOS 12.1.3; Scale/2.00)',
  'accept-language' => 'zh-Hans-CN;q=1',
  'version' => '1.0',
  'accept-encoding' => 'gzip, deflate',
)
[ info ] [ PARAM ] array (
  'OS' => 'iOS',
  'version' => '1.0',
)
[ info ] [ SESSION ] INIT array (
  'id' => '',
  'var_session_id' => '',
  'prefix' => 'think',
  'type' => '',
  'auto_start' => true,
)
[ info ] [ DB ] INIT mysql
[ info ] [ RUN ] app\api\common\controller\User->NoticeCount[ /www/wwwroot/kouzhiwen/application/api/common/controller/User.php ]
[ info ] [ LOG ] INIT File
[ sql ] [ DB ] CONNECT:[ UseTime:0.000369s ] mysql:dbname=kouzhiwen;host=127.0.0.1;port=3306;charset=utf8
[ sql ] [ SQL ] SHOW COLUMNS FROM `tpn_user` [ RunTime:0.000653s ]
[ sql ] [ SQL ] SELECT * FROM `tpn_user` WHERE  `logintoken` = '98f63fba0e7fcbb30609449aa76ceb3c' LIMIT 1 [ RunTime:0.000473s ]
[ sql ] [ SQL ] SHOW COLUMNS FROM `tpn_user_notice` [ RunTime:0.000546s ]
[ sql ] [ SQL ] SELECT COUNT(*) AS tp_count FROM `tpn_user_notice` WHERE  `uid` = 149  AND `reading` = 0 LIMIT 1 [ RunTime:0.000270s ]

---------------------------------------------------------------
[ 2019-01-29T20:47:56+08:00 ] 172.31.69.247 60.221.108.172 GET /discover/article/classify?OS=iOS&version=1.0
[ log ] api.kzwchina.com/discover/article/classify?OS=iOS&version=1.0 [运行时间：0.047470s][吞吐率：21.07req/s] [内存消耗：3,978.05kb] [文件加载：63]
[ info ] [ LANG ] /www/wwwroot/kouzhiwen/thinkphp/lang/zh-cn.php
[ info ] [ BIND ] 'api'
[ info ] [ ROUTE ] array (
  'type' => 'module',
  'module' => 
  array (
    0 => 'api',
    1 => 'discover',
    2 => 'article',
  ),
)
[ info ] [ HEADER ] array (
  'host' => 'api.kzwchina.com',
  'os' => 'iOS',
  'cookie' => 'PHPSESSID=ltqphpv63rrcg0710abpp1ptk6',
  'connection' => 'keep-alive',
  'accept' => '*/*',
  'logintoken' => '98f63fba0e7fcbb30609449aa76ceb3c',
  'user-agent' => 'kouzhiwen/1.0 (iPhone; iOS 12.1.3; Scale/2.00)',
  'accept-language' => 'zh-Hans-CN;q=1',
  'version' => '1.0',
  'accept-encoding' => 'gzip, deflate',
)
[ info ] [ PARAM ] array (
  'OS' => 'iOS',
  'version' => '1.0',
)
[ info ] [ SESSION ] INIT array (
  'id' => '',
  'var_session_id' => '',
  'prefix' => 'think',
  'type' => '',
  'auto_start' => true,
)
[ info ] [ DB ] INIT mysql
[ info ] [ RUN ] app\api\discover\controller\Article->classify[ /www/wwwroot/kouzhiwen/application/api/discover/controller/Article.php ]
[ info ] [ LOG ] INIT File
[ sql ] [ DB ] CONNECT:[ UseTime:0.000444s ] mysql:dbname=kouzhiwen;host=127.0.0.1;port=3306;charset=utf8
[ sql ] [ SQL ] SHOW COLUMNS FROM `tpn_user` [ RunTime:0.001063s ]
[ sql ] [ SQL ] SELECT * FROM `tpn_user` WHERE  `logintoken` = '98f63fba0e7fcbb30609449aa76ceb3c' LIMIT 1 [ RunTime:0.000564s ]
[ sql ] [ SQL ] SHOW COLUMNS FROM `tpn_classify_user` [ RunTime:0.000671s ]
[ sql ] [ SQL ] SELECT `c`.`id`,`c`.`name` FROM `tpn_classify_user` `u` INNER JOIN `tpn_classify` `c` ON `c`.`id`=`u`.`classify_id` WHERE  `u`.`uid` = 149 ORDER BY u.weight ASC [ RunTime:0.000589s ]
[ sql ] [ SQL ] SHOW COLUMNS FROM `tpn_classify` [ RunTime:0.000553s ]
[ sql ] [ SQL ] SELECT * FROM `tpn_classify` WHERE  `enterprise_id` = 0  AND `id` NOT IN (29,30,31,32,33,34,35,36,37,38,42,44,45,47) [ RunTime:0.000468s ]

---------------------------------------------------------------
[ 2019-01-29T20:47:56+08:00 ] 172.31.69.247 60.221.108.172 GET /common/study/paper_list?id=1&type=1&exam=2&OS=iOS&version=1.0
[ log ] api.kzwchina.com/common/study/paper_list?id=1&type=1&exam=2&OS=iOS&version=1.0 [运行时间：0.063616s][吞吐率：15.72req/s] [内存消耗：4,036.72kb] [文件加载：62]
[ info ] [ LANG ] /www/wwwroot/kouzhiwen/thinkphp/lang/zh-cn.php
[ info ] [ BIND ] 'api'
[ info ] [ ROUTE ] array (
  'type' => 'module',
  'module' => 
  array (
    0 => 'api',
    1 => 'common',
    2 => 'study',
  ),
)
[ info ] [ HEADER ] array (
  'host' => 'api.kzwchina.com',
  'os' => 'iOS',
  'cookie' => 'PHPSESSID=ltqphpv63rrcg0710abpp1ptk6',
  'connection' => 'keep-alive',
  'accept' => '*/*',
  'logintoken' => '98f63fba0e7fcbb30609449aa76ceb3c',
  'user-agent' => 'kouzhiwen/1.0 (iPhone; iOS 12.1.3; Scale/2.00)',
  'accept-language' => 'zh-Hans-CN;q=1',
  'version' => '1.0',
  'accept-encoding' => 'gzip, deflate',
)
[ info ] [ PARAM ] array (
  'id' => '1',
  'type' => '1',
  'exam' => '2',
  'OS' => 'iOS',
  'version' => '1.0',
)
[ info ] [ SESSION ] INIT array (
  'id' => '',
  'var_session_id' => '',
  'prefix' => 'think',
  'type' => '',
  'auto_start' => true,
)
[ info ] [ DB ] INIT mysql
[ info ] [ RUN ] app\api\common\controller\Study->PaperList[ /www/wwwroot/kouzhiwen/application/api/common/controller/Study.php ]
[ info ] [ LOG ] INIT File
[ sql ] [ DB ] CONNECT:[ UseTime:0.000338s ] mysql:dbname=kouzhiwen;host=127.0.0.1;port=3306;charset=utf8
[ sql ] [ SQL ] SHOW COLUMNS FROM `tpn_user` [ RunTime:0.000682s ]
[ sql ] [ SQL ] SELECT * FROM `tpn_user` WHERE  `logintoken` = '98f63fba0e7fcbb30609449aa76ceb3c' LIMIT 1 [ RunTime:0.000458s ]
[ sql ] [ SQL ] SHOW COLUMNS FROM `tpn_paper` [ RunTime:0.000631s ]
[ sql ] [ SQL ] SELECT `p`.`id`,`p`.`title`,`p`.`photo`,(SELECT COUNT(*) FROM `tpn_paper_user` WHERE paper_id=p.id AND `uid`=149) num,(SELECT IF(COUNT(*)>0,1,0) FROM `tpn_paper_user` WHERE paper_id=p.id AND `uid`=149 AND `status`=1) is_paper FROM `tpn_paper` `p` WHERE  `p`.`type` = '1'  AND `p`.`class_id` = '1'  AND `p`.`start_time` <= '2019-01-29 20:47'  AND `p`.`end_time` >= '2019-01-29 20:47' [ RunTime:0.000439s ]

---------------------------------------------------------------
[ 2019-01-29T20:47:56+08:00 ] 172.31.69.247 60.221.108.172 GET /common/user/notice_count?OS=iOS&version=1.0
[ log ] api.kzwchina.com/common/user/notice_count?OS=iOS&version=1.0 [运行时间：0.070052s][吞吐率：14.28req/s] [内存消耗：3,947.42kb] [文件加载：60]
[ info ] [ LANG ] /www/wwwroot/kouzhiwen/thinkphp/lang/zh-cn.php
[ info ] [ BIND ] 'api'
[ info ] [ ROUTE ] array (
  'type' => 'module',
  'module' => 
  array (
    0 => 'api',
    1 => 'common',
    2 => 'user',
  ),
)
[ info ] [ HEADER ] array (
  'host' => 'api.kzwchina.com',
  'os' => 'iOS',
  'cookie' => 'PHPSESSID=ltqphpv63rrcg0710abpp1ptk6',
  'connection' => 'keep-alive',
  'accept' => '*/*',
  'logintoken' => '98f63fba0e7fcbb30609449aa76ceb3c',
  'user-agent' => 'kouzhiwen/1.0 (iPhone; iOS 12.1.3; Scale/2.00)',
  'accept-language' => 'zh-Hans-CN;q=1',
  'version' => '1.0',
  'accept-encoding' => 'gzip, deflate',
)
[ info ] [ PARAM ] array (
  'OS' => 'iOS',
  'version' => '1.0',
)
[ info ] [ SESSION ] INIT array (
  'id' => '',
  'var_session_id' => '',
  'prefix' => 'think',
  'type' => '',
  'auto_start' => true,
)
[ info ] [ DB ] INIT mysql
[ info ] [ RUN ] app\api\common\controller\User->NoticeCount[ /www/wwwroot/kouzhiwen/application/api/common/controller/User.php ]
[ info ] [ LOG ] INIT File
[ sql ] [ DB ] CONNECT:[ UseTime:0.000329s ] mysql:dbname=kouzhiwen;host=127.0.0.1;port=3306;charset=utf8
[ sql ] [ SQL ] SHOW COLUMNS FROM `tpn_user` [ RunTime:0.000663s ]
[ sql ] [ SQL ] SELECT * FROM `tpn_user` WHERE  `logintoken` = '98f63fba0e7fcbb30609449aa76ceb3c' LIMIT 1 [ RunTime:0.000477s ]
[ sql ] [ SQL ] SHOW COLUMNS FROM `tpn_user_notice` [ RunTime:0.000536s ]
[ sql ] [ SQL ] SELECT COUNT(*) AS tp_count FROM `tpn_user_notice` WHERE  `uid` = 149  AND `reading` = 0 LIMIT 1 [ RunTime:0.000265s ]

---------------------------------------------------------------
[ 2019-01-29T20:47:56+08:00 ] 172.31.69.247 60.221.108.172 GET /discover/article/advertisements?OS=iOS&version=1.0
[ log ] api.kzwchina.com/discover/article/advertisements?OS=iOS&version=1.0 [运行时间：0.042756s][吞吐率：23.39req/s] [内存消耗：3,915.47kb] [文件加载：62]
[ info ] [ LANG ] /www/wwwroot/kouzhiwen/thinkphp/lang/zh-cn.php
[ info ] [ BIND ] 'api'
[ info ] [ ROUTE ] array (
  'type' => 'module',
  'module' => 
  array (
    0 => 'api',
    1 => 'discover',
    2 => 'article',
  ),
)
[ info ] [ HEADER ] array (
  'host' => 'api.kzwchina.com',
  'os' => 'iOS',
  'cookie' => 'PHPSESSID=ltqphpv63rrcg0710abpp1ptk6',
  'connection' => 'keep-alive',
  'accept' => '*/*',
  'logintoken' => '98f63fba0e7fcbb30609449aa76ceb3c',
  'user-agent' => 'kouzhiwen/1.0 (iPhone; iOS 12.1.3; Scale/2.00)',
  'accept-language' => 'zh-Hans-CN;q=1',
  'version' => '1.0',
  'accept-encoding' => 'gzip, deflate',
)
[ info ] [ PARAM ] array (
  'OS' => 'iOS',
  'version' => '1.0',
)
[ info ] [ SESSION ] INIT array (
  'id' => '',
  'var_session_id' => '',
  'prefix' => 'think',
  'type' => '',
  'auto_start' => true,
)
[ info ] [ DB ] INIT mysql
[ info ] [ RUN ] app\api\discover\controller\Article->advertisements[ /www/wwwroot/kouzhiwen/application/api/discover/controller/Article.php ]
[ info ] [ LOG ] INIT File
[ sql ] [ DB ] CONNECT:[ UseTime:0.000461s ] mysql:dbname=kouzhiwen;host=127.0.0.1;port=3306;charset=utf8
[ sql ] [ SQL ] SHOW COLUMNS FROM `tpn_user` [ RunTime:0.001081s ]
[ sql ] [ SQL ] SELECT * FROM `tpn_user` WHERE  `logintoken` = '98f63fba0e7fcbb30609449aa76ceb3c' LIMIT 1 [ RunTime:0.000581s ]
[ sql ] [ SQL ] SHOW COLUMNS FROM `tpn_advertisements` [ RunTime:0.000571s ]
[ sql ] [ SQL ] SELECT * FROM `tpn_advertisements` [ RunTime:0.000233s ]

---------------------------------------------------------------
[ 2019-01-29T20:47:56+08:00 ] 172.31.69.247 60.221.108.172 GET /discover/introduce/find_banner?OS=iOS&classify_id=29&type=4&version=1.0
[ log ] api.kzwchina.com/discover/introduce/find_banner?OS=iOS&classify_id=29&type=4&version=1.0 [运行时间：0.060011s][吞吐率：16.66req/s] [内存消耗：3,894.21kb] [文件加载：62]
[ info ] [ LANG ] /www/wwwroot/kouzhiwen/thinkphp/lang/zh-cn.php
[ info ] [ BIND ] 'api'
[ info ] [ ROUTE ] array (
  'type' => 'module',
  'module' => 
  array (
    0 => 'api',
    1 => 'discover',
    2 => 'introduce',
  ),
)
[ info ] [ HEADER ] array (
  'host' => 'api.kzwchina.com',
  'os' => 'iOS',
  'cookie' => 'PHPSESSID=ltqphpv63rrcg0710abpp1ptk6',
  'connection' => 'keep-alive',
  'accept' => '*/*',
  'logintoken' => '98f63fba0e7fcbb30609449aa76ceb3c',
  'user-agent' => 'kouzhiwen/1.0 (iPhone; iOS 12.1.3; Scale/2.00)',
  'accept-language' => 'zh-Hans-CN;q=1',
  'version' => '1.0',
  'accept-encoding' => 'gzip, deflate',
)
[ info ] [ PARAM ] array (
  'OS' => 'iOS',
  'classify_id' => '29',
  'type' => '4',
  'version' => '1.0',
)
[ info ] [ SESSION ] INIT array (
  'id' => '',
  'var_session_id' => '',
  'prefix' => 'think',
  'type' => '',
  'auto_start' => true,
)
[ info ] [ DB ] INIT mysql
[ info ] [ RUN ] app\api\discover\controller\Introduce->FindBanner[ /www/wwwroot/kouzhiwen/application/api/discover/controller/Introduce.php ]
[ info ] [ LOG ] INIT File
[ sql ] [ DB ] CONNECT:[ UseTime:0.000345s ] mysql:dbname=kouzhiwen;host=127.0.0.1;port=3306;charset=utf8
[ sql ] [ SQL ] SHOW COLUMNS FROM `tpn_user` [ RunTime:0.000679s ]
[ sql ] [ SQL ] SELECT * FROM `tpn_user` WHERE  `logintoken` = '98f63fba0e7fcbb30609449aa76ceb3c' LIMIT 1 [ RunTime:0.000483s ]
[ sql ] [ SQL ] SHOW COLUMNS FROM `tpn_banner` [ RunTime:0.000553s ]
[ sql ] [ SQL ] SELECT `pid`,`mold`,`type`,`img_url` FROM `tpn_banner` WHERE  `status` = 1  AND `type` = 4  AND `classify_id` = 29 ORDER BY add_time desc LIMIT 0,4 [ RunTime:0.000311s ]

---------------------------------------------------------------
[ 2019-01-29T20:47:56+08:00 ] 172.31.69.247 60.221.108.172 GET /discover/article/datalist?OS=iOS&classify_id=29&enterprise_id=0&page=1&version=1.0
[ log ] api.kzwchina.com/discover/article/datalist?OS=iOS&classify_id=29&enterprise_id=0&page=1&version=1.0 [运行时间：0.071618s][吞吐率：13.96req/s] [内存消耗：3,938.47kb] [文件加载：62]
[ info ] [ LANG ] /www/wwwroot/kouzhiwen/thinkphp/lang/zh-cn.php
[ info ] [ BIND ] 'api'
[ info ] [ ROUTE ] array (
  'type' => 'module',
  'module' => 
  array (
    0 => 'api',
    1 => 'discover',
    2 => 'article',
  ),
)
[ info ] [ HEADER ] array (
  'host' => 'api.kzwchina.com',
  'os' => 'iOS',
  'cookie' => 'PHPSESSID=ltqphpv63rrcg0710abpp1ptk6',
  'connection' => 'keep-alive',
  'accept' => '*/*',
  'logintoken' => '98f63fba0e7fcbb30609449aa76ceb3c',
  'user-agent' => 'kouzhiwen/1.0 (iPhone; iOS 12.1.3; Scale/2.00)',
  'accept-language' => 'zh-Hans-CN;q=1',
  'version' => '1.0',
  'accept-encoding' => 'gzip, deflate',
)
[ info ] [ PARAM ] array (
  'OS' => 'iOS',
  'classify_id' => '29',
  'enterprise_id' => '0',
  'page' => '1',
  'version' => '1.0',
)
[ info ] [ SESSION ] INIT array (
  'id' => '',
  'var_session_id' => '',
  'prefix' => 'think',
  'type' => '',
  'auto_start' => true,
)
[ info ] [ DB ] INIT mysql
[ info ] [ RUN ] app\api\discover\controller\Article->datalist[ /www/wwwroot/kouzhiwen/application/api/discover/controller/Article.php ]
[ info ] [ LOG ] INIT File
[ sql ] [ DB ] CONNECT:[ UseTime:0.000299s ] mysql:dbname=kouzhiwen;host=127.0.0.1;port=3306;charset=utf8
[ sql ] [ SQL ] SHOW COLUMNS FROM `tpn_user` [ RunTime:0.000639s ]
[ sql ] [ SQL ] SELECT * FROM `tpn_user` WHERE  `logintoken` = '98f63fba0e7fcbb30609449aa76ceb3c' LIMIT 1 [ RunTime:0.000478s ]
[ sql ] [ SQL ] SHOW COLUMNS FROM `tpn_information` [ RunTime:0.000559s ]
[ sql ] [ SQL ] SELECT COUNT(*) AS tp_count FROM `tpn_information` WHERE  `status` = 1  AND `enterprise_id` = 0  AND `classify_id` = 29  AND `power` = 0 ORDER BY comment_num desc,is_recommend desc,id desc LIMIT 1 [ RunTime:0.000306s ]
[ sql ] [ SQL ] SELECT `id`,`name`,`cover_img`,`author`,`add_time`,`comment_num`,`pv`,`is_recommend` FROM `tpn_information` WHERE  `status` = 1  AND `enterprise_id` = 0  AND `classify_id` = 29  AND `power` = 0 ORDER BY comment_num desc,is_recommend desc,id desc LIMIT 0,10 [ RunTime:0.000315s ]

---------------------------------------------------------------
[ 2019-01-29T20:47:56+08:00 ] 172.31.69.247 60.221.108.172 GET /discover/introduce/article_list?OS=iOS&page=1&type=1&version=1.0
[ log ] api.kzwchina.com/discover/introduce/article_list?OS=iOS&page=1&type=1&version=1.0 [运行时间：0.031335s][吞吐率：31.91req/s] [内存消耗：3,943.77kb] [文件加载：60]
[ info ] [ LANG ] /www/wwwroot/kouzhiwen/thinkphp/lang/zh-cn.php
[ info ] [ BIND ] 'api'
[ info ] [ ROUTE ] array (
  'type' => 'module',
  'module' => 
  array (
    0 => 'api',
    1 => 'discover',
    2 => 'introduce',
  ),
)
[ info ] [ HEADER ] array (
  'host' => 'api.kzwchina.com',
  'os' => 'iOS',
  'cookie' => 'PHPSESSID=ltqphpv63rrcg0710abpp1ptk6',
  'connection' => 'keep-alive',
  'accept' => '*/*',
  'logintoken' => '98f63fba0e7fcbb30609449aa76ceb3c',
  'user-agent' => 'kouzhiwen/1.0 (iPhone; iOS 12.1.3; Scale/2.00)',
  'accept-language' => 'zh-Hans-CN;q=1',
  'version' => '1.0',
  'accept-encoding' => 'gzip, deflate',
)
[ info ] [ PARAM ] array (
  'OS' => 'iOS',
  'page' => '1',
  'type' => '1',
  'version' => '1.0',
)
[ info ] [ SESSION ] INIT array (
  'id' => '',
  'var_session_id' => '',
  'prefix' => 'think',
  'type' => '',
  'auto_start' => true,
)
[ info ] [ DB ] INIT mysql
[ info ] [ RUN ] app\api\discover\controller\Introduce->articleList[ /www/wwwroot/kouzhiwen/application/api/discover/controller/Introduce.php ]
[ info ] [ DB ] INIT mysql
[ info ] [ LOG ] INIT File
[ sql ] [ DB ] CONNECT:[ UseTime:0.000359s ] mysql:dbname=kouzhiwen;host=127.0.0.1;port=3306;charset=utf8
[ sql ] [ SQL ] SHOW COLUMNS FROM `tpn_user` [ RunTime:0.000772s ]
[ sql ] [ SQL ] SELECT * FROM `tpn_user` WHERE  `logintoken` = '98f63fba0e7fcbb30609449aa76ceb3c' LIMIT 1 [ RunTime:0.000495s ]
[ sql ] [ DB ] CONNECT:[ UseTime:0.000282s ] mysql:dbname=kouzhiwen;host=127.0.0.1;port=3306;charset=utf8
[ sql ] [ SQL ] SHOW COLUMNS FROM `tpn_introduce` [ RunTime:0.000569s ]
[ sql ] [ SQL ] SELECT COUNT(*) AS tp_count FROM `tpn_introduce` WHERE  `type` = 1  AND `status` = 1 LIMIT 1 [ RunTime:0.000286s ]
[ sql ] [ SQL ] SELECT * FROM `tpn_introduce` WHERE  `type` = 1  AND `status` = 1 ORDER BY id desc LIMIT 0,10 [ RunTime:0.000374s ]

---------------------------------------------------------------
[ 2019-01-29T20:47:57+08:00 ] 172.31.69.247 60.221.108.172 GET /discover/article/datalist?OS=iOS&classify_id=30&enterprise_id=0&page=1&version=1.0
[ log ] api.kzwchina.com/discover/article/datalist?OS=iOS&classify_id=30&enterprise_id=0&page=1&version=1.0 [运行时间：0.040875s][吞吐率：24.46req/s] [内存消耗：3,939.02kb] [文件加载：62]
[ info ] [ LANG ] /www/wwwroot/kouzhiwen/thinkphp/lang/zh-cn.php
[ info ] [ BIND ] 'api'
[ info ] [ ROUTE ] array (
  'type' => 'module',
  'module' => 
  array (
    0 => 'api',
    1 => 'discover',
    2 => 'article',
  ),
)
[ info ] [ HEADER ] array (
  'host' => 'api.kzwchina.com',
  'os' => 'iOS',
  'cookie' => 'PHPSESSID=ltqphpv63rrcg0710abpp1ptk6',
  'connection' => 'keep-alive',
  'accept' => '*/*',
  'logintoken' => '98f63fba0e7fcbb30609449aa76ceb3c',
  'user-agent' => 'kouzhiwen/1.0 (iPhone; iOS 12.1.3; Scale/2.00)',
  'accept-language' => 'zh-Hans-CN;q=1',
  'version' => '1.0',
  'accept-encoding' => 'gzip, deflate',
)
[ info ] [ PARAM ] array (
  'OS' => 'iOS',
  'classify_id' => '30',
  'enterprise_id' => '0',
  'page' => '1',
  'version' => '1.0',
)
[ info ] [ SESSION ] INIT array (
  'id' => '',
  'var_session_id' => '',
  'prefix' => 'think',
  'type' => '',
  'auto_start' => true,
)
[ info ] [ DB ] INIT mysql
[ info ] [ RUN ] app\api\discover\controller\Article->datalist[ /www/wwwroot/kouzhiwen/application/api/discover/controller/Article.php ]
[ info ] [ LOG ] INIT File
[ sql ] [ DB ] CONNECT:[ UseTime:0.000501s ] mysql:dbname=kouzhiwen;host=127.0.0.1;port=3306;charset=utf8
[ sql ] [ SQL ] SHOW COLUMNS FROM `tpn_user` [ RunTime:0.000842s ]
[ sql ] [ SQL ] SELECT * FROM `tpn_user` WHERE  `logintoken` = '98f63fba0e7fcbb30609449aa76ceb3c' LIMIT 1 [ RunTime:0.000531s ]
[ sql ] [ SQL ] SHOW COLUMNS FROM `tpn_information` [ RunTime:0.000600s ]
[ sql ] [ SQL ] SELECT COUNT(*) AS tp_count FROM `tpn_information` WHERE  `status` = 1  AND `enterprise_id` = 0  AND `classify_id` = 30  AND `power` = 0 ORDER BY comment_num desc,is_recommend desc,id desc LIMIT 1 [ RunTime:0.000310s ]
[ sql ] [ SQL ] SELECT `id`,`name`,`cover_img`,`author`,`add_time`,`comment_num`,`pv`,`is_recommend` FROM `tpn_information` WHERE  `status` = 1  AND `enterprise_id` = 0  AND `classify_id` = 30  AND `power` = 0 ORDER BY comment_num desc,is_recommend desc,id desc LIMIT 0,10 [ RunTime:0.000324s ]

---------------------------------------------------------------
[ 2019-01-29T20:47:57+08:00 ] 172.31.69.247 60.221.108.172 GET /discover/introduce/find_banner?OS=iOS&classify_id=30&type=4&version=1.0
[ log ] api.kzwchina.com/discover/introduce/find_banner?OS=iOS&classify_id=30&type=4&version=1.0 [运行时间：0.054002s][吞吐率：18.52req/s] [内存消耗：4,050.45kb] [文件加载：65]
[ info ] [ LANG ] /www/wwwroot/kouzhiwen/thinkphp/lang/zh-cn.php
[ info ] [ BIND ] 'api'
[ info ] [ ROUTE ] array (
  'type' => 'module',
  'module' => 
  array (
    0 => 'api',
    1 => 'discover',
    2 => 'introduce',
  ),
)
[ info ] [ HEADER ] array (
  'host' => 'api.kzwchina.com',
  'os' => 'iOS',
  'cookie' => 'PHPSESSID=ltqphpv63rrcg0710abpp1ptk6',
  'connection' => 'keep-alive',
  'accept' => '*/*',
  'logintoken' => '98f63fba0e7fcbb30609449aa76ceb3c',
  'user-agent' => 'kouzhiwen/1.0 (iPhone; iOS 12.1.3; Scale/2.00)',
  'accept-language' => 'zh-Hans-CN;q=1',
  'version' => '1.0',
  'accept-encoding' => 'gzip, deflate',
)
[ info ] [ PARAM ] array (
  'OS' => 'iOS',
  'classify_id' => '30',
  'type' => '4',
  'version' => '1.0',
)
[ info ] [ SESSION ] INIT array (
  'id' => '',
  'var_session_id' => '',
  'prefix' => 'think',
  'type' => '',
  'auto_start' => true,
)
[ info ] [ DB ] INIT mysql
[ info ] [ RUN ] app\api\discover\controller\Introduce->FindBanner[ /www/wwwroot/kouzhiwen/application/api/discover/controller/Introduce.php ]
[ info ] [ LOG ] INIT File
[ sql ] [ DB ] CONNECT:[ UseTime:0.000342s ] mysql:dbname=kouzhiwen;host=127.0.0.1;port=3306;charset=utf8
[ sql ] [ SQL ] SHOW COLUMNS FROM `tpn_user` [ RunTime:0.000689s ]
[ sql ] [ SQL ] SELECT * FROM `tpn_user` WHERE  `logintoken` = '98f63fba0e7fcbb30609449aa76ceb3c' LIMIT 1 [ RunTime:0.000494s ]
[ sql ] [ SQL ] SHOW COLUMNS FROM `tpn_banner` [ RunTime:0.000543s ]
[ sql ] [ SQL ] SELECT `pid`,`mold`,`type`,`img_url` FROM `tpn_banner` WHERE  `status` = 1  AND `type` = 4  AND `classify_id` = 30 ORDER BY add_time desc LIMIT 0,4 [ RunTime:0.000292s ]
[ sql ] [ SQL ] SHOW COLUMNS FROM `tpn_information` [ RunTime:0.000539s ]
[ sql ] [ SQL ] SELECT * FROM `tpn_information` WHERE  `id` = 24 LIMIT 1 [ RunTime:0.000319s ]

---------------------------------------------------------------
[ 2019-01-29T20:47:58+08:00 ] 172.31.69.247 60.221.108.172 GET /discover/teacher/pecialist?OS=iOS&classify_id=29&page=1&version=1.0
[ log ] api.kzwchina.com/discover/teacher/pecialist?OS=iOS&classify_id=29&page=1&version=1.0 [运行时间：0.041926s][吞吐率：23.85req/s] [内存消耗：4,242.53kb] [文件加载：62]
[ info ] [ LANG ] /www/wwwroot/kouzhiwen/thinkphp/lang/zh-cn.php
[ info ] [ BIND ] 'api'
[ info ] [ ROUTE ] array (
  'type' => 'module',
  'module' => 
  array (
    0 => 'api',
    1 => 'discover',
    2 => 'teacher',
  ),
)
[ info ] [ HEADER ] array (
  'host' => 'api.kzwchina.com',
  'os' => 'iOS',
  'cookie' => 'PHPSESSID=ltqphpv63rrcg0710abpp1ptk6',
  'connection' => 'keep-alive',
  'accept' => '*/*',
  'logintoken' => '98f63fba0e7fcbb30609449aa76ceb3c',
  'user-agent' => 'kouzhiwen/1.0 (iPhone; iOS 12.1.3; Scale/2.00)',
  'accept-language' => 'zh-Hans-CN;q=1',
  'version' => '1.0',
  'accept-encoding' => 'gzip, deflate',
)
[ info ] [ PARAM ] array (
  'OS' => 'iOS',
  'classify_id' => '29',
  'page' => '1',
  'version' => '1.0',
)
[ info ] [ SESSION ] INIT array (
  'id' => '',
  'var_session_id' => '',
  'prefix' => 'think',
  'type' => '',
  'auto_start' => true,
)
[ info ] [ DB ] INIT mysql
[ info ] [ RUN ] app\api\discover\controller\Teacher->pecialist[ /www/wwwroot/kouzhiwen/application/api/discover/controller/Teacher.php ]
[ info ] [ DB ] INIT mysql
[ info ] [ DB ] INIT mysql
[ info ] [ DB ] INIT mysql
[ info ] [ DB ] INIT mysql
[ info ] [ DB ] INIT mysql
[ info ] [ DB ] INIT mysql
[ info ] [ DB ] INIT mysql
[ info ] [ DB ] INIT mysql
[ info ] [ DB ] INIT mysql
[ info ] [ DB ] INIT mysql
[ info ] [ LOG ] INIT File
[ sql ] [ DB ] CONNECT:[ UseTime:0.000456s ] mysql:dbname=kouzhiwen;host=127.0.0.1;port=3306;charset=utf8
[ sql ] [ SQL ] SHOW COLUMNS FROM `tpn_user` [ RunTime:0.000818s ]
[ sql ] [ SQL ] SELECT * FROM `tpn_user` WHERE  `logintoken` = '98f63fba0e7fcbb30609449aa76ceb3c' LIMIT 1 [ RunTime:0.000515s ]
[ sql ] [ SQL ] SHOW COLUMNS FROM `tpn_teacher` [ RunTime:0.000760s ]
[ sql ] [ SQL ] SELECT COUNT(*) AS tp_count FROM `tpn_teacher` WHERE  `status` = 1  AND `enterprise_id` = 0  AND `classify_id` = 29  AND `identity` LIKE '%3%' LIMIT 1 [ RunTime:0.000549s ]
[ sql ] [ SQL ] SELECT `id`,`name`,`title`,`phone`,`photo`,`consult_num` FROM `tpn_teacher` WHERE  `status` = 1  AND `enterprise_id` = 0  AND `classify_id` = 29  AND `identity` LIKE '%3%' LIMIT 0,10 [ RunTime:0.000452s ]
[ sql ] [ DB ] CONNECT:[ UseTime:0.000296s ] mysql:dbname=kouzhiwen;host=127.0.0.1;port=3306;charset=utf8
[ sql ] [ SQL ] SHOW COLUMNS FROM `tpn_teacher_article` [ RunTime:0.000564s ]
[ sql ] [ SQL ] SELECT `id`,`name` FROM `tpn_teacher_article` WHERE  `teacher_id` = 111  AND `status` = 1 LIMIT 0,3 [ RunTime:0.000240s ]
[ sql ] [ DB ] CONNECT:[ UseTime:0.000261s ] mysql:dbname=kouzhiwen;host=127.0.0.1;port=3306;charset=utf8
[ sql ] [ SQL ] SELECT `id`,`name` FROM `tpn_teacher_article` WHERE  `teacher_id` = 112  AND `status` = 1 LIMIT 0,3 [ RunTime:0.000239s ]
[ sql ] [ DB ] CONNECT:[ UseTime:0.000262s ] mysql:dbname=kouzhiwen;host=127.0.0.1;port=3306;charset=utf8
[ sql ] [ SQL ] SELECT `id`,`name` FROM `tpn_teacher_article` WHERE  `teacher_id` = 113  AND `status` = 1 LIMIT 0,3 [ RunTime:0.000240s ]
[ sql ] [ DB ] CONNECT:[ UseTime:0.000248s ] mysql:dbname=kouzhiwen;host=127.0.0.1;port=3306;charset=utf8
[ sql ] [ SQL ] SELECT `id`,`name` FROM `tpn_teacher_article` WHERE  `teacher_id` = 114  AND `status` = 1 LIMIT 0,3 [ RunTime:0.000250s ]
[ sql ] [ DB ] CONNECT:[ UseTime:0.000244s ] mysql:dbname=kouzhiwen;host=127.0.0.1;port=3306;charset=utf8
[ sql ] [ SQL ] SELECT `id`,`name` FROM `tpn_teacher_article` WHERE  `teacher_id` = 115  AND `status` = 1 LIMIT 0,3 [ RunTime:0.000248s ]
[ sql ] [ DB ] CONNECT:[ UseTime:0.000236s ] mysql:dbname=kouzhiwen;host=127.0.0.1;port=3306;charset=utf8
[ sql ] [ SQL ] SELECT `id`,`name` FROM `tpn_teacher_article` WHERE  `teacher_id` = 116  AND `status` = 1 LIMIT 0,3 [ RunTime:0.000234s ]
[ sql ] [ DB ] CONNECT:[ UseTime:0.000283s ] mysql:dbname=kouzhiwen;host=127.0.0.1;port=3306;charset=utf8
[ sql ] [ SQL ] SELECT `id`,`name` FROM `tpn_teacher_article` WHERE  `teacher_id` = 214  AND `status` = 1 LIMIT 0,3 [ RunTime:0.000235s ]
[ sql ] [ DB ] CONNECT:[ UseTime:0.000268s ] mysql:dbname=kouzhiwen;host=127.0.0.1;port=3306;charset=utf8
[ sql ] [ SQL ] SELECT `id`,`name` FROM `tpn_teacher_article` WHERE  `teacher_id` = 215  AND `status` = 1 LIMIT 0,3 [ RunTime:0.000234s ]
[ sql ] [ DB ] CONNECT:[ UseTime:0.000229s ] mysql:dbname=kouzhiwen;host=127.0.0.1;port=3306;charset=utf8
[ sql ] [ SQL ] SELECT `id`,`name` FROM `tpn_teacher_article` WHERE  `teacher_id` = 216  AND `status` = 1 LIMIT 0,3 [ RunTime:0.000257s ]
[ sql ] [ DB ] CONNECT:[ UseTime:0.000238s ] mysql:dbname=kouzhiwen;host=127.0.0.1;port=3306;charset=utf8
[ sql ] [ SQL ] SELECT `id`,`name` FROM `tpn_teacher_article` WHERE  `teacher_id` = 217  AND `status` = 1 LIMIT 0,3 [ RunTime:0.000247s ]

---------------------------------------------------------------
[ 2019-01-29T20:48:00+08:00 ] 172.31.69.247 60.221.108.172 GET /discover/teacher/teacher_details?OS=iOS&id=111&version=1.0
[ log ] api.kzwchina.com/discover/teacher/teacher_details?OS=iOS&id=111&version=1.0 [运行时间：0.034555s][吞吐率：28.94req/s] [内存消耗：3,953.76kb] [文件加载：61]
[ info ] [ LANG ] /www/wwwroot/kouzhiwen/thinkphp/lang/zh-cn.php
[ info ] [ BIND ] 'api'
[ info ] [ ROUTE ] array (
  'type' => 'module',
  'module' => 
  array (
    0 => 'api',
    1 => 'discover',
    2 => 'teacher',
  ),
)
[ info ] [ HEADER ] array (
  'host' => 'api.kzwchina.com',
  'os' => 'iOS',
  'cookie' => 'PHPSESSID=ltqphpv63rrcg0710abpp1ptk6',
  'connection' => 'keep-alive',
  'accept' => '*/*',
  'logintoken' => '98f63fba0e7fcbb30609449aa76ceb3c',
  'user-agent' => 'kouzhiwen/1.0 (iPhone; iOS 12.1.3; Scale/2.00)',
  'accept-language' => 'zh-Hans-CN;q=1',
  'version' => '1.0',
  'accept-encoding' => 'gzip, deflate',
)
[ info ] [ PARAM ] array (
  'OS' => 'iOS',
  'id' => '111',
  'version' => '1.0',
)
[ info ] [ SESSION ] INIT array (
  'id' => '',
  'var_session_id' => '',
  'prefix' => 'think',
  'type' => '',
  'auto_start' => true,
)
[ info ] [ DB ] INIT mysql
[ info ] [ RUN ] app\api\discover\controller\Teacher->TeacherDetails[ /www/wwwroot/kouzhiwen/application/api/discover/controller/Teacher.php ]
[ info ] [ LOG ] INIT File
[ sql ] [ DB ] CONNECT:[ UseTime:0.000422s ] mysql:dbname=kouzhiwen;host=127.0.0.1;port=3306;charset=utf8
[ sql ] [ SQL ] SHOW COLUMNS FROM `tpn_user` [ RunTime:0.000890s ]
[ sql ] [ SQL ] SELECT * FROM `tpn_user` WHERE  `logintoken` = '98f63fba0e7fcbb30609449aa76ceb3c' LIMIT 1 [ RunTime:0.000508s ]
[ sql ] [ SQL ] SHOW COLUMNS FROM `tpn_teacher` [ RunTime:0.000749s ]
[ sql ] [ SQL ] SELECT * FROM `tpn_teacher` WHERE  `id` = 111 LIMIT 1 [ RunTime:0.000389s ]
[ sql ] [ SQL ] SHOW COLUMNS FROM `tpn_user_quiz` [ RunTime:0.000510s ]
[ sql ] [ SQL ] SELECT COUNT(*) AS tp_count FROM `tpn_user_quiz` WHERE  `teacher_id` = 111  AND `answer` <> ''  AND `evaluate` <> 0 LIMIT 1 [ RunTime:0.000255s ]
[ sql ] [ SQL ] SELECT COUNT(*) AS tp_count FROM `tpn_user_quiz` WHERE  `teacher_id` = 111  AND `answer` <> ''  AND `evaluate` = 1 LIMIT 1 [ RunTime:0.000233s ]
[ sql ] [ SQL ] SELECT COUNT(*) AS tp_count FROM `tpn_user_quiz` WHERE  `teacher_id` = 111  AND `answer` <> ''  AND `evaluate` = 2 LIMIT 1 [ RunTime:0.000223s ]
[ sql ] [ SQL ] SELECT COUNT(*) AS tp_count FROM `tpn_user_quiz` WHERE  `teacher_id` = 111  AND `answer` <> ''  AND `evaluate` = 3 LIMIT 1 [ RunTime:0.000232s ]
[ sql ] [ SQL ] SELECT COUNT(*) AS tp_count FROM `tpn_user_quiz` WHERE  `teacher_id` = 111  AND `answer` <> ''  AND `evaluate` = 4 LIMIT 1 [ RunTime:0.000213s ]
[ sql ] [ SQL ] SELECT COUNT(*) AS tp_count FROM `tpn_user_quiz` WHERE  `teacher_id` = 111  AND `answer` <> ''  AND `evaluate` = 5 LIMIT 1 [ RunTime:0.000225s ]

---------------------------------------------------------------
[ 2019-01-29T20:48:01+08:00 ] 172.31.69.247 60.221.108.172 GET /discover/teacher/teacher_quiz?OS=iOS&id=111&page=1&version=1.0
[ log ] api.kzwchina.com/discover/teacher/teacher_quiz?OS=iOS&id=111&page=1&version=1.0 [运行时间：0.031558s][吞吐率：31.69req/s] [内存消耗：3,958.92kb] [文件加载：62]
[ info ] [ LANG ] /www/wwwroot/kouzhiwen/thinkphp/lang/zh-cn.php
[ info ] [ BIND ] 'api'
[ info ] [ ROUTE ] array (
  'type' => 'module',
  'module' => 
  array (
    0 => 'api',
    1 => 'discover',
    2 => 'teacher',
  ),
)
[ info ] [ HEADER ] array (
  'host' => 'api.kzwchina.com',
  'os' => 'iOS',
  'cookie' => 'PHPSESSID=ltqphpv63rrcg0710abpp1ptk6',
  'connection' => 'keep-alive',
  'accept' => '*/*',
  'logintoken' => '98f63fba0e7fcbb30609449aa76ceb3c',
  'user-agent' => 'kouzhiwen/1.0 (iPhone; iOS 12.1.3; Scale/2.00)',
  'accept-language' => 'zh-Hans-CN;q=1',
  'version' => '1.0',
  'accept-encoding' => 'gzip, deflate',
)
[ info ] [ PARAM ] array (
  'OS' => 'iOS',
  'id' => '111',
  'page' => '1',
  'version' => '1.0',
)
[ info ] [ SESSION ] INIT array (
  'id' => '',
  'var_session_id' => '',
  'prefix' => 'think',
  'type' => '',
  'auto_start' => true,
)
[ info ] [ DB ] INIT mysql
[ info ] [ RUN ] app\api\discover\controller\Teacher->TeacherQuiz[ /www/wwwroot/kouzhiwen/application/api/discover/controller/Teacher.php ]
[ info ] [ LOG ] INIT File
[ sql ] [ DB ] CONNECT:[ UseTime:0.000479s ] mysql:dbname=kouzhiwen;host=127.0.0.1;port=3306;charset=utf8
[ sql ] [ SQL ] SHOW COLUMNS FROM `tpn_user` [ RunTime:0.000855s ]
[ sql ] [ SQL ] SELECT * FROM `tpn_user` WHERE  `logintoken` = '98f63fba0e7fcbb30609449aa76ceb3c' LIMIT 1 [ RunTime:0.000537s ]
[ sql ] [ SQL ] SHOW COLUMNS FROM `tpn_user_quiz` [ RunTime:0.000533s ]
[ sql ] [ SQL ] SELECT COUNT(*) AS tp_count FROM `tpn_user_quiz` `a` LEFT JOIN `tpn_user` `u` ON `a`.`uid`=`u`.`uid` WHERE  `teacher_id` = 111 ORDER BY a.created_at desc LIMIT 1 [ RunTime:0.000321s ]
[ sql ] [ SQL ] SELECT `u`.`nickname`,`u`.`face`,`a`.`quiz`,`a`.`answer`,`a`.`created_at` FROM `tpn_user_quiz` `a` LEFT JOIN `tpn_user` `u` ON `a`.`uid`=`u`.`uid` WHERE  `teacher_id` = 111 ORDER BY a.created_at desc LIMIT 0,10 [ RunTime:0.000299s ]

---------------------------------------------------------------
[ 2019-01-29T20:48:01+08:00 ] 172.31.69.247 60.221.108.172 GET /discover/teacher/teacher_quiz?OS=iOS&id=111&page=1&version=1.0
[ log ] api.kzwchina.com/discover/teacher/teacher_quiz?OS=iOS&id=111&page=1&version=1.0 [运行时间：0.031112s][吞吐率：32.14req/s] [内存消耗：3,958.92kb] [文件加载：62]
[ info ] [ LANG ] /www/wwwroot/kouzhiwen/thinkphp/lang/zh-cn.php
[ info ] [ BIND ] 'api'
[ info ] [ ROUTE ] array (
  'type' => 'module',
  'module' => 
  array (
    0 => 'api',
    1 => 'discover',
    2 => 'teacher',
  ),
)
[ info ] [ HEADER ] array (
  'host' => 'api.kzwchina.com',
  'os' => 'iOS',
  'cookie' => 'PHPSESSID=ltqphpv63rrcg0710abpp1ptk6',
  'connection' => 'keep-alive',
  'accept' => '*/*',
  'logintoken' => '98f63fba0e7fcbb30609449aa76ceb3c',
  'user-agent' => 'kouzhiwen/1.0 (iPhone; iOS 12.1.3; Scale/2.00)',
  'accept-language' => 'zh-Hans-CN;q=1',
  'version' => '1.0',
  'accept-encoding' => 'gzip, deflate',
)
[ info ] [ PARAM ] array (
  'OS' => 'iOS',
  'id' => '111',
  'page' => '1',
  'version' => '1.0',
)
[ info ] [ SESSION ] INIT array (
  'id' => '',
  'var_session_id' => '',
  'prefix' => 'think',
  'type' => '',
  'auto_start' => true,
)
[ info ] [ DB ] INIT mysql
[ info ] [ RUN ] app\api\discover\controller\Teacher->TeacherQuiz[ /www/wwwroot/kouzhiwen/application/api/discover/controller/Teacher.php ]
[ info ] [ LOG ] INIT File
[ sql ] [ DB ] CONNECT:[ UseTime:0.000442s ] mysql:dbname=kouzhiwen;host=127.0.0.1;port=3306;charset=utf8
[ sql ] [ SQL ] SHOW COLUMNS FROM `tpn_user` [ RunTime:0.000854s ]
[ sql ] [ SQL ] SELECT * FROM `tpn_user` WHERE  `logintoken` = '98f63fba0e7fcbb30609449aa76ceb3c' LIMIT 1 [ RunTime:0.000509s ]
[ sql ] [ SQL ] SHOW COLUMNS FROM `tpn_user_quiz` [ RunTime:0.000532s ]
[ sql ] [ SQL ] SELECT COUNT(*) AS tp_count FROM `tpn_user_quiz` `a` LEFT JOIN `tpn_user` `u` ON `a`.`uid`=`u`.`uid` WHERE  `teacher_id` = 111 ORDER BY a.created_at desc LIMIT 1 [ RunTime:0.000288s ]
[ sql ] [ SQL ] SELECT `u`.`nickname`,`u`.`face`,`a`.`quiz`,`a`.`answer`,`a`.`created_at` FROM `tpn_user_quiz` `a` LEFT JOIN `tpn_user` `u` ON `a`.`uid`=`u`.`uid` WHERE  `teacher_id` = 111 ORDER BY a.created_at desc LIMIT 0,10 [ RunTime:0.000306s ]

---------------------------------------------------------------
[ 2019-01-29T20:48:05+08:00 ] 172.31.69.247 60.221.108.172 GET /discover/teacher/teacher_article?OS=iOS&page=1&teacher_id=111&version=1.0
[ log ] api.kzwchina.com/discover/teacher/teacher_article?OS=iOS&page=1&teacher_id=111&version=1.0 [运行时间：0.031668s][吞吐率：31.58req/s] [内存消耗：3,961.73kb] [文件加载：62]
[ info ] [ LANG ] /www/wwwroot/kouzhiwen/thinkphp/lang/zh-cn.php
[ info ] [ BIND ] 'api'
[ info ] [ ROUTE ] array (
  'type' => 'module',
  'module' => 
  array (
    0 => 'api',
    1 => 'discover',
    2 => 'teacher',
  ),
)
[ info ] [ HEADER ] array (
  'host' => 'api.kzwchina.com',
  'os' => 'iOS',
  'cookie' => 'PHPSESSID=ltqphpv63rrcg0710abpp1ptk6',
  'connection' => 'keep-alive',
  'accept' => '*/*',
  'logintoken' => '98f63fba0e7fcbb30609449aa76ceb3c',
  'user-agent' => 'kouzhiwen/1.0 (iPhone; iOS 12.1.3; Scale/2.00)',
  'accept-language' => 'zh-Hans-CN;q=1',
  'version' => '1.0',
  'accept-encoding' => 'gzip, deflate',
)
[ info ] [ PARAM ] array (
  'OS' => 'iOS',
  'page' => '1',
  'teacher_id' => '111',
  'version' => '1.0',
)
[ info ] [ SESSION ] INIT array (
  'id' => '',
  'var_session_id' => '',
  'prefix' => 'think',
  'type' => '',
  'auto_start' => true,
)
[ info ] [ DB ] INIT mysql
[ info ] [ RUN ] app\api\discover\controller\Teacher->TeacherArticle[ /www/wwwroot/kouzhiwen/application/api/discover/controller/Teacher.php ]
[ info ] [ LOG ] INIT File
[ sql ] [ DB ] CONNECT:[ UseTime:0.000435s ] mysql:dbname=kouzhiwen;host=127.0.0.1;port=3306;charset=utf8
[ sql ] [ SQL ] SHOW COLUMNS FROM `tpn_user` [ RunTime:0.000833s ]
[ sql ] [ SQL ] SELECT * FROM `tpn_user` WHERE  `logintoken` = '98f63fba0e7fcbb30609449aa76ceb3c' LIMIT 1 [ RunTime:0.000575s ]
[ sql ] [ SQL ] SHOW COLUMNS FROM `tpn_teacher_article` [ RunTime:0.000582s ]
[ sql ] [ SQL ] SELECT COUNT(*) AS tp_count FROM `tpn_teacher_article` WHERE  `teacher_id` = 111  AND `class_id` = 0  AND `status` = 1 LIMIT 1 [ RunTime:0.000307s ]
[ sql ] [ SQL ] SELECT `id`,`name` FROM `tpn_teacher_article` WHERE  `teacher_id` = 111  AND `class_id` = 0  AND `status` = 1 ORDER BY add_time desc LIMIT 0,10 [ RunTime:0.000272s ]

---------------------------------------------------------------
[ 2019-01-29T20:48:07+08:00 ] 172.31.69.247 60.221.108.172 GET /?OS=iOS&version=1.0
[ log ] api.kzwchina.com/?OS=iOS&version=1.0 [运行时间：0.017134s][吞吐率：58.36req/s] [内存消耗：1,984.20kb] [文件加载：45]
[ info ] [ LANG ] /www/wwwroot/kouzhiwen/thinkphp/lang/zh-cn.php
[ info ] [ BIND ] 'api'
[ info ] [ ROUTE ] array (
  'type' => 'module',
  'module' => 
  array (
    0 => 'api',
    1 => NULL,
    2 => NULL,
  ),
)
[ info ] [ HEADER ] array (
  'host' => 'api.kzwchina.com',
  'os' => 'iOS',
  'cookie' => 'PHPSESSID=ltqphpv63rrcg0710abpp1ptk6',
  'connection' => 'keep-alive',
  'accept' => '*/*',
  'logintoken' => '98f63fba0e7fcbb30609449aa76ceb3c',
  'user-agent' => 'kouzhiwen/1.0 (iPhone; iOS 12.1.3; Scale/2.00)',
  'accept-language' => 'zh-Hans-CN;q=1',
  'version' => '1.0',
  'accept-encoding' => 'gzip, deflate',
)
[ info ] [ PARAM ] array (
  'OS' => 'iOS',
  'version' => '1.0',
)
[ info ] [ LOG ] INIT File
[ error ] [8]未定义数组索引: PATH_INFO[/www/wwwroot/kouzhiwen/thinkphp/library/think/Route.php:1548]
[ error ] [8]未定义数组索引: PATH_INFO[/www/wwwroot/kouzhiwen/thinkphp/library/think/App.php:328]
[ error ] [8]未定义数组索引: PATH_INFO[/www/wwwroot/kouzhiwen/thinkphp/library/think/Request.php:1408]
[ error ] [8]未定义数组下标: 1[/www/wwwroot/kouzhiwen/thinkphp/library/think/App.php:380]
[ error ] [8]未定义数组下标: 2[/www/wwwroot/kouzhiwen/thinkphp/library/think/App.php:382]
[ error ] [8]未定义数组下标: 2[/www/wwwroot/kouzhiwen/thinkphp/library/think/App.php:386]
[ error ] [8]未定义数组下标: 3[/www/wwwroot/kouzhiwen/thinkphp/library/think/App.php:387]
[ error ] [8]未定义数组索引: PATH_INFO[/www/wwwroot/kouzhiwen/thinkphp/library/think/Request.php:1408]

---------------------------------------------------------------
[ 2019-01-29T20:56:29+08:00 ] 172.31.69.247 60.221.108.172 GET /common/study/hot_details?OS=iOS&id=49&version=1.0
[ log ] api.kzwchina.com/common/study/hot_details?OS=iOS&id=49&version=1.0 [运行时间：0.040500s][吞吐率：24.69req/s] [内存消耗：4,164.89kb] [文件加载：64]
[ info ] [ LANG ] /www/wwwroot/kouzhiwen/thinkphp/lang/zh-cn.php
[ info ] [ BIND ] 'api'
[ info ] [ ROUTE ] array (
  'type' => 'module',
  'module' => 
  array (
    0 => 'api',
    1 => 'common',
    2 => 'study',
  ),
)
[ info ] [ HEADER ] array (
  'host' => 'api.kzwchina.com',
  'os' => 'iOS',
  'cookie' => 'PHPSESSID=ltqphpv63rrcg0710abpp1ptk6',
  'connection' => 'keep-alive',
  'accept' => '*/*',
  'logintoken' => '98f63fba0e7fcbb30609449aa76ceb3c',
  'user-agent' => 'kouzhiwen/1.0 (iPhone; iOS 12.1.3; Scale/2.00)',
  'accept-language' => 'zh-Hans-CN;q=1',
  'version' => '1.0',
  'accept-encoding' => 'gzip, deflate',
)
[ info ] [ PARAM ] array (
  'OS' => 'iOS',
  'id' => '49',
  'version' => '1.0',
)
[ info ] [ SESSION ] INIT array (
  'id' => '',
  'var_session_id' => '',
  'prefix' => 'think',
  'type' => '',
  'auto_start' => true,
)
[ info ] [ DB ] INIT mysql
[ info ] [ RUN ] app\api\common\controller\Study->HotDetails[ /www/wwwroot/kouzhiwen/application/api/common/controller/Study.php ]
[ info ] [ CACHE ] INIT File
[ info ] [ LOG ] INIT File
[ sql ] [ DB ] CONNECT:[ UseTime:0.000437s ] mysql:dbname=kouzhiwen;host=127.0.0.1;port=3306;charset=utf8
[ sql ] [ SQL ] SHOW COLUMNS FROM `tpn_user` [ RunTime:0.001168s ]
[ sql ] [ SQL ] SELECT * FROM `tpn_user` WHERE  `logintoken` = '98f63fba0e7fcbb30609449aa76ceb3c' LIMIT 1 [ RunTime:0.000610s ]
[ sql ] [ SQL ] SHOW COLUMNS FROM `tpn_teacher_article` [ RunTime:0.000628s ]
[ sql ] [ SQL ] UPDATE `tpn_teacher_article`  SET `pv`=pv+1  WHERE  `id` = 49 [ RunTime:0.004109s ]
[ sql ] [ SQL ] SELECT * FROM `tpn_teacher_article` WHERE  `id` = 49 LIMIT 1 [ RunTime:0.000351s ]
[ sql ] [ SQL ] SHOW COLUMNS FROM `tpn_teacher` [ RunTime:0.000798s ]
[ sql ] [ SQL ] SELECT * FROM `tpn_teacher` WHERE  `id` = 111 LIMIT 1 [ RunTime:0.000453s ]

---------------------------------------------------------------
[ 2019-01-29T20:56:29+08:00 ] 172.31.69.247 60.221.108.172 GET /discover/comment/datalist?OS=iOS&page=1&type=3&type_id=49&version=1.0
[ log ] api.kzwchina.com/discover/comment/datalist?OS=iOS&page=1&type=3&type_id=49&version=1.0 [运行时间：0.035988s][吞吐率：27.79req/s] [内存消耗：3,939.81kb] [文件加载：62]
[ info ] [ LANG ] /www/wwwroot/kouzhiwen/thinkphp/lang/zh-cn.php
[ info ] [ BIND ] 'api'
[ info ] [ ROUTE ] array (
  'type' => 'module',
  'module' => 
  array (
    0 => 'api',
    1 => 'discover',
    2 => 'comment',
  ),
)
[ info ] [ HEADER ] array (
  'host' => 'api.kzwchina.com',
  'os' => 'iOS',
  'cookie' => 'PHPSESSID=ltqphpv63rrcg0710abpp1ptk6',
  'connection' => 'keep-alive',
  'accept' => '*/*',
  'logintoken' => '98f63fba0e7fcbb30609449aa76ceb3c',
  'user-agent' => 'kouzhiwen/1.0 (iPhone; iOS 12.1.3; Scale/2.00)',
  'accept-language' => 'zh-Hans-CN;q=1',
  'version' => '1.0',
  'accept-encoding' => 'gzip, deflate',
)
[ info ] [ PARAM ] array (
  'OS' => 'iOS',
  'page' => '1',
  'type' => '3',
  'type_id' => '49',
  'version' => '1.0',
)
[ info ] [ SESSION ] INIT array (
  'id' => '',
  'var_session_id' => '',
  'prefix' => 'think',
  'type' => '',
  'auto_start' => true,
)
[ info ] [ DB ] INIT mysql
[ info ] [ RUN ] app\api\discover\controller\Comment->datalist[ /www/wwwroot/kouzhiwen/application/api/discover/controller/Comment.php ]
[ info ] [ LOG ] INIT File
[ sql ] [ DB ] CONNECT:[ UseTime:0.000432s ] mysql:dbname=kouzhiwen;host=127.0.0.1;port=3306;charset=utf8
[ sql ] [ SQL ] SHOW COLUMNS FROM `tpn_user` [ RunTime:0.000744s ]
[ sql ] [ SQL ] SELECT * FROM `tpn_user` WHERE  `logintoken` = '98f63fba0e7fcbb30609449aa76ceb3c' LIMIT 1 [ RunTime:0.000460s ]
[ sql ] [ SQL ] SHOW COLUMNS FROM `tpn_comment` [ RunTime:0.000537s ]
[ sql ] [ SQL ] SELECT COUNT(*) AS tp_count FROM `tpn_comment` `a` INNER JOIN `tpn_user` `u` ON `u`.`uid`=`a`.`uid` WHERE  `a`.`pid` = 0  AND `a`.`status` = 1  AND `a`.`type` = '3'  AND `a`.`type_id` = '49' ORDER BY id desc LIMIT 1 [ RunTime:0.000318s ]
[ sql ] [ SQL ] SELECT `a`.`id`,`a`.`type`,`a`.`type_id`,`a`.`contents`,`a`.`add_time`,`a`.`like_num`,`a`.`comment_num`,`u`.`nickname`,`u`.`face`,(select if(count(*)>0,1,0) from `tpn_comment_like` where `comment_id`=a.id and `uid`='149') is_like FROM `tpn_comment` `a` INNER JOIN `tpn_user` `u` ON `u`.`uid`=`a`.`uid` WHERE  `a`.`pid` = 0  AND `a`.`status` = 1  AND `a`.`type` = '3'  AND `a`.`type_id` = '49' ORDER BY id desc LIMIT 0,10 [ RunTime:0.000403s ]

---------------------------------------------------------------
[ 2019-01-29T20:56:30+08:00 ] 172.31.69.247 60.221.108.172 GET /common/study/hot_details?id=49
[ log ] api.kzwchina.com/common/study/hot_details?id=49 [运行时间：0.036076s][吞吐率：27.72req/s] [内存消耗：4,059.20kb] [文件加载：63]
[ info ] [ LANG ] /www/wwwroot/kouzhiwen/thinkphp/lang/zh-cn.php
[ info ] [ BIND ] 'api'
[ info ] [ ROUTE ] array (
  'type' => 'module',
  'module' => 
  array (
    0 => 'api',
    1 => 'common',
    2 => 'study',
  ),
)
[ info ] [ HEADER ] array (
  'host' => 'api.kzwchina.com',
  'accept' => 'application/json, text/plain, */*',
  'connection' => 'keep-alive',
  'cookie' => 'PHPSESSID=ltqphpv63rrcg0710abpp1ptk6',
  'user-agent' => 'Mozilla/5.0 (iPhone; CPU iPhone OS 12_1_3 like Mac OS X) AppleWebKit/605.1.15 (KHTML, like Gecko) Mobile/16D39',
  'accept-language' => 'zh-cn',
  'referer' => 'http://api.kzwchina.com/h5/index.html',
  'accept-encoding' => 'gzip, deflate',
)
[ info ] [ PARAM ] array (
  'id' => '49',
)
[ info ] [ RUN ] app\api\common\controller\Study->HotDetails[ /www/wwwroot/kouzhiwen/application/api/common/controller/Study.php ]
[ info ] [ DB ] INIT mysql
[ info ] [ CACHE ] INIT File
[ info ] [ LOG ] INIT File
[ sql ] [ DB ] CONNECT:[ UseTime:0.000388s ] mysql:dbname=kouzhiwen;host=127.0.0.1;port=3306;charset=utf8
[ sql ] [ SQL ] SHOW COLUMNS FROM `tpn_teacher_article` [ RunTime:0.000749s ]
[ sql ] [ SQL ] UPDATE `tpn_teacher_article`  SET `pv`=pv+1  WHERE  `id` = 49 [ RunTime:0.004234s ]
[ sql ] [ SQL ] SELECT * FROM `tpn_teacher_article` WHERE  `id` = 49 LIMIT 1 [ RunTime:0.000330s ]
[ sql ] [ SQL ] SHOW COLUMNS FROM `tpn_teacher` [ RunTime:0.000650s ]
[ sql ] [ SQL ] SELECT * FROM `tpn_teacher` WHERE  `id` = 111 LIMIT 1 [ RunTime:0.000386s ]

---------------------------------------------------------------
