[ 2019-08-07T09:17:26+08:00 ] 127.0.0.1 127.0.0.1 GET /root/index/index.html
[ log ] admin.study.com/root/index/index.html [运行时间：0.364165s][吞吐率：2.75req/s] [内存消耗：1,462.66kb] [文件加载：48]
[ info ] [ LANG ] D:\study\kouzhiwen\thinkphp\lang\zh-cn.php
[ info ] [ BIND ] 'admin'
[ info ] [ ROUTE ] array (
  'type' => 'module',
  'module' => 
  array (
    0 => 'admin',
    1 => 'root',
    2 => 'index',
  ),
)
[ info ] [ HEADER ] array (
  'accept-language' => 'zh-CN,zh;q=0.9',
  'accept-encoding' => 'gzip, deflate',
  'accept' => 'text/html,application/xhtml+xml,application/xml;q=0.9,image/webp,image/apng,*/*;q=0.8,application/signed-exchange;v=b3',
  'user-agent' => 'Mozilla/5.0 (Windows NT 10.0; Win64; x64) AppleWebKit/537.36 (KHTML, like Gecko) Chrome/73.0.3683.86 Safari/537.36',
  'upgrade-insecure-requests' => '1',
  'connection' => 'close',
  'host' => 'admin.study.com',
)
[ info ] [ PARAM ] array (
)
[ info ] [ SESSION ] INIT array (
  'id' => '',
  'var_session_id' => '',
  'prefix' => 'think',
  'type' => '',
  'auto_start' => true,
)
[ info ] [ LOG ] INIT File

---------------------------------------------------------------
[ 2019-08-07T09:17:26+08:00 ] 127.0.0.1 127.0.0.1 GET /root/login/login.html
[ log ] admin.study.com/root/login/login.html [运行时间：0.069888s][吞吐率：14.31req/s] [内存消耗：1,413.15kb] [文件加载：49]
[ info ] [ LANG ] D:\study\kouzhiwen\thinkphp\lang\zh-cn.php
[ info ] [ BIND ] 'admin'
[ info ] [ ROUTE ] array (
  'type' => 'module',
  'module' => 
  array (
    0 => 'admin',
    1 => 'root',
    2 => 'login',
  ),
)
[ info ] [ HEADER ] array (
  'cookie' => 'PHPSESSID=smvlgl4mm3c5fmjtap4vthmce0',
  'accept-language' => 'zh-CN,zh;q=0.9',
  'accept-encoding' => 'gzip, deflate',
  'referer' => 'http://admin.study.com/root/index/index.html',
  'accept' => 'text/html,application/xhtml+xml,application/xml;q=0.9,image/webp,image/apng,*/*;q=0.8,application/signed-exchange;v=b3',
  'user-agent' => 'Mozilla/5.0 (Windows NT 10.0; Win64; x64) AppleWebKit/537.36 (KHTML, like Gecko) Chrome/73.0.3683.86 Safari/537.36',
  'upgrade-insecure-requests' => '1',
  'connection' => 'close',
  'host' => 'admin.study.com',
)
[ info ] [ PARAM ] array (
)
[ info ] [ RUN ] app\admin\root\controller\Login->login[ D:\study\kouzhiwen\application\admin\root\controller\Login.php ]
[ info ] [ VIEW ] D:\study\kouzhiwen\public/../application/admin/root\view\login\login.html [ array (
) ]
[ info ] [ LOG ] INIT File

---------------------------------------------------------------
[ 2019-08-07T09:17:26+08:00 ] 127.0.0.1 127.0.0.1 GET /static/select/css/min/reset.css
[ log ] admin.study.com/static/select/css/min/reset.css [运行时间：0.103415s][吞吐率：9.67req/s] [内存消耗：1,195.99kb] [文件加载：43]
[ info ] [ LANG ] D:\study\kouzhiwen\thinkphp\lang\zh-cn.php
[ info ] [ BIND ] 'admin'
[ info ] [ ROUTE ] array (
  'type' => 'module',
  'module' => 
  array (
    0 => 'admin',
    1 => 'static',
    2 => 'select',
  ),
)
[ info ] [ HEADER ] array (
  'cookie' => 'PHPSESSID=smvlgl4mm3c5fmjtap4vthmce0',
  'accept-language' => 'zh-CN,zh;q=0.9',
  'accept-encoding' => 'gzip, deflate',
  'referer' => 'http://admin.study.com/root/login/login.html',
  'accept' => 'text/css,*/*;q=0.1',
  'user-agent' => 'Mozilla/5.0 (Windows NT 10.0; Win64; x64) AppleWebKit/537.36 (KHTML, like Gecko) Chrome/73.0.3683.86 Safari/537.36',
  'connection' => 'close',
  'host' => 'admin.study.com',
)
[ info ] [ PARAM ] array (
  'min' => 'reset.css',
)
[ info ] [ LOG ] INIT File

---------------------------------------------------------------
[ 2019-08-07T09:17:27+08:00 ] 127.0.0.1 127.0.0.1 GET /static/select/js/min/jquery-1.7.2.min.js
[ log ] admin.study.com/static/select/js/min/jquery-1.7.2.min.js [运行时间：0.019875s][吞吐率：50.31req/s] [内存消耗：1,195.88kb] [文件加载：43]
[ info ] [ LANG ] D:\study\kouzhiwen\thinkphp\lang\zh-cn.php
[ info ] [ BIND ] 'admin'
[ info ] [ ROUTE ] array (
  'type' => 'module',
  'module' => 
  array (
    0 => 'admin',
    1 => 'static',
    2 => 'select',
  ),
)
[ info ] [ HEADER ] array (
  'cookie' => 'PHPSESSID=smvlgl4mm3c5fmjtap4vthmce0',
  'accept-language' => 'zh-CN,zh;q=0.9',
  'accept-encoding' => 'gzip, deflate',
  'referer' => 'http://admin.study.com/root/login/login.html',
  'accept' => '*/*',
  'user-agent' => 'Mozilla/5.0 (Windows NT 10.0; Win64; x64) AppleWebKit/537.36 (KHTML, like Gecko) Chrome/73.0.3683.86 Safari/537.36',
  'connection' => 'close',
  'host' => 'admin.study.com',
)
[ info ] [ PARAM ] array (
  'min' => 'jquery-1.7.2.min.js',
)
[ info ] [ LOG ] INIT File

---------------------------------------------------------------
[ 2019-08-07T09:17:36+08:00 ] 127.0.0.1 127.0.0.1 POST /root/login/login.html
[ log ] admin.study.com/root/login/login.html [运行时间：0.160855s][吞吐率：6.22req/s] [内存消耗：2,274.71kb] [文件加载：58]
[ info ] [ LANG ] D:\study\kouzhiwen\thinkphp\lang\zh-cn.php
[ info ] [ BIND ] 'admin'
[ info ] [ ROUTE ] array (
  'type' => 'module',
  'module' => 
  array (
    0 => 'admin',
    1 => 'root',
    2 => 'login',
  ),
)
[ info ] [ HEADER ] array (
  'cookie' => 'PHPSESSID=smvlgl4mm3c5fmjtap4vthmce0',
  'accept-language' => 'zh-CN,zh;q=0.9',
  'accept-encoding' => 'gzip, deflate',
  'referer' => 'http://admin.study.com/root/login/login.html',
  'content-type' => 'application/x-www-form-urlencoded; charset=UTF-8',
  'user-agent' => 'Mozilla/5.0 (Windows NT 10.0; Win64; x64) AppleWebKit/537.36 (KHTML, like Gecko) Chrome/73.0.3683.86 Safari/537.36',
  'x-requested-with' => 'XMLHttpRequest',
  'origin' => 'http://admin.study.com',
  'accept' => 'application/json, text/javascript, */*; q=0.01',
  'content-length' => '41',
  'connection' => 'close',
  'host' => 'admin.study.com',
)
[ info ] [ PARAM ] array (
  'username' => 'admin',
  'password' => 'Account_For_Admin',
)
[ info ] [ RUN ] app\admin\root\controller\Login->login[ D:\study\kouzhiwen\application\admin\root\controller\Login.php ]
[ info ] [ DB ] INIT mysql
[ info ] [ SESSION ] INIT array (
  'id' => '',
  'var_session_id' => '',
  'prefix' => 'think',
  'type' => '',
  'auto_start' => true,
)
[ info ] [ LOG ] INIT File
[ sql ] [ DB ] CONNECT:[ UseTime:0.016317s ] mysql:dbname=kouzhiwen;host=127.0.0.1;port=3306;charset=utf8
[ sql ] [ SQL ] SHOW COLUMNS FROM `tpn_admin` [ RunTime:0.034435s ]
[ sql ] [ SQL ] SELECT * FROM `tpn_admin` WHERE  `username` = 'admin' LIMIT 1 [ RunTime:0.002214s ]

---------------------------------------------------------------
[ 2019-08-07T09:17:37+08:00 ] 127.0.0.1 127.0.0.1 GET /root/index/index.html
[ log ] admin.study.com/root/index/index.html [运行时间：0.204852s][吞吐率：4.88req/s] [内存消耗：2,417.81kb] [文件加载：59]
[ info ] [ LANG ] D:\study\kouzhiwen\thinkphp\lang\zh-cn.php
[ info ] [ BIND ] 'admin'
[ info ] [ ROUTE ] array (
  'type' => 'module',
  'module' => 
  array (
    0 => 'admin',
    1 => 'root',
    2 => 'index',
  ),
)
[ info ] [ HEADER ] array (
  'cookie' => 'PHPSESSID=smvlgl4mm3c5fmjtap4vthmce0',
  'accept-language' => 'zh-CN,zh;q=0.9',
  'accept-encoding' => 'gzip, deflate',
  'referer' => 'http://admin.study.com/root/login/login.html',
  'accept' => 'text/html,application/xhtml+xml,application/xml;q=0.9,image/webp,image/apng,*/*;q=0.8,application/signed-exchange;v=b3',
  'user-agent' => 'Mozilla/5.0 (Windows NT 10.0; Win64; x64) AppleWebKit/537.36 (KHTML, like Gecko) Chrome/73.0.3683.86 Safari/537.36',
  'upgrade-insecure-requests' => '1',
  'connection' => 'close',
  'host' => 'admin.study.com',
)
[ info ] [ PARAM ] array (
)
[ info ] [ SESSION ] INIT array (
  'id' => '',
  'var_session_id' => '',
  'prefix' => 'think',
  'type' => '',
  'auto_start' => true,
)
[ info ] [ DB ] INIT mysql
[ info ] [ RUN ] app\admin\root\controller\Index->index[ D:\study\kouzhiwen\application\admin\root\controller\Index.php ]
[ info ] [ DB ] INIT mysql
[ info ] [ DB ] INIT mysql
[ info ] [ DB ] INIT mysql
[ info ] [ VIEW ] D:\study\kouzhiwen\public/../application/admin/root\view\index\index.html [ array (
  0 => 'user',
  1 => 'menu',
  2 => 'mc',
  3 => 'group',
  4 => 'gid',
  5 => 'access',
  6 => 'id',
) ]
[ info ] [ LOG ] INIT File
[ sql ] [ DB ] CONNECT:[ UseTime:0.011055s ] mysql:dbname=kouzhiwen;host=127.0.0.1;port=3306;charset=utf8
[ sql ] [ SQL ] SHOW COLUMNS FROM `tpn_access_group` [ RunTime:0.038690s ]
[ sql ] [ SQL ] SELECT * FROM `tpn_access_group` WHERE  `id` IN (1) [ RunTime:0.001062s ]
[ sql ] [ DB ] CONNECT:[ UseTime:0.010867s ] mysql:dbname=kouzhiwen;host=127.0.0.1;port=3306;charset=utf8
[ sql ] [ SQL ] SELECT * FROM `tpn_access_group` WHERE  `id` = 1 LIMIT 1 [ RunTime:0.000414s ]
[ sql ] [ DB ] CONNECT:[ UseTime:0.001038s ] mysql:dbname=kouzhiwen;host=127.0.0.1;port=3306;charset=utf8
[ sql ] [ SQL ] SHOW COLUMNS FROM `tpn_menu` [ RunTime:0.035272s ]
[ sql ] [ SQL ] SELECT * FROM `tpn_menu` WHERE  `module` IN ('admin/root','admin/root','admin/root','admin/root','admin/root','admin/root','admin/root','admin/root','admin/root','admin/root','admin/root','admin/root','admin/root','admin/root','admin/root','admin/root','admin/course','admin/course','admin/course','admin/course','admin/course','admin/course','admin/course','admin/info','admin/info','admin/info','admin/info','admin/finance','admin/finance','admin/finance','admin/finance','admin/finance','admin/finance','admin/info','admin/info','admin/root','admin/root','admin/info')  AND `controller` IN ('AccessGroup','Admin','Menu','Banner','Classify','Introduce','Protocol','Advertisements','Comment','Notice','Information','Log','Version','Feedback','Contact','Keyword','Course','Coursetype','Paper','Study','Classtype','Classcourse','Questionnaire','Teacher','Enterprise','User','Teachertype','Detailed','Userdetailed','Recharge','Procedures','Pay','Gift','Headmaster','Tasks','Report','Science','Label') ORDER BY `mcid` ASC,`id` ASC [ RunTime:0.002856s ]
[ sql ] [ DB ] CONNECT:[ UseTime:0.009897s ] mysql:dbname=kouzhiwen;host=127.0.0.1;port=3306;charset=utf8
[ sql ] [ SQL ] SHOW COLUMNS FROM `tpn_menu_category` [ RunTime:0.019963s ]
[ sql ] [ SQL ] SELECT * FROM `tpn_menu_category` ORDER BY `sort` ASC [ RunTime:0.000364s ]

---------------------------------------------------------------
[ 2019-08-07T09:17:37+08:00 ] 127.0.0.1 127.0.0.1 GET /static/select/css/min/reset.css
[ log ] admin.study.com/static/select/css/min/reset.css [运行时间：0.017613s][吞吐率：56.78req/s] [内存消耗：1,195.99kb] [文件加载：43]
[ info ] [ LANG ] D:\study\kouzhiwen\thinkphp\lang\zh-cn.php
[ info ] [ BIND ] 'admin'
[ info ] [ ROUTE ] array (
  'type' => 'module',
  'module' => 
  array (
    0 => 'admin',
    1 => 'static',
    2 => 'select',
  ),
)
[ info ] [ HEADER ] array (
  'cookie' => 'PHPSESSID=smvlgl4mm3c5fmjtap4vthmce0',
  'accept-language' => 'zh-CN,zh;q=0.9',
  'accept-encoding' => 'gzip, deflate',
  'referer' => 'http://admin.study.com/root/index/index.html',
  'accept' => 'text/css,*/*;q=0.1',
  'user-agent' => 'Mozilla/5.0 (Windows NT 10.0; Win64; x64) AppleWebKit/537.36 (KHTML, like Gecko) Chrome/73.0.3683.86 Safari/537.36',
  'connection' => 'close',
  'host' => 'admin.study.com',
)
[ info ] [ PARAM ] array (
  'min' => 'reset.css',
)
[ info ] [ LOG ] INIT File

---------------------------------------------------------------
[ 2019-08-07T09:17:38+08:00 ] 127.0.0.1 127.0.0.1 GET /static/select/js/min/jquery-1.7.2.min.js
[ log ] admin.study.com/static/select/js/min/jquery-1.7.2.min.js [运行时间：0.038488s][吞吐率：25.98req/s] [内存消耗：1,195.88kb] [文件加载：43]
[ info ] [ LANG ] D:\study\kouzhiwen\thinkphp\lang\zh-cn.php
[ info ] [ BIND ] 'admin'
[ info ] [ ROUTE ] array (
  'type' => 'module',
  'module' => 
  array (
    0 => 'admin',
    1 => 'static',
    2 => 'select',
  ),
)
[ info ] [ HEADER ] array (
  'cookie' => 'PHPSESSID=smvlgl4mm3c5fmjtap4vthmce0',
  'accept-language' => 'zh-CN,zh;q=0.9',
  'accept-encoding' => 'gzip, deflate',
  'referer' => 'http://admin.study.com/root/index/index.html',
  'accept' => '*/*',
  'user-agent' => 'Mozilla/5.0 (Windows NT 10.0; Win64; x64) AppleWebKit/537.36 (KHTML, like Gecko) Chrome/73.0.3683.86 Safari/537.36',
  'connection' => 'close',
  'host' => 'admin.study.com',
)
[ info ] [ PARAM ] array (
  'min' => 'jquery-1.7.2.min.js',
)
[ info ] [ LOG ] INIT File

---------------------------------------------------------------
[ 2019-08-07T09:17:38+08:00 ] 127.0.0.1 127.0.0.1 GET /root/index/welcome/id/1.html
[ log ] admin.study.com/root/index/welcome/id/1.html [运行时间：0.053046s][吞吐率：18.85req/s] [内存消耗：2,078.38kb] [文件加载：58]
[ info ] [ LANG ] D:\study\kouzhiwen\thinkphp\lang\zh-cn.php
[ info ] [ BIND ] 'admin'
[ info ] [ ROUTE ] array (
  'type' => 'module',
  'module' => 
  array (
    0 => 'admin',
    1 => 'root',
    2 => 'index',
  ),
)
[ info ] [ HEADER ] array (
  'cookie' => 'PHPSESSID=smvlgl4mm3c5fmjtap4vthmce0',
  'accept-language' => 'zh-CN,zh;q=0.9',
  'accept-encoding' => 'gzip, deflate',
  'referer' => 'http://admin.study.com/root/index/index.html',
  'accept' => 'text/html,application/xhtml+xml,application/xml;q=0.9,image/webp,image/apng,*/*;q=0.8,application/signed-exchange;v=b3',
  'user-agent' => 'Mozilla/5.0 (Windows NT 10.0; Win64; x64) AppleWebKit/537.36 (KHTML, like Gecko) Chrome/73.0.3683.86 Safari/537.36',
  'upgrade-insecure-requests' => '1',
  'connection' => 'close',
  'host' => 'admin.study.com',
)
[ info ] [ PARAM ] array (
  'id' => '1',
)
[ info ] [ SESSION ] INIT array (
  'id' => '',
  'var_session_id' => '',
  'prefix' => 'think',
  'type' => '',
  'auto_start' => true,
)
[ info ] [ DB ] INIT mysql
[ info ] [ RUN ] app\admin\root\controller\Index->welcome[ D:\study\kouzhiwen\application\admin\root\controller\Index.php ]
[ info ] [ VIEW ] D:\study\kouzhiwen\public/../application/admin/root\view\index\welcome.html [ array (
  0 => 'id',
) ]
[ info ] [ LOG ] INIT File
[ sql ] [ DB ] CONNECT:[ UseTime:0.001118s ] mysql:dbname=kouzhiwen;host=127.0.0.1;port=3306;charset=utf8
[ sql ] [ SQL ] SHOW COLUMNS FROM `tpn_access_group` [ RunTime:0.018289s ]
[ sql ] [ SQL ] SELECT * FROM `tpn_access_group` WHERE  `id` IN (1) [ RunTime:0.000352s ]

---------------------------------------------------------------
[ 2019-08-07T09:17:38+08:00 ] 127.0.0.1 127.0.0.1 GET /static/select/css/min/reset.css
[ log ] admin.study.com/static/select/css/min/reset.css [运行时间：0.019876s][吞吐率：50.31req/s] [内存消耗：1,195.87kb] [文件加载：43]
[ info ] [ LANG ] D:\study\kouzhiwen\thinkphp\lang\zh-cn.php
[ info ] [ BIND ] 'admin'
[ info ] [ ROUTE ] array (
  'type' => 'module',
  'module' => 
  array (
    0 => 'admin',
    1 => 'static',
    2 => 'select',
  ),
)
[ info ] [ HEADER ] array (
  'cookie' => 'PHPSESSID=smvlgl4mm3c5fmjtap4vthmce0',
  'accept-language' => 'zh-CN,zh;q=0.9',
  'accept-encoding' => 'gzip, deflate',
  'referer' => 'http://admin.study.com/root/index/welcome/id/1.html',
  'accept' => 'text/css,*/*;q=0.1',
  'user-agent' => 'Mozilla/5.0 (Windows NT 10.0; Win64; x64) AppleWebKit/537.36 (KHTML, like Gecko) Chrome/73.0.3683.86 Safari/537.36',
  'connection' => 'close',
  'host' => 'admin.study.com',
)
[ info ] [ PARAM ] array (
  'min' => 'reset.css',
)
[ info ] [ LOG ] INIT File

---------------------------------------------------------------
[ 2019-08-07T09:17:39+08:00 ] 127.0.0.1 127.0.0.1 GET /static/select/js/min/jquery-1.7.2.min.js
[ log ] admin.study.com/static/select/js/min/jquery-1.7.2.min.js [运行时间：0.023296s][吞吐率：42.93req/s] [内存消耗：1,195.93kb] [文件加载：43]
[ info ] [ LANG ] D:\study\kouzhiwen\thinkphp\lang\zh-cn.php
[ info ] [ BIND ] 'admin'
[ info ] [ ROUTE ] array (
  'type' => 'module',
  'module' => 
  array (
    0 => 'admin',
    1 => 'static',
    2 => 'select',
  ),
)
[ info ] [ HEADER ] array (
  'cookie' => 'PHPSESSID=smvlgl4mm3c5fmjtap4vthmce0',
  'accept-language' => 'zh-CN,zh;q=0.9',
  'accept-encoding' => 'gzip, deflate',
  'referer' => 'http://admin.study.com/root/index/welcome/id/1.html',
  'accept' => '*/*',
  'user-agent' => 'Mozilla/5.0 (Windows NT 10.0; Win64; x64) AppleWebKit/537.36 (KHTML, like Gecko) Chrome/73.0.3683.86 Safari/537.36',
  'connection' => 'close',
  'host' => 'admin.study.com',
)
[ info ] [ PARAM ] array (
  'min' => 'jquery-1.7.2.min.js',
)
[ info ] [ LOG ] INIT File

---------------------------------------------------------------
[ 2019-08-07T09:18:17+08:00 ] 127.0.0.1 127.0.0.1 GET /info/teacher/index.html
[ log ] admin.study.com/info/teacher/index.html [运行时间：0.230611s][吞吐率：4.34req/s] [内存消耗：2,617.91kb] [文件加载：69]
[ info ] [ LANG ] D:\study\kouzhiwen\thinkphp\lang\zh-cn.php
[ info ] [ BIND ] 'admin'
[ info ] [ ROUTE ] array (
  'type' => 'module',
  'module' => 
  array (
    0 => 'admin',
    1 => 'info',
    2 => 'teacher',
  ),
)
[ info ] [ HEADER ] array (
  'cookie' => 'PHPSESSID=smvlgl4mm3c5fmjtap4vthmce0',
  'accept-language' => 'zh-CN,zh;q=0.9',
  'accept-encoding' => 'gzip, deflate',
  'referer' => 'http://admin.study.com/root/index/index.html',
  'accept' => 'text/html,application/xhtml+xml,application/xml;q=0.9,image/webp,image/apng,*/*;q=0.8,application/signed-exchange;v=b3',
  'user-agent' => 'Mozilla/5.0 (Windows NT 10.0; Win64; x64) AppleWebKit/537.36 (KHTML, like Gecko) Chrome/73.0.3683.86 Safari/537.36',
  'upgrade-insecure-requests' => '1',
  'connection' => 'close',
  'host' => 'admin.study.com',
)
[ info ] [ PARAM ] array (
)
[ info ] [ SESSION ] INIT array (
  'id' => '',
  'var_session_id' => '',
  'prefix' => 'think',
  'type' => '',
  'auto_start' => true,
)
[ info ] [ DB ] INIT mysql
[ info ] [ RUN ] app\admin\info\controller\Teacher->index[ D:\study\kouzhiwen\application\admin\info\controller\Teacher.php ]
[ info ] [ DB ] INIT mysql
[ info ] [ VIEW ] D:\study\kouzhiwen\public/../application/admin/info\view\teacher\index.html [ array (
  0 => 'data',
  1 => 'page',
  2 => 'keywords',
  3 => 'type',
  4 => 'checkVal',
) ]
[ info ] [ LOG ] INIT File
[ sql ] [ DB ] CONNECT:[ UseTime:0.010305s ] mysql:dbname=kouzhiwen;host=127.0.0.1;port=3306;charset=utf8
[ sql ] [ SQL ] SHOW COLUMNS FROM `tpn_access_group` [ RunTime:0.012186s ]
[ sql ] [ SQL ] SELECT * FROM `tpn_access_group` WHERE  `id` IN (1) [ RunTime:0.000372s ]
[ sql ] [ DB ] CONNECT:[ UseTime:0.010136s ] mysql:dbname=kouzhiwen;host=127.0.0.1;port=3306;charset=utf8
[ sql ] [ SQL ] SHOW COLUMNS FROM `tpn_teacher` [ RunTime:0.028748s ]
[ sql ] [ SQL ] SELECT COUNT(*) AS tp_count FROM `tpn_teacher` WHERE  `status` > 0  AND `identity` = '1,3' LIMIT 1 [ RunTime:0.002215s ]
[ sql ] [ SQL ] SELECT * FROM `tpn_teacher` WHERE  `status` > 0  AND `identity` = '1,3' ORDER BY created_at desc LIMIT 0,10 [ RunTime:0.000512s ]
[ sql ] [ SQL ] SHOW COLUMNS FROM `tpn_classify` [ RunTime:0.014504s ]
[ sql ] [ SQL ] SELECT * FROM `tpn_classify` WHERE  `enterprise_id` = 0 [ RunTime:0.000301s ]
[ error ] [8]未定义数组索引: type[D:\study\kouzhiwen\application\admin\info\controller\Teacher.php:43]

---------------------------------------------------------------
[ 2019-08-07T09:18:17+08:00 ] 127.0.0.1 127.0.0.1 GET /static/select/css/min/reset.css
[ log ] admin.study.com/static/select/css/min/reset.css [运行时间：0.025324s][吞吐率：39.49req/s] [内存消耗：1,195.99kb] [文件加载：43]
[ info ] [ LANG ] D:\study\kouzhiwen\thinkphp\lang\zh-cn.php
[ info ] [ BIND ] 'admin'
[ info ] [ ROUTE ] array (
  'type' => 'module',
  'module' => 
  array (
    0 => 'admin',
    1 => 'static',
    2 => 'select',
  ),
)
[ info ] [ HEADER ] array (
  'cookie' => 'PHPSESSID=smvlgl4mm3c5fmjtap4vthmce0',
  'accept-language' => 'zh-CN,zh;q=0.9',
  'accept-encoding' => 'gzip, deflate',
  'referer' => 'http://admin.study.com/info/teacher/index.html',
  'accept' => 'text/css,*/*;q=0.1',
  'user-agent' => 'Mozilla/5.0 (Windows NT 10.0; Win64; x64) AppleWebKit/537.36 (KHTML, like Gecko) Chrome/73.0.3683.86 Safari/537.36',
  'connection' => 'close',
  'host' => 'admin.study.com',
)
[ info ] [ PARAM ] array (
  'min' => 'reset.css',
)
[ info ] [ LOG ] INIT File

---------------------------------------------------------------
[ 2019-08-07T09:18:18+08:00 ] 127.0.0.1 127.0.0.1 GET /static/select/js/min/jquery-1.7.2.min.js
[ log ] admin.study.com/static/select/js/min/jquery-1.7.2.min.js [运行时间：0.017294s][吞吐率：57.82req/s] [内存消耗：1,195.88kb] [文件加载：43]
[ info ] [ LANG ] D:\study\kouzhiwen\thinkphp\lang\zh-cn.php
[ info ] [ BIND ] 'admin'
[ info ] [ ROUTE ] array (
  'type' => 'module',
  'module' => 
  array (
    0 => 'admin',
    1 => 'static',
    2 => 'select',
  ),
)
[ info ] [ HEADER ] array (
  'cookie' => 'PHPSESSID=smvlgl4mm3c5fmjtap4vthmce0',
  'accept-language' => 'zh-CN,zh;q=0.9',
  'accept-encoding' => 'gzip, deflate',
  'referer' => 'http://admin.study.com/info/teacher/index.html',
  'accept' => '*/*',
  'user-agent' => 'Mozilla/5.0 (Windows NT 10.0; Win64; x64) AppleWebKit/537.36 (KHTML, like Gecko) Chrome/73.0.3683.86 Safari/537.36',
  'connection' => 'close',
  'host' => 'admin.study.com',
)
[ info ] [ PARAM ] array (
  'min' => 'jquery-1.7.2.min.js',
)
[ info ] [ LOG ] INIT File

---------------------------------------------------------------
[ 2019-08-07T09:18:21+08:00 ] 127.0.0.1 127.0.0.1 GET /info/teacher/add.html
[ log ] admin.study.com/info/teacher/add.html [运行时间：0.118909s][吞吐率：8.41req/s] [内存消耗：2,563.27kb] [文件加载：65]
[ info ] [ LANG ] D:\study\kouzhiwen\thinkphp\lang\zh-cn.php
[ info ] [ BIND ] 'admin'
[ info ] [ ROUTE ] array (
  'type' => 'module',
  'module' => 
  array (
    0 => 'admin',
    1 => 'info',
    2 => 'teacher',
  ),
)
[ info ] [ HEADER ] array (
  'cookie' => 'PHPSESSID=smvlgl4mm3c5fmjtap4vthmce0',
  'accept-language' => 'zh-CN,zh;q=0.9',
  'accept-encoding' => 'gzip, deflate',
  'referer' => 'http://admin.study.com/info/teacher/index.html',
  'accept' => 'text/html,application/xhtml+xml,application/xml;q=0.9,image/webp,image/apng,*/*;q=0.8,application/signed-exchange;v=b3',
  'user-agent' => 'Mozilla/5.0 (Windows NT 10.0; Win64; x64) AppleWebKit/537.36 (KHTML, like Gecko) Chrome/73.0.3683.86 Safari/537.36',
  'upgrade-insecure-requests' => '1',
  'connection' => 'close',
  'host' => 'admin.study.com',
)
[ info ] [ PARAM ] array (
)
[ info ] [ SESSION ] INIT array (
  'id' => '',
  'var_session_id' => '',
  'prefix' => 'think',
  'type' => '',
  'auto_start' => true,
)
[ info ] [ DB ] INIT mysql
[ info ] [ RUN ] app\admin\info\controller\Teacher->add[ D:\study\kouzhiwen\application\admin\info\controller\Teacher.php ]
[ info ] [ DB ] INIT mysql
[ info ] [ VIEW ] D:\study\kouzhiwen\public/../application/admin/info\view\teacher\add.html [ array (
  0 => 'checkVal',
) ]
[ info ] [ LOG ] INIT File
[ sql ] [ DB ] CONNECT:[ UseTime:0.001061s ] mysql:dbname=kouzhiwen;host=127.0.0.1;port=3306;charset=utf8
[ sql ] [ SQL ] SHOW COLUMNS FROM `tpn_access_group` [ RunTime:0.020944s ]
[ sql ] [ SQL ] SELECT * FROM `tpn_access_group` WHERE  `id` IN (1) [ RunTime:0.000374s ]
[ sql ] [ DB ] CONNECT:[ UseTime:0.000917s ] mysql:dbname=kouzhiwen;host=127.0.0.1;port=3306;charset=utf8
[ sql ] [ SQL ] SHOW COLUMNS FROM `tpn_classify` [ RunTime:0.008110s ]
[ sql ] [ SQL ] SELECT * FROM `tpn_classify` WHERE  `enterprise_id` = 0 [ RunTime:0.000309s ]
[ sql ] [ SQL ] SHOW COLUMNS FROM `tpn_teacher_type` [ RunTime:0.021216s ]
[ sql ] [ SQL ] SELECT * FROM `tpn_teacher_type` WHERE  `enterprise_id` = 0 [ RunTime:0.000292s ]
[ sql ] [ SQL ] SELECT * FROM `tpn_access_group` WHERE  `enterprise_id` = 0 [ RunTime:0.000335s ]

---------------------------------------------------------------
[ 2019-08-07T09:18:21+08:00 ] 127.0.0.1 127.0.0.1 GET /static/select/css/min/reset.css
[ log ] admin.study.com/static/select/css/min/reset.css [运行时间：0.019985s][吞吐率：50.04req/s] [内存消耗：1,195.99kb] [文件加载：43]
[ info ] [ LANG ] D:\study\kouzhiwen\thinkphp\lang\zh-cn.php
[ info ] [ BIND ] 'admin'
[ info ] [ ROUTE ] array (
  'type' => 'module',
  'module' => 
  array (
    0 => 'admin',
    1 => 'static',
    2 => 'select',
  ),
)
[ info ] [ HEADER ] array (
  'cookie' => 'PHPSESSID=smvlgl4mm3c5fmjtap4vthmce0',
  'accept-language' => 'zh-CN,zh;q=0.9',
  'accept-encoding' => 'gzip, deflate',
  'referer' => 'http://admin.study.com/info/teacher/add.html',
  'accept' => 'text/css,*/*;q=0.1',
  'user-agent' => 'Mozilla/5.0 (Windows NT 10.0; Win64; x64) AppleWebKit/537.36 (KHTML, like Gecko) Chrome/73.0.3683.86 Safari/537.36',
  'connection' => 'close',
  'host' => 'admin.study.com',
)
[ info ] [ PARAM ] array (
  'min' => 'reset.css',
)
[ info ] [ LOG ] INIT File

---------------------------------------------------------------
[ 2019-08-07T09:18:22+08:00 ] 127.0.0.1 127.0.0.1 GET /static/select/js/min/jquery-1.7.2.min.js
[ log ] admin.study.com/static/select/js/min/jquery-1.7.2.min.js [运行时间：0.017286s][吞吐率：57.85req/s] [内存消耗：1,195.88kb] [文件加载：43]
[ info ] [ LANG ] D:\study\kouzhiwen\thinkphp\lang\zh-cn.php
[ info ] [ BIND ] 'admin'
[ info ] [ ROUTE ] array (
  'type' => 'module',
  'module' => 
  array (
    0 => 'admin',
    1 => 'static',
    2 => 'select',
  ),
)
[ info ] [ HEADER ] array (
  'cookie' => 'PHPSESSID=smvlgl4mm3c5fmjtap4vthmce0',
  'accept-language' => 'zh-CN,zh;q=0.9',
  'accept-encoding' => 'gzip, deflate',
  'referer' => 'http://admin.study.com/info/teacher/add.html',
  'accept' => '*/*',
  'user-agent' => 'Mozilla/5.0 (Windows NT 10.0; Win64; x64) AppleWebKit/537.36 (KHTML, like Gecko) Chrome/73.0.3683.86 Safari/537.36',
  'connection' => 'close',
  'host' => 'admin.study.com',
)
[ info ] [ PARAM ] array (
  'min' => 'jquery-1.7.2.min.js',
)
[ info ] [ LOG ] INIT File

---------------------------------------------------------------
[ 2019-08-07T09:18:35+08:00 ] 127.0.0.1 127.0.0.1 POST /root/upload/upload.html
[ log ] admin.study.com/root/upload/upload.html [运行时间：0.036055s][吞吐率：27.74req/s] [内存消耗：1,260.49kb] [文件加载：43]
[ info ] [ LANG ] D:\study\kouzhiwen\thinkphp\lang\zh-cn.php
[ info ] [ BIND ] 'admin'
[ info ] [ ROUTE ] array (
  'type' => 'module',
  'module' => 
  array (
    0 => 'admin',
    1 => 'root',
    2 => 'upload',
  ),
)
[ info ] [ HEADER ] array (
  'cookie' => 'PHPSESSID=smvlgl4mm3c5fmjtap4vthmce0',
  'accept-language' => 'zh-CN,zh;q=0.9',
  'accept-encoding' => 'gzip, deflate',
  'referer' => 'http://admin.study.com/info/teacher/add.html',
  'accept' => '*/*',
  'content-type' => 'multipart/form-data; boundary=----WebKitFormBoundaryKpEFtrUBAFl24Bmq',
  'user-agent' => 'Mozilla/5.0 (Windows NT 10.0; Win64; x64) AppleWebKit/537.36 (KHTML, like Gecko) Chrome/73.0.3683.86 Safari/537.36',
  'origin' => 'http://admin.study.com',
  'content-length' => '1735600',
  'connection' => 'close',
  'host' => 'admin.study.com',
)
[ info ] [ PARAM ] array (
  'id' => 'WU_FILE_0',
  'name' => '0cdf22f05a8d9e1f3cfdee2e0198d2b.png',
  'type' => 'image/png',
  'lastModifiedDate' => 'Wed May 08 2019 09:46:35 GMT+0800 (中国标准时间)',
  'size' => '1734813',
)
[ info ] [ RUN ] app\admin\root\controller\Upload->upload[ D:\study\kouzhiwen\application\admin\root\controller\Upload.php ]
[ info ] [ LOG ] INIT File

---------------------------------------------------------------
[ 2019-08-07T09:18:40+08:00 ] 127.0.0.1 127.0.0.1 POST /info/teacher/add.html
[ log ] admin.study.com/info/teacher/add.html [运行时间：0.348527s][吞吐率：2.87req/s] [内存消耗：2,660.31kb] [文件加载：73]
[ info ] [ LANG ] D:\study\kouzhiwen\thinkphp\lang\zh-cn.php
[ info ] [ BIND ] 'admin'
[ info ] [ ROUTE ] array (
  'type' => 'module',
  'module' => 
  array (
    0 => 'admin',
    1 => 'info',
    2 => 'teacher',
  ),
)
[ info ] [ HEADER ] array (
  'cookie' => 'PHPSESSID=smvlgl4mm3c5fmjtap4vthmce0',
  'accept-language' => 'zh-CN,zh;q=0.9',
  'accept-encoding' => 'gzip, deflate',
  'referer' => 'http://admin.study.com/info/teacher/add.html',
  'content-type' => 'application/x-www-form-urlencoded; charset=UTF-8',
  'user-agent' => 'Mozilla/5.0 (Windows NT 10.0; Win64; x64) AppleWebKit/537.36 (KHTML, like Gecko) Chrome/73.0.3683.86 Safari/537.36',
  'x-requested-with' => 'XMLHttpRequest',
  'origin' => 'http://admin.study.com',
  'accept' => 'application/json, text/javascript, */*; q=0.01',
  'content-length' => '517',
  'connection' => 'close',
  'host' => 'admin.study.com',
)
[ info ] [ PARAM ] array (
  'username' => '庞公铭',
  'password' => '123456',
  'classify_id' => 
  array (
    0 => '29',
    1 => '30',
  ),
  'is_xszd' => '0',
  'teacher_type' => '31',
  'is_zdwy' => '0',
  'name' => '庞公铭',
  'nickname' => '庞公铭',
  'title' => '',
  'email' => '2211728482@qq.com',
  'photo' => '/uploads/20190807/a1b9fd12f071c30e2d86e09cb012e355.png',
  'phone' => '15201191366',
  'sex' => '1',
  'synopsis' => 'https://kouzhiwen.oss-cn-qingdao.aliyuncs.com/video/20181212/cyb.mp4',
  'synopsis_img' => '',
  'unit_title' => '',
  'company_name' => '',
  'brief' => '',
  'price' => '',
  'assistant_email' => '',
  'assistant_phone' => '',
  'assistant_tel' => '',
)
[ info ] [ SESSION ] INIT array (
  'id' => '',
  'var_session_id' => '',
  'prefix' => 'think',
  'type' => '',
  'auto_start' => true,
)
[ info ] [ DB ] INIT mysql
[ info ] [ RUN ] app\admin\info\controller\Teacher->add[ D:\study\kouzhiwen\application\admin\info\controller\Teacher.php ]
[ info ] [ DB ] INIT mysql
[ info ] [ CACHE ] INIT File
[ info ] [ DB ] INIT mysql
[ info ] [ LOG ] INIT File
[ sql ] [ DB ] CONNECT:[ UseTime:0.010226s ] mysql:dbname=kouzhiwen;host=127.0.0.1;port=3306;charset=utf8
[ sql ] [ SQL ] SHOW COLUMNS FROM `tpn_access_group` [ RunTime:0.011447s ]
[ sql ] [ SQL ] SELECT * FROM `tpn_access_group` WHERE  `id` IN (1) [ RunTime:0.000375s ]
[ sql ] [ DB ] CONNECT:[ UseTime:0.001369s ] mysql:dbname=kouzhiwen;host=127.0.0.1;port=3306;charset=utf8
[ sql ] [ SQL ] SHOW COLUMNS FROM `tpn_teacher` [ RunTime:0.008764s ]
[ sql ] [ SQL ] SELECT * FROM `tpn_teacher` WHERE  `username` = '庞公铭'  AND `status` > 0 LIMIT 1 [ RunTime:0.000454s ]
[ sql ] [ SQL ] INSERT INTO `tpn_teacher` (`username` , `password` , `classify_id` , `is_xszd` , `teacher_type` , `is_zdwy` , `name` , `nickname` , `title` , `email` , `photo` , `phone` , `sex` , `synopsis` , `synopsis_img` , `unit_title` , `company_name` , `brief` , `price` , `assistant_email` , `assistant_phone` , `assistant_tel` , `created_at` , `status` , `enterprise_id`) VALUES ('庞公铭' , '14e1b600b1fd579f47433b88e8d85291' , '29,30' , 0 , 31 , 0 , '庞公铭' , '庞公铭' , '' , '2211728482@qq.com' , '/uploads/20190807/a1b9fd12f071c30e2d86e09cb012e355.png' , '15201191366' , 1 , 'https://kouzhiwen.oss-cn-qingdao.aliyuncs.com/video/20181212/cyb.mp4' , '' , '' , '' , '' , 0 , '' , '' , '' , 1565140719 , 2 , 0) [ RunTime:0.002728s ]
[ sql ] [ SQL ] UPDATE `tpn_teacher`  SET `rongcloud`='BfBoQCiIRtQVqlyGWtZFEBdKkKn5JemZOvB9cLvlzzbo6ZAklgqha8+WmxqW3RGiNc0TkKPzFuFoTEFAQc5Ozg==',`updated_at`=1565140720  WHERE  `id` = 140 [ RunTime:0.004049s ]
[ sql ] [ DB ] CONNECT:[ UseTime:0.010261s ] mysql:dbname=kouzhiwen;host=127.0.0.1;port=3306;charset=utf8
[ sql ] [ SQL ] SHOW COLUMNS FROM `tpn_log` [ RunTime:0.025814s ]
[ sql ] [ SQL ] INSERT INTO `tpn_log` (`enterprise_id` , `name` , `content` , `updated_at`) VALUES (0 , 'admin' , '添加教师庞公铭' , 1565140720) [ RunTime:0.000352s ]

---------------------------------------------------------------
[ 2019-08-07T09:18:41+08:00 ] 127.0.0.1 127.0.0.1 GET /info/teacher/index.html
[ log ] admin.study.com/info/teacher/index.html [运行时间：0.094519s][吞吐率：10.58req/s] [内存消耗：2,622.56kb] [文件加载：69]
[ info ] [ LANG ] D:\study\kouzhiwen\thinkphp\lang\zh-cn.php
[ info ] [ BIND ] 'admin'
[ info ] [ ROUTE ] array (
  'type' => 'module',
  'module' => 
  array (
    0 => 'admin',
    1 => 'info',
    2 => 'teacher',
  ),
)
[ info ] [ HEADER ] array (
  'cookie' => 'PHPSESSID=smvlgl4mm3c5fmjtap4vthmce0',
  'accept-language' => 'zh-CN,zh;q=0.9',
  'accept-encoding' => 'gzip, deflate',
  'referer' => 'http://admin.study.com/info/teacher/index.html',
  'accept' => 'text/html,application/xhtml+xml,application/xml;q=0.9,image/webp,image/apng,*/*;q=0.8,application/signed-exchange;v=b3',
  'user-agent' => 'Mozilla/5.0 (Windows NT 10.0; Win64; x64) AppleWebKit/537.36 (KHTML, like Gecko) Chrome/73.0.3683.86 Safari/537.36',
  'upgrade-insecure-requests' => '1',
  'cache-control' => 'max-age=0',
  'connection' => 'close',
  'host' => 'admin.study.com',
)
[ info ] [ PARAM ] array (
)
[ info ] [ SESSION ] INIT array (
  'id' => '',
  'var_session_id' => '',
  'prefix' => 'think',
  'type' => '',
  'auto_start' => true,
)
[ info ] [ DB ] INIT mysql
[ info ] [ RUN ] app\admin\info\controller\Teacher->index[ D:\study\kouzhiwen\application\admin\info\controller\Teacher.php ]
[ info ] [ DB ] INIT mysql
[ info ] [ VIEW ] D:\study\kouzhiwen\public/../application/admin/info\view\teacher\index.html [ array (
  0 => 'data',
  1 => 'page',
  2 => 'keywords',
  3 => 'type',
  4 => 'checkVal',
) ]
[ info ] [ LOG ] INIT File
[ sql ] [ DB ] CONNECT:[ UseTime:0.010759s ] mysql:dbname=kouzhiwen;host=127.0.0.1;port=3306;charset=utf8
[ sql ] [ SQL ] SHOW COLUMNS FROM `tpn_access_group` [ RunTime:0.016311s ]
[ sql ] [ SQL ] SELECT * FROM `tpn_access_group` WHERE  `id` IN (1) [ RunTime:0.000390s ]
[ sql ] [ DB ] CONNECT:[ UseTime:0.010342s ] mysql:dbname=kouzhiwen;host=127.0.0.1;port=3306;charset=utf8
[ sql ] [ SQL ] SHOW COLUMNS FROM `tpn_teacher` [ RunTime:0.009207s ]
[ sql ] [ SQL ] SELECT COUNT(*) AS tp_count FROM `tpn_teacher` WHERE  `status` > 0  AND `identity` = '1,3' LIMIT 1 [ RunTime:0.000355s ]
[ sql ] [ SQL ] SELECT * FROM `tpn_teacher` WHERE  `status` > 0  AND `identity` = '1,3' ORDER BY created_at desc LIMIT 0,10 [ RunTime:0.000449s ]
[ sql ] [ SQL ] SHOW COLUMNS FROM `tpn_classify` [ RunTime:0.008941s ]
[ sql ] [ SQL ] SELECT * FROM `tpn_classify` WHERE  `enterprise_id` = 0 [ RunTime:0.000279s ]
[ error ] [8]未定义数组索引: type[D:\study\kouzhiwen\application\admin\info\controller\Teacher.php:43]

---------------------------------------------------------------
[ 2019-08-07T09:18:41+08:00 ] 127.0.0.1 127.0.0.1 GET /static/select/css/min/reset.css
[ log ] admin.study.com/static/select/css/min/reset.css [运行时间：0.022463s][吞吐率：44.52req/s] [内存消耗：1,195.99kb] [文件加载：43]
[ info ] [ LANG ] D:\study\kouzhiwen\thinkphp\lang\zh-cn.php
[ info ] [ BIND ] 'admin'
[ info ] [ ROUTE ] array (
  'type' => 'module',
  'module' => 
  array (
    0 => 'admin',
    1 => 'static',
    2 => 'select',
  ),
)
[ info ] [ HEADER ] array (
  'cookie' => 'PHPSESSID=smvlgl4mm3c5fmjtap4vthmce0',
  'accept-language' => 'zh-CN,zh;q=0.9',
  'accept-encoding' => 'gzip, deflate',
  'referer' => 'http://admin.study.com/info/teacher/index.html',
  'accept' => 'text/css,*/*;q=0.1',
  'user-agent' => 'Mozilla/5.0 (Windows NT 10.0; Win64; x64) AppleWebKit/537.36 (KHTML, like Gecko) Chrome/73.0.3683.86 Safari/537.36',
  'connection' => 'close',
  'host' => 'admin.study.com',
)
[ info ] [ PARAM ] array (
  'min' => 'reset.css',
)
[ info ] [ LOG ] INIT File

---------------------------------------------------------------
[ 2019-08-07T09:18:42+08:00 ] 127.0.0.1 127.0.0.1 GET /static/select/js/min/jquery-1.7.2.min.js
[ log ] admin.study.com/static/select/js/min/jquery-1.7.2.min.js [运行时间：0.031450s][吞吐率：31.80req/s] [内存消耗：1,195.88kb] [文件加载：43]
[ info ] [ LANG ] D:\study\kouzhiwen\thinkphp\lang\zh-cn.php
[ info ] [ BIND ] 'admin'
[ info ] [ ROUTE ] array (
  'type' => 'module',
  'module' => 
  array (
    0 => 'admin',
    1 => 'static',
    2 => 'select',
  ),
)
[ info ] [ HEADER ] array (
  'cookie' => 'PHPSESSID=smvlgl4mm3c5fmjtap4vthmce0',
  'accept-language' => 'zh-CN,zh;q=0.9',
  'accept-encoding' => 'gzip, deflate',
  'referer' => 'http://admin.study.com/info/teacher/index.html',
  'accept' => '*/*',
  'user-agent' => 'Mozilla/5.0 (Windows NT 10.0; Win64; x64) AppleWebKit/537.36 (KHTML, like Gecko) Chrome/73.0.3683.86 Safari/537.36',
  'connection' => 'close',
  'host' => 'admin.study.com',
)
[ info ] [ PARAM ] array (
  'min' => 'jquery-1.7.2.min.js',
)
[ info ] [ LOG ] INIT File

---------------------------------------------------------------
[ 2019-08-07T09:18:45+08:00 ] 127.0.0.1 127.0.0.1 GET /info/teacher/index/type/2.html
[ log ] admin.study.com/info/teacher/index/type/2.html [运行时间：0.088972s][吞吐率：11.24req/s] [内存消耗：2,574.88kb] [文件加载：66]
[ info ] [ LANG ] D:\study\kouzhiwen\thinkphp\lang\zh-cn.php
[ info ] [ BIND ] 'admin'
[ info ] [ ROUTE ] array (
  'type' => 'module',
  'module' => 
  array (
    0 => 'admin',
    1 => 'info',
    2 => 'teacher',
  ),
)
[ info ] [ HEADER ] array (
  'cookie' => 'PHPSESSID=smvlgl4mm3c5fmjtap4vthmce0',
  'accept-language' => 'zh-CN,zh;q=0.9',
  'accept-encoding' => 'gzip, deflate',
  'referer' => 'http://admin.study.com/info/teacher/index.html',
  'accept' => 'text/html,application/xhtml+xml,application/xml;q=0.9,image/webp,image/apng,*/*;q=0.8,application/signed-exchange;v=b3',
  'user-agent' => 'Mozilla/5.0 (Windows NT 10.0; Win64; x64) AppleWebKit/537.36 (KHTML, like Gecko) Chrome/73.0.3683.86 Safari/537.36',
  'upgrade-insecure-requests' => '1',
  'connection' => 'close',
  'host' => 'admin.study.com',
)
[ info ] [ PARAM ] array (
  'type' => '2',
)
[ info ] [ SESSION ] INIT array (
  'id' => '',
  'var_session_id' => '',
  'prefix' => 'think',
  'type' => '',
  'auto_start' => true,
)
[ info ] [ DB ] INIT mysql
[ info ] [ RUN ] app\admin\info\controller\Teacher->index[ D:\study\kouzhiwen\application\admin\info\controller\Teacher.php ]
[ info ] [ DB ] INIT mysql
[ info ] [ VIEW ] D:\study\kouzhiwen\public/../application/admin/info\view\teacher\index.html [ array (
  0 => 'data',
  1 => 'page',
  2 => 'keywords',
  3 => 'type',
  4 => 'checkVal',
) ]
[ info ] [ LOG ] INIT File
[ sql ] [ DB ] CONNECT:[ UseTime:0.010750s ] mysql:dbname=kouzhiwen;host=127.0.0.1;port=3306;charset=utf8
[ sql ] [ SQL ] SHOW COLUMNS FROM `tpn_access_group` [ RunTime:0.015880s ]
[ sql ] [ SQL ] SELECT * FROM `tpn_access_group` WHERE  `id` IN (1) [ RunTime:0.000352s ]
[ sql ] [ DB ] CONNECT:[ UseTime:0.010772s ] mysql:dbname=kouzhiwen;host=127.0.0.1;port=3306;charset=utf8
[ sql ] [ SQL ] SHOW COLUMNS FROM `tpn_teacher` [ RunTime:0.008691s ]
[ sql ] [ SQL ] SELECT COUNT(*) AS tp_count FROM `tpn_teacher` WHERE  `status` = 2 LIMIT 1 [ RunTime:0.000314s ]
[ sql ] [ SQL ] SELECT * FROM `tpn_teacher` WHERE  `status` = 2 ORDER BY created_at desc LIMIT 0,10 [ RunTime:0.000421s ]
[ sql ] [ SQL ] SHOW COLUMNS FROM `tpn_classify` [ RunTime:0.008375s ]
[ sql ] [ SQL ] SELECT * FROM `tpn_classify` WHERE  `enterprise_id` = 0 [ RunTime:0.000275s ]

---------------------------------------------------------------
[ 2019-08-07T09:18:45+08:00 ] 127.0.0.1 127.0.0.1 GET /static/select/css/min/reset.css
[ log ] admin.study.com/static/select/css/min/reset.css [运行时间：0.031774s][吞吐率：31.47req/s] [内存消耗：1,195.88kb] [文件加载：43]
[ info ] [ LANG ] D:\study\kouzhiwen\thinkphp\lang\zh-cn.php
[ info ] [ BIND ] 'admin'
[ info ] [ ROUTE ] array (
  'type' => 'module',
  'module' => 
  array (
    0 => 'admin',
    1 => 'static',
    2 => 'select',
  ),
)
[ info ] [ HEADER ] array (
  'cookie' => 'PHPSESSID=smvlgl4mm3c5fmjtap4vthmce0',
  'accept-language' => 'zh-CN,zh;q=0.9',
  'accept-encoding' => 'gzip, deflate',
  'referer' => 'http://admin.study.com/info/teacher/index/type/2.html',
  'accept' => 'text/css,*/*;q=0.1',
  'user-agent' => 'Mozilla/5.0 (Windows NT 10.0; Win64; x64) AppleWebKit/537.36 (KHTML, like Gecko) Chrome/73.0.3683.86 Safari/537.36',
  'connection' => 'close',
  'host' => 'admin.study.com',
)
[ info ] [ PARAM ] array (
  'min' => 'reset.css',
)
[ info ] [ LOG ] INIT File

---------------------------------------------------------------
[ 2019-08-07T09:18:46+08:00 ] 127.0.0.1 127.0.0.1 GET /static/select/js/min/jquery-1.7.2.min.js
[ log ] admin.study.com/static/select/js/min/jquery-1.7.2.min.js [运行时间：0.018326s][吞吐率：54.57req/s] [内存消耗：1,195.96kb] [文件加载：43]
[ info ] [ LANG ] D:\study\kouzhiwen\thinkphp\lang\zh-cn.php
[ info ] [ BIND ] 'admin'
[ info ] [ ROUTE ] array (
  'type' => 'module',
  'module' => 
  array (
    0 => 'admin',
    1 => 'static',
    2 => 'select',
  ),
)
[ info ] [ HEADER ] array (
  'cookie' => 'PHPSESSID=smvlgl4mm3c5fmjtap4vthmce0',
  'accept-language' => 'zh-CN,zh;q=0.9',
  'accept-encoding' => 'gzip, deflate',
  'referer' => 'http://admin.study.com/info/teacher/index/type/2.html',
  'accept' => '*/*',
  'user-agent' => 'Mozilla/5.0 (Windows NT 10.0; Win64; x64) AppleWebKit/537.36 (KHTML, like Gecko) Chrome/73.0.3683.86 Safari/537.36',
  'connection' => 'close',
  'host' => 'admin.study.com',
)
[ info ] [ PARAM ] array (
  'min' => 'jquery-1.7.2.min.js',
)
[ info ] [ LOG ] INIT File

---------------------------------------------------------------
[ 2019-08-07T09:18:49+08:00 ] 127.0.0.1 127.0.0.1 POST /info/teacher/del.html
[ log ] admin.study.com/info/teacher/del.html [运行时间：0.122272s][吞吐率：8.18req/s] [内存消耗：2,510.50kb] [文件加载：64]
[ info ] [ LANG ] D:\study\kouzhiwen\thinkphp\lang\zh-cn.php
[ info ] [ BIND ] 'admin'
[ info ] [ ROUTE ] array (
  'type' => 'module',
  'module' => 
  array (
    0 => 'admin',
    1 => 'info',
    2 => 'teacher',
  ),
)
[ info ] [ HEADER ] array (
  'cookie' => 'PHPSESSID=smvlgl4mm3c5fmjtap4vthmce0',
  'accept-language' => 'zh-CN,zh;q=0.9',
  'accept-encoding' => 'gzip, deflate',
  'referer' => 'http://admin.study.com/info/teacher/index/type/2.html',
  'content-type' => 'application/x-www-form-urlencoded; charset=UTF-8',
  'user-agent' => 'Mozilla/5.0 (Windows NT 10.0; Win64; x64) AppleWebKit/537.36 (KHTML, like Gecko) Chrome/73.0.3683.86 Safari/537.36',
  'x-requested-with' => 'XMLHttpRequest',
  'origin' => 'http://admin.study.com',
  'accept' => 'application/json, text/javascript, */*; q=0.01',
  'content-length' => '15',
  'connection' => 'close',
  'host' => 'admin.study.com',
)
[ info ] [ PARAM ] array (
  'id' => '140',
  'status' => '1',
)
[ info ] [ SESSION ] INIT array (
  'id' => '',
  'var_session_id' => '',
  'prefix' => 'think',
  'type' => '',
  'auto_start' => true,
)
[ info ] [ DB ] INIT mysql
[ info ] [ RUN ] app\admin\info\controller\Teacher->del[ D:\study\kouzhiwen\application\admin\info\controller\Teacher.php ]
[ info ] [ DB ] INIT mysql
[ info ] [ CACHE ] INIT File
[ info ] [ DB ] INIT mysql
[ info ] [ LOG ] INIT File
[ sql ] [ DB ] CONNECT:[ UseTime:0.010805s ] mysql:dbname=kouzhiwen;host=127.0.0.1;port=3306;charset=utf8
[ sql ] [ SQL ] SHOW COLUMNS FROM `tpn_access_group` [ RunTime:0.015857s ]
[ sql ] [ SQL ] SELECT * FROM `tpn_access_group` WHERE  `id` IN (1) [ RunTime:0.000354s ]
[ sql ] [ DB ] CONNECT:[ UseTime:0.010497s ] mysql:dbname=kouzhiwen;host=127.0.0.1;port=3306;charset=utf8
[ sql ] [ SQL ] SHOW COLUMNS FROM `tpn_teacher` [ RunTime:0.009403s ]
[ sql ] [ SQL ] UPDATE `tpn_teacher`  SET `status`=1,`updated_at`=1565140729  WHERE  `id` IN (140) [ RunTime:0.003305s ]
[ sql ] [ DB ] CONNECT:[ UseTime:0.010656s ] mysql:dbname=kouzhiwen;host=127.0.0.1;port=3306;charset=utf8
[ sql ] [ SQL ] SHOW COLUMNS FROM `tpn_log` [ RunTime:0.008406s ]
[ sql ] [ SQL ] INSERT INTO `tpn_log` (`enterprise_id` , `name` , `content` , `updated_at`) VALUES (0 , 'admin' , '审核通过教师[140]' , 1565140729) [ RunTime:0.000287s ]
[ sql ] [ SQL ] SHOW COLUMNS FROM `tpn_teacher_notice` [ RunTime:0.015028s ]
[ sql ] [ SQL ] INSERT INTO `tpn_teacher_notice` (`teacher_id` , `title` , `content` , `reading` , `created_at`) SELECT '140','审核通过','尊敬的老师你好：你所提交的个人信息以通过后台审核。',0,1565140729 [ RunTime:0.002784s ]

---------------------------------------------------------------
[ 2019-08-07T09:18:50+08:00 ] 127.0.0.1 127.0.0.1 GET /info/teacher/index/type/2.html
[ log ] admin.study.com/info/teacher/index/type/2.html [运行时间：0.081308s][吞吐率：12.30req/s] [内存消耗：2,569.25kb] [文件加载：66]
[ info ] [ LANG ] D:\study\kouzhiwen\thinkphp\lang\zh-cn.php
[ info ] [ BIND ] 'admin'
[ info ] [ ROUTE ] array (
  'type' => 'module',
  'module' => 
  array (
    0 => 'admin',
    1 => 'info',
    2 => 'teacher',
  ),
)
[ info ] [ HEADER ] array (
  'cookie' => 'PHPSESSID=smvlgl4mm3c5fmjtap4vthmce0',
  'accept-language' => 'zh-CN,zh;q=0.9',
  'accept-encoding' => 'gzip, deflate',
  'referer' => 'http://admin.study.com/info/teacher/index/type/2.html',
  'accept' => 'text/html,application/xhtml+xml,application/xml;q=0.9,image/webp,image/apng,*/*;q=0.8,application/signed-exchange;v=b3',
  'user-agent' => 'Mozilla/5.0 (Windows NT 10.0; Win64; x64) AppleWebKit/537.36 (KHTML, like Gecko) Chrome/73.0.3683.86 Safari/537.36',
  'upgrade-insecure-requests' => '1',
  'cache-control' => 'max-age=0',
  'connection' => 'close',
  'host' => 'admin.study.com',
)
[ info ] [ PARAM ] array (
  'type' => '2',
)
[ info ] [ SESSION ] INIT array (
  'id' => '',
  'var_session_id' => '',
  'prefix' => 'think',
  'type' => '',
  'auto_start' => true,
)
[ info ] [ DB ] INIT mysql
[ info ] [ RUN ] app\admin\info\controller\Teacher->index[ D:\study\kouzhiwen\application\admin\info\controller\Teacher.php ]
[ info ] [ DB ] INIT mysql
[ info ] [ VIEW ] D:\study\kouzhiwen\public/../application/admin/info\view\teacher\index.html [ array (
  0 => 'data',
  1 => 'page',
  2 => 'keywords',
  3 => 'type',
  4 => 'checkVal',
) ]
[ info ] [ LOG ] INIT File
[ sql ] [ DB ] CONNECT:[ UseTime:0.010196s ] mysql:dbname=kouzhiwen;host=127.0.0.1;port=3306;charset=utf8
[ sql ] [ SQL ] SHOW COLUMNS FROM `tpn_access_group` [ RunTime:0.005936s ]
[ sql ] [ SQL ] SELECT * FROM `tpn_access_group` WHERE  `id` IN (1) [ RunTime:0.000338s ]
[ sql ] [ DB ] CONNECT:[ UseTime:0.009806s ] mysql:dbname=kouzhiwen;host=127.0.0.1;port=3306;charset=utf8
[ sql ] [ SQL ] SHOW COLUMNS FROM `tpn_teacher` [ RunTime:0.012476s ]
[ sql ] [ SQL ] SELECT COUNT(*) AS tp_count FROM `tpn_teacher` WHERE  `status` = 2 LIMIT 1 [ RunTime:0.000320s ]
[ sql ] [ SQL ] SELECT * FROM `tpn_teacher` WHERE  `status` = 2 ORDER BY created_at desc LIMIT 0,10 [ RunTime:0.000402s ]
[ sql ] [ SQL ] SHOW COLUMNS FROM `tpn_classify` [ RunTime:0.008801s ]
[ sql ] [ SQL ] SELECT * FROM `tpn_classify` WHERE  `enterprise_id` = 0 [ RunTime:0.000305s ]

---------------------------------------------------------------
[ 2019-08-07T09:18:50+08:00 ] 127.0.0.1 127.0.0.1 GET /static/select/css/min/reset.css
[ log ] admin.study.com/static/select/css/min/reset.css [运行时间：0.017930s][吞吐率：55.77req/s] [内存消耗：1,195.88kb] [文件加载：43]
[ info ] [ LANG ] D:\study\kouzhiwen\thinkphp\lang\zh-cn.php
[ info ] [ BIND ] 'admin'
[ info ] [ ROUTE ] array (
  'type' => 'module',
  'module' => 
  array (
    0 => 'admin',
    1 => 'static',
    2 => 'select',
  ),
)
[ info ] [ HEADER ] array (
  'cookie' => 'PHPSESSID=smvlgl4mm3c5fmjtap4vthmce0',
  'accept-language' => 'zh-CN,zh;q=0.9',
  'accept-encoding' => 'gzip, deflate',
  'referer' => 'http://admin.study.com/info/teacher/index/type/2.html',
  'accept' => 'text/css,*/*;q=0.1',
  'user-agent' => 'Mozilla/5.0 (Windows NT 10.0; Win64; x64) AppleWebKit/537.36 (KHTML, like Gecko) Chrome/73.0.3683.86 Safari/537.36',
  'connection' => 'close',
  'host' => 'admin.study.com',
)
[ info ] [ PARAM ] array (
  'min' => 'reset.css',
)
[ info ] [ LOG ] INIT File

---------------------------------------------------------------
[ 2019-08-07T09:18:51+08:00 ] 127.0.0.1 127.0.0.1 GET /static/select/js/min/jquery-1.7.2.min.js
[ log ] admin.study.com/static/select/js/min/jquery-1.7.2.min.js [运行时间：0.034130s][吞吐率：29.30req/s] [内存消耗：1,195.96kb] [文件加载：43]
[ info ] [ LANG ] D:\study\kouzhiwen\thinkphp\lang\zh-cn.php
[ info ] [ BIND ] 'admin'
[ info ] [ ROUTE ] array (
  'type' => 'module',
  'module' => 
  array (
    0 => 'admin',
    1 => 'static',
    2 => 'select',
  ),
)
[ info ] [ HEADER ] array (
  'cookie' => 'PHPSESSID=smvlgl4mm3c5fmjtap4vthmce0',
  'accept-language' => 'zh-CN,zh;q=0.9',
  'accept-encoding' => 'gzip, deflate',
  'referer' => 'http://admin.study.com/info/teacher/index/type/2.html',
  'accept' => '*/*',
  'user-agent' => 'Mozilla/5.0 (Windows NT 10.0; Win64; x64) AppleWebKit/537.36 (KHTML, like Gecko) Chrome/73.0.3683.86 Safari/537.36',
  'connection' => 'close',
  'host' => 'admin.study.com',
)
[ info ] [ PARAM ] array (
  'min' => 'jquery-1.7.2.min.js',
)
[ info ] [ LOG ] INIT File

---------------------------------------------------------------
[ 2019-08-07T09:18:51+08:00 ] 127.0.0.1 127.0.0.1 GET /info/teacher/index/type/1.html
[ log ] admin.study.com/info/teacher/index/type/1.html [运行时间：0.079633s][吞吐率：12.56req/s] [内存消耗：2,579.39kb] [文件加载：66]
[ info ] [ LANG ] D:\study\kouzhiwen\thinkphp\lang\zh-cn.php
[ info ] [ BIND ] 'admin'
[ info ] [ ROUTE ] array (
  'type' => 'module',
  'module' => 
  array (
    0 => 'admin',
    1 => 'info',
    2 => 'teacher',
  ),
)
[ info ] [ HEADER ] array (
  'cookie' => 'PHPSESSID=smvlgl4mm3c5fmjtap4vthmce0',
  'accept-language' => 'zh-CN,zh;q=0.9',
  'accept-encoding' => 'gzip, deflate',
  'referer' => 'http://admin.study.com/info/teacher/index/type/2.html',
  'accept' => 'text/html,application/xhtml+xml,application/xml;q=0.9,image/webp,image/apng,*/*;q=0.8,application/signed-exchange;v=b3',
  'user-agent' => 'Mozilla/5.0 (Windows NT 10.0; Win64; x64) AppleWebKit/537.36 (KHTML, like Gecko) Chrome/73.0.3683.86 Safari/537.36',
  'upgrade-insecure-requests' => '1',
  'connection' => 'close',
  'host' => 'admin.study.com',
)
[ info ] [ PARAM ] array (
  'type' => '1',
)
[ info ] [ SESSION ] INIT array (
  'id' => '',
  'var_session_id' => '',
  'prefix' => 'think',
  'type' => '',
  'auto_start' => true,
)
[ info ] [ DB ] INIT mysql
[ info ] [ RUN ] app\admin\info\controller\Teacher->index[ D:\study\kouzhiwen\application\admin\info\controller\Teacher.php ]
[ info ] [ DB ] INIT mysql
[ info ] [ VIEW ] D:\study\kouzhiwen\public/../application/admin/info\view\teacher\index.html [ array (
  0 => 'data',
  1 => 'page',
  2 => 'keywords',
  3 => 'type',
  4 => 'checkVal',
) ]
[ info ] [ LOG ] INIT File
[ sql ] [ DB ] CONNECT:[ UseTime:0.000926s ] mysql:dbname=kouzhiwen;host=127.0.0.1;port=3306;charset=utf8
[ sql ] [ SQL ] SHOW COLUMNS FROM `tpn_access_group` [ RunTime:0.018550s ]
[ sql ] [ SQL ] SELECT * FROM `tpn_access_group` WHERE  `id` IN (1) [ RunTime:0.000381s ]
[ sql ] [ DB ] CONNECT:[ UseTime:0.010585s ] mysql:dbname=kouzhiwen;host=127.0.0.1;port=3306;charset=utf8
[ sql ] [ SQL ] SHOW COLUMNS FROM `tpn_teacher` [ RunTime:0.008721s ]
[ sql ] [ SQL ] SELECT COUNT(*) AS tp_count FROM `tpn_teacher` WHERE  `status` > 0  AND `identity` = '1,3' LIMIT 1 [ RunTime:0.000331s ]
[ sql ] [ SQL ] SELECT * FROM `tpn_teacher` WHERE  `status` > 0  AND `identity` = '1,3' ORDER BY created_at desc LIMIT 0,10 [ RunTime:0.000435s ]
[ sql ] [ SQL ] SHOW COLUMNS FROM `tpn_classify` [ RunTime:0.008848s ]
[ sql ] [ SQL ] SELECT * FROM `tpn_classify` WHERE  `enterprise_id` = 0 [ RunTime:0.000304s ]

---------------------------------------------------------------
[ 2019-08-07T09:18:51+08:00 ] 127.0.0.1 127.0.0.1 GET /static/select/css/min/reset.css
[ log ] admin.study.com/static/select/css/min/reset.css [运行时间：0.017534s][吞吐率：57.03req/s] [内存消耗：1,195.88kb] [文件加载：43]
[ info ] [ LANG ] D:\study\kouzhiwen\thinkphp\lang\zh-cn.php
[ info ] [ BIND ] 'admin'
[ info ] [ ROUTE ] array (
  'type' => 'module',
  'module' => 
  array (
    0 => 'admin',
    1 => 'static',
    2 => 'select',
  ),
)
[ info ] [ HEADER ] array (
  'cookie' => 'PHPSESSID=smvlgl4mm3c5fmjtap4vthmce0',
  'accept-language' => 'zh-CN,zh;q=0.9',
  'accept-encoding' => 'gzip, deflate',
  'referer' => 'http://admin.study.com/info/teacher/index/type/1.html',
  'accept' => 'text/css,*/*;q=0.1',
  'user-agent' => 'Mozilla/5.0 (Windows NT 10.0; Win64; x64) AppleWebKit/537.36 (KHTML, like Gecko) Chrome/73.0.3683.86 Safari/537.36',
  'connection' => 'close',
  'host' => 'admin.study.com',
)
[ info ] [ PARAM ] array (
  'min' => 'reset.css',
)
[ info ] [ LOG ] INIT File

---------------------------------------------------------------
[ 2019-08-07T09:18:52+08:00 ] 127.0.0.1 127.0.0.1 GET /static/select/js/min/jquery-1.7.2.min.js
[ log ] admin.study.com/static/select/js/min/jquery-1.7.2.min.js [运行时间：0.017144s][吞吐率：58.33req/s] [内存消耗：1,195.96kb] [文件加载：43]
[ info ] [ LANG ] D:\study\kouzhiwen\thinkphp\lang\zh-cn.php
[ info ] [ BIND ] 'admin'
[ info ] [ ROUTE ] array (
  'type' => 'module',
  'module' => 
  array (
    0 => 'admin',
    1 => 'static',
    2 => 'select',
  ),
)
[ info ] [ HEADER ] array (
  'cookie' => 'PHPSESSID=smvlgl4mm3c5fmjtap4vthmce0',
  'accept-language' => 'zh-CN,zh;q=0.9',
  'accept-encoding' => 'gzip, deflate',
  'referer' => 'http://admin.study.com/info/teacher/index/type/1.html',
  'accept' => '*/*',
  'user-agent' => 'Mozilla/5.0 (Windows NT 10.0; Win64; x64) AppleWebKit/537.36 (KHTML, like Gecko) Chrome/73.0.3683.86 Safari/537.36',
  'connection' => 'close',
  'host' => 'admin.study.com',
)
[ info ] [ PARAM ] array (
  'min' => 'jquery-1.7.2.min.js',
)
[ info ] [ LOG ] INIT File

---------------------------------------------------------------
[ 2019-08-07T09:18:54+08:00 ] 127.0.0.1 127.0.0.1 GET /info/teacher/edit/id/140.html
[ log ] admin.study.com/info/teacher/edit/id/140.html [运行时间：0.130493s][吞吐率：7.66req/s] [内存消耗：2,612.71kb] [文件加载：66]
[ info ] [ LANG ] D:\study\kouzhiwen\thinkphp\lang\zh-cn.php
[ info ] [ BIND ] 'admin'
[ info ] [ ROUTE ] array (
  'type' => 'module',
  'module' => 
  array (
    0 => 'admin',
    1 => 'info',
    2 => 'teacher',
  ),
)
[ info ] [ HEADER ] array (
  'cookie' => 'PHPSESSID=smvlgl4mm3c5fmjtap4vthmce0',
  'accept-language' => 'zh-CN,zh;q=0.9',
  'accept-encoding' => 'gzip, deflate',
  'referer' => 'http://admin.study.com/info/teacher/index/type/1.html',
  'accept' => 'text/html,application/xhtml+xml,application/xml;q=0.9,image/webp,image/apng,*/*;q=0.8,application/signed-exchange;v=b3',
  'user-agent' => 'Mozilla/5.0 (Windows NT 10.0; Win64; x64) AppleWebKit/537.36 (KHTML, like Gecko) Chrome/73.0.3683.86 Safari/537.36',
  'upgrade-insecure-requests' => '1',
  'connection' => 'close',
  'host' => 'admin.study.com',
)
[ info ] [ PARAM ] array (
  'id' => '140',
)
[ info ] [ SESSION ] INIT array (
  'id' => '',
  'var_session_id' => '',
  'prefix' => 'think',
  'type' => '',
  'auto_start' => true,
)
[ info ] [ DB ] INIT mysql
[ info ] [ RUN ] app\admin\info\controller\Teacher->edit[ D:\study\kouzhiwen\application\admin\info\controller\Teacher.php ]
[ info ] [ DB ] INIT mysql
[ info ] [ VIEW ] D:\study\kouzhiwen\public/../application/admin/info\view\teacher\edit.html [ array (
  0 => 'data',
  1 => 'id',
  2 => 'checkVal',
  3 => 'pp',
) ]
[ info ] [ LOG ] INIT File
[ sql ] [ DB ] CONNECT:[ UseTime:0.010078s ] mysql:dbname=kouzhiwen;host=127.0.0.1;port=3306;charset=utf8
[ sql ] [ SQL ] SHOW COLUMNS FROM `tpn_access_group` [ RunTime:0.019117s ]
[ sql ] [ SQL ] SELECT * FROM `tpn_access_group` WHERE  `id` IN (1) [ RunTime:0.000308s ]
[ sql ] [ DB ] CONNECT:[ UseTime:0.010354s ] mysql:dbname=kouzhiwen;host=127.0.0.1;port=3306;charset=utf8
[ sql ] [ SQL ] SHOW COLUMNS FROM `tpn_teacher` [ RunTime:0.009596s ]
[ sql ] [ SQL ] SELECT * FROM `tpn_teacher` WHERE  `id` = 140 LIMIT 1 [ RunTime:0.000455s ]
[ sql ] [ SQL ] SHOW COLUMNS FROM `tpn_classify` [ RunTime:0.009249s ]
[ sql ] [ SQL ] SELECT * FROM `tpn_classify` WHERE  `enterprise_id` = 0 [ RunTime:0.000215s ]
[ sql ] [ SQL ] SHOW COLUMNS FROM `tpn_teacher_type` [ RunTime:0.008173s ]
[ sql ] [ SQL ] SELECT * FROM `tpn_teacher_type` WHERE  `enterprise_id` = 0 [ RunTime:0.000325s ]
[ sql ] [ SQL ] SELECT * FROM `tpn_access_group` WHERE  `enterprise_id` = 0 [ RunTime:0.000299s ]

---------------------------------------------------------------
[ 2019-08-07T09:18:54+08:00 ] 127.0.0.1 127.0.0.1 GET /static/select/css/min/reset.css
[ log ] admin.study.com/static/select/css/min/reset.css [运行时间：0.035258s][吞吐率：28.36req/s] [内存消耗：1,195.88kb] [文件加载：43]
[ info ] [ LANG ] D:\study\kouzhiwen\thinkphp\lang\zh-cn.php
[ info ] [ BIND ] 'admin'
[ info ] [ ROUTE ] array (
  'type' => 'module',
  'module' => 
  array (
    0 => 'admin',
    1 => 'static',
    2 => 'select',
  ),
)
[ info ] [ HEADER ] array (
  'cookie' => 'PHPSESSID=smvlgl4mm3c5fmjtap4vthmce0',
  'accept-language' => 'zh-CN,zh;q=0.9',
  'accept-encoding' => 'gzip, deflate',
  'referer' => 'http://admin.study.com/info/teacher/edit/id/140.html',
  'accept' => 'text/css,*/*;q=0.1',
  'user-agent' => 'Mozilla/5.0 (Windows NT 10.0; Win64; x64) AppleWebKit/537.36 (KHTML, like Gecko) Chrome/73.0.3683.86 Safari/537.36',
  'connection' => 'close',
  'host' => 'admin.study.com',
)
[ info ] [ PARAM ] array (
  'min' => 'reset.css',
)
[ info ] [ LOG ] INIT File

---------------------------------------------------------------
[ 2019-08-07T09:18:55+08:00 ] 127.0.0.1 127.0.0.1 GET /static/select/js/min/jquery-1.7.2.min.js
[ log ] admin.study.com/static/select/js/min/jquery-1.7.2.min.js [运行时间：0.027109s][吞吐率：36.89req/s] [内存消耗：1,195.96kb] [文件加载：43]
[ info ] [ LANG ] D:\study\kouzhiwen\thinkphp\lang\zh-cn.php
[ info ] [ BIND ] 'admin'
[ info ] [ ROUTE ] array (
  'type' => 'module',
  'module' => 
  array (
    0 => 'admin',
    1 => 'static',
    2 => 'select',
  ),
)
[ info ] [ HEADER ] array (
  'cookie' => 'PHPSESSID=smvlgl4mm3c5fmjtap4vthmce0',
  'accept-language' => 'zh-CN,zh;q=0.9',
  'accept-encoding' => 'gzip, deflate',
  'referer' => 'http://admin.study.com/info/teacher/edit/id/140.html',
  'accept' => '*/*',
  'user-agent' => 'Mozilla/5.0 (Windows NT 10.0; Win64; x64) AppleWebKit/537.36 (KHTML, like Gecko) Chrome/73.0.3683.86 Safari/537.36',
  'connection' => 'close',
  'host' => 'admin.study.com',
)
[ info ] [ PARAM ] array (
  'min' => 'jquery-1.7.2.min.js',
)
[ info ] [ LOG ] INIT File

---------------------------------------------------------------
[ 2019-08-07T09:19:38+08:00 ] 127.0.0.1 127.0.0.1 GET /info/teacher/index.html
[ log ] admin.study.com/info/teacher/index.html [运行时间：0.095407s][吞吐率：10.48req/s] [内存消耗：2,622.43kb] [文件加载：69]
[ info ] [ LANG ] D:\study\kouzhiwen\thinkphp\lang\zh-cn.php
[ info ] [ BIND ] 'admin'
[ info ] [ ROUTE ] array (
  'type' => 'module',
  'module' => 
  array (
    0 => 'admin',
    1 => 'info',
    2 => 'teacher',
  ),
)
[ info ] [ HEADER ] array (
  'cookie' => 'PHPSESSID=smvlgl4mm3c5fmjtap4vthmce0',
  'accept-language' => 'zh-CN,zh;q=0.9',
  'accept-encoding' => 'gzip, deflate',
  'referer' => 'http://admin.study.com/root/index/index.html',
  'accept' => 'text/html,application/xhtml+xml,application/xml;q=0.9,image/webp,image/apng,*/*;q=0.8,application/signed-exchange;v=b3',
  'user-agent' => 'Mozilla/5.0 (Windows NT 10.0; Win64; x64) AppleWebKit/537.36 (KHTML, like Gecko) Chrome/73.0.3683.86 Safari/537.36',
  'upgrade-insecure-requests' => '1',
  'connection' => 'close',
  'host' => 'admin.study.com',
)
[ info ] [ PARAM ] array (
)
[ info ] [ SESSION ] INIT array (
  'id' => '',
  'var_session_id' => '',
  'prefix' => 'think',
  'type' => '',
  'auto_start' => true,
)
[ info ] [ DB ] INIT mysql
[ info ] [ RUN ] app\admin\info\controller\Teacher->index[ D:\study\kouzhiwen\application\admin\info\controller\Teacher.php ]
[ info ] [ DB ] INIT mysql
[ info ] [ VIEW ] D:\study\kouzhiwen\public/../application/admin/info\view\teacher\index.html [ array (
  0 => 'data',
  1 => 'page',
  2 => 'keywords',
  3 => 'type',
  4 => 'checkVal',
) ]
[ info ] [ LOG ] INIT File
[ sql ] [ DB ] CONNECT:[ UseTime:0.009920s ] mysql:dbname=kouzhiwen;host=127.0.0.1;port=3306;charset=utf8
[ sql ] [ SQL ] SHOW COLUMNS FROM `tpn_access_group` [ RunTime:0.021786s ]
[ sql ] [ SQL ] SELECT * FROM `tpn_access_group` WHERE  `id` IN (1) [ RunTime:0.000368s ]
[ sql ] [ DB ] CONNECT:[ UseTime:0.009905s ] mysql:dbname=kouzhiwen;host=127.0.0.1;port=3306;charset=utf8
[ sql ] [ SQL ] SHOW COLUMNS FROM `tpn_teacher` [ RunTime:0.008679s ]
[ sql ] [ SQL ] SELECT COUNT(*) AS tp_count FROM `tpn_teacher` WHERE  `status` > 0  AND `identity` = '1,3' LIMIT 1 [ RunTime:0.000306s ]
[ sql ] [ SQL ] SELECT * FROM `tpn_teacher` WHERE  `status` > 0  AND `identity` = '1,3' ORDER BY created_at desc LIMIT 0,10 [ RunTime:0.000415s ]
[ sql ] [ SQL ] SHOW COLUMNS FROM `tpn_classify` [ RunTime:0.008176s ]
[ sql ] [ SQL ] SELECT * FROM `tpn_classify` WHERE  `enterprise_id` = 0 [ RunTime:0.000299s ]
[ error ] [8]未定义数组索引: type[D:\study\kouzhiwen\application\admin\info\controller\Teacher.php:43]

---------------------------------------------------------------
[ 2019-08-07T09:19:38+08:00 ] 127.0.0.1 127.0.0.1 GET /static/select/css/min/reset.css
[ log ] admin.study.com/static/select/css/min/reset.css [运行时间：0.021271s][吞吐率：47.01req/s] [内存消耗：1,195.99kb] [文件加载：43]
[ info ] [ LANG ] D:\study\kouzhiwen\thinkphp\lang\zh-cn.php
[ info ] [ BIND ] 'admin'
[ info ] [ ROUTE ] array (
  'type' => 'module',
  'module' => 
  array (
    0 => 'admin',
    1 => 'static',
    2 => 'select',
  ),
)
[ info ] [ HEADER ] array (
  'cookie' => 'PHPSESSID=smvlgl4mm3c5fmjtap4vthmce0',
  'accept-language' => 'zh-CN,zh;q=0.9',
  'accept-encoding' => 'gzip, deflate',
  'referer' => 'http://admin.study.com/info/teacher/index.html',
  'accept' => 'text/css,*/*;q=0.1',
  'user-agent' => 'Mozilla/5.0 (Windows NT 10.0; Win64; x64) AppleWebKit/537.36 (KHTML, like Gecko) Chrome/73.0.3683.86 Safari/537.36',
  'connection' => 'close',
  'host' => 'admin.study.com',
)
[ info ] [ PARAM ] array (
  'min' => 'reset.css',
)
[ info ] [ LOG ] INIT File

---------------------------------------------------------------
[ 2019-08-07T09:19:39+08:00 ] 127.0.0.1 127.0.0.1 GET /static/select/js/min/jquery-1.7.2.min.js
[ log ] admin.study.com/static/select/js/min/jquery-1.7.2.min.js [运行时间：0.017550s][吞吐率：56.98req/s] [内存消耗：1,195.88kb] [文件加载：43]
[ info ] [ LANG ] D:\study\kouzhiwen\thinkphp\lang\zh-cn.php
[ info ] [ BIND ] 'admin'
[ info ] [ ROUTE ] array (
  'type' => 'module',
  'module' => 
  array (
    0 => 'admin',
    1 => 'static',
    2 => 'select',
  ),
)
[ info ] [ HEADER ] array (
  'cookie' => 'PHPSESSID=smvlgl4mm3c5fmjtap4vthmce0',
  'accept-language' => 'zh-CN,zh;q=0.9',
  'accept-encoding' => 'gzip, deflate',
  'referer' => 'http://admin.study.com/info/teacher/index.html',
  'accept' => '*/*',
  'user-agent' => 'Mozilla/5.0 (Windows NT 10.0; Win64; x64) AppleWebKit/537.36 (KHTML, like Gecko) Chrome/73.0.3683.86 Safari/537.36',
  'connection' => 'close',
  'host' => 'admin.study.com',
)
[ info ] [ PARAM ] array (
  'min' => 'jquery-1.7.2.min.js',
)
[ info ] [ LOG ] INIT File

---------------------------------------------------------------
[ 2019-08-07T09:19:45+08:00 ] 127.0.0.1 127.0.0.1 GET /info/teacher/edit/id/140.html
[ log ] admin.study.com/info/teacher/edit/id/140.html [运行时间：0.108401s][吞吐率：9.23req/s] [内存消耗：2,612.72kb] [文件加载：66]
[ info ] [ LANG ] D:\study\kouzhiwen\thinkphp\lang\zh-cn.php
[ info ] [ BIND ] 'admin'
[ info ] [ ROUTE ] array (
  'type' => 'module',
  'module' => 
  array (
    0 => 'admin',
    1 => 'info',
    2 => 'teacher',
  ),
)
[ info ] [ HEADER ] array (
  'cookie' => 'PHPSESSID=smvlgl4mm3c5fmjtap4vthmce0',
  'accept-language' => 'zh-CN,zh;q=0.9',
  'accept-encoding' => 'gzip, deflate',
  'referer' => 'http://admin.study.com/info/teacher/index.html',
  'accept' => 'text/html,application/xhtml+xml,application/xml;q=0.9,image/webp,image/apng,*/*;q=0.8,application/signed-exchange;v=b3',
  'user-agent' => 'Mozilla/5.0 (Windows NT 10.0; Win64; x64) AppleWebKit/537.36 (KHTML, like Gecko) Chrome/73.0.3683.86 Safari/537.36',
  'upgrade-insecure-requests' => '1',
  'connection' => 'close',
  'host' => 'admin.study.com',
)
[ info ] [ PARAM ] array (
  'id' => '140',
)
[ info ] [ SESSION ] INIT array (
  'id' => '',
  'var_session_id' => '',
  'prefix' => 'think',
  'type' => '',
  'auto_start' => true,
)
[ info ] [ DB ] INIT mysql
[ info ] [ RUN ] app\admin\info\controller\Teacher->edit[ D:\study\kouzhiwen\application\admin\info\controller\Teacher.php ]
[ info ] [ DB ] INIT mysql
[ info ] [ VIEW ] D:\study\kouzhiwen\public/../application/admin/info\view\teacher\edit.html [ array (
  0 => 'data',
  1 => 'id',
  2 => 'checkVal',
  3 => 'pp',
) ]
[ info ] [ LOG ] INIT File
[ sql ] [ DB ] CONNECT:[ UseTime:0.010608s ] mysql:dbname=kouzhiwen;host=127.0.0.1;port=3306;charset=utf8
[ sql ] [ SQL ] SHOW COLUMNS FROM `tpn_access_group` [ RunTime:0.016071s ]
[ sql ] [ SQL ] SELECT * FROM `tpn_access_group` WHERE  `id` IN (1) [ RunTime:0.000441s ]
[ sql ] [ DB ] CONNECT:[ UseTime:0.010549s ] mysql:dbname=kouzhiwen;host=127.0.0.1;port=3306;charset=utf8
[ sql ] [ SQL ] SHOW COLUMNS FROM `tpn_teacher` [ RunTime:0.022240s ]
[ sql ] [ SQL ] SELECT * FROM `tpn_teacher` WHERE  `id` = 140 LIMIT 1 [ RunTime:0.000473s ]
[ sql ] [ SQL ] SHOW COLUMNS FROM `tpn_classify` [ RunTime:0.008283s ]
[ sql ] [ SQL ] SELECT * FROM `tpn_classify` WHERE  `enterprise_id` = 0 [ RunTime:0.000297s ]
[ sql ] [ SQL ] SHOW COLUMNS FROM `tpn_teacher_type` [ RunTime:0.008714s ]
[ sql ] [ SQL ] SELECT * FROM `tpn_teacher_type` WHERE  `enterprise_id` = 0 [ RunTime:0.000280s ]
[ sql ] [ SQL ] SELECT * FROM `tpn_access_group` WHERE  `enterprise_id` = 0 [ RunTime:0.000282s ]

---------------------------------------------------------------
[ 2019-08-07T09:19:45+08:00 ] 127.0.0.1 127.0.0.1 GET /static/select/css/min/reset.css
[ log ] admin.study.com/static/select/css/min/reset.css [运行时间：0.016581s][吞吐率：60.31req/s] [内存消耗：1,195.88kb] [文件加载：43]
[ info ] [ LANG ] D:\study\kouzhiwen\thinkphp\lang\zh-cn.php
[ info ] [ BIND ] 'admin'
[ info ] [ ROUTE ] array (
  'type' => 'module',
  'module' => 
  array (
    0 => 'admin',
    1 => 'static',
    2 => 'select',
  ),
)
[ info ] [ HEADER ] array (
  'cookie' => 'PHPSESSID=smvlgl4mm3c5fmjtap4vthmce0',
  'accept-language' => 'zh-CN,zh;q=0.9',
  'accept-encoding' => 'gzip, deflate',
  'referer' => 'http://admin.study.com/info/teacher/edit/id/140.html',
  'accept' => 'text/css,*/*;q=0.1',
  'user-agent' => 'Mozilla/5.0 (Windows NT 10.0; Win64; x64) AppleWebKit/537.36 (KHTML, like Gecko) Chrome/73.0.3683.86 Safari/537.36',
  'connection' => 'close',
  'host' => 'admin.study.com',
)
[ info ] [ PARAM ] array (
  'min' => 'reset.css',
)
[ info ] [ LOG ] INIT File

---------------------------------------------------------------
[ 2019-08-07T09:19:46+08:00 ] 127.0.0.1 127.0.0.1 GET /static/select/js/min/jquery-1.7.2.min.js
[ log ] admin.study.com/static/select/js/min/jquery-1.7.2.min.js [运行时间：0.017314s][吞吐率：57.76req/s] [内存消耗：1,195.96kb] [文件加载：43]
[ info ] [ LANG ] D:\study\kouzhiwen\thinkphp\lang\zh-cn.php
[ info ] [ BIND ] 'admin'
[ info ] [ ROUTE ] array (
  'type' => 'module',
  'module' => 
  array (
    0 => 'admin',
    1 => 'static',
    2 => 'select',
  ),
)
[ info ] [ HEADER ] array (
  'cookie' => 'PHPSESSID=smvlgl4mm3c5fmjtap4vthmce0',
  'accept-language' => 'zh-CN,zh;q=0.9',
  'accept-encoding' => 'gzip, deflate',
  'referer' => 'http://admin.study.com/info/teacher/edit/id/140.html',
  'accept' => '*/*',
  'user-agent' => 'Mozilla/5.0 (Windows NT 10.0; Win64; x64) AppleWebKit/537.36 (KHTML, like Gecko) Chrome/73.0.3683.86 Safari/537.36',
  'connection' => 'close',
  'host' => 'admin.study.com',
)
[ info ] [ PARAM ] array (
  'min' => 'jquery-1.7.2.min.js',
)
[ info ] [ LOG ] INIT File

---------------------------------------------------------------
[ 2019-08-07T09:19:56+08:00 ] 127.0.0.1 127.0.0.1 POST /info/teacher/edit/id/140.html
[ log ] admin.study.com/info/teacher/edit/id/140.html [运行时间：0.670799s][吞吐率：1.49req/s] [内存消耗：2,677.27kb] [文件加载：73]
[ info ] [ LANG ] D:\study\kouzhiwen\thinkphp\lang\zh-cn.php
[ info ] [ BIND ] 'admin'
[ info ] [ ROUTE ] array (
  'type' => 'module',
  'module' => 
  array (
    0 => 'admin',
    1 => 'info',
    2 => 'teacher',
  ),
)
[ info ] [ HEADER ] array (
  'cookie' => 'PHPSESSID=smvlgl4mm3c5fmjtap4vthmce0',
  'accept-language' => 'zh-CN,zh;q=0.9',
  'accept-encoding' => 'gzip, deflate',
  'referer' => 'http://admin.study.com/info/teacher/edit/id/140.html',
  'content-type' => 'application/x-www-form-urlencoded; charset=UTF-8',
  'user-agent' => 'Mozilla/5.0 (Windows NT 10.0; Win64; x64) AppleWebKit/537.36 (KHTML, like Gecko) Chrome/73.0.3683.86 Safari/537.36',
  'x-requested-with' => 'XMLHttpRequest',
  'origin' => 'http://admin.study.com',
  'accept' => 'application/json, text/javascript, */*; q=0.01',
  'content-length' => '619',
  'connection' => 'close',
  'host' => 'admin.study.com',
)
[ info ] [ PARAM ] array (
  'username' => '庞公铭',
  'password' => '123456',
  'classify_id' => 
  array (
    0 => '29',
    1 => '30',
  ),
  'is_xszd' => '0',
  'teacher_type' => '31',
  'is_zdwy' => '0',
  'name' => '庞公铭',
  'nickname' => '庞公铭',
  'title' => '长江商学院金融学教授、杰出院长讲席教授',
  'email' => '2211728482@qq.com',
  'photo' => '/uploads/20190807/a1b9fd12f071c30e2d86e09cb012e355.png',
  'phone' => '15201191366',
  'sex' => '1',
  'synopsis' => '',
  'synopsis_img' => '',
  'unit_title' => '',
  'company_name' => '',
  'brief' => '',
  'price' => '0.00',
  'assistant_email' => '',
  'assistant_phone' => '',
  'assistant_tel' => '',
  'id' => '140',
)
[ info ] [ SESSION ] INIT array (
  'id' => '',
  'var_session_id' => '',
  'prefix' => 'think',
  'type' => '',
  'auto_start' => true,
)
[ info ] [ DB ] INIT mysql
[ info ] [ RUN ] app\admin\info\controller\Teacher->edit[ D:\study\kouzhiwen\application\admin\info\controller\Teacher.php ]
[ info ] [ DB ] INIT mysql
[ info ] [ CACHE ] INIT File
[ info ] [ DB ] INIT mysql
[ info ] [ LOG ] INIT File
[ sql ] [ DB ] CONNECT:[ UseTime:0.009859s ] mysql:dbname=kouzhiwen;host=127.0.0.1;port=3306;charset=utf8
[ sql ] [ SQL ] SHOW COLUMNS FROM `tpn_access_group` [ RunTime:0.462693s ]
[ sql ] [ SQL ] SELECT * FROM `tpn_access_group` WHERE  `id` IN (1) [ RunTime:0.000370s ]
[ sql ] [ DB ] CONNECT:[ UseTime:0.010092s ] mysql:dbname=kouzhiwen;host=127.0.0.1;port=3306;charset=utf8
[ sql ] [ SQL ] SHOW COLUMNS FROM `tpn_teacher` [ RunTime:0.014842s ]
[ sql ] [ SQL ] SELECT * FROM `tpn_teacher` WHERE  `username` = '庞公铭'  AND `id` NOT IN (140)  AND `status` > 0 LIMIT 1 [ RunTime:0.000522s ]
[ sql ] [ SQL ] SELECT * FROM `tpn_teacher` WHERE  `id` = 140 LIMIT 1 [ RunTime:0.000392s ]
[ sql ] [ SQL ] UPDATE `tpn_teacher`  SET `username`='庞公铭',`password`='14e1b600b1fd579f47433b88e8d85291',`classify_id`='29,30',`is_xszd`=0,`teacher_type`=31,`is_zdwy`=0,`name`='庞公铭',`nickname`='庞公铭',`title`='长江商学院金融学教授、杰出院长讲席教授',`email`='2211728482@qq.com',`photo`='/uploads/20190807/a1b9fd12f071c30e2d86e09cb012e355.png',`phone`='15201191366',`sex`=1,`synopsis`='',`synopsis_img`='',`unit_title`='',`company_name`='',`brief`='',`price`=0,`assistant_email`='',`assistant_phone`='',`assistant_tel`='',`id`=140,`updated_at`=1565140795  WHERE  `id` = 140 [ RunTime:0.003930s ]
[ sql ] [ DB ] CONNECT:[ UseTime:0.003023s ] mysql:dbname=kouzhiwen;host=127.0.0.1;port=3306;charset=utf8
[ sql ] [ SQL ] SHOW COLUMNS FROM `tpn_log` [ RunTime:0.028404s ]
[ sql ] [ SQL ] INSERT INTO `tpn_log` (`enterprise_id` , `name` , `content` , `updated_at`) VALUES (0 , 'admin' , '修改教师庞公铭' , 1565140796) [ RunTime:0.000353s ]

---------------------------------------------------------------
[ 2019-08-07T09:19:56+08:00 ] 127.0.0.1 127.0.0.1 GET /info/teacher/index.html
[ log ] admin.study.com/info/teacher/index.html [运行时间：0.089068s][吞吐率：11.23req/s] [内存消耗：2,622.55kb] [文件加载：69]
[ info ] [ LANG ] D:\study\kouzhiwen\thinkphp\lang\zh-cn.php
[ info ] [ BIND ] 'admin'
[ info ] [ ROUTE ] array (
  'type' => 'module',
  'module' => 
  array (
    0 => 'admin',
    1 => 'info',
    2 => 'teacher',
  ),
)
[ info ] [ HEADER ] array (
  'cookie' => 'PHPSESSID=smvlgl4mm3c5fmjtap4vthmce0',
  'accept-language' => 'zh-CN,zh;q=0.9',
  'accept-encoding' => 'gzip, deflate',
  'referer' => 'http://admin.study.com/info/teacher/index.html',
  'accept' => 'text/html,application/xhtml+xml,application/xml;q=0.9,image/webp,image/apng,*/*;q=0.8,application/signed-exchange;v=b3',
  'user-agent' => 'Mozilla/5.0 (Windows NT 10.0; Win64; x64) AppleWebKit/537.36 (KHTML, like Gecko) Chrome/73.0.3683.86 Safari/537.36',
  'upgrade-insecure-requests' => '1',
  'cache-control' => 'max-age=0',
  'connection' => 'close',
  'host' => 'admin.study.com',
)
[ info ] [ PARAM ] array (
)
[ info ] [ SESSION ] INIT array (
  'id' => '',
  'var_session_id' => '',
  'prefix' => 'think',
  'type' => '',
  'auto_start' => true,
)
[ info ] [ DB ] INIT mysql
[ info ] [ RUN ] app\admin\info\controller\Teacher->index[ D:\study\kouzhiwen\application\admin\info\controller\Teacher.php ]
[ info ] [ DB ] INIT mysql
[ info ] [ VIEW ] D:\study\kouzhiwen\public/../application/admin/info\view\teacher\index.html [ array (
  0 => 'data',
  1 => 'page',
  2 => 'keywords',
  3 => 'type',
  4 => 'checkVal',
) ]
[ info ] [ LOG ] INIT File
[ sql ] [ DB ] CONNECT:[ UseTime:0.010580s ] mysql:dbname=kouzhiwen;host=127.0.0.1;port=3306;charset=utf8
[ sql ] [ SQL ] SHOW COLUMNS FROM `tpn_access_group` [ RunTime:0.008815s ]
[ sql ] [ SQL ] SELECT * FROM `tpn_access_group` WHERE  `id` IN (1) [ RunTime:0.000375s ]
[ sql ] [ DB ] CONNECT:[ UseTime:0.009901s ] mysql:dbname=kouzhiwen;host=127.0.0.1;port=3306;charset=utf8
[ sql ] [ SQL ] SHOW COLUMNS FROM `tpn_teacher` [ RunTime:0.015791s ]
[ sql ] [ SQL ] SELECT COUNT(*) AS tp_count FROM `tpn_teacher` WHERE  `status` > 0  AND `identity` = '1,3' LIMIT 1 [ RunTime:0.000332s ]
[ sql ] [ SQL ] SELECT * FROM `tpn_teacher` WHERE  `status` > 0  AND `identity` = '1,3' ORDER BY created_at desc LIMIT 0,10 [ RunTime:0.000442s ]
[ sql ] [ SQL ] SHOW COLUMNS FROM `tpn_classify` [ RunTime:0.008390s ]
[ sql ] [ SQL ] SELECT * FROM `tpn_classify` WHERE  `enterprise_id` = 0 [ RunTime:0.000279s ]
[ error ] [8]未定义数组索引: type[D:\study\kouzhiwen\application\admin\info\controller\Teacher.php:43]

---------------------------------------------------------------
[ 2019-08-07T09:19:56+08:00 ] 127.0.0.1 127.0.0.1 GET /static/select/css/min/reset.css
[ log ] admin.study.com/static/select/css/min/reset.css [运行时间：0.020474s][吞吐率：48.84req/s] [内存消耗：1,195.99kb] [文件加载：43]
[ info ] [ LANG ] D:\study\kouzhiwen\thinkphp\lang\zh-cn.php
[ info ] [ BIND ] 'admin'
[ info ] [ ROUTE ] array (
  'type' => 'module',
  'module' => 
  array (
    0 => 'admin',
    1 => 'static',
    2 => 'select',
  ),
)
[ info ] [ HEADER ] array (
  'cookie' => 'PHPSESSID=smvlgl4mm3c5fmjtap4vthmce0',
  'accept-language' => 'zh-CN,zh;q=0.9',
  'accept-encoding' => 'gzip, deflate',
  'referer' => 'http://admin.study.com/info/teacher/index.html',
  'accept' => 'text/css,*/*;q=0.1',
  'user-agent' => 'Mozilla/5.0 (Windows NT 10.0; Win64; x64) AppleWebKit/537.36 (KHTML, like Gecko) Chrome/73.0.3683.86 Safari/537.36',
  'connection' => 'close',
  'host' => 'admin.study.com',
)
[ info ] [ PARAM ] array (
  'min' => 'reset.css',
)
[ info ] [ LOG ] INIT File

---------------------------------------------------------------
[ 2019-08-07T09:19:57+08:00 ] 127.0.0.1 127.0.0.1 GET /static/select/js/min/jquery-1.7.2.min.js
[ log ] admin.study.com/static/select/js/min/jquery-1.7.2.min.js [运行时间：0.016778s][吞吐率：59.60req/s] [内存消耗：1,195.88kb] [文件加载：43]
[ info ] [ LANG ] D:\study\kouzhiwen\thinkphp\lang\zh-cn.php
[ info ] [ BIND ] 'admin'
[ info ] [ ROUTE ] array (
  'type' => 'module',
  'module' => 
  array (
    0 => 'admin',
    1 => 'static',
    2 => 'select',
  ),
)
[ info ] [ HEADER ] array (
  'cookie' => 'PHPSESSID=smvlgl4mm3c5fmjtap4vthmce0',
  'accept-language' => 'zh-CN,zh;q=0.9',
  'accept-encoding' => 'gzip, deflate',
  'referer' => 'http://admin.study.com/info/teacher/index.html',
  'accept' => '*/*',
  'user-agent' => 'Mozilla/5.0 (Windows NT 10.0; Win64; x64) AppleWebKit/537.36 (KHTML, like Gecko) Chrome/73.0.3683.86 Safari/537.36',
  'connection' => 'close',
  'host' => 'admin.study.com',
)
[ info ] [ PARAM ] array (
  'min' => 'jquery-1.7.2.min.js',
)
[ info ] [ LOG ] INIT File

---------------------------------------------------------------
[ 2019-08-07T09:20:05+08:00 ] 127.0.0.1 127.0.0.1 GET /info/teacher/edit/id/140.html
[ log ] admin.study.com/info/teacher/edit/id/140.html [运行时间：0.087472s][吞吐率：11.43req/s] [内存消耗：2,612.66kb] [文件加载：66]
[ info ] [ LANG ] D:\study\kouzhiwen\thinkphp\lang\zh-cn.php
[ info ] [ BIND ] 'admin'
[ info ] [ ROUTE ] array (
  'type' => 'module',
  'module' => 
  array (
    0 => 'admin',
    1 => 'info',
    2 => 'teacher',
  ),
)
[ info ] [ HEADER ] array (
  'cookie' => 'PHPSESSID=smvlgl4mm3c5fmjtap4vthmce0',
  'accept-language' => 'zh-CN,zh;q=0.9',
  'accept-encoding' => 'gzip, deflate',
  'referer' => 'http://admin.study.com/info/teacher/index.html',
  'accept' => 'text/html,application/xhtml+xml,application/xml;q=0.9,image/webp,image/apng,*/*;q=0.8,application/signed-exchange;v=b3',
  'user-agent' => 'Mozilla/5.0 (Windows NT 10.0; Win64; x64) AppleWebKit/537.36 (KHTML, like Gecko) Chrome/73.0.3683.86 Safari/537.36',
  'upgrade-insecure-requests' => '1',
  'connection' => 'close',
  'host' => 'admin.study.com',
)
[ info ] [ PARAM ] array (
  'id' => '140',
)
[ info ] [ SESSION ] INIT array (
  'id' => '',
  'var_session_id' => '',
  'prefix' => 'think',
  'type' => '',
  'auto_start' => true,
)
[ info ] [ DB ] INIT mysql
[ info ] [ RUN ] app\admin\info\controller\Teacher->edit[ D:\study\kouzhiwen\application\admin\info\controller\Teacher.php ]
[ info ] [ DB ] INIT mysql
[ info ] [ VIEW ] D:\study\kouzhiwen\public/../application/admin/info\view\teacher\edit.html [ array (
  0 => 'data',
  1 => 'id',
  2 => 'checkVal',
  3 => 'pp',
) ]
[ info ] [ LOG ] INIT File
[ sql ] [ DB ] CONNECT:[ UseTime:0.010156s ] mysql:dbname=kouzhiwen;host=127.0.0.1;port=3306;charset=utf8
[ sql ] [ SQL ] SHOW COLUMNS FROM `tpn_access_group` [ RunTime:0.012827s ]
[ sql ] [ SQL ] SELECT * FROM `tpn_access_group` WHERE  `id` IN (1) [ RunTime:0.000341s ]
[ sql ] [ DB ] CONNECT:[ UseTime:0.000973s ] mysql:dbname=kouzhiwen;host=127.0.0.1;port=3306;charset=utf8
[ sql ] [ SQL ] SHOW COLUMNS FROM `tpn_teacher` [ RunTime:0.013526s ]
[ sql ] [ SQL ] SELECT * FROM `tpn_teacher` WHERE  `id` = 140 LIMIT 1 [ RunTime:0.000441s ]
[ sql ] [ SQL ] SHOW COLUMNS FROM `tpn_classify` [ RunTime:0.008204s ]
[ sql ] [ SQL ] SELECT * FROM `tpn_classify` WHERE  `enterprise_id` = 0 [ RunTime:0.000303s ]
[ sql ] [ SQL ] SHOW COLUMNS FROM `tpn_teacher_type` [ RunTime:0.008733s ]
[ sql ] [ SQL ] SELECT * FROM `tpn_teacher_type` WHERE  `enterprise_id` = 0 [ RunTime:0.000234s ]
[ sql ] [ SQL ] SELECT * FROM `tpn_access_group` WHERE  `enterprise_id` = 0 [ RunTime:0.000289s ]

---------------------------------------------------------------
[ 2019-08-07T09:20:05+08:00 ] 127.0.0.1 127.0.0.1 GET /static/select/css/min/reset.css
[ log ] admin.study.com/static/select/css/min/reset.css [运行时间：0.016281s][吞吐率：61.42req/s] [内存消耗：1,195.88kb] [文件加载：43]
[ info ] [ LANG ] D:\study\kouzhiwen\thinkphp\lang\zh-cn.php
[ info ] [ BIND ] 'admin'
[ info ] [ ROUTE ] array (
  'type' => 'module',
  'module' => 
  array (
    0 => 'admin',
    1 => 'static',
    2 => 'select',
  ),
)
[ info ] [ HEADER ] array (
  'cookie' => 'PHPSESSID=smvlgl4mm3c5fmjtap4vthmce0',
  'accept-language' => 'zh-CN,zh;q=0.9',
  'accept-encoding' => 'gzip, deflate',
  'referer' => 'http://admin.study.com/info/teacher/edit/id/140.html',
  'accept' => 'text/css,*/*;q=0.1',
  'user-agent' => 'Mozilla/5.0 (Windows NT 10.0; Win64; x64) AppleWebKit/537.36 (KHTML, like Gecko) Chrome/73.0.3683.86 Safari/537.36',
  'connection' => 'close',
  'host' => 'admin.study.com',
)
[ info ] [ PARAM ] array (
  'min' => 'reset.css',
)
[ info ] [ LOG ] INIT File

---------------------------------------------------------------
[ 2019-08-07T09:20:06+08:00 ] 127.0.0.1 127.0.0.1 GET /static/select/js/min/jquery-1.7.2.min.js
[ log ] admin.study.com/static/select/js/min/jquery-1.7.2.min.js [运行时间：0.016716s][吞吐率：59.82req/s] [内存消耗：1,195.96kb] [文件加载：43]
[ info ] [ LANG ] D:\study\kouzhiwen\thinkphp\lang\zh-cn.php
[ info ] [ BIND ] 'admin'
[ info ] [ ROUTE ] array (
  'type' => 'module',
  'module' => 
  array (
    0 => 'admin',
    1 => 'static',
    2 => 'select',
  ),
)
[ info ] [ HEADER ] array (
  'cookie' => 'PHPSESSID=smvlgl4mm3c5fmjtap4vthmce0',
  'accept-language' => 'zh-CN,zh;q=0.9',
  'accept-encoding' => 'gzip, deflate',
  'referer' => 'http://admin.study.com/info/teacher/edit/id/140.html',
  'accept' => '*/*',
  'user-agent' => 'Mozilla/5.0 (Windows NT 10.0; Win64; x64) AppleWebKit/537.36 (KHTML, like Gecko) Chrome/73.0.3683.86 Safari/537.36',
  'connection' => 'close',
  'host' => 'admin.study.com',
)
[ info ] [ PARAM ] array (
  'min' => 'jquery-1.7.2.min.js',
)
[ info ] [ LOG ] INIT File

---------------------------------------------------------------
[ 2019-08-07T09:21:23+08:00 ] 127.0.0.1 127.0.0.1 POST /info/teacher/edit/id/140.html
[ log ] admin.study.com/info/teacher/edit/id/140.html [运行时间：0.222964s][吞吐率：4.49req/s] [内存消耗：2,676.93kb] [文件加载：73]
[ info ] [ LANG ] D:\study\kouzhiwen\thinkphp\lang\zh-cn.php
[ info ] [ BIND ] 'admin'
[ info ] [ ROUTE ] array (
  'type' => 'module',
  'module' => 
  array (
    0 => 'admin',
    1 => 'info',
    2 => 'teacher',
  ),
)
[ info ] [ HEADER ] array (
  'cookie' => 'PHPSESSID=smvlgl4mm3c5fmjtap4vthmce0',
  'accept-language' => 'zh-CN,zh;q=0.9',
  'accept-encoding' => 'gzip, deflate',
  'referer' => 'http://admin.study.com/info/teacher/edit/id/140.html',
  'content-type' => 'application/x-www-form-urlencoded; charset=UTF-8',
  'user-agent' => 'Mozilla/5.0 (Windows NT 10.0; Win64; x64) AppleWebKit/537.36 (KHTML, like Gecko) Chrome/73.0.3683.86 Safari/537.36',
  'x-requested-with' => 'XMLHttpRequest',
  'origin' => 'http://admin.study.com',
  'accept' => 'application/json, text/javascript, */*; q=0.01',
  'content-length' => '693',
  'connection' => 'close',
  'host' => 'admin.study.com',
)
[ info ] [ PARAM ] array (
  'username' => '庞公铭',
  'password' => '',
  'classify_id' => 
  array (
    0 => '29',
    1 => '30',
  ),
  'is_xszd' => '0',
  'teacher_type' => '31',
  'is_zdwy' => '0',
  'name' => '庞公铭',
  'nickname' => '庞公铭',
  'title' => '长江商学院金融学教授、杰出院长讲席教授',
  'email' => '2211728482@qq.com',
  'photo' => '/uploads/20190807/a1b9fd12f071c30e2d86e09cb012e355.png',
  'phone' => '15201191366',
  'sex' => '1',
  'synopsis' => 'https://kouzhiwen.oss-cn-qingdao.aliyuncs.com/video/20181212/cyb.mp4',
  'synopsis_img' => '',
  'unit_title' => '',
  'company_name' => '',
  'brief' => '',
  'price' => '0.00',
  'assistant_email' => '',
  'assistant_phone' => '',
  'assistant_tel' => '',
  'id' => '140',
)
[ info ] [ SESSION ] INIT array (
  'id' => '',
  'var_session_id' => '',
  'prefix' => 'think',
  'type' => '',
  'auto_start' => true,
)
[ info ] [ DB ] INIT mysql
[ info ] [ RUN ] app\admin\info\controller\Teacher->edit[ D:\study\kouzhiwen\application\admin\info\controller\Teacher.php ]
[ info ] [ DB ] INIT mysql
[ info ] [ CACHE ] INIT File
[ info ] [ DB ] INIT mysql
[ info ] [ LOG ] INIT File
[ sql ] [ DB ] CONNECT:[ UseTime:0.000927s ] mysql:dbname=kouzhiwen;host=127.0.0.1;port=3306;charset=utf8
[ sql ] [ SQL ] SHOW COLUMNS FROM `tpn_access_group` [ RunTime:0.013623s ]
[ sql ] [ SQL ] SELECT * FROM `tpn_access_group` WHERE  `id` IN (1) [ RunTime:0.000352s ]
[ sql ] [ DB ] CONNECT:[ UseTime:0.011112s ] mysql:dbname=kouzhiwen;host=127.0.0.1;port=3306;charset=utf8
[ sql ] [ SQL ] SHOW COLUMNS FROM `tpn_teacher` [ RunTime:0.009448s ]
[ sql ] [ SQL ] SELECT * FROM `tpn_teacher` WHERE  `username` = '庞公铭'  AND `id` NOT IN (140)  AND `status` > 0 LIMIT 1 [ RunTime:0.000533s ]
[ sql ] [ SQL ] SELECT * FROM `tpn_teacher` WHERE  `id` = 140 LIMIT 1 [ RunTime:0.000367s ]
[ sql ] [ SQL ] UPDATE `tpn_teacher`  SET `username`='庞公铭',`classify_id`='29,30',`is_xszd`=0,`teacher_type`=31,`is_zdwy`=0,`name`='庞公铭',`nickname`='庞公铭',`title`='长江商学院金融学教授、杰出院长讲席教授',`email`='2211728482@qq.com',`photo`='/uploads/20190807/a1b9fd12f071c30e2d86e09cb012e355.png',`phone`='15201191366',`sex`=1,`synopsis`='https://kouzhiwen.oss-cn-qingdao.aliyuncs.com/video/20181212/cyb.mp4',`synopsis_img`='',`unit_title`='',`company_name`='',`brief`='',`price`=0,`assistant_email`='',`assistant_phone`='',`assistant_tel`='',`id`=140,`updated_at`=1565140883  WHERE  `id` = 140 [ RunTime:0.006143s ]
[ sql ] [ DB ] CONNECT:[ UseTime:0.011159s ] mysql:dbname=kouzhiwen;host=127.0.0.1;port=3306;charset=utf8
[ sql ] [ SQL ] SHOW COLUMNS FROM `tpn_log` [ RunTime:0.015101s ]
[ sql ] [ SQL ] INSERT INTO `tpn_log` (`enterprise_id` , `name` , `content` , `updated_at`) VALUES (0 , 'admin' , '修改教师庞公铭' , 1565140883) [ RunTime:0.000287s ]

---------------------------------------------------------------
[ 2019-08-07T09:21:24+08:00 ] 127.0.0.1 127.0.0.1 GET /info/teacher/index.html
[ log ] admin.study.com/info/teacher/index.html [运行时间：0.085891s][吞吐率：11.64req/s] [内存消耗：2,622.68kb] [文件加载：69]
[ info ] [ LANG ] D:\study\kouzhiwen\thinkphp\lang\zh-cn.php
[ info ] [ BIND ] 'admin'
[ info ] [ ROUTE ] array (
  'type' => 'module',
  'module' => 
  array (
    0 => 'admin',
    1 => 'info',
    2 => 'teacher',
  ),
)
[ info ] [ HEADER ] array (
  'cookie' => 'PHPSESSID=smvlgl4mm3c5fmjtap4vthmce0',
  'accept-language' => 'zh-CN,zh;q=0.9',
  'accept-encoding' => 'gzip, deflate',
  'referer' => 'http://admin.study.com/info/teacher/index.html',
  'accept' => 'text/html,application/xhtml+xml,application/xml;q=0.9,image/webp,image/apng,*/*;q=0.8,application/signed-exchange;v=b3',
  'user-agent' => 'Mozilla/5.0 (Windows NT 10.0; Win64; x64) AppleWebKit/537.36 (KHTML, like Gecko) Chrome/73.0.3683.86 Safari/537.36',
  'upgrade-insecure-requests' => '1',
  'cache-control' => 'max-age=0',
  'connection' => 'close',
  'host' => 'admin.study.com',
)
[ info ] [ PARAM ] array (
)
[ info ] [ SESSION ] INIT array (
  'id' => '',
  'var_session_id' => '',
  'prefix' => 'think',
  'type' => '',
  'auto_start' => true,
)
[ info ] [ DB ] INIT mysql
[ info ] [ RUN ] app\admin\info\controller\Teacher->index[ D:\study\kouzhiwen\application\admin\info\controller\Teacher.php ]
[ info ] [ DB ] INIT mysql
[ info ] [ VIEW ] D:\study\kouzhiwen\public/../application/admin/info\view\teacher\index.html [ array (
  0 => 'data',
  1 => 'page',
  2 => 'keywords',
  3 => 'type',
  4 => 'checkVal',
) ]
[ info ] [ LOG ] INIT File
[ sql ] [ DB ] CONNECT:[ UseTime:0.001041s ] mysql:dbname=kouzhiwen;host=127.0.0.1;port=3306;charset=utf8
[ sql ] [ SQL ] SHOW COLUMNS FROM `tpn_access_group` [ RunTime:0.015748s ]
[ sql ] [ SQL ] SELECT * FROM `tpn_access_group` WHERE  `id` IN (1) [ RunTime:0.000371s ]
[ sql ] [ DB ] CONNECT:[ UseTime:0.011679s ] mysql:dbname=kouzhiwen;host=127.0.0.1;port=3306;charset=utf8
[ sql ] [ SQL ] SHOW COLUMNS FROM `tpn_teacher` [ RunTime:0.008366s ]
[ sql ] [ SQL ] SELECT COUNT(*) AS tp_count FROM `tpn_teacher` WHERE  `status` > 0  AND `identity` = '1,3' LIMIT 1 [ RunTime:0.000316s ]
[ sql ] [ SQL ] SELECT * FROM `tpn_teacher` WHERE  `status` > 0  AND `identity` = '1,3' ORDER BY created_at desc LIMIT 0,10 [ RunTime:0.000388s ]
[ sql ] [ SQL ] SHOW COLUMNS FROM `tpn_classify` [ RunTime:0.007940s ]
[ sql ] [ SQL ] SELECT * FROM `tpn_classify` WHERE  `enterprise_id` = 0 [ RunTime:0.000277s ]
[ error ] [8]未定义数组索引: type[D:\study\kouzhiwen\application\admin\info\controller\Teacher.php:43]

---------------------------------------------------------------
[ 2019-08-07T09:21:24+08:00 ] 127.0.0.1 127.0.0.1 GET /static/select/css/min/reset.css
[ log ] admin.study.com/static/select/css/min/reset.css [运行时间：0.016717s][吞吐率：59.82req/s] [内存消耗：1,195.99kb] [文件加载：43]
[ info ] [ LANG ] D:\study\kouzhiwen\thinkphp\lang\zh-cn.php
[ info ] [ BIND ] 'admin'
[ info ] [ ROUTE ] array (
  'type' => 'module',
  'module' => 
  array (
    0 => 'admin',
    1 => 'static',
    2 => 'select',
  ),
)
[ info ] [ HEADER ] array (
  'cookie' => 'PHPSESSID=smvlgl4mm3c5fmjtap4vthmce0',
  'accept-language' => 'zh-CN,zh;q=0.9',
  'accept-encoding' => 'gzip, deflate',
  'referer' => 'http://admin.study.com/info/teacher/index.html',
  'accept' => 'text/css,*/*;q=0.1',
  'user-agent' => 'Mozilla/5.0 (Windows NT 10.0; Win64; x64) AppleWebKit/537.36 (KHTML, like Gecko) Chrome/73.0.3683.86 Safari/537.36',
  'connection' => 'close',
  'host' => 'admin.study.com',
)
[ info ] [ PARAM ] array (
  'min' => 'reset.css',
)
[ info ] [ LOG ] INIT File

---------------------------------------------------------------
[ 2019-08-07T09:21:25+08:00 ] 127.0.0.1 127.0.0.1 GET /static/select/js/min/jquery-1.7.2.min.js
[ log ] admin.study.com/static/select/js/min/jquery-1.7.2.min.js [运行时间：0.016828s][吞吐率：59.42req/s] [内存消耗：1,195.88kb] [文件加载：43]
[ info ] [ LANG ] D:\study\kouzhiwen\thinkphp\lang\zh-cn.php
[ info ] [ BIND ] 'admin'
[ info ] [ ROUTE ] array (
  'type' => 'module',
  'module' => 
  array (
    0 => 'admin',
    1 => 'static',
    2 => 'select',
  ),
)
[ info ] [ HEADER ] array (
  'cookie' => 'PHPSESSID=smvlgl4mm3c5fmjtap4vthmce0',
  'accept-language' => 'zh-CN,zh;q=0.9',
  'accept-encoding' => 'gzip, deflate',
  'referer' => 'http://admin.study.com/info/teacher/index.html',
  'accept' => '*/*',
  'user-agent' => 'Mozilla/5.0 (Windows NT 10.0; Win64; x64) AppleWebKit/537.36 (KHTML, like Gecko) Chrome/73.0.3683.86 Safari/537.36',
  'connection' => 'close',
  'host' => 'admin.study.com',
)
[ info ] [ PARAM ] array (
  'min' => 'jquery-1.7.2.min.js',
)
[ info ] [ LOG ] INIT File

---------------------------------------------------------------
[ 2019-08-07T09:21:26+08:00 ] 127.0.0.1 127.0.0.1 GET /info/teacher/edit/id/140.html
[ log ] admin.study.com/info/teacher/edit/id/140.html [运行时间：0.172072s][吞吐率：5.81req/s] [内存消耗：2,761.23kb] [文件加载：68]
[ info ] [ LANG ] D:\study\kouzhiwen\thinkphp\lang\zh-cn.php
[ info ] [ BIND ] 'admin'
[ info ] [ ROUTE ] array (
  'type' => 'module',
  'module' => 
  array (
    0 => 'admin',
    1 => 'info',
    2 => 'teacher',
  ),
)
[ info ] [ HEADER ] array (
  'cookie' => 'PHPSESSID=smvlgl4mm3c5fmjtap4vthmce0',
  'accept-language' => 'zh-CN,zh;q=0.9',
  'accept-encoding' => 'gzip, deflate',
  'referer' => 'http://admin.study.com/info/teacher/index.html',
  'accept' => 'text/html,application/xhtml+xml,application/xml;q=0.9,image/webp,image/apng,*/*;q=0.8,application/signed-exchange;v=b3',
  'user-agent' => 'Mozilla/5.0 (Windows NT 10.0; Win64; x64) AppleWebKit/537.36 (KHTML, like Gecko) Chrome/73.0.3683.86 Safari/537.36',
  'upgrade-insecure-requests' => '1',
  'connection' => 'close',
  'host' => 'admin.study.com',
)
[ info ] [ PARAM ] array (
  'id' => '140',
)
[ info ] [ SESSION ] INIT array (
  'id' => '',
  'var_session_id' => '',
  'prefix' => 'think',
  'type' => '',
  'auto_start' => true,
)
[ info ] [ DB ] INIT mysql
[ info ] [ RUN ] app\admin\info\controller\Teacher->edit[ D:\study\kouzhiwen\application\admin\info\controller\Teacher.php ]
[ info ] [ DB ] INIT mysql
[ info ] [ VIEW ] D:\study\kouzhiwen\public/../application/admin/info\view\teacher\edit.html [ array (
  0 => 'data',
  1 => 'id',
  2 => 'checkVal',
  3 => 'pp',
) ]
[ info ] [ LOG ] INIT File
[ sql ] [ DB ] CONNECT:[ UseTime:0.010485s ] mysql:dbname=kouzhiwen;host=127.0.0.1;port=3306;charset=utf8
[ sql ] [ SQL ] SHOW COLUMNS FROM `tpn_access_group` [ RunTime:0.015935s ]
[ sql ] [ SQL ] SELECT * FROM `tpn_access_group` WHERE  `id` IN (1) [ RunTime:0.000352s ]
[ sql ] [ DB ] CONNECT:[ UseTime:0.010354s ] mysql:dbname=kouzhiwen;host=127.0.0.1;port=3306;charset=utf8
[ sql ] [ SQL ] SHOW COLUMNS FROM `tpn_teacher` [ RunTime:0.008441s ]
[ sql ] [ SQL ] SELECT * FROM `tpn_teacher` WHERE  `id` = 140 LIMIT 1 [ RunTime:0.000484s ]
[ sql ] [ SQL ] SHOW COLUMNS FROM `tpn_classify` [ RunTime:0.008746s ]
[ sql ] [ SQL ] SELECT * FROM `tpn_classify` WHERE  `enterprise_id` = 0 [ RunTime:0.000303s ]
[ sql ] [ SQL ] SHOW COLUMNS FROM `tpn_teacher_type` [ RunTime:0.008238s ]
[ sql ] [ SQL ] SELECT * FROM `tpn_teacher_type` WHERE  `enterprise_id` = 0 [ RunTime:0.000317s ]
[ sql ] [ SQL ] SELECT * FROM `tpn_access_group` WHERE  `enterprise_id` = 0 [ RunTime:0.000285s ]

---------------------------------------------------------------
[ 2019-08-07T09:21:26+08:00 ] 127.0.0.1 127.0.0.1 GET /static/select/css/min/reset.css
[ log ] admin.study.com/static/select/css/min/reset.css [运行时间：0.015950s][吞吐率：62.70req/s] [内存消耗：1,195.88kb] [文件加载：43]
[ info ] [ LANG ] D:\study\kouzhiwen\thinkphp\lang\zh-cn.php
[ info ] [ BIND ] 'admin'
[ info ] [ ROUTE ] array (
  'type' => 'module',
  'module' => 
  array (
    0 => 'admin',
    1 => 'static',
    2 => 'select',
  ),
)
[ info ] [ HEADER ] array (
  'cookie' => 'PHPSESSID=smvlgl4mm3c5fmjtap4vthmce0',
  'accept-language' => 'zh-CN,zh;q=0.9',
  'accept-encoding' => 'gzip, deflate',
  'referer' => 'http://admin.study.com/info/teacher/edit/id/140.html',
  'accept' => 'text/css,*/*;q=0.1',
  'user-agent' => 'Mozilla/5.0 (Windows NT 10.0; Win64; x64) AppleWebKit/537.36 (KHTML, like Gecko) Chrome/73.0.3683.86 Safari/537.36',
  'connection' => 'close',
  'host' => 'admin.study.com',
)
[ info ] [ PARAM ] array (
  'min' => 'reset.css',
)
[ info ] [ LOG ] INIT File

---------------------------------------------------------------
[ 2019-08-07T09:21:27+08:00 ] 127.0.0.1 127.0.0.1 GET /static/select/js/min/jquery-1.7.2.min.js
[ log ] admin.study.com/static/select/js/min/jquery-1.7.2.min.js [运行时间：0.017203s][吞吐率：58.13req/s] [内存消耗：1,195.96kb] [文件加载：43]
[ info ] [ LANG ] D:\study\kouzhiwen\thinkphp\lang\zh-cn.php
[ info ] [ BIND ] 'admin'
[ info ] [ ROUTE ] array (
  'type' => 'module',
  'module' => 
  array (
    0 => 'admin',
    1 => 'static',
    2 => 'select',
  ),
)
[ info ] [ HEADER ] array (
  'cookie' => 'PHPSESSID=smvlgl4mm3c5fmjtap4vthmce0',
  'accept-language' => 'zh-CN,zh;q=0.9',
  'accept-encoding' => 'gzip, deflate',
  'referer' => 'http://admin.study.com/info/teacher/edit/id/140.html',
  'accept' => '*/*',
  'user-agent' => 'Mozilla/5.0 (Windows NT 10.0; Win64; x64) AppleWebKit/537.36 (KHTML, like Gecko) Chrome/73.0.3683.86 Safari/537.36',
  'connection' => 'close',
  'host' => 'admin.study.com',
)
[ info ] [ PARAM ] array (
  'min' => 'jquery-1.7.2.min.js',
)
[ info ] [ LOG ] INIT File

---------------------------------------------------------------
